ARM GAS  C:\Users\NICOLA~1\AppData\Local\Temp\ccCs2u5H.s 			page 1


   1              		.syntax unified
   2              		.cpu cortex-m4
   3              		.fpu softvfp
   4              		.eabi_attribute 20, 1
   5              		.eabi_attribute 21, 1
   6              		.eabi_attribute 23, 3
   7              		.eabi_attribute 24, 1
   8              		.eabi_attribute 25, 1
   9              		.eabi_attribute 26, 1
  10              		.eabi_attribute 30, 2
  11              		.eabi_attribute 34, 1
  12              		.eabi_attribute 18, 4
  13              		.thumb
  14              		.file	"board.c"
  15              		.text
  16              	.Ltext0:
  17              		.section	.gnu.lto_.profile.cfe47414,"",%progbits
  18 0000 789C6366 		.ascii	"x\234cf```a\200\000F\006>f\000\000\223\000\032"
  18      60606061 
  18      80004606 
  18      3E660000 
  18      93001A
  19              		.text
  20              		.section	.gnu.lto_.jmpfuncs.cfe47414,"",%progbits
  21 0000 789C6366 		.ascii	"x\234cf\300\0168\2414\023\210`\004b\000\001S\000\020"
  21      C00E38A1 
  21      34138860 
  21      04620001 
  21      530010
  22              		.text
  23              		.section	.gnu.lto_.inline.cfe47414,"",%progbits
  24 0000 789C6366 		.ascii	"x\234cf\300\016\264\2414\023\003\003\013\017#\210b`"
  24      C00EB4A1 
  24      34130303 
  24      0B0F2388 
  24      6260
  25 0012 5B200FA2 		.ascii	"[ \017\242\030\030\271@\004\0033\023\2520\003\000,\231"
  25      1818B940 
  25      04033313 
  25      AA300300 
  25      2C99
  26 0024 01E6     		.ascii	"\001\346"
  27              		.text
  28              		.section	.gnu.lto_.pureconst.cfe47414,"",%progbits
  29 0000 789C6366 		.ascii	"x\234cf```e\200\000&\006\011F\006\000\000\331\000$"
  29      60606065 
  29      80002606 
  29      09460600 
  29      00D90024 
  30              		.text
  31              		.section	.gnu.lto___early_init.cfe47414,"",%progbits
  32 0000 789C6366 		.ascii	"x\234cf\300\004R@\274\010\210\355\200\230\221\231\201"
  32      C0045240 
  32      BC0888ED 
  32      80989199 
  32      81
  33 0011 9169C239 		.ascii	"\221i\3029\006\206F\016&FF\020\203\201\221\241\236\211"
ARM GAS  C:\Users\NICOLA~1\AppData\Local\Temp\ccCs2u5H.s 			page 2


  33      0686460E 
  33      26464610 
  33      838191A1 
  33      9E89
  34 0023 B19EF125 		.ascii	"\261\236\361%\323G&\306\011\007V\317\340V_\332\320\320"
  34      D34726C6 
  34      090756CF 
  34      E0565FDA 
  34      D0D0
  35 0035 F0E1D146 		.ascii	"\360\341\321F\211V\211\237L\014\014\237\231 \3060.g"
  35      8956899F 
  35      4C0C0C9F 
  35      9920C630 
  35      2E67
  36 0047 546700AA 		.ascii	"Tg\000\252\371\330\362\367:7[\013P\215\000D\216q\005"
  36      F9D8F2F7 
  36      3A375B0B 
  36      508D0044 
  36      8E7105
  37 005a 231B2390 		.ascii	"#\033#\220^/t\240\341\377\377\307s\346lfaf`x\002\224"
  37      5E2F74A0 
  37      E1FFFFC7 
  37      73E66C66 
  37      61666078 
  38 0070 0299FF94 		.ascii	"\002\231\377\224\211\011D3\337al>\260\361\030#H1\310"
  38      89094433 
  38      DF616C3E 
  38      B0F11823 
  38      4831C8
  39 0083 947997FB 		.ascii	"\224y\227\373\3261\325\376n\350h\340\370\311\304\370"
  39      D631D5FE 
  39      6EE868E0 
  39      F8C9C4F8 
  40 0093 99096800 		.ascii	"\231\011h\000\343J\306Z\206\237@\345\367\030\033\017"
  40      E34AC65A 
  40      869F40E5 
  40      F7181B0F 
  41 00a3 6C7603AB 		.ascii	"lv\003\253d\000\031\304\0102\000h\234\215\236\236>\020"
  41      640019C4 
  41      08320068 
  41      9C8D9E9E 
  41      3E10
  42 00b5 25676426 		.ascii	"%gd&e\346\027\033\232\031\352\347\027\353g$\346\350"
  42      65E6171B 
  42      9A19EAE7 
  42      17EB6724 
  42      E6E8
  43 00c7 27E52716 		.ascii	"'\345'\026\245\024\353\007\207\304\007\207\370\032\033"
  43      A514EB07 
  43      87C40787 
  43      F81A1B
  44 00d6 B919C7BB 		.ascii	"\271\031\307\273x\006;\373\207\271\006EB\344\364\222"
  44      78063BFB 
  44      87B90645 
  44      42E4F492 
  45 00e6 19002175 		.ascii	"\031\000!uMf"
  45      4D66
ARM GAS  C:\Users\NICOLA~1\AppData\Local\Temp\ccCs2u5H.s 			page 3


  46              		.text
  47              		.section	.gnu.lto_boardInit.cfe47414,"",%progbits
  48 0000 789C6366 		.ascii	"x\234cf\300\004R@\\\002\304v@\314\310\314\300\3104\341"
  48      C0045240 
  48      5C02C476 
  48      40CCC8CC 
  48      C0C834E1 
  49 0014 1C034323 		.ascii	"\034\003C#\007\023##\210\301\300\310P\317\304X\317\370"
  49      07132323 
  49      88C1C0C8 
  49      50CFC458 
  49      CFF8
  50 0026 92E92313 		.ascii	"\222\351#\023\343\204\003\253gp\253/mhh\370\260i\277"
  50      E38403AB 
  50      6770AB2F 
  50      6D6868F8 
  50      B069BF
  51 0039 44ABC44F 		.ascii	"D\253\304O&\006\206\317L\020c\030\2273\2523\000\325"
  51      260686CF 
  51      4C106318 
  51      9733AA33 
  51      00D5
  52 004b 7C6CF97B 		.ascii	"|l\371{\235\233\255\005\250F\000\"\307\270\202\221\215"
  52      9D9BAD05 
  52      A8460022 
  52      C7B88291 
  52      8D
  53 005c 1148AF17 		.ascii	"\021H\257\027:\320\360\377\377\342\351g\366\263\000"
  53      3AD0F0FF 
  53      FFE2E967 
  53      F6B300
  54 006b 859F0031 		.ascii	"\205\237\0001\310\374\247LL \232\371\036##H!\310\244"
  54      C8FCA74C 
  54      4C209AF9 
  54      1E232348 
  54      21C8A4
  55 007e 274C8C20 		.ascii	"'L\214 !\240\002\033==} J\316\310L\312\314/643\324\317"
  55      21A0021B 
  55      3D3D7D20 
  55      4ACEC84C 
  55      CACC2F36 
  56 0096 2FD6CF48 		.ascii	"/\326\317H\314\321O\312O,J)\326\017\016\211\017\016"
  56      CCD14FCA 
  56      4F2C4A29 
  56      D60F0E89 
  56      0F0E
  57 00a8 F1353672 		.ascii	"\36156r3\216w\361\014v\366\017s\015\212\204\310\351"
  57      338E77F1 
  57      0C76F60F 
  57      730D8A84 
  57      C8E9
  58 00ba 25330000 		.ascii	"%3\000\000\365\356;\311"
  58      F5EE3BC9 
  59              		.text
  60              		.section	.gnu.lto_.symbol_nodes.cfe47414,"",%progbits
  61 0000 789C6366 		.ascii	"x\234cf``pa\200\002\246\211L\365\014\014\023\31610\324"
  61      60607061 
ARM GAS  C:\Users\NICOLA~1\AppData\Local\Temp\ccCs2u5H.s 			page 4


  61      8002A689 
  61      4CF50C0C 
  61      13CE3130 
  62 0015 D733CC5B 		.ascii	"\3273\314[\300\301\3004\211\251\236\021Y\200u\002\023"
  62      C0C1C034 
  62      89A99E11 
  62      59807502 
  62      13
  63 0026 C342A022 		.ascii	"\303B\240\"\306\311L\365L\020\011\206\206\006\016\006"
  63      C6C94CF5 
  63      4C100986 
  63      86060E06 
  64 0036 66205CF2 		.ascii	"f \\\362\340\037#\003\000r\326\021\364"
  64      E01F2303 
  64      0072D611 
  64      F4
  65              		.text
  66              		.section	.gnu.lto_.refs.cfe47414,"",%progbits
  67 0000 789C6366 		.ascii	"x\234cf```d\200\002\000\000=\000\005"
  67      60606064 
  67      80020000 
  67      3D0005
  68              		.text
  69              		.section	.gnu.lto_.decls.cfe47414,"",%progbits
  70 0000 789CAD56 		.ascii	"x\234\255V}pSU\026\177\367\275|\264!\026\306\316\252"
  70      7D705355 
  70      167FF7BD 
  70      7CB42116 
  70      C6CEAA
  71 0013 C3386B17 		.ascii	"\3038k\027g:\253\243-\037\273\035\334uV]P\227\031\324"
  71      673AABA3 
  71      2D1FBB1D 
  71      DC75565D 
  71      509719D4 
  72 0027 CEE2C738 		.ascii	"\316\342\3078f'\206&@f\323&\233\244;2\263\177\334~\250"
  72      66278626 
  72      4066D326 
  72      9BA43B32 
  72      B37FDC7E 
  73 003c 2D4428B8 		.ascii	"-D(\270|T\261\015%\220\266\244m\026\252\264\264\266"
  73      7C54B10D 
  73      2590B6A4 
  73      6D16AAB4 
  73      B4B6
  74 004e 29AC3414 		.ascii	")\2544\024X\313\332\"\350\026\002j\001\241\322b\301"
  74      58CBDA22 
  74      E816026A 
  74      01A1D262 
  74      C1
  75 005f 425BBAE7 		.ascii	"B[\272\347\236\373^\322>+\2723\373&7\367\235s\177\347"
  75      9EFB5ED2 
  75      3E2BBA33 
  75      FB2637F7 
  75      9D737FE7 
  76 0073 773EEEB9 		.ascii	"w>\356\271\357=I\020\2042\030\023p5\316\020\204\027"
  76      EF3D4910 
  76      84321813 
ARM GAS  C:\Users\NICOLA~1\AppData\Local\Temp\ccCs2u5H.s 			page 5


  76      7035CE10 
  76      8417
  77 0085 44419040 		.ascii	"DA\220@\316\026\022\027\223C0\352a\204a\020\030:\"L"
  77      CE161217 
  77      934330EA 
  77      61846110 
  77      183A224C 
  78 0099 B94242C2 		.ascii	"\271BB\302N\017k5\262^\224\327\302\302\367\257z\231"
  78      4E0F6B35 
  78      B25E94D7 
  78      C2C2F7AF 
  78      7A99
  79 00ab 4BF14564 		.ascii	"K\361Ed\235\372\032\022Is\375\360\261\031\027D\222b"
  79      9DFA1A12 
  79      4973FDF0 
  79      B1191744 
  79      9262
  80 00bd 4863E2FE 		.ascii	"Hc\342\376\215\321\255:\020\215\006\015\023[F\317\365"
  80      8DD1AD3A 
  80      108D060D 
  80      135B46CF 
  80      F5
  81 00ce 68EEDE44 		.ascii	"h\356\336D\341*+\242\2634$\373.\022$\263I5\231\015\254"
  81      E12A2BA2 
  81      B33424FB 
  81      2E1224B3 
  81      4935990D 
  82 00e3 35E46EF8 		.ascii	"5\344n\370\177E\303\231\016l\270:@$\221\260\373\035"
  82      7F45C399 
  82      0E6CB83A 
  82      402491B0 
  82      FB1D
  83 00f5 5BCFF618 		.ascii	"[\317\366\030\036\252\005\263\022\032\031!\011wkN\004"
  83      1EAA05B3 
  83      121A1921 
  83      09776B4E 
  83      04
  84 0106 7F975641 		.ascii	"\177\227VA\375\341\301\372moH\345\324_HoML\020\344\""
  84      FDE1C1FA 
  84      6D6F48E5 
  84      D45F486F 
  84      4D4C10E4 
  85 011b B54422BB 		.ascii	"\265D\"\273\311C\0301\334\363\320C$\015\354j+\327\367"
  85      C9431831 
  85      DCF3D043 
  85      240DEC6A 
  85      2BD7F7
  86 012e EAA56548 		.ascii	"\352\245eH\036\032nk\326\003I8\354\037\335\241\213\322"
  86      1E1A6E6B 
  86      D6034938 
  86      EC1FDDA1 
  86      8BD2
  87 0140 C8C4C463 		.ascii	"\310\304\304ch_7\311\276N\261\257G\373`\360D\235V\372"
  87      685F37C9 
  87      BE4EB1AF 
  87      47FB60F0 
  87      449D56FA 
ARM GAS  C:\Users\NICOLA~1\AppData\Local\Temp\ccCs2u5H.s 			page 6


  88 0154 13DA5F2C 		.ascii	"\023\332_,\212\015\352\300>F\007O\177Q\365\263\255{"
  88      8A0DEAC0 
  88      3E46074F 
  88      7F51F5B3 
  88      AD7B
  89 0166 E881623A 		.ascii	"\350\201b:\006Q\020di\230\304\322\240\260\204\221\245"
  89      06511064 
  89      6998C4D2 
  89      A0B08491 
  89      A5
  90 0177 F58AEF78 		.ascii	"\365\212\357x\022\026+b`L\201#e\345\004\253U\215\314"
  90      12162B62 
  90      604C8123 
  90      65E504AB 
  90      558DCC
  91 018a 2D231F04 		.ascii	"-#\037\004Sp=\206\362\236\326\013\327f\342\372\275L"
  91      53703D86 
  91      F29ED60B 
  91      D766E2FA 
  91      BD4C
  92 019c 3CD3D6D2 		.ascii	"<\323\326\322\257\223\202\004\327\332\333F\016\031\244"
  92      AF938204 
  92      D7DADB46 
  92      0E19A4
  93 01ab FD5CF095 		.ascii	"\375\\\360\225\304\016\033\244\203\\(\330\325\342\323"
  93      C40E1BA4 
  93      835C28D8 
  93      D5E2D3
  94 01ba 83D52F0C 		.ascii	"\203\325/\014X\2623\357\336\010$\243\310Zi&\250\304"
  94      58B233EF 
  94      DE0824A3 
  94      C85A6926 
  94      A8C4
  95 01cc 683FDD91 		.ascii	"h?\335\221B\322\015\001(\360`E\360\334\037\212\350\343"
  95      42D20D01 
  95      28F06045 
  95      F0DC1F8A 
  95      E8E3
  96 01de A48518C8 		.ascii	"\244\205\030\310\276x\354h\315\256\022J\013\331\346"
  96      BE78EC68 
  96      CDAE124A 
  96      0BD9E6
  97 01ed 25475384 		.ascii	"%GS\204\370\336\221\375$\035\020\210%M\240l\006%\020"
  97      F8DE91FD 
  97      241D1088 
  97      254DA06C 
  97      062510
  98 0200 7F34D656 		.ascii	"\1774\326V\254%\206\364\351\215>\234\306\010C\030(\335"
  98      AC2586F4 
  98      E98D3E9C 
  98      C6084318 
  98      28DD
  99 0212 7817A51A 		.ascii	"x\027\245\032\322\012!|\220\010\001\"\212o\374X\327"
  99      D20A217C 
  99      90080122 
  99      8A6FFC58 
  99      D7
ARM GAS  C:\Users\NICOLA~1\AppData\Local\Temp\ccCs2u5H.s 			page 7


 100 0223 3BCD4669 		.ascii	";\315Fi\203\204\031V\226m\273\246\225\266pa\307p\367"
 100      83841956 
 100      966DBBA6 
 100      95B67061 
 100      C770F7
 101 0236 509254C1 		.ascii	"P\222T\301\205\300\246\315!-V,\211\211U\015\315/I\273"
 101      85C0A6CD 
 101      212D562C 
 101      8989550D 
 101      CD2F49BB 
 102 024a F852A33F 		.ascii	"\370R\243?\324)I!.\03497\362\255\021q\263\260\367\006"
 102      D4294921 
 102      2E1C3937 
 102      F2AD1171 
 102      B3B0F706 
 103 025e 76AF4D91 		.ascii	"v\257M\221\302|\255z\347[\347%\351}.\224\177w\364\020"
 103      C27CAD7A 
 103      E75BE725 
 103      E97D2E94 
 103      7F77F410 
 104 0272 DF827B40 		.ascii	"\337\202{@L.\355(\3567\2229\374JM\367C\236\2037\353"
 104      4C2EED28 
 104      EE379239 
 104      FC4A4DF7 
 104      439E8337 
 105 0287 6E2D79BB 		.ascii	"n-y\273\210\006\356\301\370\333!\376\217Ij\"\353_\262"
 105      8806EEC1 
 105      F8DB21FE 
 105      8F496A22 
 105      EB5FB2
 106 029a 560FB286 		.ascii	"V\017\262\206\027\030\334?\021\324E\347\"\364\240\032"
 106      1718DC3F 
 106      11D445E7 
 106      22F4A01A 
 107 02aa FA4F3C16 		.ascii	"\372O<\026\017\306\241W\342\320\266iY\023\310\3618\362"
 107      0FC6A157 
 107      E2D0B669 
 107      5913C8F1 
 107      38F2
 108 02bc 801AD941 		.ascii	"\200\032\331AT\001\224\326(\330\217\246\017`\022v4\316"
 108      540194D6 
 108      28D88FA6 
 108      0F601276 
 108      34CE
 109 02ce 1B999E37 		.ascii	"\033\231\2367\021\302\3328\355!5\2643\001\335\200\317"
 109      11C2DA38 
 109      ED2135B4 
 109      3301DD80 
 109      CF
 110 02df 024A1FF7 		.ascii	"\002J\037\367\012d/\2547\342\022C\303\246\223n\350\220"
 110      0A642FAC 
 110      37E21243 
 110      C3A6936E 
 110      E890
 111 02f1 2E328744 		.ascii	".2\207Da\034\203q\004\306a\030Ga\374\213\314\301f`\035"
 111      611C8371 
 111      04C66118 
ARM GAS  C:\Users\NICOLA~1\AppData\Local\Temp\ccCs2u5H.s 			page 8


 111      4761FC8B 
 111      CCC16660 
 112 0306 131B08EA 		.ascii	"\023\033\010\352(af\202r\326\224N\021}\3076\373\356"
 112      28616682 
 112      72D6944E 
 112      117DC736 
 112      FBEE
 113 0318 20A9E9D3 		.ascii	" \251\351\323y\"\377\006\007\377\2633\237=\211\034\007"
 113      7922FF06 
 113      07FFB333 
 113      9F3D891C 
 113      07
 114 0329 A3F713AD 		.ascii	"\243\367\023\255\311<+\255\331;~\354\347\3220o\227\330"
 114      C93C2BAD 
 114      D93B7EEC 
 114      E7D2306F 
 114      97D8
 115 033b 7859A356 		.ascii	"xY\243V\032\345\302\337\2736\274*\025j\370\241\214\324"
 115      1AE5C2DF 
 115      BB36BC2A 
 115      156AF8A1 
 115      8CD4
 116 034d 7DA2C73E 		.ascii	"}\242\307>Z\210\317\240P\331f\275T\312\327\316\267]"
 116      5A88CFA0 
 116      50D966BD 
 116      54CAD7CE 
 116      B75D
 117 035f A622AE65 		.ascii	"\246\"\256e\343\363\245\375b\353\014\251\214\257U\256"
 117      E3F3A5FD 
 117      62EB0CA9 
 117      8CAF55AE 
 118 036f DB73833F 		.ascii	"\333s\203?P]L\0348p\275D/m\341k\215\355{\257\362&.a"
 118      505D4C1C 
 118      3870BD44 
 118      2F6DE16B 
 118      8DED7BAF 
 119 0387 7292BFEA 		.ascii	"r\222\277\352ZLCRysN\311\377\037\220\377\036\254t\237"
 119      5A4C4352 
 119      79734EC9 
 119      FF1F90FF 
 119      1EAC749F 
 120 039b 9CFC9790 		.ascii	"\234\374\227\220\374iH\364,\21430\276\200\021\203qN"
 120      FC6948F4 
 120      2C8C3330 
 120      BE801183 
 120      714E
 121 03ad 4EDCCF12 		.ascii	"N\334\317\022\257\256y\226\302\236\262\334?\201\334"
 121      AFAE7996 
 121      C29EB2DC 
 121      3F81DC
 122 03bc 996DBC92 		.ascii	"\231m\274\222S\032\220\372\233\036\220\201\275j\340"
 122      531A90FA 
 122      9B1E9081 
 122      BD6AE0
 123 03cb 09321519 		.ascii	"\0112\025\031U\220\247\324\310\317T\310\220\202\354"
 123      5590A7D4 
 123      C8CF54C8 
ARM GAS  C:\Users\NICOLA~1\AppData\Local\Temp\ccCs2u5H.s 			page 9


 123      9082EC
 124 03da 51233BA7 		.ascii	"Q#;\247\366)\365\037U\240\237\253\241\377QC[\025\350"
 124      F629F51F 
 124      55A09FAB 
 124      A1FF5143 
 124      5B15E8
 125 03ed A76AE8C9 		.ascii	"\247j\350\311IP\334\370\367jX\227\365M\323ed\373ph\237"
 125      4950DCF8 
 125      F76A5897 
 125      F54DD365 
 125      64FB7068 
 126 0402 5EAAC08D 		.ascii	"^\252\300\215\020\017\256\353jMQ\265\234Rrr\036*\375"
 126      100FAEEB 
 126      6A4D51B5 
 126      9C527272 
 126      1E2AFD
 127 0415 53AB8E5E 		.ascii	"S\253\216^oB\273\365\203\301W\211v\353\233\334n\215"
 127      6F42BBF5 
 127      83C15789 
 127      76EB9BDC 
 127      6E8D
 128 0427 BB0A48AA 		.ascii	"\273\012H\252\354\312\377C\256\204\333\372\001\232O"
 128      ECCAFF43 
 128      AE84DBFA 
 128      019A4F
 129 0436 CF7F5929 		.ascii	"\317\177Y)I\325\274\223:\307\006\266i\356k\321\274G"
 129      49D5BC93 
 129      3AC706B6 
 129      69EE6BD1 
 129      BC47
 130 0448 9370B120 		.ascii	"\223p\261 ||\214\277Bhwa\217\310T#\207\317\026k\271"
 130      7C7C8CBF 
 130      42687761 
 130      8FC85423 
 130      87CF166B 
 131 045d 6AA4A85F 		.ascii	"j\244\250_b\252\310W\355\001\216\352\251\352\361\353"
 131      62AAC857 
 131      ED018EEA 
 131      A9EAF1EB 
 132 046d 986ACBA5 		.ascii	"\230j\313\245\221\306$\371e\203\230V\237\357\353\024"
 132      91C624F9 
 132      65839856 
 132      9FEFEB14 
 133 047d 6E4623B5 		.ascii	"nF#\265Z\246\212V]\376\\\307U\221\3372Ea{C\303\314\254"
 133      5AA68A56 
 133      5DFE5CC7 
 133      5591DF32 
 133      45617B43 
 134 0494 465AE25F 		.ascii	"FZ\342_\210\033\303\016\345%\310\211\035L\366\236`\207"
 134      881BC30E 
 134      E525C889 
 134      1D4CF69E 
 134      6087
 135 04a6 F332CCEC 		.ascii	"\3632\314\354\200\016\300\314\016\35170\263\203z\005"
 135      800EC0CC 
 135      0EE93730 
 135      B3837A05 
ARM GAS  C:\Users\NICOLA~1\AppData\Local\Temp\ccCs2u5H.s 			page 10


 136 04b6 6638AC64 		.ascii	"f8\254d\020_@\244|s\363\3378u\007F}tme\271\210\212\010"
 136      105F40A4 
 136      7C73F3DF 
 136      38750746 
 136      7D746D65 
 137 04ce 26FAD9BE 		.ascii	"&\372\331\276h\200\373\216\234\305\370^\017\277{\232"
 137      6880FB8E 
 137      9CC5F85E 
 137      0FBF7B9A 
 138 04de BF1D37AD 		.ascii	"\277\0357\255\351\341\361\235\332\333\321)\311!S?~\307"
 138      E9E1F19D 
 138      DADBD129 
 138      C921533F 
 138      7EC7
 139 04f0 1CEAD879 		.ascii	"\034\352\330y\223\250\"\274*G\370\255\034\341\260\034"
 139      93A822BC 
 139      2A47F8AD 
 139      1CE1B01C 
 140 0500 E1355584 		.ascii	"\3415U\204\327\345\010\233x\204\247\032\372v)\005\241"
 140      D7E5089B 
 140      7884A71A 
 140      FA762905 
 140      A1
 141 0511 94BD8EC9 		.ascii	"\224\275\216\311\245+\027Z\010\252zk{\037d\232\322m"
 141      A52B175A 
 141      08AA7A6B 
 141      7B1F649A 
 141      D26D
 142 0523 1B77ABFD 		.ascii	"\033w\253\3755\251*2\"\373\273\241\362\3274\325\337"
 142      35A92A32 
 142      22FBBBA1 
 142      F2D734D5 
 142      DF
 143 0534 F0FE48EF 		.ascii	"\360\376H\357\035\0129O\260\271\351\315\365)?\302\336"
 143      1D0A394F 
 143      B0B9E9CD 
 143      F5293FC2 
 143      DE
 144 0545 24B38FDE 		.ascii	"$\263\217\336\236}g\367\372\240\221\327\223\312\345"
 144      9E7D67F7 
 144      FAA091D7 
 144      93CAE5
 145 0554 F3179F2C 		.ascii	"\363\027\237,\342\331D\012\306\360{\203t\324\027\234"
 145      E2D9440A 
 145      C6F07B83 
 145      74D4179C 
 146 0564 E2A84DB5 		.ascii	"\342\250M\265\275\370b^w\344\235\016^\343\011\334\227"
 146      BDF8625E 
 146      77E49D0E 
 146      5EE309DC 
 146      97
 147 0575 E3755537 		.ascii	"\343uU7\324-0\256\012\351\226\034\322\204\034\022\025"
 147      D42D30AE 
 147      0AE9961C 
 147      D2841C12 
 147      15
 148 0586 A70DE964 		.ascii	"\247\015\351d\254\260k\006R\243\357\353k\267\373\014"
ARM GAS  C:\Users\NICOLA~1\AppData\Local\Temp\ccCs2u5H.s 			page 11


 148      ACB06B06 
 148      52A3EFEB 
 148      6BB7FB0C 
 149 0596 28762BF9 		.ascii	"(v+\371W\034\036\357M\376\221\374\013E\356\254H\274"
 149      571C1EEF 
 149      4DFE91FC 
 149      0B45EEAC 
 149      48BC
 150 05a8 6DFE81B7 		.ascii	"m\376\201\267\206\006\214H5\227\\\000*v\350\206H\026"
 150      86068C48 
 150      35975C00 
 150      2A76E886 
 150      4816
 151 05ba 1EBCEF60 		.ascii	"\036\274\357`f\207\017:\007\017\340\030\314\354\020"
 151      66870F3A 
 151      070FE018 
 151      CCEC10
 152 05c9 168859EC 		.ascii	"\026\210Y\354 \222b1\213Q\364\275\375\361P\362\375\333"
 152      20926231 
 152      8B51F4BD 
 152      FDF150F2 
 152      FDDB
 153 05db 69D83F58 		.ascii	"i\330?X\1775@\012\3307-e\237\244Hx\221?\004&=\301\231"
 153      7F35400A 
 153      D8372D65 
 153      9FA44878 
 153      913F0426 
 154 05f2 E66B729F 		.ascii	"\346kr\237@^\007{\362\206x?p\234\336\032Y\2431\256I"
 154      405E077B 
 154      F286783F 
 154      709CDE1A 
 154      59A331AE 
 155 0607 7C75E197 		.ascii	"|u\341\227h\342K\373M\321\210\237\241l6\232\3156\213"
 155      68E24BFB 
 155      4DD1889F 
 155      A16C369A 
 155      CD368B
 156 061a DBB1DA6C 		.ascii	"\333\261\332l\317\263{uO?\373B\332\"\341\321\214\214"
 156      CFB37B75 
 156      4F3FFB42 
 156      DA22E1D1 
 156      8C8C
 157 062c 4CF8E5AC 		.ascii	"L\370\345\254\262/\267;=\363\262\346e:=\231\253,\216"
 157      B22FB73B 
 157      3DF3B2E6 
 157      653A3D99 
 157      AB2C8E
 158 063f CCE54E8B 		.ascii	"\314\345N\213\333\352\311\\\366\274y\331\363\317,\230"
 158      DBEAC95C 
 158      F6BC79D9 
 158      F3CF2C98 
 159 064f FFD402F3 		.ascii	"\377\324\002\363\342%\313\026=\367\342\223\177|\231"
 159      E225CB16 
 159      3DF7E293 
 159      7F7C99
 160 065e AF65E408 		.ascii	"\257e\344\010\311x\263\004\330fy\274\271\013\346\233"
 160      C978B304 
ARM GAS  C:\Users\NICOLA~1\AppData\Local\Temp\ccCs2u5H.s 			page 12


 160      D86679BC 
 160      B90BE69B 
 161 066e 731CCE9C 		.ascii	"s\034\316\234?#\375\302\037\342u9\335^F\013\234\231"
 161      3F23FDC2 
 161      1FE27539 
 161      DD5E460B 
 161      9C99
 162 0680 32F36BAF 		.ascii	"2\363k\257\261\025\263\303a\315X%\334\311\231V\272\354"
 162      B115B3C3 
 162      61CD5825 
 162      DCC99956 
 162      BAEC
 163 0692 4EB3C7E6 		.ascii	"N\263\307\346\315w\231\275I\371\366</\350\274\006\263"
 163      CD7799BD 
 163      49F9F63C 
 163      2FE8BC06 
 163      B3
 164 06a3 59B95D91 		.ascii	"Y\271]\221\363\033\023\222{\274\371V\273\323\344u:\035"
 164      F31B1392 
 164      7BBCF956 
 164      BBD3E475 
 164      3A1D
 165 06b5 1ED3CABC 		.ascii	"\036\323\312\274\3744\274K\263\270s\323l\271\313mV\253"
 165      FC34BC4B 
 165      B3B873D3 
 165      6CB9CB6D 
 165      56AB
 166 06c7 CD6AFA55 		.ascii	"\315j\372U\306#i\363\347\316\373\365_\026\230@\377p"
 166      C62369F3 
 166      E7CEFBF5 
 166      5F169840 
 166      FF70
 167 06d9 9E33CFF6 		.ascii	"\2363\317\366\260\315\262\334n\262\347\3458\362\255"
 167      B0CDB2DC 
 167      6EB2E7E5 
 167      38F2AD
 168 06e8 3653AE05 		.ascii	"6S\256\005\270\362l&\263\325\266\302\222\357\360\232"
 168      B8F26C26 
 168      B3D5B6C2 
 168      92EFF09A 
 169 06f8 BDAB5D36 		.ascii	"\275\253]6\017D\363\312\377\325\215g\265\307d\366x\255"
 169      0F44F3CA 
 169      FFD58D67 
 169      B5C764F6 
 169      78AD
 170 070a 9003706B 		.ascii	"\220\003pks\235V\233[\347d\276\334z\247\307e\263Y\335"
 170      739D569B 
 170      5BE764BE 
 170      DC7AA7C7 
 170      65B359DD 
 171 071e 5A57BECB 		.ascii	"ZW\276\313\352\226\234V\267\306\262\302\355`\177\253"
 171      EA969C56 
 171      B7C6B2C2 
 171      ED607FAB 
 172 072e 1EF929B5 		.ascii	"\036\371)\265\\\272tq\346\323\331K\236\373\353\374L"
 172      5CBA7471 
 172      E6D3D94B 
ARM GAS  C:\Users\NICOLA~1\AppData\Local\Temp\ccCs2u5H.s 			page 13


 172      9EFBEBFC 
 172      4C
 173 073f 57BC98BA 		.ascii	"W\274\230\272\354'\026[\274\026]\366\357\371\264\210"
 173      EC27165B 
 173      BC165DF6 
 173      EFF9B488 
 174 074f 4F8BF9F4 		.ascii	"O\213\371\364$\237\236bSr\366\023K\0279\363V\330W\336"
 174      249F9E62 
 174      5372F613 
 174      4B1739F3 
 174      56D857DE 
 175 0763 C9CC953A 		.ascii	"\311\314\225:\344\240jv\206\333i\005P\306\367\227\376"
 175      E4A06A76 
 175      86DB6905 
 175      50C6F797 
 175      FE
 176 0774 0BA9E55A 		.ascii	"\013\251\345Z\262"
 176      B2
 177              		.text
 178              		.section	.gnu.lto_.symtab.cfe47414,"",%progbits
 179 0000 5F5F6561 		.ascii	"__early_init\000\000\000\000\000\000\000\000\000\000"
 179      726C795F 
 179      696E6974 
 179      00000000 
 179      00000000 
 180 0016 0000AC00 		.ascii	"\000\000\254\000\000\000boardInit\000\000\000\000\000"
 180      0000626F 
 180      61726449 
 180      6E697400 
 180      00000000 
 181 002a 00000000 		.ascii	"\000\000\000\000\000\000\000\256\000\000\000pal_def"
 181      000000AE 
 181      00000070 
 181      616C5F64 
 181      6566
 182 003c 61756C74 		.ascii	"ault_config\000\000\000\000\000\000\000\000\000\000"
 182      5F636F6E 
 182      66696700 
 182      00000000 
 182      00000000 
 183 0051 00000601 		.ascii	"\000\000\006\001\000\000stm32_clock_init\000\000\002"
 183      00007374 
 183      6D33325F 
 183      636C6F63 
 183      6B5F696E 
 184 006a 00000000 		.ascii	"\000\000\000\000\000\000\000\000\000\260\000\000\000"
 184      00000000 
 184      00B00000 
 184      00
 185              		.text
 186              		.section	.gnu.lto_.opts,"",%progbits
 187 0000 272D666E 		.ascii	"'-fno-trapv' '-mcpu=cortex-m4' '-mno-thumb-interwor"
 187      6F2D7472 
 187      61707627 
 187      20272D6D 
 187      6370753D 
 188 0033 6B272027 		.ascii	"k' '-mthumb' '-ggdb' '-O2' '-fomit-frame-pointer' '"
ARM GAS  C:\Users\NICOLA~1\AppData\Local\Temp\ccCs2u5H.s 			page 14


 188      2D6D7468 
 188      756D6227 
 188      20272D67 
 188      67646227 
 189 0066 2D66616C 		.ascii	"-falign-functions=16' '-ffunction-sections' '-fdata"
 189      69676E2D 
 189      66756E63 
 189      74696F6E 
 189      733D3136 
 190 0099 2D736563 		.ascii	"-sections' '-fno-common' '-flto'\000"
 190      74696F6E 
 190      73272027 
 190      2D666E6F 
 190      2D636F6D 
 191              		.text
 192              		.comm	__gnu_lto_v1,1,1
 193              		.comm	__gnu_lto_slim,1,1
 194              		.ident	"GCC: (GNU Tools for ARM Embedded Processors) 4.9.3 20150529 (release) [ARM/embedded-4_9-br
ARM GAS  C:\Users\NICOLA~1\AppData\Local\Temp\ccCs2u5H.s 			page 15


DEFINED SYMBOLS
                            *ABS*:00000000 board.c
                            *COM*:00000001 __gnu_lto_v1
                            *COM*:00000001 __gnu_lto_slim

NO UNDEFINED SYMBOLS
