ARM GAS  C:\Users\NICOLA~1\AppData\Local\Temp\cc5p2jRb.s 			page 1


   1              		.syntax unified
   2              		.cpu cortex-m4
   3              		.fpu softvfp
   4              		.eabi_attribute 20, 1
   5              		.eabi_attribute 21, 1
   6              		.eabi_attribute 23, 3
   7              		.eabi_attribute 24, 1
   8              		.eabi_attribute 25, 1
   9              		.eabi_attribute 26, 1
  10              		.eabi_attribute 30, 2
  11              		.eabi_attribute 34, 1
  12              		.eabi_attribute 18, 4
  13              		.thumb
  14              		.file	"chmempools.c"
  15              		.text
  16              	.Ltext0:
  17              		.section	.gnu.lto_.profile.cfe42ae9,"",%progbits
  18 0000 789C6366 		.ascii	"x\234cf```a\200\000F\206pK\000\001[\000\231"
  18      60606061 
  18      80004686 
  18      704B0001 
  18      5B0099
  19              		.text
  20              		.section	.gnu.lto_.jmpfuncs.cfe42ae9,"",%progbits
  21 0000 789C6366 		.ascii	"x\234cf\300\016,\2414\033\0033###{}}=#\214\301\004\244"
  21      C00E2CA1 
  21      341B0333 
  21      2323237B 
  21      7D7D3D23 
  22 0018 EB198172 		.ascii	"\353\031\201r\007\030\270\230\241\354z\006\006\026\240"
  22      0718B898 
  22      A1EC7A06 
  22      0616A0
  23 0027 38737D3D 		.ascii	"8s}=+\204b\000\000\344\203\007\277"
  23      2B846200 
  23      00E48307 
  23      BF
  24              		.text
  25              		.section	.gnu.lto_.inline.cfe42ae9,"",%progbits
  26 0000 789C6D4F 		.ascii	"x\234mO\241n\002A\020}ov\217].\\\332\273\012\2223\255"
  26      A16E0241 
  26      107D6F76 
  26      8F5D2E5C 
  26      DABB0A92 
  27 0016 C33528F4 		.ascii	"\3035(\364}A?\242\252\374\005\022Ar\2255Mp\004\201%"
  27      7D413FA2 
  27      AAFC0512 
  27      41729535 
  27      4D700481 
  28 002b FC458B3B 		.ascii	"\374E\213;E\015\342p \353:{\333V\261\331\354\233yov"
  28      450DE270 
  28      20EB3A7B 
  28      DB56B1D9 
  28      EC9B796F 
  29 0040 DE8CC1F5 		.ascii	"\336\214\301\365\2231bOoB\210\331\015\321o&\0228\";"
  29      9331624F 
  29      6F4288D9 
ARM GAS  C:\Users\NICOLA~1\AppData\Local\Temp\cc5p2jRb.s 			page 2


  29      0DD16F26 
  29      1238223B 
  30 0054 81142D91 		.ascii	"\201\024-\221\274>\244\350\277/D`U\022\344)\035\246"
  30      BC3EA4E8 
  30      BF2F4460 
  30      5512E429 
  30      1DA6
  31 0066 1C950678 		.ascii	"\034\225\006x\2110\275\010\277\216\037{\337\312wh\300"
  31      8930BD08 
  31      BF8E1F7B 
  31      DFCA7768 
  31      C0
  32 0077 154B53A9 		.ascii	"\025KS\251\032\2210\241g\214\036\322`\272\274\027\260"
  32      1A9130A1 
  32      678C1ED2 
  32      60BABC17 
  32      B0
  33 0088 75952099 		.ascii	"u\225 \231\217\224o8\243\327d\347\025\3015gr\253\371"
  33      8F946F38 
  33      A3D764E7 
  33      15C13567 
  33      72ABF9
  34 009b 6F00B329 		.ascii	"o\000\263),X\367l7^\222C9\276>\031\334\015t\364b\373"
  34      2C58F76C 
  34      375E9243 
  34      39BE3E19 
  34      DC0D74F4 
  35 00b1 8CF46DFC 		.ascii	"\214\364m\374\247\005\305\206\245\3309[\371\274\201"
  35      A705C586 
  35      A5D8395B 
  35      F9BC81
  36 00c0 3F3F7686 		.ascii	"??v\2066\276]%\274\323\317\256\231\374\357\215\037f"
  36      36BE5D25 
  36      BCD3CFAE 
  36      99FCEF8D 
  36      1F66
  37 00d2 C624EC   		.ascii	"\306$\354"
  38              		.text
  39              		.section	.gnu.lto_.pureconst.cfe42ae9,"",%progbits
  40 0000 789C6366 		.ascii	"x\234cf``\340e\200\0006\006)F+&)f+\026)V+\000\007\221"
  40      6060E065 
  40      80003606 
  40      29462B26 
  40      29662B16 
  41 001a 0122     		.ascii	"\001\""
  42              		.text
  43              		.section	.gnu.lto_chPoolObjectInit.cfe42ae9,"",%progbits
  44 0000 789C9590 		.ascii	"x\234\225\220\315k\023a\020\306\337g\336\335m -\025"
  44      CD6B1361 
  44      10C6DF67 
  44      DEDD6D20 
  44      2D15
  45 0012 4F25272F 		.ascii	"O%'/\241BIB)x\361\342I\274\371?\030\003\006\014\033"
  45      A1424942 
  45      2978F1E2 
  45      49BCF93F 
  45      1803060C 
ARM GAS  C:\Users\NICOLA~1\AppData\Local\Temp\cc5p2jRb.s 			page 3


  46 0027 B2E2C14B 		.ascii	"\262\342\301K\337\255\355A\360P\225\226\202\026\013"
  46      DFADED41 
  46      F0509596 
  46      82160B
  47 0036 B1F8516D 		.ascii	"\261\370QmMj\375:\255z\321\203\215\205\026\277@-\244"
  47      4D6AFD3A 
  47      AD7AD183 
  47      8D8516BF 
  47      402DA4
  48 0049 D01E8A89 		.ascii	"\320\036\212\211\015\264{(uf\243 \365\242\313.\363\316"
  48      0DB47B28 
  48      7566A320 
  48      F5A2CB2E 
  48      F3CE
  49 005b BBF3FC66 		.ascii	"\273\363\374f\346\321\352\357'\301\337IR\352(Gh\005"
  49      E6D1EAEF 
  49      27C1DF49 
  49      52EA2847 
  49      6805
  50 006d 1A5D54CA 		.ascii	"\032]T\312\217\021 \007\0055H\030\304\0065\011\243\301"
  50      8F112007 
  50      05354818 
  50      C4063509 
  50      A3C1
  51 007f CC44BC77 		.ascii	"\314D\274w\332\030\323\250\316\367\214\364\204,\333"
  51      DA18D3A8 
  51      CEF78CF4 
  51      842CDB
  52 008e A23606B7 		.ascii	"\2426\006\267\321\313%\376\322\245\213\235\272\017\212"
  52      D1CB25FE 
  52      D2A58B9D 
  52      BA0F8A
  53 009d CFCF665B 		.ascii	"\317\317f[o\343\353\024\022\016I\372\374\352\353\011"
  53      6FE3EB14 
  53      120E49FA 
  53      FCEAEB09 
  54 00ad 4752B224 		.ascii	"GR\262$]\275\365r\012\311\2621C\301b\325\034\263B\322"
  54      5DBDF572 
  54      0AC9B231 
  54      43C162D5 
  54      1CB342D2 
  55 00c1 B803CD3C 		.ascii	"\270\003\315<\334E\002\367\220P|\2450\203$W\277{\343"
  55      DC4502F7 
  55      90507CA5 
  55      30832457 
  55      BF7BE3
  56 00d4 7FEED6E9 		.ascii	"\177\356\326\351\210\333\372\376\352Cg[\271\321VZ\270"
  56      88DBFAFE 
  56      EA43675B 
  56      B9D1565A 
  56      B8
  57 00e5 BF5F6929 		.ascii	"\277_i)<\210\224\3017\263\331\245\007\"\345\324\225"
  57      3C8894C1 
  57      37B3D9A5 
  57      0722E5D4 
  57      95
  58 00f6 B169ABAD 		.ascii	"\261i\253\255\274\\vN\204dcv\277\320V\230CR\252\233"
ARM GAS  C:\Users\NICOLA~1\AppData\Local\Temp\cc5p2jRb.s 			page 4


  58      BC5C764E 
  58      84646376 
  58      BFD05698 
  58      4352AA9B 
  59 010a C3BBEFE3 		.ascii	"\303\273\357\343\3160\257{`\367\367\246x\010\007\034"
  59      CE30AF7B 
  59      60F7F7A6 
  59      7808071C 
  60 011a E70E0666 		.ascii	"\347\016\006fo\257\\{\261\342@\274\342)-HG\007\221\\"
  60      6FAF5C7B 
  60      B1E240BC 
  60      E2292D48 
  60      4707915C 
  61 012e D5B95A0C 		.ascii	"\325\271Z\014\\#\222\250?a\250\321\2505\265\000\230"
  61      5C2392A8 
  61      3F61A8D1 
  61      A835B500 
  61      98
  62 013f FDB55E5B 		.ascii	"\375\265^[\212\211\031ZI\253\205\235\233\233]\223\270"
  62      8A89195A 
  62      49AB859D 
  62      9B9B5D93 
  62      B8
  63 0150 EE1B13D8 		.ascii	"\356\033\023\330!9\333D\250\3608\362\357F\353\332\307"
  63      2139DB44 
  63      A8F038F2 
  63      EF46EBDA 
  63      C7
  64 0161 EE545F48 		.ascii	"\356T_H\035\250b\022?\"\3031\217\324\237\230\016\276"
  64      1DA86212 
  64      3F22C331 
  64      8FD49F98 
  64      0EBE
  65 0173 7AC4026E 		.ascii	"z\304\002n3^Y^\265\177\265\371'\256\205\205\210+{\341"
  65      335E595E 
  65      B57FB5F9 
  65      27AE8585 
  65      882B7BE1 
  66 0187 3152DB6C 		.ascii	"1R\333l\236p\232\313\225\377\342\330x\022q\"\237\236"
  66      9E709ACB 
  66      95FFE2D8 
  66      78127122 
  66      9F9E
  67 0199 0AC7515F 		.ascii	"\012\307Q_\340\007+\307\205\"S\327\271\007\233\301\005"
  67      E0072BC7 
  67      852253D7 
  67      B9079BC1 
  67      05
  68 01aa 87D3E90C 		.ascii	"\207\323\351\014\277\3313\371Sy\327\353?\322\237q\275"
  68      BFD933F9 
  68      5379D7EB 
  68      3FD29F71 
  68      BD
  69 01bb 4CE95CC6 		.ascii	"L\351\\\306+e\371\262\220+\024]\367\254\227\316**\024"
  69      2B65F9B2 
  69      902B145D 
  69      F7AC97CE 
ARM GAS  C:\Users\NICOLA~1\AppData\Local\Temp\cc5p2jRb.s 			page 5


  69      2A2A14
  70 01ce 2D2F7F21 		.ascii	"-/\177!\027+\226\334\363\371\323\271\322O\005D\337\211"
  70      172B96DC 
  70      F3F9D3B9 
  70      D24F0544 
  70      DF89
  71              		.text
  72              		.section	.gnu.lto_chPoolLoadArray.cfe42ae9,"",%progbits
  73 0000 789CA556 		.ascii	"x\234\245V]L\223g\024~\317\373\375\225\266F\266,\033"
  73      5D4C9367 
  73      147ECFFB 
  73      FD95B646 
  73      B62C1B
  74 0013 334B2021 		.ascii	"3K !\004\222)\225e\331n\226\350b\262\305\013n$\273^"
  74      04922995 
  74      65D96E96 
  74      E862B2C5 
  74      0B6E24BB 
  75 0028 A4368145 		.ascii	"\2446\201El\323\252\321+\277\322\212\323(!U3\330\306"
  75      6CD3AAD1 
  75      2BBFD28A 
  75      D3282155 
  75      33D8C6
  76 003b 0611878A 		.ascii	"\006\021\207\212\003EA\201\351\352\037\370\007\002\342"
  76      03454181 
  76      E9EA1FF8 
  76      0702E2
  77 004a 0FB849A7 		.ascii	"\017\270I\247H\266L3\020\030t\213v\347\274_\321\266"
  77      48B64C33 
  77      1018748B 
  77      76E7BC5F 
  77      D1B6
  78 005c B4DBC51A 		.ascii	"\264\333\305\032H\337\357\234\363<\347\377{+\261\205"
  78      48DFEF9C 
  78      F33CE7FF 
  78      7B2BB185 
  79 006c 9F4FF0FF 		.ascii	"\237O\360\377\264\211\261\014`\0144\006\274\252\217"
  79      B489B10C 
  79      600C3406 
  79      BCAA8F
  80 007b 31AF8983 		.ascii	"1\257\211\203b\034$\220\215\203lH\316\231\024.\355\356"
  80      621C2490 
  80      8D836C48 
  80      CE99142E 
  80      EDEE
  81 008d 614C37AB 		.ascii	"aL7\253~\215\351V\025\200\344\014\3306.\311\212\012"
  81      7E8DE956 
  81      1580E40C 
  81      D8362EC9 
  81      8A0A
  82 009f DBB8C220 		.ascii	"\333\270\302 \202\237\305\302\301o|\222CU\260\251\332"
  82      829FC5C2 
  82      C16F7C92 
  82      4355B0A9 
  82      DA
  83 00b0 927B50D7 		.ascii	"\222{P\327\365\211@G\306\366\2140gl\212\033\021@#\344"
  83      F5894047 
ARM GAS  C:\Users\NICOLA~1\AppData\Local\Temp\cc5p2jRb.s 			page 6


  83      C6F68C30 
  83      676C8A1B 
  83      114023E4 
  84 00c4 A2897760 		.ascii	"\242\211w`\247\317*\275\015\014\317\035\315\323\275"
  84      A7CF2ABD 
  84      0D0CCF1D 
  84      CDD3BD
  85 00d3 965F7998 		.ascii	"\226_y\230C\026=v\006.W\253\364\310ez\374\245\341|\035"
  85      43163D76 
  85      062E57AB 
  85      F4C8657A 
  85      FCA5E17C 
  86 00e8 E41CD0F5 		.ascii	"\344\034\320\365\362`o\253\276R\016s\011\016\201\204"
  86      F2606FAB 
  86      BE520E73 
  86      090E8184 
  87 00f8 7C701896 		.ascii	"|p\030\226\300\021X\302P\304\240\011r\320z\356\320\316"
  87      C01158C2 
  87      50C4A009 
  87      72D07AEE 
  87      D0CE
  88 010a 335CCA17 		.ascii	"3\\\312\027\274\336\266\362\277\322\014\344\250\201"
  88      BCDEB6F2 
  88      BFD20CE4 
  88      A881
  89 0118 94E16822 		.ascii	"\224\341h\"Rf\360\275@\016\335}X!K\313\005\262\355L"
  89      5266F0BD 
  89      400EDD7D 
  89      58214BCB 
  89      05B2ED4C 
  90 012c 73F76203 		.ascii	"s\367b\003\0316\220\0124'\"1\357\026\310!\363I\377\263"
  90      1936900A 
  90      34272231 
  90      EF16C821 
  90      F349FFB3 
  91 0140 3B16D58F 		.ascii	";\026\325\217\371\246?\233O\025\216\201\212Ef-\257\006"
  91      F9A63F9B 
  91      4F158E81 
  91      8A45662D 
  91      AF06
  92 0152 F548E4C0 		.ascii	"\365H\344\300\331\353]r:\010_\\\340d\240\263\002t\326"
  92      D9EB5D72 
  92      3A085F5C 
  92      E064A0B3 
  92      0274D6
  93 0165 80A24F43 		.ascii	"\200\242OCN\325,L,\302\304\212\002\215\2611\244\303"
  93      4ED52C4C 
  93      2CC2C48A 
  93      028DB131 
  93      A4C3
  94 0177 DA3FE21C 		.ascii	"\332?\342\034\277\244\333P\376\012\371\034\356\276x"
  94      BFA4DB50 
  94      FE0AF91C 
  94      EEBE78
  95 0186 C492F71D 		.ascii	"\304\222\367\035\372\254\253l\254\220\201j\020\255\360"
  95      FAACAB6C 
  95      AC90816A 
ARM GAS  C:\Users\NICOLA~1\AppData\Local\Temp\cc5p2jRb.s 			page 7


  95      10ADF0
  96 0195 71C8233E 		.ascii	"q\310#><>B!v\217@\301\332\036N1\305AC\225\215c+M1\320"
  96      3C3E4221 
  96      768F40C1 
  96      DA1E4E31 
  96      C5414395 
  97 01af 5684229C 		.ascii	"V\204\"\234\305\003*\353\373C\232\364\216(\315\334\310"
  97      C5032AEB 
  97      FB439AF4 
  97      8E28CDDC 
  97      C8
  98 01c0 F5B36A76 		.ascii	"\365\263jv=\226&t\345\202#\350\257\323\237G\"@\245="
  98      3D962674 
  98      E58223E8 
  98      AFD39F47 
  98      2240A53D 
  99 01d4 115FA028 		.ascii	"\021_\240(\343I\310\236\345@\204\351\354\337}\267\241"
  99      E349C89E 
  99      E54084E9 
  99      ECDF7DB7 
  99      A1
 100 01e5 EF56C3B7 		.ascii	"\357V\303\2670=\334\037\276\246\011O\023\177\264\356"
 100      303DDC1F 
 100      BEA6094F 
 100      137FB4EE 
 101 01f5 7ABD46AF 		.ascii	"z\275F\257+\257\302R\256\200$\023\020\245h\207l\242"
 101      2BAFC252 
 101      AE802413 
 101      10A56887 
 101      6CA2
 102 0207 4942A123 		.ascii	"IB\241#\234\177\036Dxj\364\251\004\364\313Tc\321\251"
 102      9C7F1E44 
 102      786AF4A9 
 102      04F4CB54 
 102      63D1A9
 103 021a 123D1D9F 		.ascii	"\022=\035\237\350T\223\276O\222\326\211\232\375>T\177"
 103      E85493BE 
 103      4F92D689 
 103      9AFD3E54 
 103      7F
 104 022b D02C888E 		.ascii	"\320,\210\216\215\370\306\245\330LL\320\221\224\255"
 104      8DF8C6A5 
 104      D84C4CD0 
 104      9194AD
 105 023a 13B269F6 		.ascii	"\023\262i\366\367\314\234\000Z\005S\026\203.\324\336"
 105      F7CC9C00 
 105      5A055316 
 105      832ED4DE 
 106 024a 83F207E1 		.ascii	"\203\362\007\341]\343\325j\334\324\205.M\345\211\334"
 106      5DE3D56A 
 106      DCD4852E 
 106      4DE589DC 
 107 025a B1D862F0 		.ascii	"\261\330b\360\2468\304\317eh\364\311>\211B\244$\031"
 107      A638C4CF 
 107      6568F4C9 
 107      3E8942A4 
 107      2419
ARM GAS  C:\Users\NICOLA~1\AppData\Local\Temp\cc5p2jRb.s 			page 8


 108 026c FC40263C 		.ascii	"\374@&<\301d\354\001\316\347\031\322H\011\232\301\312"
 108      C164EC01 
 108      CEE719D2 
 108      48099AC1 
 108      CA
 109 027d FB38EC67 		.ascii	"\3738\354gI%'\250N\356\030\322(X\006?\222ZIX\007\006"
 109      492527A8 
 109      4EEE18D2 
 109      2858063F 
 109      925A4958 
 110 0293 4150319D 		.ascii	"AP1\235s\264\014\300\302\200\352\321\307s{\245\314]"
 110      73B40CC0 
 110      C280EAD1 
 110      C7737BA5 
 110      CC5D
 111 02a5 BC56AFCE 		.ascii	"\274V\257\316\012\3634B\354\277\367\267\327,\343\234"
 111      0AF33442 
 111      ECBFF7B7 
 111      D72CE39C 
 112 02b5 C379C864 		.ascii	"\303y\310d$\371r\373\0275V\224\300\005\220E\346\014"
 112      24F972FB 
 112      17355694 
 112      C0059045 
 112      E60C
 113 02c7 2E828C8A 		.ascii	".\202\214\212\253;\352\376\2243\367D\321f\262\355\177"
 113      AB3BEAFE 
 113      9433F744 
 113      D166B2ED 
 113      7F
 114 02d8 DCDD9926 		.ascii	"\334\335\231&\320\227\010\015\335 '\033\242\300\344"
 114      D097080D 
 114      DD20271B 
 114      A2C0E4
 115 02e7 5DAB7E59 		.ascii	"]\253~Y\367\207\"\221\314\324C\320\363\277\206\340\362"
 115      F7872291 
 115      CCD443D0 
 115      F3BF86E0 
 115      F2
 116 02f8 8B210876 		.ascii	"\213!\010v\\{\003\341\027\037x\3474i\277\321\217\351"
 116      5C7B03E1 
 116      171F78E7 
 116      3469BFD1 
 116      8FE9
 117 030a 6FFA062D 		.ascii	"o\372\006-\013\2704\270\222\214+\256\220\301\232> r"
 117      0BB834B8 
 117      928C2BAE 
 117      90C19A3E 
 117      2072
 118 031c 0A2FDA24 		.ascii	"\012/\332$5\241\324p\225T\327D\271\257c\271\257\032"
 118      35A1D470 
 118      9554D744 
 118      B9AF63B9 
 118      AF1A
 119 032e A18C4079 		.ascii	"\241\214@y\373\344\364y\205d\263\334J\365\037\2731`"
 119      FBE4F479 
 119      8564B3DC 
 119      4AF51FBB 
ARM GAS  C:\Users\NICOLA~1\AppData\Local\Temp\cc5p2jRb.s 			page 9


 119      3160
 120 0340 A2A1B208 		.ascii	"\242\241\262\010'ms\337>YT\013_yu\035\267Q\233\305x"
 120      276D73DF 
 120      3E59540B 
 120      5F79751D 
 120      B7519BC5 
 121 0355 7A45BDFB 		.ascii	"zE\275\373\240V\300\003\365\257\0218\026\251%AZ\321"
 121      A056C003 
 121      F5AF1138 
 121      16A92541 
 121      5AD1
 122 0367 1BDC2024 		.ascii	"\033\334 $\252\276\236\336;\274xY\023E\256R\206\375"
 122      AABE9EDE 
 122      3BBC7859 
 122      1345AE52 
 122      86FD
 123 0379 C8F5943A 		.ascii	"\310\365\224:D\361\301\000,\303P\004\367\361\231\247"
 123      44F1C100 
 123      2CC35004 
 123      F7F199A7 
 124 0389 52943D65 		.ascii	"R\224=e \203\010\216]\255\227\35341\342{j\017\370\364"
 124      2083088E 
 124      5DAD97EB 
 124      3431E27B 
 124      6A0FF8F4 
 125 039d 063C4656 		.ascii	"\006<FVd\246^\247\233b\235^\304\2177 \014\245^\247\206"
 125      64A65EA7 
 125      9B629D5E 
 125      C48F3720 
 125      0CA55EA7 
 126 03b2 87F39BA0 		.ascii	"\207\363\233\240-\230\347[T\340\204\365\350\233\301"
 126      2D98E75B 
 126      54E084F5 
 126      E89BC1
 127 03c1 F5B84DF6 		.ascii	"\365\270M\366\246\304\365\350y\244\221s\006w\222\257"
 127      A6C4F5E8 
 127      79A49173 
 127      067792AF 
 128 03d1 C75DD1AF 		.ascii	"\307]\321\257\341\230\365hx\022\352T\347'\177H\024`"
 128      E198F568 
 128      7812EA54 
 128      E7277F48 
 128      1460
 129 03e3 444C7EE2 		.ascii	"DL~\342\230\337\3031\247W\274,^\361\324\347\216s\265"
 129      98DFC331 
 129      A757BC2C 
 129      5EF1D4E7 
 129      8E73B5
 130 03f6 01A0FD9F 		.ascii	"\001\240\375\237\345i\261\351J\211\355\012\026\206\371"
 130      E569B1E9 
 130      4A89ED0A 
 130      1686F9
 131 0405 222AF04F 		.ascii	"\"*\360O\013\373\265\232.\273\237E\277\350\376\202\373"
 131      0BFBB59A 
 131      2EBB9F45 
 131      BFE8FE82 
 131      FB
ARM GAS  C:\Users\NICOLA~1\AppData\Local\Temp\cc5p2jRb.s 			page 10


 132 0416 B00C3BE5 		.ascii	"\260\014;\345\253\256\370\300`6c+\220\037\273!\256\007"
 132      ABAEF8C0 
 132      6036632B 
 132      901FBB21 
 132      AE07
 133 0428 BAAE5048 		.ascii	"\272\256PH&\201\212\333\265V\303\3102\313\351\207\300"
 133      26818ADB 
 133      B556C3C8 
 133      32CBE987 
 133      C0
 134 0439 73DFCD76 		.ascii	"s\337\315v\361\376R\214_\0100\212\376\346\201-\004\264"
 134      F1FE528C 
 134      5F08308A 
 134      FEE6812D 
 134      04B4
 135 044b 88141486 		.ascii	"\210\024\024\206?*$\321_C\314\215f\033\344\300n\201"
 135      3F2A24D1 
 135      5F43CC8D 
 135      661BE4C0 
 135      6E81
 136 045d 7FD877AA 		.ascii	"\177\330w\252\362M\203\234\307\346\246`\210!\243\321"
 136      F24D839C 
 136      C7E6A660 
 136      8821A3D1 
 137 046d E38081C9 		.ascii	"\343\200\201\311\024\235Y\336\335\365\3268\360Y\256"
 137      149D59DE 
 137      DDF5D638 
 137      F059AE
 138 047c D0A3453E 		.ascii	"\320\243E>\332\225\201nT\272@\357\2037\330\36111\021"
 138      DA95816E 
 138      54BA40EF 
 138      8337D8F1 
 138      313111
 139 048f 660CD9FD 		.ascii	"f\014\331\375\032\0265/?\337\206\177\366\222\322\342"
 139      1A16352F 
 139      3FDF867F 
 139      F692D2E2 
 140 049f 52A7A7E0 		.ascii	"R\247\247\340\275\002\233\323cso\264y\334v\024\2269"
 140      BD029BD3 
 140      63736FB4 
 140      79DC7614 
 140      9639
 141 04b1 CA5C4EE7 		.ascii	"\312\\N\347zO\276\235\3612\027\270`\203\354,\376\314"
 141      7A4FBE9D 
 141      F13217B8 
 141      6083EC2C 
 141      FECC
 142 04c3 B53405A8 		.ascii	"\2654\005\250t\203}\375\246u\216X`\011S6\257]\277\311"
 142      74837DFD 
 142      A6758E58 
 142      60095336 
 142      AF5DBFC9 
 143 04d7 519002E2 		.ascii	"Q\220\002\342r\2727zl\037\256)\\U\270\005\265v\247\333"
 143      72BA377A 
 143      6C1FAE29 
 143      5C55B805 
 143      B576A7DB 
ARM GAS  C:\Users\NICOLA~1\AppData\Local\Temp\cc5p2jRb.s 			page 11


 144 04eb F1E9E6F7 		.ascii	"\361\351\346\367\313\020\367n2\204c\313F\333\252\302"
 144      CB10F76E 
 144      328463CB 
 144      46DBAAC2 
 145 04fb A2D5452F 		.ascii	"\242\325E/}\021\302^\366\321\246\015v\004\345\376gd"
 145      7D11C25E 
 145      F6D1A60D 
 145      7604E5FE 
 145      6764
 146 050d 9EAD1454 		.ascii	"\236\255\024Tza\321\232\254\342\265\036\207\313]\272"
 146      7A61D19A 
 146      ACE2B51E 
 146      87CB5DBA 
 147 051d 342B6739 		.ascii	"4+g9\343n\246a\320N\367V&\271J\\\377\000\355\251\\*"
 147      E36EA661 
 147      D04EF756 
 147      26B94A5C 
 147      FF00EDA9 
 148              		.text
 149              		.section	.gnu.lto_chPoolAllocI.cfe42ae9,"",%progbits
 150 0000 789C7592 		.ascii	"x\234u\222\337K\024Q\024\307\317\367\336\231\331]w\245"
 150      DF4B1451 
 150      14C7CFF7 
 150      DE99D95D 
 150      77A5
 151 0012 257A92A0 		.ascii	"%z\222\240@d\003q\027\203z3z\354\241?\"\224@#[q{\367"
 151      40640371 
 151      17837A33 
 151      7AECA13F 
 151      22944023 
 152 002a EEBA3DF8 		.ascii	"\356\272=\370\022a=\004\266\230X\224Y\232\232\226\006"
 152      12613D04 
 152      B6985894 
 152      599A9A96 
 152      06
 153 003b B9488994 		.ascii	"\271H\211\224\375\360\241B\221RQ)(p\323\320\201d;\367"
 153      FDF0A142 
 153      91525129 
 153      2870D3D0 
 153      81643BF7 
 154 004f 8EE6CF86 		.ascii	"\216\346\317\206\335\271s\317\334\363\375~\3169#i\357"
 154      DDB973CF 
 154      DCF3FD7E 
 154      CE392369 
 154      EF
 155 0060 7596FF69 		.ascii	"u\226\377iIt\234W\370\010\342\332;\242\244_\010\231"
 155      49749C57 
 155      F808E2DA 
 155      3BA2A45F 
 155      0899
 156 0072 A9205560 		.ascii	"\251 U`-\207I\205$\034/l\011\273E\207\235\337:lo\206"
 156      2D874985 
 156      241C2F6C 
 156      09BB4587 
 156      9DDF3A6C 
 157 0088 1D403F10 		.ascii	"\035@?\020\250AH\313v\320\200\357\"'0\330\265\3626\370"
 157      A84148CB 
ARM GAS  C:\Users\NICOLA~1\AppData\Local\Temp\cc5p2jRb.s 			page 12


 157      76D080EF 
 157      222730D8 
 157      B5F236F8 
 158 009c 4DB8828E 		.ascii	"M\270\202\216\022o\207\232\307n:z\013Ko\233G\207\226"
 158      126F879A 
 158      C76E3A7A 
 158      0B4B6F9B 
 158      478796
 159 00af ECC85DA5 		.ascii	"\354\310]\245RK\251\341\351\320\2253\256\020\264,\010"
 159      524BA9E1 
 159      E9D09533 
 159      AE10B42C 
 159      08
 160 00c0 F75084FB 		.ascii	"\367P\204\373(\322\202\035\210\360\311\344DScH\226B"
 160      28D2821D 
 160      88F0C9E4 
 160      44536348 
 160      9642
 161 00d2 67CDDE19 		.ascii	"g\315\336\031\271\215\222v\316\312\276\351U\247-WH<"
 161      B98D9276 
 161      CECABEE9 
 161      55A72D57 
 161      483C
 162 00e4 80DC9EC7 		.ascii	"\200\334\236\307!B'J\364\361\253m\037f|2jR\327\246\306"
 162      2142274A 
 162      F4F1AB6D 
 162      1F667C32 
 162      6A52D7A6 
 163 00f9 5F38C56D 		.ascii	"_8\305m\234:\343\266\217\206\324\230J\317\344\363G\330"
 163      9C3AE3B6 
 163      8F86D498 
 163      4ACFE4F3 
 163      47D8
 164 010b 160F772A 		.ascii	"\026\017w*x\027\247\344\322\353\237\203NZ)\025\306#"
 164      7817A7E4 
 164      D2EB9F83 
 164      4E5A2915 
 164      C623
 165 011d 14AF0BD2 		.ascii	"\024\257\013\322\204\014\326\005\007\274\350`\367\301"
 165      840CD605 
 165      07BCE860 
 165      F7C1
 166 012b ACCAE7FB 		.ascii	"\254\312\347\373\376\344\232\"\035\"\004\3221\013\032"
 166      FEE49A22 
 166      1D2204D2 
 166      310B1A
 167 013a C036CF0E 		.ascii	"\3006\317\016\003Y~\276\331\001\2769A\023$\232g\035"
 167      03597EBE 
 167      D901BE39 
 167      4113249A 
 167      671D
 168 014c DDB505AE 		.ascii	"\335\265\005\256\232W9\205\324@O>)\265\364\252\260\331"
 168      9A573985 
 168      D4404F3E 
 168      29B5F4AA 
 168      B0D9
 169 015e FCEBFCFB 		.ascii	"\374\353\374\373\011\277\356\2274,\375k\255?\0133hI"
ARM GAS  C:\Users\NICOLA~1\AppData\Local\Temp\cc5p2jRb.s 			page 13


 169      09BFEE97 
 169      342CFD6B 
 169      AD3F0B33 
 169      6849
 170 0170 2A953DEC 		.ascii	"*\225=\354\012\337\252\260\320\255a\371\335\255\225"
 170      0ADFAAB0 
 170      D0AD61F9 
 170      DDAD95
 171 017f EB9307CA 		.ascii	"\353\223\007\312J\331\010\217\221\301/\315H\350A\031"
 171      4AD9088F 
 171      91C12FCD 
 171      48E84119 
 172 018f 7D424A95 		.ascii	"}BJ\225\033\\ve]\372\210\364dc\373\015g\303\007\021"
 172      1B5C7665 
 172      5DFA88F4 
 172      6463FB0D 
 172      67C30711 
 173 01a3 AFDC0576 		.ascii	"\257\334\005v\311T\030\212\334\3139\237\367\326\331"
 173      C954188A 
 173      DCCB399F 
 173      F7D6D9
 174 01b2 4E61EDA0 		.ascii	"Na\355\240\200+\374:\275w/A\237!\200&x\302\004,\331"
 174      802BFC3A 
 174      BD772F41 
 174      9F218026 
 174      78C2042C 
 175 01c7 3C7B480B 		.ascii	"<{H\013\356*\302\367\377\"\372\267\212\030@\031\203"
 175      EE2AC2F7 
 175      FF22FAB7 
 175      8A184019 
 175      83
 176 01d8 18428B96 		.ascii	"\030B\213\226\303\036\341\253\271\215>\371w\"\355\257"
 176      C31EE1AB 
 176      B98D3EF9 
 176      7722EDAF 
 177 01e8 17C053A3 		.ascii	"\027\300S\243g&\367\214\221L\017.m)\374\2531\300\007"
 177      6726F78C 
 177      914C0F2E 
 177      6D29FCAB 
 177      31C007
 178 01fb 06B1D911 		.ascii	"\006\261\331\021\233Z\013\275\271\214\216l\370\005v"
 178      9B5A0BBD 
 178      B98C8E6C 
 178      F80576
 179 020a D5706A5F 		.ascii	"\325pj_\317N\345\315\250\000C\306Xj\343\347l<\215\264"
 179      CF4EE5CD 
 179      A80043C6 
 179      586AE3E7 
 179      6C3C8DB4 
 180 021e 3AE12905 		.ascii	":\341)\005\331\232X\320\025A\036\222\330\032Q\320x;"
 180      D99A58D0 
 180      15411E92 
 180      D81A51D0 
 180      783B
 181 0230 E6A3E0E9 		.ascii	"\346\243\340\351\205\311\013\203\276 \231\355y\015/"
 181      85C90B83 
 181      BE2099ED 
ARM GAS  C:\Users\NICOLA~1\AppData\Local\Temp\cc5p2jRb.s 			page 14


 181      790D2F
 182 023f 9DDBBB08 		.ascii	"\235\333\273\010\360\004\344\217\341s\274X\254\025\264"
 182      F004E48F 
 182      E173BC58 
 182      AC15B4
 183 024e C727AAF9 		.ascii	"\307'\252\371\303\202\316\345b\217E\2431\376UU\327T"
 183      C382CEE5 
 183      628F45A3 
 183      31FE5555 
 183      D754
 184 0260 D6C413E5 		.ascii	"\326\304\023\345'\313c\361D\254\376r,Q_\305\301\332"
 184      27CB63F1 
 184      44ACFE72 
 184      2C515FC5 
 184      C1DA
 185 0272 F3B575F1 		.ascii	"\363\265u\361\370\305D\264\212Dm\235\025\257\274P\367"
 185      F8C544B4 
 185      8A446D9D 
 185      15AFBC50 
 185      F7
 186 0283 172FAB45 		.ascii	"\027/\253E)"
 186      29
 187              		.text
 188              		.section	.gnu.lto_chPoolAlloc.cfe42ae9,"",%progbits
 189 0000 789C9554 		.ascii	"x\234\225T\355O\223W\024\277\347\336\347\245-\3055\313"
 189      ED4F9357 
 189      14BFE7DE 
 189      E7A52DC5 
 189      35CB
 190 0012 B20F7EA1 		.ascii	"\262\017~\241\011!,q\264#{\361\023{\211\311\262%\343"
 190      09212C71 
 190      B4237BF1 
 190      137B89C9 
 190      B225E3
 191 0025 8BFC019B 		.ascii	"\213\374\001\233tM`\241\264i\301\350'\237\226\032\343"
 191      744D60A1 
 191      B469C1E8 
 191      279F961A 
 191      E3
 192 0036 962D045D 		.ascii	"\226-\004]\206s\035\020$\3231At\352\3546\355\030v\214"
 192      86731D10 
 192      24D33141 
 192      74EAEC36 
 192      ED18768C 
 193 004a 1705A72E 		.ascii	"\027\005\247.(\321\312\324l\031&`e\322,[w\316m\013\264"
 193      28D1CAD4 
 193      6C192660 
 193      65D22C5B 
 193      77CE6D0B 
 194 005f 40C29AF6 		.ascii	"@\302\232\366y\372\234s\317\371\375\316\357\336\347"
 194      79FA9C73 
 194      CFF9FDCE 
 194      EFDEE7
 195 006e 27D8EACF 		.ascii	"'\330\352\317[\370;\2521\366\033\336Ag\300[/1\0264q"
 195      5BF83BAA 
 195      31F61BDE 
 195      4167C05B 
ARM GAS  C:\Users\NICOLA~1\AppData\Local\Temp\cc5p2jRb.s 			page 15


 195      2F311634 
 196 0083 2E2255CC 		.ascii	".\"U\314\260(I\0333\254\002\264LX\341\352a\012k\013"
 196      B028491B 
 196      33AC02B4 
 196      4C58E1EA 
 196      610A6B0B 
 197 0097 14567361 		.ascii	"\024Vsa\015\200\3760`{\270PT\015\366\300\037|\236\303"
 197      0D80FE30 
 197      607BB850 
 197      540DF6C0 
 197      1F7C9EC3 
 198 00ab B9BE47E3 		.ascii	"\271\276G\343E\277\363\024gv\206\217\321\266\341v\215"
 198      45BFF314 
 198      6776868F 
 198      D1B6E176 
 198      8D
 199 00bc 1E41A1C7 		.ascii	"\036A\241\307\266xtN-\3571\214\320\334\225k\323\326"
 199      B678744E 
 199      2DEF318C 
 199      D0DC956B 
 199      D3D6
 200 00ce BD6FA438 		.ascii	"\275o\2448gI\316\340\013\330\014Ga35<\006\345\27028"
 200      6749CEE0 
 200      0BD80C47 
 200      6133353C 
 200      06E5B832 
 201 00e3 B9BFC52A 		.ascii	"\271\277\305*\266\000U\33592\330\011e\335X\025\0339"
 201      B60055DD 
 201      3932D809 
 201      65DD5815 
 201      1B39
 202 00f5 69BCAAA4 		.ascii	"i\274\252\244\270\200/A\254\254\303\020\203^(\243\345"
 202      B8802F41 
 202      ACACC310 
 202      835E28A3 
 202      E5
 203 0106 1F754D24 		.ascii	"\037uM$t\341\220\245\2137\306\316k\245]X\232\350\353"
 203      74E190A5 
 203      8B37C6CE 
 203      6BA55D58 
 203      9AE8EB
 204 0119 895B8D61 		.ascii	"\211[\215a#\234H\247K\020\026\276\312\357\220\371`\311"
 204      239C48A7 
 204      4B1016BE 
 204      CAEF90F9 
 204      60C9
 205 012b 7CF89F5F 		.ascii	"|\370\237_\213\264\260a\03068\016\245D\017Y\365\201"
 205      8BB4B061 
 205      1836380E 
 205      A5440F59 
 205      F581
 206 013d 0678A348 		.ascii	"\006x\243H\377\2231#\235N^\237\331\277\265\227o\302"
 206      FF933123 
 206      9D4E5E9F 
 206      D9BFB597 
 206      6FC2
 207 014f 16181340 		.ascii	"\026\030\023@\350\032\362Pt\274\250&\274hf\231\262\310"
ARM GAS  C:\Users\NICOLA~1\AppData\Local\Temp\cc5p2jRb.s 			page 16


 207      E81AF250 
 207      74BCA826 
 207      BC686699 
 207      B2C8
 208 0161 2B6377B1 		.ascii	"+cw\261\017Iv\017G\306\273\270\016!\033\341%{\215\203"
 208      0F49760F 
 208      47C6BBB8 
 208      0E211BE1 
 208      257B8D83 
 209 0175 423C2FE9 		.ascii	"B</\351\376y\265\253\307\"\351\316\245N|\376\364!\243"
 209      FE79B5AB 
 209      C722E9CE 
 209      A54E7CFE 
 209      F421A3
 210 0188 33D48A58 		.ascii	"3\324\212X\257@\212\353\320\277\026a8\001\245$\321\207"
 210      AF408AEB 
 210      D0BF1661 
 210      3801A524 
 210      D187
 211 019a 0BA78074 		.ascii	"\013\247\200t\326\355\014\0060{\023B3g\367\335o\327"
 211      D6ED0C06 
 211      307B1342 
 211      3367F7DD 
 211      6FD7
 212 01ac F2264A84 		.ascii	"\362&J\204\373@\316\222\344\220?k\242\365\203[*\203"
 212      FB40CE92 
 212      E4903F6B 
 212      A2F5835B 
 212      2A83
 213 01be 9394E205 		.ascii	"\223\224\342\005\251\207]U\004\303\340\024eE\201H\014"
 213      A9875D55 
 213      04C3E014 
 213      65458148 
 213      0C
 214 01cf BE063C4D 		.ascii	"\276\006<Mp\232\024\0026\014\230\276=\273x@\224LA\304"
 214      709A1402 
 214      360C98BE 
 214      3DBB7840 
 214      944C41C4 
 215 01e3 68B7A7B8 		.ascii	"h\267\247\270\211*>\276\371w\320\242\240\006p\006J\244"
 215      892A3EBE 
 215      F977D0A2 
 215      A0067006 
 215      4AA4
 216 01f5 D09FEEFD 		.ascii	"\320\237\356\375\344\220\025#p\026\024\311\231\3017"
 216      E4901523 
 216      701614C9 
 216      99C137
 217 0204 A0606264 		.ascii	"\240`bd_\347_J\311t\266\332Lk'f\343Q\263\254>G\325\020"
 217      5FE75F4A 
 217      C974B6DA 
 217      4C6B2766 
 217      E351B3AC 
 218 021c C5F39413 		.ascii	"\305\363\224\023\360\330DjT\317\210F\207jy\217W\235"
 218      F0D8446A 
 218      54CF8846 
 218      876A798F 
ARM GAS  C:\Users\NICOLA~1\AppData\Local\Temp\cc5p2jRb.s 			page 17


 218      579D
 219 022e 92AC64DF 		.ascii	"\222\254d\337B\351c\034\343\006\204\316\014\244\203"
 219      42E9631C 
 219      E30684CE 
 219      0CA483
 220 023d 22FF98A4 		.ascii	"\"\377\230\244\272\377\3571\211%\337\267R\317\254\260"
 220      BAFFEF31 
 220      8925DFB7 
 220      52CFACB0 
 221 024d 4AE121FA 		.ascii	"J\341!\372\216R\337K\215\316\203\366\230\323kr\373\356"
 221      8E52DF4B 
 221      8DCE83F6 
 221      98D36B72 
 221      FBEE
 222 025f E54913ED 		.ascii	"\345I\023\355\227\220\315N/v<(\216\300\341\240a\230"
 222      9790CD4E 
 222      2F763C28 
 222      8EC0E1A0 
 222      6198
 223 0271 52DC82EC 		.ascii	"R\334\202\354\340\002\201a\352\263G\007\246\236\250"
 223      E0028161 
 223      EAB34707 
 223      A69EA8
 224 0280 E8A57DF8 		.ascii	"\350\245}\370\267E\307\363\0051\210\300C\222\202z\302"
 224      B745C7F3 
 224      053188C0 
 224      4392827A 
 224      C2
 225 0291 0F50414A 		.ascii	"\017PAJ\030\225\324\234\260\020\200]\203\360TK\367A"
 225      1895D49C 
 225      B010805D 
 225      83F0544B 
 225      F741
 226 02a3 2D0B08E5 		.ascii	"-\013\010\345\031\342\367\020.R%h\360\371\241\031=\223"
 226      19E2F710 
 226      2E522568 
 226      F0F9A119 
 226      3D93
 227 02b5 D556D251 		.ascii	"\325V\322Q\326\240SD\035\006\363\350l!\036?J\036\220"
 227      D6A05344 
 227      1D06F3E8 
 227      6C211E3F 
 227      4A1E90
 228 02c8 E531843C 		.ascii	"\3451\204<\260q\333\235\247\250\355Fg\212\311\211.\346"
 228      B071DB9D 
 228      A7A8ED46 
 228      678AC989 
 228      2EE6
 229 02da 4D14870A 		.ascii	"M\024\207\012d%\351*,i\313\320\2758#2t\365\215\264F"
 229      6425E92A 
 229      2C69CBD0 
 229      BD382332 
 229      74F58DB4 
 230 02ef 7E56F849 		.ascii	"~V\370Iv\345\331\256\303\310O\312\322\270\334gil+b\377"
 230      76E5D9AE 
 230      C3C84FCA 
 230      D2B8DC67 
ARM GAS  C:\Users\NICOLA~1\AppData\Local\Temp\cc5p2jRb.s 			page 18


 230      696C2B62 
 231 0304 0C399154 		.ascii	"\0149\221T\326Q,Q\007\342\203YT\323\006Q\213aD\242\212"
 231      D6512C51 
 231      07E28359 
 231      54D30651 
 231      8B6144A2 
 232 0319 2CEA28A2 		.ascii	",\352(\242NC\330x1\323\306\214\270\014\273\245\370&"
 232      4E43D878 
 232      31D3C68C 
 232      B80CBBA5 
 232      F826
 233 032b DC34BEBC 		.ascii	"\3344\276\274ef\011\254-\033C&l\241\255\225\347\213"
 233      656609AC 
 233      2D1B4326 
 233      6CA1AD95 
 233      E78B
 234 033d FC47DA48 		.ascii	"\374G\332H\356\324\257\264\212\326\216\015Y\305\230"
 234      EED4AFB4 
 234      8AD68E0D 
 234      59C598
 235 034c B48AA5A1 		.ascii	"\264\212\245\241u\014\215\257o\025CKV\241\256z\343/"
 235      750C8DAF 
 235      6F15434B 
 235      56A1AE7A 
 235      E32F
 236 035e D1692EF0 		.ascii	"\321i.\360\217\321\005\364\217\313\264^+\364\217\343"
 236      8FD105F4 
 236      8FCBB45E 
 236      2BF48FE3 
 237 036e 2F133683 		.ascii	"/\0236\203\211\265\375cR\276\033WV\370\307\221\007\211"
 237      89B5FD63 
 237      52BE1B57 
 237      56F8C791 
 237      0789
 238 0380 A896B386 		.ascii	"\250\226\263\206qi\015\277Hk(\364\201\253\350\003\267"
 238      71690DBF 
 238      486B28F4 
 238      81ABE803 
 238      B7
 239 0391 209808F7 		.ascii	" \230\010\367\003q%\305\330}\300\275\341b\366\302;x"
 239      037125C5 
 239      D87DC0BD 
 239      E162F6C2 
 239      3B78
 240 03a3 53506EB3 		.ascii	"SPn\263:6Y\207\376\013$/\326>\343p8\361\353\252\253"
 240      3A365987 
 240      FE0B242F 
 240      D63EE370 
 240      38F1EBAA 
 241 03b8 AFADF706 		.ascii	"\257\255\367\006*_\252tz\003N\177\2233\340wa\320\343"
 241      2A5FAA74 
 241      7A034E7F 
 241      9333E077 
 241      61D0E3
 242 03cb F6F8BCDE 		.ascii	"\366\370\274\336\206\200\303\305\270\307\247xk\337\363"
 242      8680C3C5 
 242      B8C7A778 
ARM GAS  C:\Users\NICOLA~1\AppData\Local\Temp\cc5p2jRb.s 			page 19


 242      6BDFF3
 243 03da A93B7734 		.ascii	"\251;w44\273+\327)\363y\375M\001\347k\333\253\267U\357"
 243      34BB2BD7 
 243      29F379FD 
 243      4D01E76B 
 243      DBABB755 
 244 03ef C2ACCBEB 		.ascii	"\302\254\313\353w\277\275s\253\307Q\307^X\253\302\275"
 244      77BFBD73 
 244      ABC751C7 
 244      5E58ABC2 
 244      BD
 245 0400 ABC9B9AD 		.ascii	"\253\311\271\255\272\346\315\032g}\243\253\241\371]"
 245      BAE6CD1A 
 245      677DA3AB 
 245      A1F95D
 246 040f B75356B8 		.ascii	"\267SV\270<\25777\272\260\250|\035\230\245\325u\201"
 246      3CAF3737 
 246      BAB0A87C 
 246      1D98A5D5 
 246      7581
 247 0421 DD015C67 		.ascii	"\335\001\\g\253\256\331n\257\335\021p\373\374\365\317"
 247      ABAED96E 
 247      AFDD1170 
 247      FBFCF5CF 
 248 0431 DACB9E63 		.ascii	"\332\313\236c\334\317t$\357\365\357f\377\001\2425\230"
 248      DCCF7424 
 248      EFF5EF66 
 248      FF01A235 
 248      98
 249 0442 B3       		.ascii	"\263"
 250              		.text
 251              		.section	.gnu.lto_chPoolFreeI.cfe42ae9,"",%progbits
 252 0000 789C7591 		.ascii	"x\234u\221\337K\024Q\024\307\357\367\334\231Ya\215\""
 252      DF4B1451 
 252      14C7EFF7 
 252      DC995961 
 252      8D22
 253 0012 82645F0A 		.ascii	"\202d_\012d1\220\335A\002\237{\357\277p\0214Zfp{\367"
 253      643190DD 
 253      41029F7B 
 253      EFBF7011 
 253      345A6670 
 254 0028 CEB63DF4 		.ascii	"\316\266=\364\220\310\366\"\224\326R\222\246\255\271"
 254      90C8F622 
 254      94D65292 
 254      A6ADB9
 255 0037 A5654F83 		.ascii	"\245eO\203\364`H\226\005I\031\265\305\012\372 \270\272"
 255      F4604896 
 255      054919B5 
 255      C50AFA20 
 255      B8BA
 256 0049 A1F320DB 		.ascii	"\241\363 \333\271\263E\376\240\313\035\316=\207\363"
 256      B9B345FE 
 256      A0CB1DCE 
 256      3D87F3
 257 0058 FDDCEFB9 		.ascii	"\375\334\357\271#\305\361\025\343\257\233\204\350\344"
 257      23C5F115 
ARM GAS  C:\Users\NICOLA~1\AppData\Local\Temp\cc5p2jRb.s 			page 20


 257      E3AF9B84 
 257      E8E4
 258 0066 08294083 		.ascii	"\010)@\203KBxM\004\350\203\200\350'\364c\203\252\204"
 258      4B42784D 
 258      04E88380 
 258      E827F463 
 258      83AA84
 259 0079 417F6228 		.ascii	"A\177b(\3326\252\224\332*\255\266\334h\011X\266C\015"
 259      DA36AA94 
 259      DA2AADB6 
 259      DC680958 
 259      B6430D
 260 008c 0C1EA18D 		.ascii	"\014\036\241\215[\274\345\233\327\233e;\004\237\347"
 260      5BBCE59B 
 260      D79B653B 
 260      049FE7
 261 009b 8AB5B7D1 		.ascii	"\212\265\267\321u\012\010\347u\372*\2770d\351\224\014"
 261      750A08E7 
 261      75FA2ABF 
 261      3064E994 
 261      0C
 262 00ac 9DFE7838 		.ascii	"\235\376x8\177\037\361\007Je\3757%u\311\010Hb\014\222"
 262      7F1FF107 
 262      4A65FD37 
 262      2575C908 
 262      48620C92 
 263 00c0 7918470C 		.ascii	"y\030G\014\217\021\023\\\022\230@\234\273\007\012\357"
 263      8F11135C 
 263      1298409C 
 263      BB070AEF 
 264 00d0 CB11990C 		.ascii	"\313\021\231\014\271\037\007\266&\255\206r\265\2414"
 264      B91F07B6 
 264      26AD8672 
 264      B5A134
 265 00df 30795469 		.ascii	"0yTi\010<A\\\267\277\376\351\355E\344\305PZ\033Y\372"
 265      083C415C 
 265      B7BFFEE9 
 265      ED45E4C5 
 265      505A1B59 
 266 00f4 106D2DB0 		.ascii	"\020m-\260\264\374um\261Y-\250\\\271^?\027\220\211\342"
 266      B4FC756D 
 266      B1592DA8 
 266      5CB95E3F 
 266      179089E2 
 267 0108 614263B1 		.ascii	"aBc\261\244\232\333_\211Z9\036\372\024\246\320\272\377"
 267      A49ADB5F 
 267      895A391E 
 267      FA14A6D0 
 267      BAFF
 268 011a 77663C85 		.ascii	"wf<\205\005\216S\247}U\257\357l\346o\331E\212\000\372"
 268      058E53A7 
 268      7D55AFEF 
 268      6CE66FD9 
 268      458A00FA 
 269 012e 5A096DDB 		.ascii	"Z\011m\333`\033\246\020\025\356\326O\271F\244\243\374"
 269      601BA610 
 269      15EED64F 
ARM GAS  C:\Users\NICOLA~1\AppData\Local\Temp\cc5p2jRb.s 			page 21


 269      B946A4A3 
 269      FC
 270 013f 84AC3FB7 		.ascii	"\204\254?\267x6\3243p\227 \276 ;[\255\315\233\272\266"
 270      7836D433 
 270      709720BE 
 270      203B5BAD 
 270      CD9BBAB6 
 271 0153 4B06DFFA 		.ascii	"K\006\337\372\275\362n\271I?\226\014M\314\354\335\333"
 271      BDF26EB9 
 271      493F960C 
 271      4DCCECDD 
 271      DB
 272 0164 3C318C3B 		.ascii	"<1\214;\010\210\033$\246\265C\256\337\255\335\376|2"
 272      08881B24 
 272      A6B543AE 
 272      DFADDDFE 
 272      7C32
 273 0176 D1AEFD97 		.ascii	"\321\256\375\2270\214\355\360g\340\031\022\032\231/"
 273      308CEDF0 
 273      67E01912 
 273      1A992F
 274 0185 9CD1C083 		.ascii	"\234\321\300\2034\363\020\315S\312\267\002\212\260\005"
 274      34F310CD 
 274      53CAB702 
 274      8AB005
 275 0194 3C3F4E9C 		.ascii	"<?N\234\011\211zF\314\"\301\276B\350\364\257m\371\007"
 275      09897A46 
 275      CC22C1BE 
 275      42E8F4AF 
 275      6DF907
 276 01a7 7B9063FE 		.ascii	"{\220c\376\337\331\213\177\316^j\016\3047x\376\312e"
 276      DFD98B7F 
 276      CE5E6A0E 
 276      C43778FE 
 276      CA65
 277 01b9 4DD1D50A 		.ascii	"M\321\325\012W\370a\270\343B2i\363N\365\364v\365:\231"
 277      57F861B8 
 277      E3423269 
 277      F34EF5F4 
 277      76F53A99 
 278 01cd 8ECE0EDB 		.ascii	"\216\316\016\333\311\330}\327\354L_\212\213\351\356"
 278      C9D87DD7 
 278      EC4C5F8A 
 278      8BE9EE
 279 01dc B4EB3857 		.ascii	"\264\3538W3\311\224\240\264k8]W\\\351\366\270\277\001"
 279      33C994A0 
 279      B46B385D 
 279      575CE9F6 
 279      B8BF01
 280 01ef E3F9E663 		.ascii	"\343\371\346c"
 281              		.text
 282              		.section	.gnu.lto_chPoolFree.cfe42ae9,"",%progbits
 283 0000 789C8D54 		.ascii	"x\234\215T\353O\233U\034>\317y/\345f$\313\242\013_h"
 283      EB4F9B55 
 283      1C3ECF79 
 283      2FE56624 
 283      CBA20B5F 
ARM GAS  C:\Users\NICOLA~1\AppData\Local\Temp\cc5p2jRb.s 			page 22


 284 0015 42082693 		.ascii	"B\010&\223V\242\231\237\274e\211\211\037\3702\376\000"
 284      56A2999F 
 284      BC658989 
 284      1FF832FE 
 284      00
 285 0026 336A1330 		.ascii	"3j\0230tmZX\266}\331\333\3122\215qi\230FP\331h\306\242"
 285      746D5A58 
 285      B67DD9DB 
 285      CA328D71 
 285      69984650 
 286 003e 93DDAF82 		.ascii	"\223\335\257\202\312:d\263r\033\250q\016\026VY\275E"
 286      CA3A64B3 
 286      721BA871 
 286      0E165659 
 286      BD45
 287 0050 96502E8E 		.ascii	"\226P.\216\306\030\374\375N\313\244\245D\2336\347}\317"
 287      C618FCFD 
 287      4ECBA4A5 
 287      449B36E7 
 287      7DCF
 288 0062 EFF73CE7 		.ascii	"\357\367<\3479\3179O5\261\376SF\277}\206\020\277\322"
 288      39CF394F 
 288      35B1FE53 
 288      46BF7D86 
 288      10BFD2
 289 0075 084D4086 		.ascii	"\010M@\206\307\204\010\026H\200\037\004\304~\211\375"
 289      C7840816 
 289      48801F04 
 289      C47E89FD 
 290 0085 F85D2625 		.ascii	"\370]&%\302\321\236\366\342\252\343\226e\315\265%\267"
 290      C2D19EF6 
 290      E2AAE396 
 290      65CDB525 
 290      B7
 291 0096 1CD89292 		.ascii	"\034\330\222\222B,\3104\015>F\025\265\004'\336z\243"
 291      422CC834 
 291      0D3E4615 
 291      B50427DE 
 291      7AA3
 292 00a8 44DB0A41 		.ascii	"D\333\012A\317\275\247\027G\213\177\223)\011;\277\366"
 292      CFBDA717 
 292      478B7F93 
 292      29093BBF 
 292      F6
 293 00b9 B5C5DA4D 		.ascii	"\265\305\332M~\225:\277\376\324=\320\205\312c\226\025"
 293      7E953ABF 
 293      FED43DD0 
 293      85CA6396 
 293      15
 294 00ca 8AC6CE5B 		.ascii	"\212\306\316[/\352)\251\341\023h\304\207\023(\303\247"
 294      2FEA29A9 
 294      E11368C4 
 294      871328C3 
 294      A7
 295 00db 28133425 		.ascii	"(\0234%\320\203J\352>\024\031\217\3334\207\342\375\356"
 295      D0834AEA 
 295      3E14198F 
ARM GAS  C:\Users\NICOLA~1\AppData\Local\Temp\cc5p2jRb.s 			page 23


 295      DB3487E2 
 295      FDEE
 296 00ed D0DC4933 		.ascii	"\320\334I3\215\234L#u\234\314E\352\002\247P\311\355"
 296      8D9C4C23 
 296      759CCC45 
 296      EA02A750 
 296      C9ED
 297 00ff C9D6BF6F 		.ascii	"\311\326\277o\025\233\255\244\2724\255\026\247a\202"
 297      159BADA4 
 297      BA34AD16 
 297      A76182
 298 010e C6339BA2 		.ascii	"\3063\233\242\326\312\312\261\213\263I\275P\022\304"
 298      D6CACAB1 
 298      8BB349BD 
 298      5012C4
 299 011d D0C0ABE9 		.ascii	"\320\300\253\351PH\221\240^\266\340g)y\324~@\250\224"
 299      504891A0 
 299      5EB6E067 
 299      2979D47E 
 299      40A894
 300 0130 F9167AAC 		.ascii	"\371\026z\254w5\355i%\345\217\357#\307\213*\"$e.u\366"
 300      7735ED69 
 300      25E58FEF 
 300      23C78B2A 
 300      2224652E 
 301 0146 C8631D56 		.ascii	"\310c\035VW(L\234/ %M\234\311\326\224\361\351,*x\367"
 301      57284C9C 
 301      2F20254D 
 301      9CC9D694 
 301      F1E92C2A 
 302 015c EF2C5D00 		.ascii	"\357,]\000\233a\332\005\316Qu\012\241\231+\007\177i"
 302      9B61DA05 
 302      CE51750A 
 302      A1992B07 
 302      7F69
 303 016e 37B314C7 		.ascii	"7\263\024\307\0233Pz\027$\262\367\022\017\277=m\010"
 303      1333507A 
 303      1724B2F7 
 303      120FBF3D 
 303      6D08
 304 0180 9CE792CC 		.ascii	"\234\347\222\314)\315G\236\343e\004.pU\3135\001\027"
 304      29CD479E 
 304      E365042E 
 304      7055CB35 
 304      0117
 305 0192 6192904B 		.ascii	"a\222\220K\354\002D\014T\276;\273|X+\277\215N\253\335"
 305      EC02440C 
 305      54BE3BBB 
 305      7C582BBF 
 305      8D4EABDD 
 306 01a6 9E923646 		.ascii	"\236\2226F\2747\365W\260H'\017p\031\345\202g>8\360~"
 306      BC37F557 
 306      B048270F 
 306      7019E582 
 306      673E38F0 
 307 01bb 4709CDE0 		.ascii	"G\011\315\340\012t\245Y\3403\350T\030:\330\365\247^"
 307      0A74A559 
ARM GAS  C:\Users\NICOLA~1\AppData\Local\Temp\cc5p2jRb.s 			page 24


 307      E033E854 
 307      183AD8F5 
 307      A75E
 308 01cd 7E27832E 		.ascii	"~'\203.\340\336\361\331\033}\205\012\335\313h\364A\027"
 308      E0DEF1D9 
 308      1B7D850A 
 308      DDCB68F4 
 308      4117
 309 01df AB069E18 		.ascii	"\253\006\236\030O\015\333\322\246\265%\177,\261bVk|"
 309      4F0DDBD2 
 309      A6B5257F 
 309      2CB16256 
 309      6B7C
 310 01f1 65A53CCF 		.ascii	"e\245<\317\005\310X\3669*\036\3206V\361\313\223#\375"
 310      05C858F6 
 310      392A1ED0 
 310      3656F1CB 
 310      9323FD
 311 0204 A6C25B64 		.ascii	"\246\302[d\270|3J\206\347\271\003\031\360\027\014V\213"
 311      B87C334A 
 311      86E7B903 
 311      19F0170C 
 311      568B
 312 0216 477B871F 		.ascii	"G{\207\037'\370\340Lp\331\246%\240\014]<2\366m\361:"
 312      27F8E04C 
 312      70D9A625 
 312      A00C5D3C 
 312      32F66DF1 
 313 022b 2E035FE6 		.ascii	".\003_\346\343\312\3621\3321\006&gu\231#\322s\234F?"
 313      E3CAF231 
 313      DA310626 
 313      67759923 
 313      D2739C46 
 314 0240 97AE2AB7 		.ascii	"\227\256*\267\243\344v\177Z\312$B\227\223\213\003\006"
 314      A3E4767F 
 314      5ACA2442 
 314      97938B03 
 314      06
 315 0251 CF3D901C 		.ascii	"\317=\220\034\254\273\211\233\023\005|\0334\265\310"
 315      ACBB899B 
 315      13057C1B 
 315      34B5C8
 316 0260 A5E5A3F7 		.ascii	"\245\345\243\367\037\351\304\207A\313*H\311B\332;\256"
 316      1FE9C487 
 316      41CB2A48 
 316      C942DA3B 
 316      AE
 317 0271 B1082A7D 		.ascii	"\261\010*}\264x\370\366\243\325[Y\342\000:1\317\016"
 317      B478F8F6 
 317      A3D55B59 
 317      E2003A31 
 317      CF0E
 318 0283 F302F80A 		.ascii	"\363\002\370\012\325L\334\026\331\314\264k9\215<\234"
 318      D54CDC16 
 318      D9CCB46B 
 318      398D3C9C 
 319 0293 45A40383 		.ascii	"E\244\003\203Y\234=\274'\223\211\257+bd\210o\240\232"
ARM GAS  C:\Users\NICOLA~1\AppData\Local\Temp\cc5p2jRb.s 			page 25


 319      599C3DBC 
 319      279389AF 
 319      2B626488 
 319      6FA09A
 320 02a6 442AEE73 		.ascii	"D*\356sK\363Z\206\375?%*:\203\351\276\316\322\031c\272"
 320      4BF35A86 
 320      FD3F252A 
 320      3A83E9BE 
 320      CED21963 
 321 02bb 7FEFC2DA 		.ascii	"\177\357\302\332\000\205\217\376\257\000}\243\002\364"
 321      00858FFE 
 321      AF007DA3 
 321      02F4
 322 02c9 707B6CEE 		.ascii	"p{l\356\320\306\001\352\276\267\032 c]\016\206\371d"
 322      D0C601EA 
 322      BEB71A20 
 322      635D0E86 
 322      F964
 323 02db 725235BC 		.ascii	"rR5\274D\251\032\341~37U\247\236\347\265\005F\363\247"
 323      44A91AE1 
 323      7E333755 
 323      A79EE7B5 
 323      0546F3A7 
 324 02ef 6A4C9DF3 		.ascii	"jL\235\363\3155\251\352\276\037\3573W\0033\244\0023"
 324      CD35A9EA 
 324      BE1FEF33 
 324      570333A4 
 324      0233
 325 0301 AE02939B 		.ascii	"\256\002\223\233\216\011J\3074\202\361\353\367\012Y"
 325      8E094AC7 
 325      3482F1EB 
 325      F70A59
 326 0310 2B6F3341 		.ascii	"+o3A\007@\377:\324\363\204\303\341\244\257\253\241\261"
 326      0740FF3A 
 326      D4F384C3 
 326      E1A4AFAB 
 326      A1B1
 327 0322 BED11BA8 		.ascii	"\276\321\033\250\331V\343\364\006\234\376fg\300\357"
 327      D956E3F4 
 327      069CFE66 
 327      67C0EF
 328 0331 A2498FDB 		.ascii	"\242I\217\333\343\363z\233\002\016\227\220\036\237\356"
 328      E3F37A9B 
 328      020E9790 
 328      1E9FEE
 329 0340 AD7FDD67 		.ascii	"\255\177\335g\354\336\331\324\342\256\331\000\346\363"
 329      ECDED9D4 
 329      E2AED900 
 329      E6F3
 330 034e FA9B03CE 		.ascii	"\372\233\003\316\227v\324n\257\335CU\227\327\357~u\367"
 330      9776D46E 
 330      AFDD4355 
 330      97D7EF7E 
 330      75F7
 331 0360 B31E4783 		.ascii	"\263\036G\203x&\037\302\275\247\331\271\275\266\356"
 331      78261FC2 
 331      BDA7D9B9 
ARM GAS  C:\Users\NICOLA~1\AppData\Local\Temp\cc5p2jRb.s 			page 26


 331      BDB6EE
 332 036f 953A67E3 		.ascii	"\225:g\343.WS\313kn\247B\270</\267\354r\021\250j\203"
 332      2E5753CB 
 332      6B6EA742 
 332      B83C2FB7 
 332      EC7211A8 
 333 0385 651E7637 		.ascii	"e\036v7\004\366\006\250\257\264\266n\207\275~g\300\355"
 333      04F606A8 
 333      AFB4B66E 
 333      87BD7E67 
 333      C0ED
 334 0397 F3373E69 		.ascii	"\3637>i\257|JH\277\260\221x\257\177\257\320|\015\276"
 334      AF7C4A48 
 334      BFB09178 
 334      AF7FAFD0 
 334      7C0DBE
 335 03aa 7F006C7C 		.ascii	"\177\000l|1z"
 335      317A
 336              		.text
 337              		.section	.gnu.lto_.symbol_nodes.cfe42ae9,"",%progbits
 338 0000 789C55C8 		.ascii	"x\234U\310\253\015\200P\020\005\321\331}KB\311\270\333"
 338      AB0D8050 
 338      1005D1D9 
 338      7D4B42C9 
 338      B8DB
 339 0012 02024D28 		.ascii	"\002\002M(\202\032\300Q\011\206\257\006\201`\307Lr\012"
 339      821AC051 
 339      0986AF06 
 339      8160C74C 
 339      720A
 340 0024 D0F0E59B 		.ascii	"\320\360\345\233\011\332\005$\372\241\306w\223%8L\236"
 340      09DA0524 
 340      FAA1C677 
 340      9325384C 
 340      9E
 341 0035 E0349504 		.ascii	"\3404\225\004\227)\022\334\246\352\017\341\214\323\352"
 341      972912DC 
 341      A6EA0FE1 
 341      8CD3EA
 342 0044 44A19BDF 		.ascii	"D\241\233\337\363\000\241\243#\326"
 342      F300A1A3 
 342      23D6
 343              		.text
 344              		.section	.gnu.lto_.refs.cfe42ae9,"",%progbits
 345 0000 789C6366 		.ascii	"x\234cf```d\200\002\000\000=\000\005"
 345      60606064 
 345      80020000 
 345      3D0005
 346              		.text
 347              		.section	.gnu.lto_.decls.cfe42ae9,"",%progbits
 348 0000 789CAD57 		.ascii	"x\234\255WkP\024W\026\356\333=\300\274`\\M\255)\267"
 348      6B501457 
 348      16EEDB3D 
 348      C0BC605C 
 348      4DAD29B7 
 349 0014 B616B18A 		.ascii	"\266\026\261\212\230]\005\361\221\354\246R\033\215\265"
 349      985D05F1 
ARM GAS  C:\Users\NICOLA~1\AppData\Local\Temp\cc5p2jRb.s 			page 27


 349      91ECA652 
 349      1B8DB5
 350 0023 59AD8AD1 		.ascii	"Y\255\212\321\212\225_R5\301a\0246\300\270\314\220\215"
 350      8A955F52 
 350      35C16114 
 350      36C0B8CC 
 350      908D
 351 0035 FBABE561 		.ascii	"\373\253\345a\200\250 *\002*\014\202@@t\020!\012D\307"
 351      80A8202A 
 351      022A0C82 
 351      40407410 
 351      210A44C7 
 352 0049 070A0A68 		.ascii	"\007\012\012h|\202\340:b$\020\243\202\361\201\021a\317"
 352      7C82E03A 
 352      622410A3 
 352      82F18111 
 352      61CF
 353 005b 3DB79B69 		.ascii	"=\267\233iFFS[;\345\265\373\336>\347;\337w\316}!p\034"
 353      4646535B 
 353      3BE5B5FB 
 353      DE3EE73B 
 353      DF77CE7D 
 354 0072 D7C273DC 		.ascii	"\327\302s\334\010\374\006\015\034\267]\3408?\030[\006"
 354      08FC060D 
 354      1CB75DE0 
 354      383F185B 
 354      06
 355 0083 8D403BC8 		.ascii	"\215@;\310\261\237/\264s\320.C\353\200\326\011\315\005"
 355      B19F2FB4 
 355      73D02E43 
 355      EB80D609 
 355      CD05
 356 0095 AD9B7BF1 		.ascii	"\255\233{\361G\355\324\022F\0004=\264fh\225\022\336"
 356      47EDD412 
 356      4600343D 
 356      B4666895 
 356      12DE
 357 00a7 6968F5D0 		.ascii	"ih\365\320 \024w\034\332Ih\215R\274s\322s\300\003\363"
 357      2014771C 
 357      DA49688D 
 357      52BC73D2 
 357      73C003F3 
 358 00bb B284E589 		.ascii	"\262\204\345\211\271T\302]$a\016B{\016\215\007\020\001"
 358      B954C25D 
 358      24610E42 
 358      7B0E8D07 
 358      1001
 359 00cd 5A9D140F 		.ascii	"Z\235\024\017$r\015R,\215\204\347C\030\1775<\265\320"
 359      24720D52 
 359      2C8D84E7 
 359      43187F35 
 359      3CB5D0
 360 00e0 2610A669 		.ascii	"&\020\246i\"<_#\214\307\357\310X\036\035Rl\231\303R"
 360      223C5F23 
 360      8CC7EFC8 
 360      581E1D52 
 360      6C99C352 
ARM GAS  C:\Users\NICOLA~1\AppData\Local\Temp\cc5p2jRb.s 			page 28


 361 00f4 89078D7D 		.ascii	"\211\007\215}@\342A\343\325IZ)7\0074\225\244\265A\322"
 361      40E241E3 
 361      D5495A29 
 361      37073495 
 361      A4B541D2 
 362 0108 7A52D2D9 		.ascii	"zR\322\331!=\203<\342\320\374\032^\021G\251\365\327"
 362      213D833C 
 362      E2D0FC1A 
 362      5E1147A9 
 362      F5D7
 363 011a C6F493B0 		.ascii	"\306\364\223\260\225\232;\024\232=\1774\037\343\325"
 363      959A3B14 
 363      9A3D7F34 
 363      1FE3D5
 364 0129 72A9C445 		.ascii	"r\251\304E\216\313+b\021\311\217>\247{`\322|\353^\202"
 364      8ECB2B62 
 364      11C98F3E 
 364      A77B60D2 
 364      7CEB5E82 
 365 013d 379E2625 		.ascii	"7\236&%\266\037\367\362\232y\376\006xrx\337\303V]/O"
 365      B61FF7F2 
 365      9A79FE06 
 365      787278DF 
 365      C3565D2F 
 366 0152 02B481B4 		.ascii	"\002\264\201\264[\227\325\224\343\013]\275VE\273\015"
 366      5B97D594 
 366      E30B5DBD 
 366      5645BB0D 
 367 0162 25553E02 		.ascii	"%U>\002D\203\327\242\234\233\227\2643\312EQL\025\235"
 367      4483D7A2 
 367      9C9B97B4 
 367      33CA4551 
 367      4C159D
 368 0175 4DC48DB0 		.ascii	"M\304\215\260\256\244~\203\037\270,\322b\367\306\216"
 368      AEA47E83 
 368      1FB82CD2 
 368      62F7C68E 
 369 0185 A7C51AEC 		.ascii	"\247\305\032\354\322Uc\200!\376\\E\365M=\321\006\247"
 369      D2556380 
 369      21FE5C45 
 369      F54D3DD1 
 369      06A7
 370 0197 8A62A298 		.ascii	"\212b\242\230\231$j\232\0028RJ\246\22022\205#\373H0"
 370      99246A9A 
 370      0238524A 
 370      A6903232 
 370      8523FB48 
 371 01ac 18937232 		.ascii	"\030\223r2\203#\0250\270\027\006\213!L\177Y{\333dQT"
 371      83231530 
 371      B817068B 
 371      214C7F59 
 371      7BDB6451 
 372 01c1 914AA225 		.ascii	"\221J\242%_\023\001- o4\216\024\372\247\247\205\367"
 372      5F13012D 
 372      206F348E 
 372      14FAA7A7 
 372      85F7
ARM GAS  C:\Users\NICOLA~1\AppData\Local\Temp\cc5p2jRb.s 			page 29


 373 01d3 F52AC800 		.ascii	"\365*\310\000\332\254@\312\353/W>UO\336\006\0004\324"
 373      DAAC40CA 
 373      EB2F573E 
 373      554FDE06 
 373      0034D4
 374 01e6 041559AA 		.ascii	"\004\025Y\252\037\215\305\021\007\231\014\377\357'*"
 374      1F8DC511 
 374      07990CFF 
 374      EF272A
 375 01f5 06E0ECAB 		.ascii	"\006\340\354\253*\327\010\011(pGNO\206V\237\356\346"
 375      2AD70809 
 375      2870474E 
 375      4F86569F 
 375      EEE6
 376 0207 488D15AE 		.ascii	"H\215\025\256\007\210^\242\000\222J\262*\252\375I\260"
 376      07885EA2 
 376      00924AB2 
 376      2AAAFD49 
 376      B0
 377 0218 1E89A6A7 		.ascii	"\036\211\246\247t\276F\211\036\004\213*7Qp`L\275a\222"
 377      74BE4689 
 377      1E048B2A 
 377      37517060 
 377      4CBD6192 
 378 022c 6A90EE86 		.ascii	"j\220\356\206\245\376\300\303q\264\"M\203\025\371\224"
 378      A5FEC0C3 
 378      71B4224D 
 378      8315F994 
 379 023c D27A92D2 		.ascii	"\322z\222\322\237\246\305\212\350i7\253\364\200K/\354"
 379      9FA6C58A 
 379      E86937AB 
 379      F4804B2F 
 379      EC
 380 024d 2348B966 		.ascii	"#H\271f\310>\344#4\260\316\325\202,;\021\232\260\243"
 380      C83EE423 
 380      34B0CED5 
 380      822C3B11 
 380      9AB0A3
 381 0260 2A2F3F76 		.ascii	"*/?vFC&\351\203\2027K\231\230oS\344\374\020\260\254"
 381      464326E9 
 381      8382374B 
 381      99986F53 
 381      E4FC10B0 
 382 0275 23936860 		.ascii	"#\223h`\362-\220h A/0\245\337\335\352\353\231\030;\030"
 382      F22D9068 
 382      20412F30 
 382      A5DFDDEA 
 382      EB99183B 
 383 028a F49795E6 		.ascii	"\364\227\225\346\377>W\264\037't\224\034\226\260F\301"
 383      FF3E57B4 
 383      1F277494 
 383      1C96B046 
 383      C1
 384 029b A753FB3F 		.ascii	"\247S\373?\302\177XF\327\340,5\375\316I*\335\023G\254"
 384      C27F5846 
 384      D7E02C35 
 384      FDCE492A 
ARM GAS  C:\Users\NICOLA~1\AppData\Local\Temp\cc5p2jRb.s 			page 30


 384      DD1347AC 
 385 02af 6AA9E185 		.ascii	"j\251\341\205\347\214}\377\276#\317\210\220\302\346"
 385      E78C7DFF 
 385      BE23CF88 
 385      90C2E6
 386 02be 5ABDB8F7 		.ascii	"Z\275\270\367\035a+{/\336\226\275\327\007\365\253\241"
 386      1D612B7B 
 386      2FDE96BD 
 386      D707F5AB 
 386      A1
 387 02cf EB736663 		.ascii	"\353sfcq\251\201\004M\012\012\012\246\\\\i'\332\364"
 387      71A98104 
 387      4D0A0A0A 
 387      A65C5C69 
 387      27DAF4
 388 02e2 62D32C64 		.ascii	"b\323,dr\004\230\234\030\237\011\313\202\210Y\250\201"
 388      7204989C 
 388      189F09CB 
 388      828859A8 
 388      81
 389 02f3 CFB528EA 		.ascii	"\317\265(\352\204\224\202S\220\202\343$\210\234\204"
 389      84948253 
 389      9082E324 
 389      889C84
 390 0302 D628A502 		.ascii	"\326(\245\002\321\323\213\030:\235^G\307E/\245@hl\337"
 390      D1D38B18 
 390      3A9D5E47 
 390      C7452FA5 
 390      40686CDF 
 391 0316 50E40BA6 		.ascii	"P\344\013\246t\0228=M\217\221\2619I-\362\025\0115y!"
 391      7412383D 
 391      4D8F91B1 
 391      39492DF2 
 391      15093579 
 392 032b 2BFCF153 		.ascii	"+\374\361S\217\353\364dR\360x\214I\023\020}\031i\004"
 392      8FEBF464 
 392      52F0788C 
 392      4913107D 
 392      196904
 393 033e DF645293 		.ascii	"\337dR\223\323`\364\215{*\322Hr\332\035\367\037\337"
 393      D360F48D 
 393      7B2AD248 
 393      72DA1DF7 
 393      1FDF
 394 0350 D58F99E7 		.ascii	"\325\217\231\347\247\307T\272\231U\032,\017\036\316"
 394      A7C754BA 
 394      99551A2C 
 394      0F1ECE
 395 035f A934E0F2 		.ascii	"\2514\340\362\242\242\330\362zT\327\333\245\033]rg\010"
 395      A2A2D8F2 
 395      7A54D7DB 
 395      A51B5D72 
 395      6708
 396 0371 0EB6F538 		.ascii	"\016\266\3658\272\3248\010\316\344,\033t\272\354\373"
 396      BAD43808 
 396      CEE42C1B 
 396      74BAECFB 
ARM GAS  C:\Users\NICOLA~1\AppData\Local\Temp\cc5p2jRb.s 			page 31


 397 0381 FD950B71 		.ascii	"\375\225\013q\331o\025QZq!\266\310\013q\373\331\356"
 397      D96F1551 
 397      5A7121B6 
 397      C80B71FB 
 397      D9EE
 398 0393 6C836067 		.ascii	"l\203`g%\337y1?Y\010\314\027\355\216\376\276\276\236"
 398      25DF7931 
 398      3F5908CC 
 398      17ED8EFE 
 398      BEBE9E
 399 03a6 5930D512 		.ascii	"Y0\325\022\305\341\221\021\202^\244mT\026G\337Q\026"
 399      C5E19111 
 399      825EA46D 
 399      541647DF 
 399      5116
 400 03b8 394702BD 		.ascii	"9G\002\275\354\007\225\273\277+gc\260\021\234g\324J"
 400      EC0795BB 
 400      BF2B6763 
 400      B0119C67 
 400      D44A
 401 03ca 729A5DFA 		.ascii	"r\232]\372Q\276\337\261\301\001\307\371M\336\371^D\276"
 401      51BEDFB1 
 401      C101C7F9 
 401      4DDEF95E 
 401      44BE
 402 03dc 1764BEE2 		.ascii	"\027d\276\342\306\035Gx\341\032\343\233\274\273k&\322"
 402      C61D4778 
 402      E11AE39B 
 402      BCBB6B26 
 402      D2
 403 03ed B537C314 		.ascii	"\2657\303\024\020\235##\357Q{rI\301\364\222\314\364"
 403      109D2323 
 403      EF517B72 
 403      49C1F492 
 403      CCF4
 404 03ff 32327D7A 		.ascii	"22}z\245\266\3150\312\2001\355L\331\322c\360\272s]E"
 404      A5B6CD30 
 404      CA8031ED 
 404      4CD9D263 
 404      F0BA735D 
 405 0414 02576402 		.ascii	"\002Wd\002\327vW\205\011?J\313\245\345\353N\015\020"
 405      D7765785 
 405      093F4ACB 
 405      A5E5EB4E 
 405      0D10
 406 0426 70395C83 		.ascii	"p9\\\203\267\314\316dqhd$I\215.\244]\301\241]\346\320"
 406      B7CCCE64 
 406      71686424 
 406      498D2EA4 
 406      5DC1A15D 
 407 043c 811CEED4 		.ascii	"\201\034\356\324v?\017\020\2360\214\332s\217kuLD\345"
 407      763F0F10 
 407      9E308CDA 
 407      738F6B75 
 407      4C44E5
 408 044f 1E590405 		.ascii	"\036Y\004\005\270\246\000\270&\003t\"\300\361s\207\262"
 408      B8A600B8 
ARM GAS  C:\Users\NICOLA~1\AppData\Local\Temp\cc5p2jRb.s 			page 32


 408      26037422 
 408      C0F17387 
 408      B2
 409 0460 899C5AA6 		.ascii	"\211\234Z\246\241\365vF\233;\263],\263\265=\355\203"
 409      A1F57646 
 409      9B3BB35D 
 409      2CB3B53D 
 409      ED83
 410 0472 6AAF99FD 		.ascii	"j\257\231\375\017\012\273.\013{TS\276U-$\011\310\252"
 410      0F0ABB2E 
 410      0B7B5453 
 410      BE552D24 
 410      09C8AA
 411 0485 B5FC5EAA 		.ascii	"\265\374^\252\037S\326\331\250P\006>\344\206\202\330"
 411      1F53D6D9 
 411      A850063E 
 411      E48682D8 
 412 0495 0D99980B 		.ascii	"\015\231\230\013\211\235\336\365<\327 d0\214\355\205"
 412      899DDEF5 
 412      3CD72064 
 412      308CED85 
 413 04a5 7B9C0431 		.ascii	"{\234\0041\354i\245L\331QX|\024\342\246\002\342\246"
 413      EC69A54C 
 413      D951587C 
 413      14E2A602 
 413      E2A6
 414 04b7 0CD18D10 		.ascii	"\014\321\215\020M\025\273>\025\362\020Auk\247\243\326"
 414      4D15BB3E 
 414      15F21041 
 414      756BA7A3 
 414      D6
 415 04c8 4082A74C 		.ascii	"@\202\247L\321\026\343\3617\237\374\000\323\353\226"
 415      D116E3F1 
 415      379FFC00 
 415      D3EB96
 416 04d7 E4C07E39 		.ascii	"\344\300~90>\370\036\375\000\257j|\342q\327\237%\012"
 416      303EF81E 
 416      FD00AF6A 
 416      7CE271D7 
 416      9F250A
 417 04ea AF7364C6 		.ascii	"\257sd\306\024\362&\254\337\357a\315\322O\034\351\001"
 417      14F226AC 
 417      DFEF61CD 
 417      D24F1CE9 
 417      01
 418 04fb FDB7413F 		.ascii	"\375\267A?\204\352\3362\220\346\243\225\254S_e}\360"
 418      84EADE32 
 418      90E6A395 
 418      AC535F65 
 418      7DF0
 419 050d 68F5033D 		.ascii	"h\365\003=\036\017\251(o\260\373A\253\200\373\343oh"
 419      1E0FA928 
 419      6FB0FB41 
 419      AB80FBE3 
 419      6F68
 420 051f F76CF7E0 		.ascii	"\367l\367\340\317z\354N\240\335K\335\233\012\003(\266"
 420      CF7AEC4E 
ARM GAS  C:\Users\NICOLA~1\AppData\Local\Temp\cc5p2jRb.s 			page 33


 420      A0DD4BDD 
 420      9B0A0328 
 420      B6
 421 0530 282F76BD 		.ascii	"(/v\275V\221\373\237\020}\372\024r\207\201'\212\255"
 421      5691FB9F 
 421      107DFA14 
 421      72878127 
 421      8AAD
 422 0542 43AA8999 		.ascii	"C\252\211\231\322\326\023HPh\037\230\377\210\346w\311"
 422      D2D61348 
 422      50681F98 
 422      FF88E677 
 422      C9
 423 0553 44D9895A 		.ascii	"D\331\211Z\177\233\327\336\245SZ\367\276\314\372v\326"
 423      7F9BD7DE 
 423      A5535AF7 
 423      BECCFA76 
 423      D6
 424 0564 B67E4128 		.ascii	"\266~A(`E\311\335\271!K+\224\261N\355\343#9\272i\205"
 424      6045C9DD 
 424      B9214B2B 
 424      94B14EED 
 424      E32339BA 
 425 057a E279BB6B 		.ascii	"\342y\273k\327\255\344\371\316uv\\\356\344\036\231H"
 425      D7ADE4F9 
 425      CE75765C 
 425      EEE41E99 
 425      48
 426 058b EE438960 		.ascii	"\356C\211`q+`\373i\336I\011\34192@\246\201\373\321#"
 426      712B60FB 
 426      69DE4909 
 426      E1393240 
 426      A681FBD1 
 427 05a0 83A7B442 		.ascii	"\203\247\264B-\303\332\220\352j\326\012GYG\276\232L"
 427      2DC3DA90 
 427      EA6AD60A 
 427      475947BE 
 427      9A4C
 428 05b2 1D7B3599 		.ascii	"\035{5\231\352\276\2324\365\210E\001$\030\013\333\237"
 428      EABE9A34 
 428      F5884501 
 428      24180BDB 
 428      9F
 429 05c3 B7BF7B11 		.ascii	"\267\277{\021\034\224\344\011\310\370\331\275yN\225"
 429      1C94E409 
 429      C8F8D9BD 
 429      794E95
 430 05d2 2E1CE35F 		.ascii	".\034\343__\036C\221\246J\327\227\2070\370\0103\311"
 430      5F1E4391 
 430      A64AD797 
 430      8730F808 
 430      33C9
 431 05e4 370E1D49 		.ascii	"7\016\035I\366\361z\347y:\216\023R\350\253\262\257L"
 431      F6F17AE7 
 431      793A8E13 
 431      52E8ABB2 
 431      AF4C
ARM GAS  C:\Users\NICOLA~1\AppData\Local\Temp\cc5p2jRb.s 			page 34


 432 05f6 040A8340 		.ascii	"\004\012\203@\341\201\233\302\023\"q\240\037\024U\016"
 432      E1819BC2 
 432      132271A0 
 432      1F14550E 
 433 0606 6055CEBB 		.ascii	"`U\316\273z\373!\233\003<\355\246\177U5\342\347\275"
 433      7AFB219B 
 433      033CEDA6 
 433      7F5535E2 
 433      E7BD
 434 0618 E84372D1 		.ascii	"\350Cr\321\337\304\232\347\367f\347i\244*\332\345\232"
 434      DFC49AE7 
 434      F766E769 
 434      A42ADAE5 
 434      9A
 435 0629 FF02D6CF 		.ascii	"\377\002\326\317\320\3729V\021}\260C\323\352\254\274"
 435      D0FA3956 
 435      117DB043 
 435      D3EAACBC 
 436 0639 E887D1FF 		.ascii	"\350\207\321\377\2147\224\"\327\035\202\321\375\360"
 436      8C379422 
 436      D71D82D1 
 436      FDF0
 437 0647 869272E8 		.ascii	"\206\222r\350P\000v}\361\374.\356\317\366\367Nf\035"
 437      5000767D 
 437      F1FC2EEE 
 437      CFF6F74E 
 437      661D
 438 0659 2F911179 		.ascii	"/\221\021yds7\351N\245\257\347\014\034\006\363\0214"
 438      647337E9 
 438      4EA5AFE7 
 438      0C1C06F3 
 438      1134
 439 066b 4FE427CA 		.ascii	"O\344'\312N\330\001\217}mO>\032s\234\321\253\200;@\022"
 439      4ED8018F 
 439      7D6D4F3E 
 439      1A739CD1 
 439      AB803B40 
 440 0680 8FC7197D 		.ascii	"\217\307\031}\202\361\231\2663K\204\215>8;\316_my\304"
 440      82F199B6 
 440      334B848D 
 440      3E383BCE 
 440      5F6D79C4 
 441 0694 C3C6E0B4 		.ascii	"\303\306\340\264;\312JK\310\3501\363>\356\015\311\274"
 441      3BCA4A4B 
 441      C8E831F3 
 441      3EEE0DC9 
 441      BC
 442 06a5 7B6F8077 		.ascii	"{o\200w\226\375\024\236\356\015\365\317\272/\251\274"
 442      96FD149E 
 442      EE0DF5CF 
 442      BA2FA9BC 
 443 06b5 EE67EB79 		.ascii	"\356g\353y\272\237\255\220\266\263cy\245\3335\302v\026"
 443      BA9FAD90 
 443      B6B36379 
 443      A5DB35C2 
 443      7616
 444 06c7 B1AC6BE4 		.ascii	"\261\254k\344:=\330\234\016GsM\357LEDp\"_*\"~)GL\305"
ARM GAS  C:\Users\NICOLA~1\AppData\Local\Temp\cc5p2jRb.s 			page 35


 444      3A3DD89C 
 444      0E47734D 
 444      EF4C4544 
 444      70225F2A 
 445 06e1 88DF5F1A 		.ascii	"\210\337_\032\020\265B3C)\271\333\320\253a(\025\337"
 445      10B54233 
 445      4329B9DB 
 445      D0AB6128 
 445      15DF
 446 06f3 B8DEF540 		.ascii	"\270\336\365@IS\240\244\311(\351\210\222Z\351h\320\340"
 446      4953A0A4 
 446      C928E988 
 446      925AE968 
 446      D0E0
 447 0705 E63C387A 		.ascii	"\346<8z<vV\017\3373x\325\262\001\265|\305Kb\206]\031"
 447      3C76560F 
 447      DF3378D5 
 447      B201B57C 
 447      C54B6286 
 448 071b A24648F1 		.ascii	"\242FH\361E\032\205}\035\031Za\013\353\334==\\\355\003"
 448      451A857D 
 448      1D195A61 
 448      0BEBDC3D 
 448      3D5CED03 
 449 072f D0641386 		.ascii	"\320d\023\206\204\221\244-\316\207\004Y\3667\037.\373"
 449      8491A42D 
 449      CE870459 
 449      F6371F2E 
 449      FB
 450 0740 60F3FEF5 		.ascii	"`\363\376\365\"\356\275\244\300\231\251\242\300d\243"
 450      22EEBDA4 
 450      C099A9A2 
 450      C064A3
 451 074f CC946440 		.ascii	"\314\224d@\000\332ed3\221l\355\265\315\271z\341\012"
 451      00DA6564 
 451      33916CED 
 451      B5CDB97A 
 451      E10A
 452 0761 831FAECD 		.ascii	"\203\037\256\315\376\205\227\300j\016\205\354= \262"
 452      FE8597C0 
 452      6A0E85EC 
 452      3D20B2
 453 0770 B380AC4B 		.ascii	"\263\200\254K&\250z\263B\365f\031(\013\201\362\317_"
 453      26A87AB3 
 453      42F56619 
 453      280B81F2 
 453      CF5F
 454 0782 EF5309DD 		.ascii	"\357S\011\335\022P\322\371\033>r\356\354\177\365\310"
 454      1250D2F9 
 454      1B3E72EE 
 454      EC7FF5C8 
 455 0792 DD1605CA 		.ascii	"\335\026\005\312\026\031e+\242lk\330\231\305n\345\""
 455      1619652B 
 455      A26C6BD8 
 455      99C56EE5 
 455      22
 456 07a3 02B5BB12 		.ascii	"\002\265\273\022\317\350p\226\323}\204\\oO,\360\365"
ARM GAS  C:\Users\NICOLA~1\AppData\Local\Temp\cc5p2jRb.s 			page 36


 456      CFE87096 
 456      D37D845C 
 456      6F4F2CF0 
 456      F5
 457 07b4 3ECBB7CB 		.ascii	">\313\267\313\263<\233\315\362\023\325\027\356\251="
 457      B33C9BCD 
 457      F213D517 
 457      EEA93D
 458 07c3 67F9369E 		.ascii	"g\3716\236\355\303\034\311\301Y\216N\270"
 458      EDC31CC9 
 458      C1598E4E 
 458      B8
 459 07d0 A75DAD4B 		.ascii	"\247]\255KRy\356\263^\2557'\036\0326\010\367\230\336"
 459      5279EEB3 
 459      5EAD3727 
 459      1E1A3608 
 459      F798DE
 460 07e3 8C1BBB32 		.ascii	"\214\033\2732\375qk\205\253\324\203\327\327e\272\000"
 460      FD716B85 
 460      ABD483D7 
 460      D765BA00 
 461 07f3 821EED24 		.ascii	"\202\036\355$\227g\233+\334G\024Xy\374\350\346\272\203"
 461      97679B2B 
 461      DC471458 
 461      79FCE8E6 
 461      BA83
 462 0805 A79BEB8E 		.ascii	"\247\233\353\216\314\013\271l\247\211\302\277\270\016"
 462      CC0BB96C 
 462      A789C2BF 
 462      B80E
 463 0813 D84FA951 		.ascii	"\330O\251Q\266?.\375\007\025\317T\336e\347\313\262k"
 463      B63F2EFD 
 463      0715CF54 
 463      DE65E7CB 
 463      B26B
 464 0825 D9F1D292 		.ascii	"\331\361\322\222\321\330\256\367\224\275\023\202\357"
 464      D1D8AEF7 
 464      94BD1382 
 464      EF
 465 0832 E2A97901 		.ascii	"\342\251y\001\012\311\227\205T\364\326\354\347=e{\265"
 465      0AC99785 
 465      54F4D6EC 
 465      E73D657B 
 465      B5
 466 0843 CEA84FAD 		.ascii	"\316\250O\255\327\011CL\366\206\274\334G~(\333>T$\252"
 466      D709434C 
 466      F686BCDC 
 466      477E28DB 
 466      3E5424AA 
 467 0857 72C464D7 		.ascii	"r\304d\327\310\310\037\210]\322\014\367\037\005P\241"
 467      C8C81F88 
 467      5DD20CF7 
 467      1F0550A1 
 468 0867 5BF36ED4 		.ascii	"[\363n\324\374Cf\331~v\206\352\360o\342\201\374\227"
 468      FC4366D9 
 468      7E7686EA 
 468      F06FE281 
ARM GAS  C:\Users\NICOLA~1\AppData\Local\Temp\cc5p2jRb.s 			page 37


 468      FC97
 469 0879 ED60C5B2 		.ascii	"\355`\305\262\310\"V\333\323\227\327\235\322x\212t\377"
 469      C82256DB 
 469      D397D79D 
 469      D2788A74 
 469      FF
 470 088a CDB10769 		.ascii	"\315\261\007i\027\313\264K.<.\360\361\024\351\325z\323"
 470      17CBB44B 
 470      2E3C2EF0 
 470      F114E9D5 
 470      7AD3
 471 089c BDD48D3A 		.ascii	"\275\324\215:!\335\017E6V\334\177\227i\274\261\307\255"
 471      21DD0F45 
 471      3656DC7F 
 471      9769BCB1 
 471      C7AD
 472 08ae B144D208 		.ascii	"\261D\322\0107!\005N\251[c\031?\215\363\265F\377\333"
 472      3721054E 
 472      A95B6319 
 472      3F8DF3B5 
 472      46FFDB
 473 08c1 6CB4F9FE 		.ascii	"l\264\371\376\375\243O\002\027r\221\246w\302MQ\321+"
 473      FDA34F02 
 473      177291A6 
 473      77C24D51 
 473      D12B
 474 08d3 A3ADB684 		.ascii	"\243\255\266\204\310hK\270\315b\211\261\206\257\216"
 474      C8684BB8 
 474      CD6289B1 
 474      86AF8E
 475 08e2 4B08C4B7 		.ascii	"K\010\304\267\300\210\370\330@s\354Jsd\24492|n\310_"
 475      C088F8D8 
 475      4073EC4A 
 475      7364A439 
 475      327C6EC8 
 476 08f7 0267CF0A 		.ascii	"\002g\317\012\233\367\3179\3411\321+\303W\233L\341\360"
 476      9BF7CF39 
 476      E131D12B 
 476      C3579B4C 
 476      E1F0
 477 0909 7D669C25 		.ascii	"}f\234%\316<\323\034\2612\232\032\204\314\011\217\216"
 477      CE3CD31C 
 477      B1329A1A 
 477      84CC098F 
 477      8E
 478 091a 33C52444 		.ascii	"3\305$D\232\303\2556\360Z\025\022\305\351c\315\261\253"
 478      9AC3AD36 
 478      F05A1512 
 478      C5E963CD 
 478      B1AB
 479 092c CDB65509 		.ascii	"\315\266U\011q&\243\355O!!\241\360\017\203Z\254ao\205"
 479      7126A3ED 
 479      4F2121A1 
 479      F00F835A 
 479      AC616F85 
 480 0940 855AACA1 		.ascii	"\205Z\254\241\361\266P\311\013>\200\265\311\022o\006"
 480      F1B650C9 
ARM GAS  C:\Users\NICOLA~1\AppData\Local\Temp\cc5p2jRb.s 			page 38


 480      0B3E80B5 
 480      C9126F06 
 481 0950 477F78B5 		.ascii	"G\177x\265\304\2575\256\001.F\233\016\037Q\346\210H"
 481      C4AF35AE 
 481      012E469B 
 481      0E1F51E6 
 481      8848
 482 0962 73BCDF9A 		.ascii	"s\274\337\232(c\234\371\013\333\214_\203F\375\254\000"
 482      28639CF9 
 482      0BDB8C5F 
 482      8346FDAC 
 482      00
 483 0973 E717BB06 		.ascii	"\347\027\273\006\235\002\340iY\371\017\263\311f\244"
 483      9D02E069 
 483      59F90FB3 
 483      C966A4
 484 0982 C9D04177 		.ascii	"\311\320AwM\274\345\363h\300\235`\212Z\006\326K\361"
 484      4DBCE5F3 
 484      68C09D60 
 484      8A5A06D6 
 484      4BF1
 485 0994 EBE2B868 		.ascii	"\353\342\270h\333t/\001\254\361&%\270\21130\317\017"
 485      DB742F01 
 485      ACF12625 
 485      B8893330 
 485      CF0F
 486 09a6 2D11910B 		.ascii	"-\021\221\013\342\343#\326\352Y\177AL\214\305\264X\247"
 486      E2E323D6 
 486      EA597F41 
 486      4C8CC5B4 
 486      58A7
 487 09b8 E848EF1F 		.ascii	"\350H\357\037\304\233\315\213\265\356w\225)*\"^m4b\226"
 487      C49BCD8B 
 487      B5EE7795 
 487      292A225E 
 487      6D346296 
 488 09cc 8CFEF24B 		.ascii	"\214\376\362K\310[s\303\302\324\011\321q\2669\263\215"
 488      C85B73C3 
 488      C2D409D1 
 488      71B639B3 
 488      8D
 489 09dd 36ADD128 		.ascii	"6\255\321(\277\256\372\037+7\266br\255b#\000+\316\034"
 489      BFAEFA1F 
 489      2B37B662 
 489      72AD6223 
 489      002BCE1C 
 490 09f1 6E848A45 		.ascii	"n\204\212E$\304\330\214\266\265k\3144g+\376\257a\254"
 490      24C4D88C 
 490      B6B56BCC 
 490      34672BFE 
 490      AF61AC
 491 0a04 6BADE146 		.ascii	"k\255\341F\230\027\240\001\2605RV\"#\341m\371Z\353\207"
 491      9817A001 
 491      B0355256 
 491      2223E16D 
 491      F95AEB87 
 492 0a18 16D3676F 		.ascii	"\026\323go\274\262\240\200A}\327X\342mFH\347ga^<\250"
ARM GAS  C:\Users\NICOLA~1\AppData\Local\Temp\cc5p2jRb.s 			page 39


 492      BCB2A080 
 492      417DD758 
 492      E26D4648 
 492      E767615E 
 493 0a2e 813574C1 		.ascii	"\2015t\301\307K\026.\371\002\276\322)e\374\374\355X"
 493      C74B162E 
 493      F902BED2 
 493      2965FCFC 
 493      ED58
 494 0a40 3AAD8C46 		.ascii	":\255\214F\253\331f|\177\301\362\277-\373x\261\177D"
 494      ABD9667C 
 494      7FC1F2BF 
 494      2DFB78B1 
 494      7F44
 495 0a52 CCBF22D6 		.ascii	"\314\277\"\326Z\215\321q1\220\201\271\343\241\301\234"
 495      5A8DD171 
 495      319081B9 
 495      E3A1C19C 
 496 0a62 095DB864 		.ascii	"\011]\270d\371\342\345n\032\024\315\024\373\001\324"
 496      F9E2E56E 
 496      1A14CD14 
 496      FB01D4
 497 0a71 08007548 		.ascii	"\010\000uH\377\2238JG\207\304\022\360}L\025\337V\366"
 497      FF93384A 
 497      4787C412 
 497      F07D4C15 
 497      DF56F6
 498 0a84 66CF53F6 		.ascii	"f\317S\366\346\314\373/\317\304O\360"
 498      E6CCFB2F 
 498      CFC44FF0 
 499              		.text
 500              		.section	.gnu.lto_.symtab.cfe42ae9,"",%progbits
 501 0000 6368506F 		.ascii	"chPoolObjectInit\000\000\000\000\000\000\000\000\000"
 501      6F6C4F62 
 501      6A656374 
 501      496E6974 
 501      00000000 
 502 0019 000000CF 		.ascii	"\000\000\000\317\000\000\000chPoolLoadArray\000\000"
 502      00000063 
 502      68506F6F 
 502      6C4C6F61 
 502      64417272 
 503 0031 00000000 		.ascii	"\000\000\000\000\000\000\000\000\000\000\325\000\000"
 503      00000000 
 503      0000D500 
 503      00
 504 003e 00636850 		.ascii	"\000chPoolAllocI\000\000\000\000\000\000\000\000\000"
 504      6F6F6C41 
 504      6C6C6F63 
 504      49000000 
 504      00000000 
 505 0054 000000D9 		.ascii	"\000\000\000\331\000\000\000chPoolAlloc\000\000\000"
 505      00000063 
 505      68506F6F 
 505      6C416C6C 
 505      6F630000 
 506 0069 00000000 		.ascii	"\000\000\000\000\000\000\000\000\000\333\000\000\000"
ARM GAS  C:\Users\NICOLA~1\AppData\Local\Temp\cc5p2jRb.s 			page 40


 506      00000000 
 506      00DB0000 
 506      00
 507 0076 6368506F 		.ascii	"chPoolFreeI\000\000\000\000\000\000\000\000\000\000"
 507      6F6C4672 
 507      65654900 
 507      00000000 
 507      00000000 
 508 008b 0000E000 		.ascii	"\000\000\340\000\000\000chPoolFree\000\000\000\000\000"
 508      00006368 
 508      506F6F6C 
 508      46726565 
 508      00000000 
 509 00a0 00000000 		.ascii	"\000\000\000\000\000\000\000\342\000\000\000"
 509      000000E2 
 509      000000
 510              		.text
 511              		.section	.gnu.lto_.opts,"",%progbits
 512 0000 272D666E 		.ascii	"'-fno-trapv' '-mcpu=cortex-m4' '-mno-thumb-interwor"
 512      6F2D7472 
 512      61707627 
 512      20272D6D 
 512      6370753D 
 513 0033 6B272027 		.ascii	"k' '-mthumb' '-ggdb' '-O2' '-fomit-frame-pointer' '"
 513      2D6D7468 
 513      756D6227 
 513      20272D67 
 513      67646227 
 514 0066 2D66616C 		.ascii	"-falign-functions=16' '-ffunction-sections' '-fdata"
 514      69676E2D 
 514      66756E63 
 514      74696F6E 
 514      733D3136 
 515 0099 2D736563 		.ascii	"-sections' '-fno-common' '-flto'\000"
 515      74696F6E 
 515      73272027 
 515      2D666E6F 
 515      2D636F6D 
 516              		.text
 517              		.comm	__gnu_lto_v1,1,1
 518              		.comm	__gnu_lto_slim,1,1
 519              		.ident	"GCC: (GNU Tools for ARM Embedded Processors) 4.9.3 20150529 (release) [ARM/embedded-4_9-br
ARM GAS  C:\Users\NICOLA~1\AppData\Local\Temp\cc5p2jRb.s 			page 41


DEFINED SYMBOLS
                            *ABS*:00000000 chmempools.c
                            *COM*:00000001 __gnu_lto_v1
                            *COM*:00000001 __gnu_lto_slim

NO UNDEFINED SYMBOLS
