ARM GAS  C:\Users\NICOLA~1\AppData\Local\Temp\ccm3sBuh.s 			page 1


   1              		.syntax unified
   2              		.cpu cortex-m4
   3              		.fpu softvfp
   4              		.eabi_attribute 20, 1
   5              		.eabi_attribute 21, 1
   6              		.eabi_attribute 23, 3
   7              		.eabi_attribute 24, 1
   8              		.eabi_attribute 25, 1
   9              		.eabi_attribute 26, 1
  10              		.eabi_attribute 30, 2
  11              		.eabi_attribute 34, 1
  12              		.eabi_attribute 18, 4
  13              		.thumb
  14              		.file	"chregistry.c"
  15              		.text
  16              	.Ltext0:
  17              		.section	.gnu.lto_.profile.cfe40901,"",%progbits
  18 0000 789C6366 		.ascii	"x\234cf```a\200\000F\006Y!\000\000\300\0008"
  18      60606061 
  18      80004606 
  18      59210000 
  18      C00038
  19              		.text
  20              		.section	.gnu.lto_.jmpfuncs.cfe40901,"",%progbits
  21 0000 789C6366 		.ascii	"x\234cf\300\016\004\2404\023\010322\32632\227\203\370"
  21      C00E04A0 
  21      34130833 
  21      3232D633 
  21      329783F8 
  22 0014 0008FA01 		.ascii	"\000\010\372\001\025"
  22      15
  23              		.text
  24              		.section	.gnu.lto_.inline.cfe40901,"",%progbits
  25 0000 789C6366 		.ascii	"x\234cf\300\016\364\2414\023\003\003'\007#\003\023\317"
  25      C00EF4A1 
  25      34130303 
  25      27072303 
  25      13CF
  26 0012 835806B6 		.ascii	"\203X\006\266\005\362L\0201^Q\240\020\377\202\022\006"
  26      05F24C10 
  26      315E51A0 
  26      10FF8212 
  26      06
  27 0023 F60E7588 		.ascii	"\366\016u\210\0207\003\003\343\004?\006\000\200 \005"
  27      10370303 
  27      E3043F06 
  27      00802005 
  28 0033 47       		.ascii	"G"
  29              		.text
  30              		.section	.gnu.lto_.pureconst.cfe40901,"",%progbits
  31 0000 789C6366 		.ascii	"x\234cf```e\200\000&\006+&+\000\001{\000\201"
  31      60606065 
  31      80002606 
  31      2B262B00 
  31      017B0081 
  32              		.text
  33              		.section	.gnu.lto_chRegFirstThread.cfe40901,"",%progbits
ARM GAS  C:\Users\NICOLA~1\AppData\Local\Temp\ccm3sBuh.s 			page 2


  34 0000 789C8D53 		.ascii	"x\234\215S\355KSQ\030?\317\271w\327\251\223\244\017"
  34      ED4B5351 
  34      183FCFB9 
  34      77D7A993 
  34      A40F
  35 0012 7DF08B03 		.ascii	"}\360\213\003\011\005\333\226\020\365!*B\010\372\260"
  35      0905DB96 
  35      10F5212A 
  35      4208FAB0 
  36 0022 2FFA0744 		.ascii	"/\372\007D\255\221\003\347\344\336\031\371!\272\233"
  36      AD9103E7 
  36      E4DE19F9 
  36      21BA9B
  37 0031 2B2BB2C4 		.ascii	"++\262\304\212fei\371\232ff\257Z\346J-\263WK\264\027"
  37      8A666569 
  37      F99A6666 
  37      AF5AE64A 
  37      2DB3574B 
  38 0047 D0151645 		.ascii	"\320\025\026E\013\362\255\034R\366\2343\255\271\034"
  38      0BF2AD1C 
  38      52F69C33 
  38      ADB91C
  39 0056 34B6DD7B 		.ascii	"4\266\335{\316\363\374\236\337\357y\316\357\010\344"
  39      CEF3FC9E 
  39      DFEF79CE 
  39      EF08E4
  40 0065 DF4F12FE 		.ascii	"\337O\022\376\352DB\206\361\011\002\001Z\372\224\020"
  40      EA444286 
  40      F1090201 
  40      5AFA9410 
  41 0075 979602B0 		.ascii	"\227\226\002\260\027\002d\017\205=\360\231\216Qhk\236"
  41      1702640F 
  41      853DF099 
  41      8E51686B 
  41      9E
  42 0086 7C12FF89 		.ascii	"|\022\377\211\006)\321\023\\\266\227\365z%\266\004\221"
  42      0629D113 
  42      5CB697F5 
  42      7A25B604 
  42      91
  43 0097 2D8706BD 		.ascii	"-\207\006\275C\261\2515\252\352\376\326\332\237[~\254"
  43      43B1A935 
  43      AAEAFED6 
  43      DA9F5B7E 
  43      AC
  44 00a8 1223944C 		.ascii	"\022#\224LP\002u\220\004\365\300\210\240\001RY\256\313"
  44      50027590 
  44      04F5C088 
  44      A0015259 
  44      AECB
  45 00ba 57329020 		.ascii	"W2\220 \244\003{/\272\351\352\324\245T!\316\177\250"
  45      A4037B2F 
  45      BAE9EAD4 
  45      A55421CE 
  45      7FA8
  46 00cc E6814EED 		.ascii	"\346\201N\355U=\376\331\331d\004\303\005\020\026\342"
  46      553DFED9 
ARM GAS  C:\Users\NICOLA~1\AppData\Local\Temp\ccm3sBuh.s 			page 3


  46      D96404C3 
  46      051016E2 
  47 00dc D9072163 		.ascii	"\331\007!c\236\237C\361\222GU\325Dh\204\024F\202\265"
  47      9E9F43F1 
  47      924755D5 
  47      44688414 
  47      4682B5
  48 00ef 9B40027C 		.ascii	"\233@\002|\260\235KK}\352\354\354D\317\271\003k\033"
  48      B09D4B4B 
  48      7DEAECEC 
  48      44CFB903 
  48      6B1B
  49 0101 A816BBC2 		.ascii	"\250\026\273\302=\221\004\251\240a\177\204\214\"\200"
  49      3D9104A9 
  49      A0617F84 
  49      8C2280
  50 0110 B5F70115 		.ascii	"\265\367\001\025\342S\030\004w\"+<\321\250\036\023\004"
  50      E2531804 
  50      77222B3C 
  50      D1A81E13 
  50      04
  51 0121 23D7F565 		.ascii	"#\327\365e\240\252&\216\353\372\026h9\263\254\\\255"
  51      A0AA268E 
  51      EBFA1668 
  51      39B3AC5C 
  51      AD
  52 0132 749762D1 		.ascii	"t\227b\321\015\020\244\"\\\\L\0314C\012\002\337\225"
  52      0D10A422 
  52      5C5C4C19 
  52      34430A02 
  52      DF95
  53 0144 4C5D0136 		.ascii	"L]\0016\027QO\340\022F\337\202\373}E\361G\257\264@\272"
  53      17514FE0 
  53      1246DF82 
  53      FB7D45F1 
  53      47AFB440 
  54 0159 BFFB3C70 		.ascii	"\277\373<p\321\023\024\0266\345\377~pXC\240\205\205"
  54      D1131416 
  54      36E5FF7E 
  54      705843A0 
  54      8585
  55 016b 6844E855 		.ascii	"hD\350U\325:FC\3402\213\012\021\323 \320\012\022\012"
  55      D53A4643 
  55      E0328B0A 
  55      11D320D0 
  55      0A120A
  56 017e B9C24601 		.ascii	"\271\302F\001\244\0130<\022\230>*$\017@\205\352\325"
  56      A40B303C 
  56      12983E2A 
  56      240F4085 
  56      EAD5
  57 0190 07A98621 		.ascii	"\007\251\206!\216\277\235q\305\2118\003\270\012\311"
  57      8EBF9D71 
  57      C5893803 
  57      B80AC9
  58 019f 7CA227F7 		.ascii	"|\242'\367\236(\327\341\016\\\003\221k&p\035D\014\364"
  58      9E28D7E1 
ARM GAS  C:\Users\NICOLA~1\AppData\Local\Temp\ccm3sBuh.s 			page 4


  58      0E5C0391 
  58      6B26701D 
  58      440CF4
  59 01b2 15577E17 		.ascii	"\025W~\027\223\207\346\320\022\313}\036\270\337\036"
  59      9387E6D0 
  59      12CB7D1E 
  59      B8DF1E
  60 01c1 CBD13718 		.ascii	"\313\3217\030\032n\342\371\277\001\367\365\266`\275"
  60      1A6EE2F9 
  60      BF01F7F5 
  60      B660BD
  61 01d0 8EF5F383 		.ascii	"\216\365\363\203\012\230u\346\345\341f\272{F\335\257"
  61      0A9875E6 
  61      E5E166BA 
  61      7B46DDAF 
  62 01e0 6A8334E6 		.ascii	"j\2034\346'\015\235\334\310\350\263~-\233M\014_\326"
  62      270D9DDC 
  62      C8E8B37E 
  62      2D9B4D0C 
  62      5FD6
  63 01f2 BB3CA7A1 		.ascii	"\273<\247\241\002N\271T\226\245\2056\330\015\355\214"
  63      024EB954 
  63      96A58536 
  63      D80DED8C 
  64 0202 1D63BF9A 		.ascii	"\035c\277\232\216\264J\206Fl\313\227\024\244\261p\013"
  64      8EB44A86 
  64      466CCB97 
  64      14A4B170 
  64      0B
  65 0213 13C7E99C 		.ascii	"\023\307\351\234\003::_\374\022C\3014\346\224\333`\030"
  65      033A3A5F 
  65      FC1243C1 
  65      34E694DB 
  65      6018
  66 0225 C731A29A 		.ascii	"\3071\242\232\0160\020<N5\201\373\001\317\035\345py"
  66      0E30103C 
  66      4E3581FB 
  66      01CF1DE5 
  66      7079
  67 0237 638FB342 		.ascii	"c\217\263B\352\304p\035\224\227\2736}\366k\002\352\300"
  67      EAC4701D 
  67      9497BB36 
  67      7DF66B02 
  67      EAC0
  68 0249 B38DC37C 		.ascii	"\263\215\303|\2703\247\341\364\344\321\327K\014\351"
  68      B833A7E1 
  68      F4E4D1D7 
  68      4B0CE9
  69 0258 411A0F9D 		.ascii	"A\032\017\235\234\236\033\315\207\024o\240\250l_\000"
  69      9C9E1BCD 
  69      87146FA0 
  69      A86C5F00 
  70 0268 421535A1 		.ascii	"B\0255\241\242\375'k\213\226\260\242\3618\374\273X\002"
  70      A2FD276B 
  70      8B96B0A2 
  70      F138FCBB 
  70      5802
ARM GAS  C:\Users\NICOLA~1\AppData\Local\Temp\ccm3sBuh.s 			page 5


  71 027a 69CB784A 		.ascii	"i\313xJ\030\005\266\352\323D\247\271\367\227\246\013"
  71      1805B6EA 
  71      D344A7B9 
  71      F797A60B 
  72 028a 0C589ACC 		.ascii	"\014X\232\314{3\334\217\245g\377\313\217\335\334\217"
  72      7B33DC8F 
  72      A567FFCB 
  72      8FDDDC8F 
  73 029a 7F7AC55B 		.ascii	"\177z\305[\016=\321\3758Z;\357G\361\037[\335g\266\212"
  73      0E3DD1FD 
  73      385A3BEF 
  73      47F11F5B 
  73      DD67B68A 
  74 02ae 3069DF14 		.ascii	"0i\337\024\232\364\001\313\327D\232\364\342z\306M\240"
  74      9AF401CB 
  74      D7449AF4 
  74      E27AC64D 
  74      A0
  75 02bf 7771933E 		.ascii	"wq\223>\344&\355\0133i\365W\177\2734\357\277\036\356"
  75      E426ED0B 
  75      3369F557 
  75      7FBB34EF 
  75      BF1EEE
  76 02d2 BF47DC7F 		.ascii	"\277G\334\177\221f{\214f\033\006\227\277\272nn\366x"
  76      91667B8C 
  76      661B0697 
  76      BFBA6E6E 
  76      F678
  77 02e4 9BF13A03 		.ascii	"\233\361:\003\273\306\230\225f4\232\360k\311\261m\263"
  77      BBC69895 
  77      66349AF0 
  77      6BC9B16D 
  77      B3
  78 02f5 39948CD5 		.ascii	"9\224\214\325\031&\207b\222\235&E\266\340\246l\335a"
  78      19268762 
  78      929D2645 
  78      B6E0A66C 
  78      DD61
  79 0307 539C72A1 		.ascii	"S\234r\241\321B\2503_\263skn\2015#\012\"\337!;\025\323"
  79      D142A833 
  79      5FB3736B 
  79      6E813523 
  79      0A22DF21 
  80 031e C62C73A6 		.ascii	"\306,s\246y\027F-\016\331\272e\347\032\2731\207\254"
  80      7917462D 
  80      0ED9BA65 
  80      E71ABB31 
  80      87AC
  81 0330 5A0C61DD 		.ascii	"Z\014a\335\3454e\232\2637g\233ly\226\334\202\355V\023"
  81      E534659A 
  81      B337679B 
  81      6C7996DC 
  81      82ED5613 
  82 0344 4758EC9B 		.ascii	"GX\354\233\012\362,\010J\215B\363';G)T0/\321\234\235"
  82      0AF22C08 
  82      4A8D42F3 
  82      273B4729 
ARM GAS  C:\Users\NICOLA~1\AppData\Local\Temp\ccm3sBuh.s 			page 6


  82      54302FD1 
  83 035a A5DFB655 		.ascii	"\245\337\266U\261\346\313\266\025\372\345+\011\225I"
  83      B1E6CBB6 
  83      15FAE52B 
  83      099549
  84 0369 8CDD6A77 		.ascii	"\214\335jw\310\205\3447\312\237\345\275"
  84      C885E437 
  84      CA9FE5BD 
  85              		.text
  86              		.section	.gnu.lto_chRegNextThread.cfe40901,"",%progbits
  87 0000 789C8D54 		.ascii	"x\234\215T\357OSg\024~\237\367\336^\012\024!\373\260"
  87      EF4F5367 
  87      147E9FF7 
  87      DE5E0A14 
  87      21FBB0
  88 0013 18B78426 		.ascii	"\030\267\204&\204\260\304\321\216\305\314\304\304\375"
  88      84B0C4D1 
  88      8EC5CCC4 
  88      C4FD
  89 0021 88C9927D 		.ascii	"\210\311\222}\340\213\374\001\213\326f4\001J\332b\344"
  89      E08BFC01 
  89      8BD66634 
  89      014ADA62 
  89      E4
  90 0032 03F1B6D4 		.ascii	"\003\361\266\324\271la#\300&8Q\310D\335PP\030(\214\315"
  90      B96C6123 
  90      C0263851 
  90      C844DD50 
  90      5018288C 
  91 0047 4E992013 		.ascii	"N\231 \023\205\314Q\225M;\203\206MLp\325\301\015Cv\336"
  91      85CC5195 
  91      4D3B8386 
  91      4D4C70D5 
  91      C10D4376 
  92 005c B722A540 		.ascii	"\267\"\245@\262\246\355\275\367=\3479?\236\363\234\253"
  92      B2A6EDBD 
  92      F73DE739 
  92      3F9EF39C 
  92      AB
  93 006d B0959F4D 		.ascii	"\260\225\237M\364;`b\354.]ab\340\325W\031\363\2339W"
  93      F43B6062 
  93      EC2E5D61 
  93      62E0D557 
  93      19F39B39 
  94 0082 43607A8A 		.ascii	"C`z\2122r\2051\335\242@\215\235\253\200\270a`{\271\242"
  94      32728531 
  94      DDA2408D 
  94      9DAB80B8 
  94      61607BB9 
  95 0097 622FFEE4 		.ascii	"b/\376\344\2178z\332\036\017\247Nr\2033+\243\307\336"
  95      8F387ADA 
  95      1E0FA74E 
  95      7283332B 
  95      A3C7DE
  96 00aa 9AC17A4D 		.ascii	"\232\301zM<B\025\217\341\261\372prN\213\256\007\246"
  96      3C42158F 
  96      E1B1FA70 
ARM GAS  C:\Users\NICOLA~1\AppData\Local\Temp\ccm3sBuh.s 			page 7


  96      724E8BAE 
  96      07A6
  97 00bc 3BC2450D 		.ascii	";\302E\015uMd\341,\312\031\216c\003N`\203\210\3675r"
  97      754D64E1 
  97      2CCA198E 
  97      63034E60 
  97      8388F735 
  98 00d1 C8D51FAA 		.ascii	"\310\325\037\252\272\236\246l\204\200\365\267\217\031"
  98      BA9EA66C 
  98      8480F5B7 
  98      8F19
  99 00df E6ECAF08 		.ascii	"\346\354\257\010\026\032\356\320\337V\011\204o\240\304"
  99      161AEED0 
  99      DF560984 
  99      6FA0C4
 100 00ee E3441CB4 		.ascii	"\343D\034\264\"[\270w\206\346\036\250\212MB\317O\376"
 100      225BB877 
 100      86E61EA8 
 100      8A4D42CF 
 100      4FFE
 101 0100 5567C96A 		.ascii	"Ug\311j&h\244\257e\300\242\017\352\301\310\302B\246"
 101      2668A4AF 
 101      65C0A20F 
 101      EAC1C8C2 
 101      42A6
 102 0112 88707279 		.ascii	"\210pry\204\330\207 \217\202\363\341T-\250\353z\006"
 102      84D88720 
 102      8F82F3E1 
 102      542DA8EB 
 102      7A06
 103 0124 4E216B9E 		.ascii	"N!k\2363Q!\025\326\006\015t\021\207\355/\204\364\205"
 103      33512115 
 103      D6060D74 
 103      1187ED2F 
 103      84F485
 104 0137 85E8EF35 		.ascii	"\205\350\3575\237\344\264q\013\23083A\024\240\311\373"
 104      9FE4B471 
 104      0B983833 
 104      4114A0C9 
 104      FB
 105 0148 242A4831 		.ascii	"$*H1\213?\306&\010,\230\272G%\322U\031C C\344\211\266"
 105      8B3FC626 
 105      082C98BA 
 105      4725D255 
 105      19432043 
 106 015f EA758AF2 		.ascii	"\352u\212\362\272,\363\301\365\346\226\024Y\346\364"
 106      BA2CF3C1 
 106      F5E69614 
 106      59E6F4
 107 016e ECE9C32F 		.ascii	"\354\351\303/6\350M\201jJ\360\026\014\256\242}\265B"
 107      36E84D81 
 107      6A4AF016 
 107      0CAEA27D 
 107      B542
 108 0180 711A5904 		.ascii	"q\032Y\004\374\243\352I'\004\301\252\225\341\014Y\307"
 108      FCA3EA49 
 108      2704C1AA 
ARM GAS  C:\Users\NICOLA~1\AppData\Local\Temp\ccm3sBuh.s 			page 8


 108      95E10C59 
 108      C7
 109 0191 11B8DBB5 		.ascii	"\021\270\333\265\377~\275\266\254\223H\177;d\003Q\216"
 109      FF7EBDB6 
 109      AC93487F 
 109      3B640351 
 109      8E
 110 01a2 E53D469E 		.ascii	"\345=F\236~|\233\206\335!L<\3014\335\274U\244a\350\024"
 110      7E7C9B86 
 110      DD214C3C 
 110      C134DDBC 
 110      55A461E8 
 111 01b7 5625811C 		.ascii	"V%\201\034\206o\241Q!]\202\026\260\001\220\371\316\324"
 111      866FA151 
 111      215D8216 
 111      B00190F9 
 111      CED4
 112 01c9 6CAD9279 		.ascii	"l\255\222y\003\215z\275\325\340&\201\370||\316\237\242"
 112      038D7ABD 
 112      D5E02681 
 112      F87C7CCE 
 112      9FA2
 113 01db 1207E846 		.ascii	"\022\007\350F\246$\370\340\276\003\015\026:\301Y\250"
 113      A624F8E0 
 113      BE030D16 
 113      3AC159A8 
 114 01eb B2668673 		.ascii	"\262f\206sP\3110\264\277\351\0375s\374\031Z\023\276"
 114      50C930B4 
 114      BFE91F35 
 114      73FC195A 
 114      13BE
 115 01fd 2353977A 		.ascii	"#S\227z\223%\272G\240\321KB\272\205@w\217\321\272N\364"
 115      9325BA47 
 115      A0D14B42 
 115      BA854077 
 115      8FD1BA4E 
 116 0212 33C345A3 		.ascii	"3\303E\243w&\256\215\232'\245\230\004\250k\366\310\303"
 116      7726AE8D 
 116      9A27A598 
 116      04A86BF6 
 116      C8C3
 117 0224 B4467CE9 		.ascii	"\264F|\351\327\365\320K\006O\232\341&|'\362\220\355"
 117      D7F5D04B 
 117      064F9AE1 
 117      267C27F2 
 117      90ED
 118 0236 D0E3DA9B 		.ascii	"\320\343\332\233\351\271\033\205\000\372\320\210\277"
 118      E9B91B85 
 118      00FAD088 
 118      BF
 119 0243 B924F37B 		.ascii	"\271$\363{\3442\232\213\236.\207L\003\244\270\354W\004"
 119      E4329A8B 
 119      9E2E874C 
 119      03A4B8EC 
 119      5704
 120 0255 6F541EFF 		.ascii	"oT\036\377B[\312s\370\227O\333x\305\234\376\221n6\270"
 120      425BCA73 
ARM GAS  C:\Users\NICOLA~1\AppData\Local\Temp\ccm3sBuh.s 			page 9


 120      F8974FDB 
 120      78C59CFE 
 120      916E36B8 
 121 0269 799EB864 		.ascii	"y\236\270d\361\331\315\362\361\204?x\010\261\354\344"
 121      F1D9CDF2 
 121      F1843F78 
 121      08B1ECE4 
 122 0279 958C1F50 		.ascii	"\225\214\037P\201\363\317\262?=\371Y\207\226\333J\364"
 122      81F3CFB2 
 122      3F3DF959 
 122      8796DB4A 
 122      F4
 123 028a 85B61A3C 		.ascii	"\205\266\032<\005!Y\002b\302\253\232;V\253\311\350\241"
 123      05215902 
 123      62C2AB9A 
 123      3B56ABC9 
 123      E8A1
 124 029c 2D064FC5 		.ascii	"-\006O\305\217T\024\303\005T\310\201\337\243\001\320"
 124      8F5414C3 
 124      0554C881 
 124      DFA301D0 
 125 02ac 0A2AA2FB 		.ascii	"\012*\242\3733S\001%VUR\\\273\220\255j+[\265\340\242"
 125      33530125 
 125      5655525C 
 125      BB90AD6A 
 125      2B5BB5E0 
 126 02c1 CC2355DC 		.ascii	"\314#U\334OQo\241\262\346\303~\036\013a\216E\031=x\254"
 126      4F516FA1 
 126      B2E6C37E 
 126      1E0B618E 
 126      45193D78 
 127 02d6 325D7421 		.ascii	"2]t!\344\374\023\205\240D5\020.\011\214\256_;\315\245"
 127      E4FC1385 
 127      A0443510 
 127      2E098CAE 
 127      5F3BCDA5 
 128 02ea A53403C8 		.ascii	"\2454\003\310\235\021\204P\335\352\222\354c\324\202"
 128      9D118450 
 128      DDEA92EC 
 128      63D482
 129 02f9 2DEE40BC 		.ascii	"-\356@\274\356\253\217\374/\335\017J\335?\347\\\245"
 129      EEAB8FFC 
 129      2FDD0F4A 
 129      DD3FE75C 
 129      A5
 130 030a A3CB6BEB 		.ascii	"\243\313k\353~\242{Q\367\352\012\371\016\011\371&,\303"
 130      7EA27B51 
 130      F7EA0AF9 
 130      0E09F926 
 130      2CC3
 131 031c D0135A86 		.ascii	"\320\023Z\206\237\205\277)q\031N\275)r3\\Y}\031\206"
 131      9F85BF29 
 131      71194EBD 
 131      2972335C 
 131      597D1986 
 132 0330 E5325C8D 		.ascii	"\3452\\\215[\206\243\017#\275\332\242\316/K\235_\223"
 132      5B86A30F 
ARM GAS  C:\Users\NICOLA~1\AppData\Local\Temp\ccm3sBuh.s 			page 10


 132      23BDDAA2 
 132      CE2F4B9D 
 132      5F93
 133 0342 3A4F14F5 		.ascii	":O\024\365\010\211\3727\004#G\317J\276Y\242\322\322"
 133      0889FA37 
 133      042347CF 
 133      4ABE59A2 
 133      D2D2
 134 0354 A25CC41E 		.ascii	"\242\\\304\036%%\220\224\015\276\216\335\246\367\343"
 134      25259094 
 134      0DBE8EDD 
 134      A6F7E3
 135 0363 486A6C7E 		.ascii	"Hjl~\244\236\373\200\030\007\357\273\271\213&\243\374"
 135      A49EFB80 
 135      1807EFBB 
 135      B98B26A3 
 135      FC
 136 0374 1B7E99DE 		.ascii	"\033~\231\336:\020\264S\222Wl6;}\035\205\256\235.\267"
 136      3A10B453 
 136      92576C36 
 136      3B7D1D85 
 136      AE9D2EB7 
 137 0388 37EF8D3C 		.ascii	"7\357\215<\273\333k\367\370\354^\217\203\016=\316\017"
 137      BBDB6BF7 
 137      F8EC5E8F 
 137      830E3DCE 
 137      0F
 138 0399 5C5E9FA7 		.ascii	"\\^\237\247\334\346`\334W\252\224\370JM\273w\024\225"
 138      DCE660DC 
 138      57AA94F8 
 138      4A4DBB77 
 138      1495
 139 03ab 39F3D640 		.ascii	"9\363\326@\225\272=>\257\375\235\355\371\333\362\367"
 139      95BA3D3E 
 139      AFFD9DED 
 139      F9DBF2F7 
 140 03bb 90D5E1F6 		.ascii	"\220\325\341\3668\337\337\275\271\330V\3106\255\206"
 140      38DFDFBD 
 140      B9D856C8 
 140      36AD86
 141 03ca 70EEF1D9 		.ascii	"p\356\361\331\267\345\027\274W`w\2258\212\312v9\355"
 141      B7E517BC 
 141      57607795 
 141      388ACA76 
 141      39ED
 142 03dc 12E1287E 		.ascii	"\022\341(~\267\254\304A\240\2345\322<\367.\364\226{"
 142      B7ACC441 
 142      A09C35D2 
 142      3CF72EF4 
 142      967B
 143 03ee C92F23BF 		.ascii	"\311/#\277`\273u\347\016\257\263\324\343z\325\232\375"
 143      60BB75E7 
 143      0EAFB3D4 
 143      E37AD59A 
 143      FD
 144 03ff 1AE31E96 		.ascii	"\032\343\036\226T\354,v{\312\331\177\340\354<\276"
 144      54EC2C76 
ARM GAS  C:\Users\NICOLA~1\AppData\Local\Temp\ccm3sBuh.s 			page 11


 144      7BCAD97F 
 144      E0EC3CBE 
 145              		.text
 146              		.section	.gnu.lto_.symbol_nodes.cfe40901,"",%progbits
 147 0000 789C55C9 		.ascii	"x\234U\311\253\015\200@\024\005\321\271o!YI\007\024"
 147      AB0D8040 
 147      1405D1B9 
 147      6F215949 
 147      0714
 148 0012 4451771D 		.ascii	"DQw\035\226\012\010$\324C%\030>A#\3000\362L\002:\276"
 148      960A0824 
 148      D4432518 
 148      3E4123C0 
 148      30F24C02 
 149 0028 E2906158 		.ascii	"\342\220aX\301f\2342\365%\032\023\247\254\237\357\322"
 149      C1669C32 
 149      F5251A13 
 149      A7AC9FEF 
 149      D2
 150 0039 1C46B71C 		.ascii	"\034F\267\034\357\240\224L\212\212\245\337Z\036-\267"
 150      EFA0944C 
 150      8A8AA5DF 
 150      5A1E2DB7 
 151 0049 14BD     		.ascii	"\024\275"
 152              		.text
 153              		.section	.gnu.lto_.refs.cfe40901,"",%progbits
 154 0000 789C6366 		.ascii	"x\234cf``\340f\200\000F bfdbbde\000\000\001z\000\037"
 154      6060E066 
 154      80004620 
 154      62666462 
 154      62646500 
 155              		.text
 156              		.section	.gnu.lto_.decls.cfe40901,"",%progbits
 157 0000 789CB53B 		.ascii	"x\234\265;mTTG\226]\257\272\201n\232&\0233L\216'3a\311"
 157      6D545447 
 157      965DAFBA 
 157      816E9A26 
 157      13334C8E 
 158 0018 2C939949 		.ascii	",\223\231I4f\022gf7{\222\231\314dv2;I6\311\354\331\263"
 158      34661267 
 158      66377B92 
 158      99CC6476 
 158      323B4936 
 159 0030 714F0F42 		.ascii	"qO\017B\253l\370\232\246\215:g\317\331\307\227\"\312"
 159      AB6CF89A 
 159      A68D3A67 
 159      CFD9C797 
 159      22CA
 160 0042 B7201F22 		.ascii	"\267 \037\"\215\240\200|\212\212(\240\370\201\312\207"
 160      8DA0807C 
 160      8A8A28A0 
 160      F881CA87 
 161 0052 8A02F2A1 		.ascii	"\212\002\362\241H\013(\240\242\240\030\360\003zoU\275"
 161      480B28A0 
 161      A2A018F0 
 161      037A6F55 
 161      BD
ARM GAS  C:\Users\NICOLA~1\AppData\Local\Temp\ccm3sBuh.s 			page 12


 162 0063 EEF7BA7D 		.ascii	"\356\367\272}\255\376\230\351\343\365\325}u\353\336"
 162      ADFE98E9 
 162      E3F5D57D 
 162      75EBDE
 163 0072 5BB76EDD 		.ascii	"[\267n\335\272U\365\300\012\205\342=\244PX\341\367\365"
 163      BA55F5C0 
 163      0A85E23D 
 163      A45058E1 
 163      F7F5
 164 0084 528562B9 		.ascii	"R\205b\271\207B\201\341\335g\012\361Gp\023\320\254\005"
 164      874281E1 
 164      DD670AF1 
 164      477013D0 
 164      AC05
 165 0096 F85F000E 		.ascii	"\370_\000\016\360\273\360\374\015\247p\370\021\032-"
 165      F0BBF0FC 
 165      0DA770F8 
 165      111A2D
 166 00a5 3C750AF6 		.ascii	"<u\012\366\374\004p\037x\036\000\370\010h?\006\370\003"
 166      FC04701F 
 166      781E00F8 
 166      08683F06 
 166      F803
 167 00b7 C01D78BF 		.ascii	"\300\035x\277\005\340}\2009\201\377\004\224\023\001"
 167      05E07D80 
 167      3981FF04 
 167      941301
 168 00c6 5600B809 		.ascii	"V\000\270\011\274>\001\332\317\000\376\003\340?\001"
 168      BC3E01DA 
 168      CF00FE03 
 168      E03F01
 169 00d5 FE0B0009 		.ascii	"\376\013\000\011\262\245?\242\227\3673\344\022YR\331"
 169      B2A53FA2 
 169      97F733E4 
 169      125952D9 
 170 00e5 5F714CF6 		.ascii	"_qL\3662x\376\0251\035\376\204\230\036D\007w\201\257"
 170      3278FE15 
 170      311DFE84 
 170      981E4407 
 170      7781AF
 171 00f8 9C0E361B 		.ascii	"\234\0166\033\004rO\3522\305\241\235M3\233\2701\016"
 171      04724FEA 
 171      32C5A19D 
 171      4D339BB8 
 171      310E
 172 010a E9346625 		.ascii	"\3514f%\301w\327%<\362\000\\\253\371\015AKk*ns\230C"
 172      C177D725 
 172      3CF2005C 
 172      ABF90D41 
 172      4B6B2A6E 
 173 0121 A45C9875 		.ascii	"\244\\\230u\265K\363\306n\236\347\343\371\246^$\362"
 173      B54BF3C6 
 173      6E9EE7E3 
 173      F9A65E24 
 173      F2
 174 0132 18CE6FBB 		.ascii	"\030\316o\273\356\215_\244D\031\243\025w\325\370\025"
 174      EE8D5FA4 
ARM GAS  C:\Users\NICOLA~1\AppData\Local\Temp\ccm3sBuh.s 			page 13


 174      4419A315 
 174      77D5F815 
 175 0142 5A3E5839 		.ascii	"Z>X9}\306\223\362\366%\350\241\264\323Yn\2245\225\324"
 175      7DC693F2 
 175      F625E8A1 
 175      B4D3596E 
 175      943595D4 
 176 0156 97742FC5 		.ascii	"\227t/\305\003\277F)/&\337\354\322\342\237\320\362\221"
 176      03BF4629 
 176      2F26DFEC 
 176      D2E29FD0 
 176      F291
 177 0168 C3B32735 		.ascii	"\303\263'5\370mZ\336\034oi\321\340\177\246\345\250]"
 177      F86D5ADE 
 177      1C6F69D1 
 177      E07FA6E5 
 177      A85D
 178 017a F59BDDA1 		.ascii	"\365\233\335\241\371?h\250\320\301\334\007Ej\212\022"
 178      F93F68A8 
 178      D0C1DC07 
 178      456A8A12 
 179 018a 6FF08657 		.ascii	"o\360\206W\334\351\353|\241\016\371k\212@\305\311\244"
 179      DCE9EB7C 
 179      A10EF96B 
 179      8A40C5C9 
 179      A4
 180 019b C2A17F8D 		.ascii	"\302\241\177\215\341?@\265H\203j\020F\273\321\033\240"
 180      E13F40B5 
 180      48836A10 
 180      46BBD11B 
 180      A0
 181 01ac 2D6D4D7E 		.ascii	"-mM~\361<\037\315\247\304\360\352\323:\005\252@\013"
 181      F13C1FCD 
 181      A7C4F0EA 
 181      D33A05AA 
 181      400B
 182 01be 51255AA8 		.ascii	"Q%Z\250@\373\221?PPZ\264\027^\356\203\227\300\270\371"
 182      40FB913F 
 182      50505AB4 
 182      175EEE83 
 182      97C0B8F9 
 183 01d2 F1E15815 		.ascii	"\361\341X\025\322\370\3137\252\223iDU\030\210K\363\341"
 183      D2F8CB37 
 183      AA936944 
 183      5518884B 
 183      F3E1
 184 01e4 79253A00 		.ascii	"y%:\000*\354\021U\000\215l\246\343\212\306\243\313T"
 184      2AEC1155 
 184      008D6CA6 
 184      E38AC6A3 
 184      CB54
 185 01f6 3695B337 		.ascii	"6\225\2637\016\255\"*\037\002\372j\221\376\000z\252"
 185      0EAD222A 
 185      1F02FA6A 
 185      91FE007A 
 185      AA
 186 0207 CE076575 		.ascii	"\316\007euF\371'\356\027x\342\223l\350\21222\313U\324"
ARM GAS  C:\Users\NICOLA~1\AppData\Local\Temp\ccm3sBuh.s 			page 14


 186      46F927EE 
 186      1778E293 
 186      6CE88A32 
 186      32CB55D4 
 187 021b F41E04ED 		.ascii	"\364\036\004\355\034\231\274\345\201\317\260\272\223"
 187      1C99BCE5 
 187      81CFB0BA 
 187      93
 188 0228 67CE8F20 		.ascii	"g\316\217 \346\001\034\301\013\206[\333<)\355\017\011"
 188      E6011CC1 
 188      0B865BDB 
 188      3C29ED0F 
 188      09
 189 0239 9A52DC74 		.ascii	"\232R\334t\322\023w3\332\013w\017\362\356\370*E\270"
 189      D2137733 
 189      DA0B770F 
 189      F2EEF82A 
 189      45B8
 190 024b C4F383F3 		.ascii	"\304\363\203\363J\344\257\245\272\367\227\335[\033\005"
 190      4AE4AFA5 
 190      BAF797DD 
 190      5B1B05
 191 025a BA1F475A 		.ascii	"\272\037GZtT\324\375S-S=AT\035}\346#*\177\014\224\377"
 191      7454D4FD 
 191      532D533D 
 191      41541D7D 
 191      E6232A7F 
 192 0271 542B5083 		.ascii	"T+P\203\200o\371\223\011\3368\013Si\011\367b\217jq."
 192      806FF993 
 192      09DE380B 
 192      536909F7 
 192      628F6A71 
 193 0286 43EE34B6 		.ascii	"C\3564\266\344y\343\355\014\031\233\032\273\250\303"
 193      E479E3ED 
 193      0C199B1A 
 193      BBA8C3
 194 0295 050C49BF 		.ascii	"\005\014I\277\3214\244\303E\014i\033\232\275\247\245"
 194      D134A4C3 
 194      450C691B 
 194      9ABDA7A5 
 195 02a5 DABF40D0 		.ascii	"\332\277@\320\035G\206c\264\270\230\325]JY_\242\306"
 195      1D478663 
 195      B4B898D5 
 195      5D4A595F 
 195      A2C6
 196 02b7 BB19923D 		.ascii	"\273\031\222=\323~\322\233\022\276L\320\362\202\354"
 196      D37ED29B 
 196      12BE4CD0 
 196      F282EC
 197 02c6 5A35AE64 		.ascii	"Z5\256du\267[\312\2078\\\203\035\274XK\275\330s\272"
 197      75B75BCA 
 197      87385C83 
 197      1DBC584B 
 197      BDD873BA 
 198 02da B4BE408B 		.ascii	"\264\276@\213\374\330o\201\237\277\237\031\27269Q\261"
 198      FCD86F81 
 198      9FBF9F19 
ARM GAS  C:\Users\NICOLA~1\AppData\Local\Temp\ccm3sBuh.s 			page 15


 198      BA363951 
 198      B1
 199 02eb FBE3B418 		.ascii	"\373\343\264\030\276\350ej\200f0@\017Z v\363\365\205"
 199      BEE8656A 
 199      80663040 
 199      0F5A2076 
 199      F3F585
 200 02fe 0A3A62D0 		.ascii	"\012:b\320IBn\256(u;\375\026%mu&mAN\264\225v\3326g\332"
 200      49426EAE 
 200      28753BFD 
 200      16256D75 
 200      266D414E 
 201 0319 764AFB13 		.ascii	"vJ\373\023;i\231\235\364\2243i\2033\333\335v\332\223"
 201      3B69999D 
 201      F4943369 
 201      8333DBDD 
 201      76DA93
 202 032c F2B422DB 		.ascii	"\362\264\"\333:;\351Yg\322sN\244%v\322\023\2626\240"
 202      3A3BE959 
 202      67D2734E 
 202      A42576D2 
 202      13B236A0 
 203 0340 94A9E030 		.ascii	"\224\251\3400|\012\317\177`R\240\303P}\204T7\011\364"
 203      7C0ACF7F 
 203      6052A0C3 
 203      507D8454 
 203      3709F4
 204 0353 E00AA80F 		.ascii	"\340\012\250\017\274\342\"\362C\035\000]\000\235\000"
 204      BCE222F2 
 204      431D005D 
 204      009D00
 205 0362 FD00E701 		.ascii	"\375\000\347\001.\000\364\002t#?\352YTl\225]\354\031"
 205      2E00F402 
 205      74233FEA 
 205      59546C95 
 205      5DEC19
 206 0375 791BB18E 		.ascii	"y\033\261\216\023O\265\314mp\343\021\241Q\010n'\374"
 206      134FB5CC 
 206      6D70E311 
 206      A151086E 
 206      27FC
 207 0387 08234B79 		.ascii	"\010#Kyi\253\226\027X\235\226\037\032\332\005\360\213"
 207      69AB9617 
 207      589D961F 
 207      1ADA05F0 
 207      8B
 208 0398 D1B8F822 		.ascii	"\321\270\370\"\225V\352\330Rb\005\272\204\264B|\034"
 208      9556EAD8 
 208      526205BA 
 208      84B4427C 
 208      1C
 209 03a9 DF10F731 		.ascii	"\337\020\3671\036\245\336\204\217nJ]\203\300m\230\015"
 209      1EA5DE84 
 209      8F6E4A5D 
 209      83C06D98 
 209      0D
 210 03ba 62A80DEC 		.ascii	"b\250\015\354\002\032A\342\200`\203A\260\301\025I\037"
ARM GAS  C:\Users\NICOLA~1\AppData\Local\Temp\ccm3sBuh.s 			page 16


 210      021A41E2 
 210      80608341 
 210      B0C11549 
 210      1F
 211 03cb 27FBDB76 		.ascii	"'\373\333v\255c.\006\234\321e\201T\306\274\264\227\331"
 211      AD632E06 
 211      9CD16581 
 211      54C6BCB4 
 211      97D9
 212 03dd 71A49703 		.ascii	"q\244\227\003O\364\022\324y\2341\274\336\003\337d\336"
 212      4FF412D4 
 212      799C31BC 
 212      DE03DF64 
 212      DE
 213 03ee 3D58DB7C 		.ascii	"=X\333|O\215\247\030\222S=;\243\301\017\030r\272,\357"
 213      4F8DA718 
 213      92533D3B 
 213      A3C10F18 
 213      72BA2CEF 
 214 0402 CF384A49 		.ascii	"\3178JI\312\312\341m\325\265\336\310\177\341B\032\250"
 214      CACAE16D 
 214      D5B5DEC8 
 214      7FE1421A 
 214      A8
 215 0413 E2619E8F 		.ascii	"\342a\236\217B\214\032FX\262\230d\301\373\331\367I\005"
 215      428C1A46 
 215      58B29864 
 215      C1FBD9F7 
 215      4905
 216 0425 143DE893 		.ascii	"\024=\350\223\006\254\3114\036\277\254@o,D?\0065G\240"
 216      06ACC934 
 216      1EBFAC40 
 216      6F2C443F 
 216      063547A0 
 217 0439 5BA44A81 		.ascii	"[\244J\201\256\203\346\327X\254\032J\237\332\250\322"
 217      AE83E6D7 
 217      58AC1A4A 
 217      9FDAA8D2 
 218 0449 08D4F1CF 		.ascii	"\010\324\361\317\242\316J\310\212\327:\030~\014\224"
 218      A2CE4AC8 
 218      8AD73A18 
 218      7E0C94
 219 0458 110D3F6E 		.ascii	"\021\015?n7|\367p*\304\242\365\264\017\350\361\\\354"
 219      377CF770 
 219      2AC4A2F5 
 219      B40FE8F1 
 219      5CEC
 220 046a 566F9CC8 		.ascii	"Vo\234\310\220\255\347{\017(q&C\022.\225\266\273\343"
 220      90ADE77B 
 220      0F287126 
 220      43122E95 
 220      B6BBE3
 221 047d ED4A8765 		.ascii	"\355J\207e\306\207-3Im9G1E\2554\350\245\015O\357D\266"
 221      C6872D33 
 221      496D3947 
 221      3145AD34 
 221      E8A50D4F 
ARM GAS  C:\Users\NICOLA~1\AppData\Local\Temp\ccm3sBuh.s 			page 17


 222 0494 A5C0B16B 		.ascii	"\245\300\261kS\240\254\217\020\210o\2036wl\353@Ra\362"
 222      53A0AC8F 
 222      10886F83 
 222      36776CEB 
 222      405261F2 
 223 04a8 2B641D98 		.ascii	"+d\035\230\0045'\304\330\350#.\003\226\236\235\377."
 223      043527C4 
 223      D8E8232E 
 223      03969E9D 
 223      FF2E
 224 04ba CFF49E2B 		.ascii	"\317\364\236+\246\003qm\337%L\357\002\323[\"\323I\311"
 224      A603716D 
 224      DF254CEF 
 224      02D35B22 
 224      D349C9
 225 04cd E2622998 		.ascii	"\342b)\230Y)\317\365\276+\256\331\245\203? \\\247\201"
 225      5929CFF5 
 225      BE2BAED9 
 225      A5833F20 
 225      5CA781
 226 04e0 EB4D91EB 		.ascii	"\353M\221\353]\221+\352/\3579\201q\011\263\326\231\356"
 226      5D912BEA 
 226      2FEF3981 
 226      7109B3D6 
 226      99EE
 227 04f2 AC382F5C 		.ascii	"\2548/\\M\021\256{n\375\002yy\017\\\3103?\346y\017\005"
 227      4D11AE7B 
 227      6EFD0279 
 227      790F5CC8 
 227      333FE679 
 228 0508 9A056933 		.ascii	"\232\005i3\362\322\206\357\366\227hq\035\223V2t6\315"
 228      F2D286EF 
 228      F6976871 
 228      1D935632 
 228      7436CD
 229 051b 8B2E55AF 		.ascii	"\213.U\257\023t\333\206\351\207J\334\304\204\357K\034"
 229      1374DB86 
 229      E9874ADC 
 229      C484EF4B 
 229      1C
 230 052c 8CC3F2D2 		.ascii	"\214\303\362\322\347]I\237\247\322\347@\372cy\351Wo"
 230      E75D499F 
 230      A7D2E740 
 230      FA6379E9 
 230      576F
 231 053e 1CDEA5C4 		.ascii	"\034\336\245\304\247\231\364\301\231\301c\356T\372["
 231      A799F4C1 
 231      99C163EE 
 231      54FA5B
 232 054d 04DD7772 		.ascii	"\004\335wr\360\214\027>\307\352\352G\243\373\334q7C"
 232      F08C173E 
 232      C7EAEA47 
 232      A3FBDC71 
 232      3743
 233 055f 666F8CC2 		.ascii	"fo\214\302\210\0140\244r\340\370\032h\344\246!\023~"
 233      880C30A4 
 233      72E0F81A 
ARM GAS  C:\Users\NICOLA~1\AppData\Local\Temp\ccm3sBuh.s 			page 18


 233      68E4A621 
 233      137E
 234 0571 96E42AE8 		.ascii	"\226\344*\350\377\340uK\347\271\016\025}O^\271\223\036"
 234      FFE0754B 
 234      E7B90E15 
 234      7D4F5EB9 
 234      931E
 235 0583 3C385157 		.ascii	"<8QW\345\306z\300?\271\314o\340\374\201\230u\"\226["
 235      E5C67AC0 
 235      3FB9CC6F 
 235      E0FC8198 
 235      7522965B 
 236 0597 88E2389B 		.ascii	"\210\3428\233w\015\347S\357Z\317iP\014g\357\206\233"
 236      770DE753 
 236      EF5ACF69 
 236      500C67EF 
 236      869B
 237 05a9 E8077DFB 		.ascii	"\350\007}\373\013\016\331\363\242\201k\347\250\337l"
 237      0B0ED9F3 
 237      A2816BE7 
 237      A8DF6C
 238 05b8 04F26891 		.ascii	"\004\362h\221\034Z\333\223\014\031\351\3612\322\201"
 238      1C5ADB93 
 238      0C19E9F1 
 238      32D281
 239 05c7 F38E0BC3 		.ascii	"\363\216\013\303\011\310\236\276\224\262\364e\023p\216"
 239      09C89EBE 
 239      94B2F465 
 239      13708E
 240 05d6 12396F7C 		.ascii	"\0229o|:\347\004Y\316(\245\247o\336\003\2172\033v\225"
 240      3AE70459 
 240      CE28A5A7 
 240      6FDE038F 
 240      321B7695 
 241 05ea 7698BDF1 		.ascii	"v\230\275\361m\206\364\366\235\310s\3073\0149\270\245"
 241      6D86F4F6 
 241      9DC873C7 
 241      330C39B8 
 241      A5
 242 05fb A4598BE7 		.ascii	"\244Y\213\347\031r|o\375oq\252\212\226\253\217\224m"
 242      19727C6F 
 242      FD6F71AA 
 242      8A96AB8F 
 242      946D
 243 060d 54D3C1FA 		.ascii	"T\323\301\3723Ag\342&7j\350\"\256\245YB\313\215+\356"
 243      334167E2 
 243      26376AE8 
 243      22AEA559 
 243      42CB8D2B 
 244 0622 782B23AD 		.ascii	"x+#\255)\334Y\313H?\240\213\377\206\255\335\034.bu9"
 244      29DC59CB 
 244      483FA08B 
 244      FF86ADDD 
 244      1C2E6275 
 245 0637 2D97BCF1 		.ascii	"-\227\274\361>V>\265\251\360\202\033nf\310\201\211\235"
 245      3E563EB5 
 245      A9F0821B 
ARM GAS  C:\Users\NICOLA~1\AppData\Local\Temp\ccm3sBuh.s 			page 19


 245      6E66C881 
 245      899D
 246 0649 992A7C86 		.ascii	"\231*|\206\"\\M^s\266Z0\2039\021#\224\003&\310zn\023"
 246      225C4D5E 
 246      73B65A30 
 246      83391123 
 246      940326C8 
 247 0660 64CB9B20 		.ascii	"d\313\233 \356z]&\306\235L\336\354\331\221\335\356\270"
 247      EE7A5D26 
 247      C69D4CDE 
 247      ECD991DD 
 247      EEB8
 248 0672 8F21190D 		.ascii	"\217!\031\015\333\322\230\306<\305'\257\244<\364\302"
 248      DBD298C6 
 248      3CC527AF 
 248      A43CF4C2 
 249 0682 1656197D 		.ascii	"\026V\031}#\333\214\3608C\256\255\257\311S\342)\206"
 249      23DB8CF0 
 249      3843AEAD 
 249      AFC953E2 
 249      2986
 250 0694 6496E53D 		.ascii	"d\226\345=t\303\017\030\222\236te\277\026G\2711'\275"
 250      74C30F18 
 250      929E7465 
 250      BF1647B9 
 250      3127BD
 251 06a7 31B54585 		.ascii	"1\265E\205\343\031\262g\274\377M\234L\313\\\366\364"
 251      E319B267 
 251      BCFF4D9C 
 251      4CCB5CF6 
 251      F4
 252 06b8 B556E432 		.ascii	"\265V\3442\363\335\305\311g\276\346M`\203\235`\203\""
 252      F3DDC5C9 
 252      67BEE64D 
 252      60839D60 
 252      8322
 253 06ca EEC92C16 		.ascii	"\356\311,\026$\344]\336\225\017\211\035\023\267=\252"
 253      24E45DDE 
 253      950F891D 
 253      13B73DAA 
 254 06da 275D8577 		.ascii	"']\205w0d\276ps=\302\273\030r\265jt\234\303\373\031"
 254      3064BE70 
 254      733DC2BB 
 254      1872B56A 
 254      749CC3FB 
 255 06ef 927536B1 		.ascii	"\222u6\261S\213\233\031\222x\314rA\205\317\2719D\005"
 255      538B9B19 
 255      9278CC72 
 255      4185CFB9 
 255      394405
 256 0702 2D8B0AA5 		.ascii	"-\213\012\245}\027O\271\343~7\2079\253es6\3172}U\215"
 256      7D174FB9 
 256      E37E3787 
 256      39AB6573 
 256      36CF327D 
 257 0718 2DACEECA 		.ascii	"-\254\356\312\211\350\213J|\223!QM\025\235\214\360\027"
 257      89E88B4A 
ARM GAS  C:\Users\NICOLA~1\AppData\Local\Temp\ccm3sBuh.s 			page 20


 257      7C932151 
 257      4D159D8C 
 257      F017
 258 072a 343B6CCE 		.ascii	"4;l\316\230\366\304\367Y]L\314\341\223*\314\273;x\213"
 258      98F6C4F7 
 258      595D4CCC 
 258      E1932ACC 
 258      BB3B788B 
 259 073e 967ACB7B 		.ascii	"\226z\313{W\256\026\306\332\322A\177\255\337\002\177"
 259      57AE16C6 
 259      DAD2417F 
 259      ADDF027F 
 260 074e F25C4053 		.ascii	"\362\\@S\303\005\013\264ZR\362\247\231\"y\251}\211e"
 260      C3050BB4 
 260      5A52F2A7 
 260      992279A9 
 260      7D8965
 261 0761 8D5AF2BF 		.ascii	"\215Z\362\277\326\237\376H\376\310Of5Z~x\260\206o\212"
 261      D69FFE48 
 261      FEC84F66 
 261      355A7E78 
 261      B0866F8A 
 262 0775 C574FA24 		.ascii	"\305t\372$\202\335\256p/\311\255\3564\337I*#\371\016"
 262      82DDAE70 
 262      2FC9ADEE 
 262      34DF492A 
 262      23F90E
 263 0788 B1703550 		.ascii	"\261p5P\366s\222<\240\212sL\364&\307\033'\277H\247y"
 263      F673923C 
 263      A08A734C 
 263      F426C71B 
 263      27BF48A7 
 264 079d C3594E8B 		.ascii	"\303YN\213\314@\337\316\271N\366\252\263\032\353\376"
 264      CC40DFCE 
 264      B94EF6AA 
 264      B31AEBFE 
 265 07ad 319B371F 		.ascii	"1\2337\037C\250\021\310S\236\252\010o\331Xz\226\346"
 265      43A811C8 
 265      539EAA08 
 265      6FD9587A 
 265      96E6
 266 07bf 4B44E9CD 		.ascii	"KD\351\315\317P\272eT\225\365\026\215\365\017\021S"
 266      CF50BA65 
 266      5495F516 
 266      8DF50F11 
 266      53
 267 07d0 5A88CF2C 		.ascii	"Z\210\317,E{dO\321&\017\0361{\265@lF\347\200(C\364\241"
 267      457B644F 
 267      D1260F1E 
 267      317BB540 
 267      6C46E780 
 268 07e8 166EC193 		.ascii	"\026n\301\223\333\2113\240\246\270\370\203\322\366\214"
 268      DB8933A0 
 268      A6B8F883 
 268      D2F68C
 269 07f7 29ABB1C1 		.ascii	")\253\261\301\377\0203\3525 *t\255\2374#-\206\352\022"
 269      FF1033EA 
ARM GAS  C:\Users\NICOLA~1\AppData\Local\Temp\ccm3sBuh.s 			page 21


 269      35202A74 
 269      AD9F3423 
 269      2D86EA12 
 270 080b 9A918277 		.ascii	"\232\221\202w\023-I66\011\345c\034d\237\000=\000\035"
 270      132D4936 
 270      3609E563 
 270      1C649F00 
 270      3D001D
 271 081e 00DD0043 		.ascii	"\000\335\000C\000]\000\026\200z\200\353\000\247\001"
 271      005D0016 
 271      807A80EB 
 271      00A701
 272 082d 4E025C05 		.ascii	"N\002\\\005\030\0038\000p\021`\034\340\022\3072:\322"
 272      18033800 
 272      7011601C 
 272      E012C732 
 272      3AD2
 273 083f CDEA8347 		.ascii	"\315\352\203G\036c\022\212\217\200\220Rq\001\352\267"
 273      1E63128A 
 273      8F809052 
 273      7101EAB7 
 274 084f F552188F 		.ascii	"\365R\030\217\242\357\261\361 \303W\016d#\234l\332G"
 274      A2EFB1F1 
 274      20C3570E 
 274      64239C6C 
 274      DA47
 275 0861 6DBCA998 		.ascii	"m\274\251\2308\206\215\262\377)\224\263;\245\224-\362"
 275      38868DB2 
 275      FF2994B3 
 275      3BA5942D 
 275      F2
 276 0872 947434C6 		.ascii	"\224t4\306\033\253\377@\342z/\320\024\210\203\321nS"
 276      1BABFF40 
 276      E27A2FD0 
 276      148883D1 
 276      6E53
 277 0884 533695ED 		.ascii	"S6\225\355\004\203\215\010\306\273\011\345\243\234="
 277      04838D08 
 277      C6BB09E5 
 277      A39C3D
 278 0893 95E5898F 		.ascii	"\225\345\211\217\375\210\365\251\031H\312\234]\370\234"
 278      FD88F5A9 
 278      1948CA9C 
 278      5DF89C
 279 08a2 E35E85AF 		.ascii	"\343^\205\257N:\277\017GQz\342\020[\201\276\015\236"
 279      4E3ABF0F 
 279      47517AE2 
 279      105B81BE 
 279      0D9E
 280 08b4 5B205436 		.ascii	"[ T6<\351\223\304b\002w2\332%\362\334%\303n\246\232"
 280      3CE993C4 
 280      62027732 
 280      DA25F2DC 
 280      25C36EA6 
 281 08c9 DBB96572 		.ascii	"\333\271er\314\034D\363[\240\371q\030\266\363\234$\021"
 281      CC1C44F3 
 281      5BA0F971 
ARM GAS  C:\Users\NICOLA~1\AppData\Local\Temp\ccm3sBuh.s 			page 22


 281      18B6F39C 
 281      2411
 282 08db 1F6F9C15 		.ascii	"\037o\234\025&\324\000Xo\207\374\204b\332K\375*\025"
 282      26D40058 
 282      6F87FC84 
 282      62DA4BFD 
 282      2A15
 283 08ed 04A4C1E4 		.ascii	"\004\244\301\344D\351\202\376D\300\004\0108\005\002"
 283      44E982FE 
 283      44C00408 
 283      380502
 284 08fc A60401D2 		.ascii	"\246\004\001\322\006y\320\200l9\320vA\004ip\007\032"
 284      0679D080 
 284      6C39D076 
 284      41046970 
 284      071A
 285 090e 8C42833A 		.ascii	"\214B\203:\200V\241\221t6\034\221\252\322\007\304d\204"
 285      8056A191 
 285      74361C91 
 285      AAD207C4 
 285      6484
 286 0920 D988B922 		.ascii	"\331\210\271\"SHh\244\362\355\026i\0006O\261\010\215"
 286      534868A4 
 286      F2ED1669 
 286      00364FB1 
 286      088D
 287 0932 5EAF08D1 		.ascii	"^\257\010\321\213\354I,\316\256\347\274\371\264<hfa"
 287      8BEC492C 
 287      CEAEE7BC 
 287      F9B43C68 
 287      6661
 288 0944 8308AE92 		.ascii	"\203\010\256\222u?\311N5\321\356\323U\262>]!\015\034"
 288      753FC94E 
 288      35D1EED3 
 288      55B23E5D 
 288      210D1C
 289 0957 23DAD324 		.ascii	"#\332\323$p\020\277*\025}uD:\245@\335\222\357\013q\001"
 289      7010BF2A 
 289      157D7544 
 289      3AA540DD 
 289      92EF0B71 
 290 096c F60AE886 		.ascii	"\366\012\350\2063W\347mu\216]\201\253\316\244-N\244"
 290      3357E76D 
 290      758E5D81 
 290      ABCEA42D 
 290      4EA4
 291 097e 79343093 		.ascii	"y40\223h\263\307\331\357j8\007RKr1\263\0019\355\251"
 291      68B3C7D9 
 291      EF6A3807 
 291      524B7231 
 291      B30139ED 
 292 0993 97B7D813 		.ascii	"\227\267\330\023\261\311\356\022'`\030\236\346\022\202"
 292      B1C9EE12 
 292      2760189E 
 292      E61282
 293 09a2 35AAB5E5 		.ascii	"5\252\265\345\304\032$D&\213\3268\313i\025Ox\233=\354"
 293      C41A2444 
ARM GAS  C:\Users\NICOLA~1\AppData\Local\Temp\ccm3sBuh.s 			page 23


 293      268BD638 
 293      CB69154F 
 293      789B3DEC 
 294 09b6 9509BAFC 		.ascii	"\225\011\272\374=\302\236`~\313\233\202\371?\325\242"
 294      3DC29E60 
 294      7ECB9B82 
 294      F93FD5A2 
 295 09c6 7DCE76DA 		.ascii	"}\316v\332\357h'\363a\272\267\277\001]\330\346:\200"
 295      EF6827F3 
 295      61BAB7BF 
 295      015DD8E6 
 295      3A80
 296 09d8 4B7DBBD7 		.ascii	"K}\273\327\301\267\007Xg\323d\202\224\202r#\375\274"
 296      C1B70758 
 296      67D36482 
 296      94827223 
 296      FDBC
 297 09ea 0DFD3C04 		.ascii	"\015\375<\004z\326\002\014\003\034\004\270\014p\030"
 297      7AD6020C 
 297      031C04B8 
 297      0C7018
 298 09f9 6050A2BB 		.ascii	"`P\242\273ePX\357\310\322[\374\214\365\256\221\256w"
 298      655058EF 
 298      C8D25BFC 
 298      8CF5AE91 
 298      AE77
 299 0a0b 6427F5AD 		.ascii	"d'\365\255\334z'\3067\363\343\037\003K\022\332\312\005"
 299      DC7A27C6 
 299      37F3E31F 
 299      034B12DA 
 299      CA05
 300 0a1d 63D8A75E 		.ascii	"c\330\247^\205\223\323\344\236\022'\316\220\2743JfN"
 300      8593D3E4 
 300      9E1227CE 
 300      90BC334A 
 300      664E
 301 0a2f 3E351D18 		.ascii	">5\035\0309\351YK\237S\364\336\315a\331\350-5s\273\203"
 301      39E9594B 
 301      9F53F4DE 
 301      CD61D9E8 
 301      2D3573BB 
 302 0a44 99AF89EB 		.ascii	"\231\257\211\353\256\345l\361YO\036\272N6VV\271\256"
 302      AEE56CF1 
 302      594F1EBA 
 302      4E365656 
 302      B9AE
 303 0a56 F39C3D58 		.ascii	"\363\234=X\2177\216IB{\276\020\351\\\207v\363\033,\264"
 303      8F378E49 
 303      427BBE10 
 303      E95C8776 
 303      F31B2CB4 
 304 0a6a 9384A352 		.ascii	"\223\204\243R>\367\021G\240\224\316F2\301\366\312\317"
 304      3EF71147 
 304      A094CE46 
 304      32C1F6CA 
 304      CF
 305 0a7b 46662B69 		.ascii	"Ff+i\257\332\034zu\203\365\212\236\250\214\321\023\025"
ARM GAS  C:\Users\NICOLA~1\AppData\Local\Temp\ccm3sBuh.s 			page 24


 305      AFDA1C7A 
 305      7583F58A 
 305      9EA88CD1 
 305      1315
 306 0a8d 12491C4F 		.ascii	"\022I\034OTh\302{G\205hv\362d\325d\322\371\352\017\243"
 306      5468C27B 
 306      47856876 
 306      F264D564 
 306      D2F9EA0F 
 307 0aa2 61F96C93 		.ascii	"a\371l\223\257\316j\034{\225\254\2560<r\325\343\215"
 307      AFCE6A1C 
 307      7B95ACAE 
 307      303C72D5 
 307      E38D
 308 0ab4 231F9273 		.ascii	"#\037\222s\325v\331\326`\220\022\272\371\353\177\242"
 308      D576D9D6 
 308      609012BA 
 308      F9EB7FA2 
 309 0ac4 DACC6437 		.ascii	"\332\314d7\374\201-UdG\222+,<rQ\0062\333\246\250\251"
 309      FC812D55 
 309      6447922B 
 309      2C3C7251 
 309      0632DBA6 
 310 0ada 6FBDBE97 		.ascii	"o\275\276\227!\370\303\013J\352d\242-\356r\337\203\377"
 310      21F8C30B 
 310      4AEA64A2 
 310      2DEE72DF 
 310      83FF
 311 0aec BF5232E2 		.ascii	"\277R2\342\341\206\271\016\025\256\364`g\263\363-\333"
 311      E186B90E 
 311      15AEF460 
 311      67B3F32D 
 311      DB
 312 0afd DC7CB7F3 		.ascii	"\334|\267\363\346\352I\353\371\362\227r\311\344\346"
 312      E6EA49EB 
 312      F9F29772 
 312      C9E4E6
 313 0b0c 1FC34E17 		.ascii	"\037\303N\027\221V\350\236=\364(H\231\252\207\2469_"
 313      9156E89E 
 313      3DF42848 
 313      99AA87A6 
 313      395F
 314 0b1e 68B9FEE4 		.ascii	"h\271\376\344\334\015o%'\254A_\321\213\201\372\366\251"
 314      DC0D6F25 
 314      27AC415F 
 314      D18B81FA 
 314      F6A9
 315 0b30 39E45A8F 		.ascii	"9\344Z\217o\251\036\3679A\221\232\302\350\036\204\307"
 315      6FA91EF7 
 315      3941919A 
 315      C2E81E84 
 315      C7
 316 0b41 9822676E 		.ascii	"\230\"gn\217^\367\240\212\230\353!\277\341\233\254\326"
 316      8F5EF7A0 
 316      8A98EB21 
 316      BFE19BAC 
 316      D6
ARM GAS  C:\Users\NICOLA~1\AppData\Local\Temp\ccm3sBuh.s 			page 25


 317 0b52 F7490334 		.ascii	"\367I\0034#Qa\306\246\302\254K\025,\011C\2679\251\012"
 317      235161C6 
 317      A6C2AC4B 
 317      152C0943 
 317      B739A90A 
 318 0b66 92336B05 		.ascii	"\2223k\005zH5x`\323\340@u\317\220\012\3172\015\332\272"
 318      7A483578 
 318      60D3E040 
 318      75CF900A 
 318      CF320DDA 
 319 0b7b DBD61353 		.ascii	"\333\326\023SX\370\311\304\356[\332\254\032\376\230"
 319      58F8C9C4 
 319      EE5BDAAC 
 319      1AFE98
 320 0b8a CD14D00C 		.ascii	"\315\024\320\014=\222\350\361\310\246\307c\252GZCA\264"
 320      3D92E8F1 
 320      C8A6C763 
 320      AA475A43 
 320      41B4
 321 0b9c 07DBD47D 		.ascii	"\007\333\324}\227\356~v\307M\261\353\222\016z.\277\276"
 321      97EE7E76 
 321      C74DB1EB 
 321      920E7A2E 
 321      BFBE
 322 0bae AFCE80F7 		.ascii	"\257\316\200\367\250\331\356\363\350\364wp#+\327\317"
 322      A8D9EEF3 
 322      E8F47770 
 322      232BD7CF 
 323 0bbe D616EB68 		.ascii	"\326\026\353h;\013\333\2404\214\335g\007\333\257\320"
 323      3B0BDBA0 
 323      348CDD67 
 323      07DBAFD0 
 324 0bce EDE0DCA3 		.ascii	"\355\340\334\243\021\035>\305h\017\356<P\352\205\273"
 324      111D3EC5 
 324      680FEE3C 
 324      50EA85BB 
 325 0bde 1892B675 		.ascii	"\030\222\266u\264F\207\207\030\262\261\264mX\213o\010"
 325      B4468787 
 325      18B2B1B4 
 325      6D588B6F 
 325      08
 326 0bef 6435FBF3 		.ascii	"d5\373\3638<\305\220\321\250\202<\035\236aH\363\226"
 326      383CC590 
 326      D1A8823C 
 326      1D9E6148 
 326      F396
 327 0c01 F12FB195 		.ascii	"\361/\261\225\225;\207\272wy\341\015\032\202x\3540o"
 327      953B87BA 
 327      7779E10D 
 327      1A8278EC 
 327      306F
 328 0c13 2E76477E 		.ascii	".vG~\013\330F\310\026\347\337\025\342<\261\354F\214"
 328      0BD846C8 
 328      16E7DF15 
 328      E23CB1EC 
 328      468C
 329 0c25 D166EC22 		.ascii	"\321f\354\"\\IW\242(\274\020Ec \210\025Z\220(\224\206"
ARM GAS  C:\Users\NICOLA~1\AppData\Local\Temp\ccm3sBuh.s 			page 26


 329      5C4957A2 
 329      28BC1045 
 329      63208815 
 329      5A902894 
 330 0c3a FD5132F6 		.ascii	"\375Q2\366C)\000I\000\211\000\233\000R\261\364\030\270"
 330      43290049 
 330      0089009B 
 330      0052B1F4 
 330      18B8
 331 0c4c C2B650C7 		.ascii	"\302\266P\307\313\013\0237.\345\025,\220\222|e\2033"
 331      CB0B1337 
 331      2EE5152C 
 331      90927C65 
 331      8333
 332 0c5e 71837380 		.ascii	"q\203s\200.}S\010\320q\002\251|\200\2126\357\256\260"
 332      2E7D5308 
 332      D07102A9 
 332      7C808A36 
 332      EFAEB0
 333 0c71 459CF5F2 		.ascii	"E\234\365\362L\305P^\177F\014\345\011\316\304\222\024"
 333      4CC5505E 
 333      7F460CE5 
 333      09CEC492 
 333      14
 334 0c82 84069F92 		.ascii	"\204\006\237\222D\022|\200\344\211\343\\\356D\311|\227"
 334      44127C80 
 334      E489E35C 
 334      EE44C97C 
 334      97
 335 0c93 0AF92F10 		.ascii	"\012\371/\020\226\374\006\257\303d\311\337\002\334b"
 335      96FC06AF 
 335      C364C9DF 
 335      02DC62
 336 0ca2 B07DC927 		.ascii	"\260}\311'-\237X\362\355\206N\007\343>\257\241a\340"
 336      2D9F58F2 
 336      ED864E07 
 336      E33EAFA1 
 336      61E0
 337 0cb4 2F17F51C 		.ascii	"/\027\365\034P\342T:\360\250t\372\304-\214\2672\244"
 337      50E2543A 
 337      F0A874FA 
 337      C42D8CB7 
 337      32A4
 338 0cc6 726F538B 		.ascii	"roS\213'\256`\310\211\363\227\312\334\330\305\022;\265"
 338      27AE60C8 
 338      89F397CA 
 338      DCD8C512 
 338      3BB5
 339 0cd8 68AB1B60 		.ascii	"h\253\033`g0/\321{\247\302\341-j|\202\321\216VF\303"
 339      67302FD1 
 339      7BA7C2E1 
 339      2D6A7C82 
 339      D18E5646 
 340 0ced 1AD5C590 		.ascii	"\032\325\305\220\314\364\214\003j|\215!#\245\205m^x"
 340      CCF48C03 
 340      6A7C8D21 
 340      23A5856D 
ARM GAS  C:\Users\NICOLA~1\AppData\Local\Temp\ccm3sBuh.s 			page 27


 340      5E78
 341 0cff 822167B7 		.ascii	"\202!g\267\233\367y\343\373\024\341&*\323\366\333\016"
 341      9BF779E3 
 341      FB14E126 
 341      2AD3F6DB 
 341      0E
 342 0d10 9F2C37BF 		.ascii	"\237,7\277\364@f\254A\333\361\363\336\233\345c\331{"
 342      F44066AC 
 342      41DBF1F3 
 342      DE9BE563 
 342      D97B
 343 0d22 B3C2CEC3 		.ascii	"\263\302\316\303\373\021\2662y\307\316\325e\"\032\033"
 343      FB11B632 
 343      79C7CED5 
 343      65221A1B 
 344 0d32 3EB58586 		.ascii	">\265\205\206\231#\315Sn.CC!&\241a\007\026BC\375\225"
 344      9923CD53 
 344      6E2E4343 
 344      2126A161 
 344      07164243 
 345 0d48 7B6D6A1C 		.ascii	"{mj\034\357I\231\225\247\037h\362t8\267\006jI\333\235"
 345      EF499995 
 345      A71F68F2 
 345      7438B706 
 345      6A49DB9D 
 346 0d5c 58BC08E3 		.ascii	"X\274\010\343\312;K2<\221\326\337\0259*\006\365\305"
 346      CA3B4B32 
 346      3C91D6DF 
 346      15392A06 
 346      F5C5
 347 0d6e 16D4060D 		.ascii	"\026\324\006\0151\032p\222]\360\262H\264\002\320\330"
 347      311A7092 
 347      5DF0B248 
 347      B402D0D8 
 348 0d7e 5C05ED98 		.ascii	"\\\005\355\230N?\350\211S\231:\273-\371\017t8\233\""
 348      4E3FE889 
 348      53993ABB 
 348      2DF90F74 
 348      389B22
 349 0d91 9AC3B7A3 		.ascii	"\232\303\267\243\226\200\017\321\371\253\365\363\247"
 349      96800FD1 
 349      F9ABF5F3 
 349      A7
 350 0d9e EC5A0A5F 		.ascii	"\354Z\012_\004ve\340\0279\"\273\0129G\312\002G\312&"
 350      047665E0 
 350      173922BB 
 350      0A3947CA 
 350      0247CA26 
 351 0db2 8EB41B94 		.ascii	"\216\264\033\224\252\020\034i/\224\313\301qj\000*\001"
 351      AA101C69 
 351      2F94CBC1 
 351      716A002A 
 351      01
 352 0dc3 AA00AAB1 		.ascii	"\252\000\252\261C\0368\271H\210\017{@\347m \244\002"
 352      431E38B9 
 352      48880F7B 
 352      40E76D20 
ARM GAS  C:\Users\NICOLA~1\AppData\Local\Temp\ccm3sBuh.s 			page 28


 352      A402
 353 0dd5 CB6E4365 		.ascii	"\313nCee\345\012\364\317#\313r\245\214M6\342\"\005\316"
 353      65E50AF4 
 353      CF23CB72 
 353      A58C4D36 
 353      E22205CE 
 354 0de9 829CEFBB 		.ascii	"\202\234\357\273\006i\332@\354X\"O*\331\311\214\267"
 354      0669DA40 
 354      EC58224F 
 354      2AD9C98C 
 354      B7
 355 0dfa 31C6E01F 		.ascii	"1\306\340\037\245\316\304\222\230#\035\3062,M1\366`"
 355      A5CEC492 
 355      98231DC6 
 355      322C4D31 
 355      F660
 356 0e0c 7BE2641E 		.ascii	"{\342d\036\240\202\2111\362d\215!\271\305\272\264\211"
 356      A0828931 
 356      F2648D21 
 356      B9C5BAB4 
 356      89
 357 0e1d 04840A99 		.ascii	"\004\204\012\231\200\200\322\216\265\034\340\260\231"
 357      8080D28E 
 357      B51CE0B0 
 357      99
 358 0e2a 0EACDBCC 		.ascii	"\016\254\333\314\354\241lo\026\227iT\266dU\210\226\330"
 358      ECA16C6F 
 358      16976954 
 358      B6645588 
 358      96D8
 359 0e3c 07526A5D 		.ascii	"\007Rj]uOv\337\261UhA\214~\010\214~\020\014}\000\240"
 359      754F76DF 
 359      B1556841 
 359      8C7E088C 
 359      7E100C7D 
 360 0e52 0E60BFD4 		.ascii	"\016`\277\324\340\363\202]l\235\251u\321\031J\034_\341"
 360      E0F3825D 
 360      6C9DA975 
 360      D1194A1C 
 360      5FE1
 361 0e64 383A323A 		.ascii	"8:2:\211q\363\261\204\3636Y\316b\330|D\255T+\0276gn"
 361      8971F3B1 
 361      84F33659 
 361      CE62D87C 
 361      44AD542B 
 362 0e7c 565628C5 		.ascii	"VV(\305\260Y\247\353%a\263\001\230e\212\336^+\347\355"
 362      B059A7EB 
 362      2561B301 
 362      98658ADE 
 362      5E2BE7ED 
 363 0e90 7663D483 		.ascii	"vc\324\203\001\236e\014r\35088~O\211\313\331\254+\234"
 363      019E650C 
 363      72E83838 
 363      7E4F89CB 
 363      D9AC2B9C 
 364 0ea4 CFAFF2C0 		.ascii	"\317\257\362\300{\031\322t-\256\313\013\037c\310\261"
 364      7B19D274 
ARM GAS  C:\Users\NICOLA~1\AppData\Local\Temp\ccm3sBuh.s 			page 29


 364      2DAECB0B 
 364      1F63C8B1 
 365 0eb4 A1F64D6A 		.ascii	"\241\366Mj\022\036b\236u\255\225YW~_\215/\320f\370|"
 365      121E629E 
 365      75AD9559 
 365      577E5F8D 
 365      2FD066F8 
 366 0ec9 4751AF07 		.ascii	"GQ\257\007\0140\214nl\014\311&\227\266\2639\325\004"
 366      0C308C6E 
 366      6C0CC926 
 366      97B6B339 
 366      D504
 367 0edb F6390A5D 		.ascii	"\3669\012]9\376\2649\345\224\367\037\021\350I\217N@"
 367      39FEB439 
 367      E594F71F 
 367      11E8498F 
 367      4E40
 368 0eed 8F8E6171 		.ascii	"\217\216aq;ii\245k\320q9c\366\216\324\225sh\201\374"
 368      3B6969A5 
 368      6BD07139 
 368      63F68ED4 
 368      95736881 
 369 0f02 ADE64960 		.ascii	"\255\346I`\344\212)X\376\226\216\355\330\201\342\260"
 369      E48A2958 
 369      FE968EED 
 369      D881E2B0 
 370 0f12 68F9E336 		.ascii	"h\371\3436\313C\177\255\261\355\035\010_ff\312\350("
 370      CB437FAD 
 370      B1ED1D08 
 370      5F6666CA 
 370      E828
 371 0f24 BFE88E2D 		.ascii	"\277\350\216-\014\351\350\351\310@\370&C\006w]\266*"
 371      0CE9E8E9 
 371      C840F826 
 371      4306775D 
 371      B62A
 372 0f36 F1638A70 		.ascii	"\361c\212pWgN\337\222\334L\\\241\267Z\355\340_\255\317"
 372      57674EDF 
 372      92DC4C5C 
 372      A1B75AED 
 372      E05FADCF 
 373 0f4a BD40B4C9 		.ascii	"\275@\264\311/\020\345\243{\3731\216\325R\353WU\365"
 373      2F10E5A3 
 373      7BFB318E 
 373      D552EB57 
 373      55F5
 374 0f5c FDB7ABEB 		.ascii	"\375\267\253\353\\H(\205^w\000\247s\322\320\227;5)\344"
 374      5C482885 
 374      5E7700A7 
 374      73D2D097 
 374      3B3529E4 
 375 0f70 E544A533 		.ascii	"\345D\2453\240\322\331\247x\361\354\333\036\244\376"
 375      A0D2D9A7 
 375      78F1ECDB 
 375      1EA4FE
 376 0f7f 49B31FED 		.ascii	"I\263\037\355\340\037\331\226~\313\234\033B\027\200"
 376      E01FD996 
ARM GAS  C:\Users\NICOLA~1\AppData\Local\Temp\ccm3sBuh.s 			page 30


 376      7ECB9C1B 
 376      421780
 377 0f8e 4B8BD8C1 		.ascii	"K\213\330\301\263\370iGt\347A+9\015IB\177v"
 377      B3F86947 
 377      74E7412B 
 377      390D4942 
 377      7F76
 378 0fa0 D346846B 		.ascii	"\323F\204kh\037Q~R\315\003\226\210F\020\264q<\245^\203"
 378      681F517E 
 378      52CD0396 
 378      884610B4 
 378      713CA55E 
 379 0fb5 F7B3BA2D 		.ascii	"\367\263\272-\223u\275j\334\304\220\2513y't\270E\353"
 379      9375BD6A 
 379      DCC490A9 
 379      33792774 
 379      B845EB
 380 0fc8 708FEAC7 		.ascii	"p\217\352\307\356Q\037l\330\030\253\241\250\325\366"
 380      EE511F6C 
 380      D818ABA1 
 380      A8D5F6
 381 0fd7 A3E3D41A 		.ascii	"\243\343\324\032\227\272Sk\273`0\307\360\337\211\332"
 381      97BA536B 
 381      BB6030C7 
 381      F0DF89DA 
 382 0fe7 F38AE4E8 		.ascii	"\363\212\344\350\351\022\350\345'\214A/D\376>l\277\365"
 382      E912E8E5 
 382      278C412F 
 382      44FE3E6C 
 382      BFF5
 383 0ff9 BA4D3FEF 		.ascii	"\272M?\357\351\007\373"
 383      E907FB
 384 1000 F5883DF6 		.ascii	"\365\210=\366\023o\275\006\366\267\314\251\\s\036p\305"
 384      136FBD06 
 384      F6B7CCA9 
 384      5C731E70 
 384      C5
 385 1011 79A0399D 		.ascii	"y\2409\235~\265s\0318_\0249\203 ;\353\354{\375\247\237"
 385      7EB57319 
 385      385F1439 
 385      83203BEB 
 385      EC7BFDA7 
 386 1026 A2F4A02B 		.ascii	"\242\364\240+\326\375e3\237\221\255\340\025`\335-\262"
 386      D6FD6533 
 386      9F91ADE0 
 386      1560DD2D 
 386      B2
 387 1037 BE2CB246 		.ascii	"\276,\262F\374\375\356do\23245y\021\374\322\306\324"
 387      FCFDEE64 
 387      6F9A3435 
 387      7911FCD2 
 387      C6D4
 388 1049 181D357E 		.ascii	"\030\0355~/\273 \331sd\206}\337B\235\261\177\256k\320"
 388      2FBB20D9 
 388      7364867D 
 388      DF429DB1 
 388      7FAE6BD0 
ARM GAS  C:\Users\NICOLA~1\AppData\Local\Temp\ccm3sBuh.s 			page 31


 389 105d 5B23B956 		.ascii	"[#\271V\202\012\211\003\016\023\316\340Nh\010S\362F"
 389      820A8903 
 389      0E13CEE0 
 389      4E680853 
 389      F246
 390 106f 6BD53DAF 		.ascii	"k\325=\257\027S\204`\346\233\245\243\252X@\307\253\230"
 390      17538460 
 390      E69BA5A3 
 390      AA5840C7 
 390      AB98
 391 1081 D08FE017 		.ascii	"\320\217\340\027m\255\350\015T\302\375N-\356b\003\272"
 391      6DADE80D 
 391      54C2FD4E 
 391      2DEE6203 
 391      BA
 392 1092 A77BAC87 		.ascii	"\247{\254\207\245okI\302\177\274\252\251\023K\023~\262"
 392      A56F6B49 
 392      C27FBCAA 
 392      A9134B13 
 392      7EB2
 393 10a4 952DF997 		.ascii	"\225-\371\227\203\3214\370\220\363\305\323\320\3031"
 393      83D134F8 
 393      90F3C5D3 
 393      D0C331
 394 10b3 F02FFBC9 		.ascii	"\360/\373\311\222d{n\217\247Y0\343\346\300p\363\344"
 394      92647B6E 
 394      8FA75930 
 394      E3E6C070 
 394      F3E4
 395 10c5 6494175A 		.ascii	"d\224\027Z\320#\0310\342\004\004\322\033\000\267\000"
 395      D0231930 
 395      E20404D2 
 395      1B00B700 
 396 10d5 46016E02 		.ascii	"F\001n\002\214\213\363\210\267\264\335Q6e\275E\324F"
 396      8C8BF388 
 396      B7B4DD51 
 396      3665BD45 
 396      D446
 397 10e7 D784B6B6 		.ascii	"\327\204\266\266\316\240\353\3301\343\317\251\372\204"
 397      CEA0EBD8 
 397      31E3CFA9 
 397      FA84
 398 10f5 2C1B24C2 		.ascii	",\033$\3027\012\264\366H\376\304\211LU\025Y\211\311"
 398      370AB4F6 
 398      48FEC489 
 398      4C551559 
 398      89C9
 399 1107 74EA1468 		.ascii	"t\352\024h\355\323\246\013;\321n\247\264$~\235r\246"
 399      EDD3A60B 
 399      3BD16EA7 
 399      B4247E9D 
 399      72A6
 400 1119 ADE09C68 		.ascii	"\255\340\234h\223\026\003)\311\3153\004R{\016\3564\347"
 400      93160329 
 400      C9CD3304 
 400      527B0EEE 
 400      34E7
ARM GAS  C:\Users\NICOLA~1\AppData\Local\Temp\ccm3sBuh.s 			page 32


 401 112b 139249B0 		.ascii	"\023\222I\260\035\223\233\365\273F\252\254b\260u\266"
 401      1D939BF5 
 401      BB46AAAC 
 401      62B075B6 
 402 113b E124D8ED 		.ascii	"\341$\330\355ymh\273l\361>D\"\360\035he\025O\011\307"
 402      796D68BB 
 402      6CF13E44 
 402      22F01D68 
 402      65154F09 
 403 1150 2411F85E 		.ascii	"$\021\370^\356U3\306\303\314\021\346\036\232;\361k\005"
 403      EE5533C6 
 403      C3CC11E6 
 403      1E9A3BF1 
 403      6B05
 404 1162 648B9BD5 		.ascii	"d\213\233\3258\362\233\243;ys|\014\317\277g\265\272"
 404      38F29BA3 
 404      3B79737C 
 404      0CCFBF67 
 404      B5BA
 405 1174 531E53CC 		.ascii	"S\036S\314\263\355*)\310\033\302\010\335\305\257A\373"
 405      B3ED2A29 
 405      C81BC208 
 405      DDC5AF41 
 405      FB
 406 1185 BB75C9B9 		.ascii	"\273u\311\271l\303ZM\371\015\034=\336\317\256\336|\010"
 406      6CC35A4D 
 406      F90D1C3D 
 406      DECFAEDE 
 406      7C08
 407 1197 9A545974 		.ascii	"\232TYt\217\355_1\275\335+\270\0141\322\245\207\177"
 407      8FED5F31 
 407      BDDD2BB8 
 407      0C31D2A5 
 407      877F
 408 11a9 6BF3F0FB 		.ascii	"k\363\360\373\314\303;'\013.\351\004\0177\363\276\210"
 408      CCC33B27 
 408      0B2EE904 
 408      0F37F3BE 
 408      88
 409 11ba 7EA82292 		.ascii	"~\250\"\222\317P\007\377\326\346\340\011;\267\027\253"
 409      CF5007FF 
 409      D6E6E009 
 409      3BB717AB 
 410 11ca F075D6AF 		.ascii	"\360u\326\257\204\206\230!/<\315\220\234\304\242\335"
 410      84869821 
 410      2F3CCD90 
 410      9CC4A2DD 
 411 11da DEF8B1D6 		.ascii	"\336\370\261\326\341\2432\035\373\250,\247\347\3324"
 411      E1A3321D 
 411      FBA82CA7 
 411      E7DA34
 412 11e9 A61AD28D 		.ascii	"\246\032\322\215yFkn\262\012\307zQ\322\224\253i\235"
 412      79466B6E 
 412      B20AC77A 
 412      51D294AB 
 412      699D
 413 11fb 4A9CE8E5 		.ascii	"J\234\350\345\020\003}Y\014\334zsv\237\007E\255V\322"
ARM GAS  C:\Users\NICOLA~1\AppData\Local\Temp\ccm3sBuh.s 			page 33


 413      10037D59 
 413      0CDC7A73 
 413      769F0745 
 413      AD56D2
 414 120e 376EC740 		.ascii	"7n\307@\307U\265\375\203\305\341\213\364('Z\251A\363"
 414      C755B5FD 
 414      83C5E18B 
 414      F428275A 
 414      A941F3
 415 1221 6270F095 		.ascii	"bp\360\225\256Q\220\033\250J`\264\037\201\327<&^\023"
 415      AE51901B 
 415      A84A60B4 
 415      1F81D73C 
 415      265E13
 416 1234 A5F4070A 		.ascii	"\245\364\007\012\026j\254\360\222W\322{\371\275C\267"
 416      166AACF0 
 416      9257D27B 
 416      F9BD43B7 
 417 1244 3769EC37 		.ascii	"7i\3547\376\315I4\240\305\002\3439\2211\310y\032\347"
 417      FECD4934 
 417      A0C502E3 
 417      399131C8 
 417      791AE7
 418 1257 1859CE28 		.ascii	"\030Y\316(ktK\223\016g\261\376%\026v\177\253\306\205"
 418      6B744B93 
 418      0E67B1FE 
 418      2516767F 
 418      ABC685
 419 126a 0CC9EE4D 		.ascii	"\014\311\356M\201\005\261\222!\033\314m\323^\370\020"
 419      8105B192 
 419      211BCC6D 
 419      D35EF810 
 420 127a 438E66EF 		.ascii	"C\216f\357\260\352\360i/\207\357\356t\354\273\273\264"
 420      B0EAF069 
 420      2F87EFEE 
 420      74ECBBBB 
 420      B4
 421 128b F4CE832A 		.ascii	"\364\316\203*\334\305\352F3\352\337\305\203^\302\351"
 421      DCC5EA46 
 421      33EADFC5 
 421      835EC2E9 
 422 129b 425335C6 		.ascii	"BS5\306\267\030\262k{n$~\340\345pS\253c7\265M\347[\356"
 422      B718B26B 
 422      7B6E247E 
 422      E0E57053 
 422      AB6337B5 
 423 12b3 BAE3381D 		.ascii	"\272\3438\035;\0139YU\242\306\031\014\311X\277\243V"
 423      3B0B3959 
 423      55A2C619 
 423      0CC958BF 
 423      A356
 424 12c5 85773064 		.ascii	"\205w0dOQ\351\204\016W1\244v\242!\223\303\365\014\311"
 424      4F51E984 
 424      0E5731A4 
 424      76A22193 
 424      C3F50CC9 
 425 12d9 3EBA0532 		.ascii	">\272\0052\276V\212\274\3243\267o\233\012-\360s\372"
ARM GAS  C:\Users\NICOLA~1\AppData\Local\Temp\ccm3sBuh.s 			page 34


 425      BE568ABC 
 425      D433B76F 
 425      9B0A2DF0 
 425      73FA
 426 12eb F9FBF9D9 		.ascii	"\371\373\371\331g\233Q\201\356\201=\246i\030\310T\262"
 426      679B5181 
 426      EE813DA6 
 426      6918C854 
 426      B2
 427 12fc 99560CD6 		.ascii	"\231V\014\326*U\372\241\255\000%\000\205\000\371\000"
 427      2A55FAA1 
 427      AD002500 
 427      8500F900 
 428 130c 39005900 		.ascii	"9\000Y\000\331\000y\000\273\000v\000\230\001r\001\212"
 428      D9007900 
 428      BB007600 
 428      98017201 
 428      8A
 429 131d 00B6036C 		.ascii	"\000\266\003l\003\330\011P\240\224d\011\225\217\352"
 429      03D80950 
 429      A0946409 
 429      958FEA
 430 132c BE9E8AE6 		.ascii	"\276\236\212\3467\277L?\362y\000CG\304\011'\251\316"
 430      37BF4C3F 
 430      F2790043 
 430      47C40927 
 430      A9CE
 431 133e B7248F2A 		.ascii	"\267$\217*\371\017\2420\245\214W:P\262\004\372\021\266"
 431      F90FA230 
 431      A58C573A 
 431      50B204FA 
 431      11B6
 432 1350 933E1649 		.ascii	"\223>\026I7\312\221&(\355\244\017E\322\015r\244o\330"
 432      37CA9126 
 432      28EDA40F 
 432      45D20D72 
 432      A46FD8
 433 1363 29370E93 		.ascii	")7\016\223\323nB\230\342H\350|E\222h'L\227#\224\010"
 433      D36E4298 
 433      E248E87C 
 433      45926827 
 433      4C972394 
 434 1378 9F13856F 		.ascii	"\237\023\205o\222\023.\351\375f;\32349\246\222\316?"
 434      92132EE9 
 434      FD663BD3 
 434      3439A692 
 434      CE3F
 435 138a 1099AE97 		.ascii	"\020\231\256\227c**\032o\347\231$G\230,*\232e\247\314"
 435      632A2A1A 
 435      6FE79924 
 435      47982C2A 
 435      9A65A7CC 
 436 139e 90952EEA 		.ascii	"\220\225.\352i\025\245'\3121\265\237\214G\233g\253\371"
 436      6915A527 
 436      CA31B59F 
 436      8C479B67 
 436      ABF9
ARM GAS  C:\Users\NICOLA~1\AppData\Local\Temp\ccm3sBuh.s 			page 35


 437 13b0 0FA2319D 		.ascii	"\017\2421\235\265q\002\251}r\276\356D\273\311\256@\252"
 437      B57102A9 
 437      7D72BEEE 
 437      44BBC9AE 
 437      40AA
 438 13c2 9C02E228 		.ascii	"\234\002\342(%\331\011\267\310\021J,:/j\272Y\326\237"
 438      25D909B7 
 438      C8114A2C 
 438      3A2F6ABA 
 438      59D69F
 439 13d5 C4BDE82D 		.ascii	"\304\275\350-\310O\241^\356{\312;\207\2265\011\\\036"
 439      C84FA15E 
 439      EE7BCA3B 
 439      87963509 
 439      5C1E
 440 13e7 CAF8EF23 		.ascii	"\312\370\357#qe\234\210\246\362 @\243Y\201R&\037\206"
 440      71659C88 
 440      A6F22040 
 440      A3598152 
 440      261F86
 441 13fa F99A9A5F 		.ascii	"\371\232\232_\236\241\3051\3364}\334\177\2678C#]\013"
 441      9EA1C531 
 441      DE347DDC 
 441      7FB73843 
 441      235D0B
 442 140d 25B31395 		.ascii	"%\263\023\225\303\244\374{MP\366\221e\240\007*#\002"
 442      C3A4FC7B 
 442      4D50F691 
 442      65A0072A 
 442      2302
 443 141f 94F6A84A 		.ascii	"\224\366\250J\354`[5O\265V\326k\027\010\252\231]\251"
 443      EC605B35 
 443      4FB556D6 
 443      6B1708AA 
 443      995DA9
 444 1432 A6F89BEA 		.ascii	"\246\370\233\352E>\250\331\2213\356\216\023\275\331"
 444      453EA8D9 
 444      9133EE8E 
 444      13BDD9
 445 1441 A753B117 		.ascii	"\247S\261\027\377\362j\246w\036\357A\353\266E\247\\"
 445      FFF26AA6 
 445      771EEF41 
 445      EBB645A7 
 445      5C
 446 1452 212B19AC 		.ascii	"!+\031\254\212\241\004O\316\317\263\012x\200ti\323\261"
 446      8AA1044F 
 446      CECFB30A 
 446      78807469 
 446      D3B1
 447 1464 A5ED48D5 		.ascii	"\245\355H\325\205;:V\035,]\233ulm\236\3341\365KV\033"
 447      853B3A56 
 447      1D2C5D9B 
 447      756C6D9E 
 447      DC31F54B 
 448 147a 46D7BE86 		.ascii	"F\327\276\206\246\\\267\245\373\370x\263/\035\307\237"
 448      A65CB7A5 
 448      FBF878B3 
ARM GAS  C:\Users\NICOLA~1\AppData\Local\Temp\ccm3sBuh.s 			page 36


 448      2F1DC79F 
 449 148a 2C44D5CA 		.ascii	",D\325\312\205\350\247\013\321\036x\324\000\354\005"
 449      85E8A70B 
 449      D11E78D4 
 449      00EC05
 450 1499 D807B09F 		.ascii	"\330\007\260\237-&\266\225\337\207\255\374\207\362j"
 450      2D26B695 
 450      DF87ADFC 
 450      87F26A
 451 14a8 7BD5747D 		.ascii	"{\325t}<N\277\326\261\375\301\200\217\306\341O\023|"
 451      3C4EBFD6 
 451      B1FDC180 
 451      8FC6E14F 
 451      137C
 452 14ba D89F26D8 		.ascii	"\330\237&\330\276i\367a\337\264\333\276\360\362\021"
 452      BE69F761 
 452      DFB4DBBE 
 452      F0F211
 453 14c9 BEF01296 		.ascii	"\276\360\022\226l\037\266d\333\316\036}\330\331\243"
 453      6C1FB664 
 453      DBCE1E7D 
 453      D8D9A3
 454 14d8 6D11F261 		.ascii	"m\021\362a\213\220\355\310\334\207\035\231\347\346\367"
 454      8B90EDC8 
 454      DC871D99 
 454      E7E6F7
 455 14e7 DCF6A2E8 		.ascii	"\334\366\242\350\367\251\215\322\347\366r\024\375\001"
 455      F7A98DD2 
 455      E7F67214 
 455      FD01
 456 14f5 41272CED 		.ascii	"A',\355\027=i/;8T\001cH\206\257V\271\224\016!\371\274"
 456      173D692F 
 456      3B385401 
 456      634886AF 
 456      56B9940E 
 457 150c 900CE301 		.ascii	"\220\014\343\001\350$\031\312:x\222\341<\010\317\034"
 457      E82419CA 
 457      3A7892E1 
 457      3C08CF1C 
 458 151c E14986F5 		.ascii	"\341I\206\365\020<\311\320\326\303\223\014o\003<\311"
 458      103CC9D0 
 458      D6C3930C 
 458      6F033CC9 
 459 152c 1037C293 		.ascii	"\0207\302\223\014\363ax\222\241>\002\317\\\201/\031"
 459      0CF36178 
 459      92A13E02 
 459      CF5C812F 
 459      19
 460 153d F226C0C9 		.ascii	"\362&\300\311\260\037\205'\031\372c\360\334)\324\027"
 460      B01F8527 
 460      19FA63F0 
 460      DC29D417 
 461 154d B027D1B1 		.ascii	"\260'\321\261'=\343\206'\244h\325\346I\353y\263W9I\312"
 461      273DE386 
 461      27A468D5 
 461      E649EB79 
 461      B3573949 
ARM GAS  C:\Users\NICOLA~1\AppData\Local\Temp\ccm3sBuh.s 			page 37


 462 1562 797EFE7D 		.ascii	"y~\376}+\246\032W2\177\225\254c\344M\225\362U\330w+"
 462      2BA61A57 
 462      327F95AC 
 462      63E44D95 
 462      F255D877 
 463 1577 972AD009 		.ascii	"\227*\320\011%\311\323\0226\355\261\272\273\316\274"
 463      25C9D312 
 463      36EDB1BA 
 463      BBCEBC
 464 1586 9A9542E6 		.ascii	"\232\225B\346\365c*r\373Xf\216\3329\361\262\005,\005"
 464      F5632A72 
 464      FB58668E 
 464      DA39F1B2 
 464      052C05
 465 1599 3AA97CD1 		.ascii	":\251|\321\326\206\"d\304\012-7\021M\243\334i&\020W"
 465      D6862264 
 465      C40A2D37 
 465      114DA3DC 
 465      69261057 
 466 15ad 57C7763A 		.ascii	"W\307v:ntx\213&3\275\\Ko\261I?\315\\i\"\346f\205\233"
 466      6E74788B 
 466      2633BD5C 
 466      4B6FB149 
 466      3FCD5C69 
 467 15c6 B8B361E2 		.ascii	"\270\263a\342!D\243S$L\243V*\276\205\211o\245\342S\353"
 467      2144A353 
 467      244CA356 
 467      2ABE8589 
 467      6FA5E253 
 468 15db 921F7939 		.ascii	"\222\037y9\034\307\336q8\230kS\322\363\026\362$\231"
 468      1CC7DE71 
 468      38986B53 
 468      D2F316F2 
 468      2499
 469 15ed C5A3A12E 		.ascii	"\305\243\241.\245\313c\337v\245\364n\354hN\361V5.f\023"
 469      A5CB63DF 
 469      76A5F46E 
 469      EC684EF1 
 469      56352E66 
 470 1602 B0E4B275 		.ascii	"\260\344\262u\000\373n\347\233\252\253\307\347\306\336"
 470      00FB6EE7 
 470      9BAAABC7 
 470      E7C6DE
 471 1611 CCE6CDD1 		.ascii	"\314\346\315\321\374<l~\177M\032\2413J\361>\010\312"
 471      FC3C6C7E 
 471      7F4D1AA1 
 471      334AF13E 
 471      08CA
 472 1623 740AA3B3 		.ascii	"t\012\243\263J_r\360\3355\305kp\037\343\262k\242aL\315"
 472      4A5F72F0 
 472      DD35C56B 
 472      701FE3B2 
 472      6BA2614C 
 473 1638 B84C245E 		.ascii	"\270L$^\307N\\\316I\270\234\263q\351\240\\\342+\252"
 473      C74E5CCE 
 473      49B89CB3 
 473      71E9A05C 
ARM GAS  C:\Users\NICOLA~1\AppData\Local\Temp\ccm3sBuh.s 			page 38


 473      E22BAA
 474 164b 1BD4F404 		.ascii	"\033\324\364\004\233\374\025\012;\302\276\264w\376\266"
 474      9BFC150A 
 474      3BC2BEB4 
 474      77FEB6
 475 165a B7CBBE5C 		.ascii	"\267\313\276\\\240}9\257\024:3oI\346\325x\230\251Q0"
 475      A07D39AF 
 475      143A336F 
 475      49E6D578 
 475      98A95130 
 476 166e DE97ACC1 		.ascii	"\336\227\254\301S\014\23185\277W\005\254Q\027\025\011"
 476      530C9938 
 476      35BF5705 
 476      AC511715 
 476      09
 477 167f 6F62D29B 		.ascii	"ob\322\233\246\021\325r\322j-\371(\265j=O\357\340P~"
 477      A611D572 
 477      D26A2DF9 
 477      28B56A3D 
 477      4FEFE050 
 478 1694 538A9230 		.ascii	"S\212\2220F\2356MQ7\010 (S\366\"U\266\266?5[\213\367"
 478      469D364D 
 478      51370820 
 478      2853F622 
 478      55B6B63F 
 479 16ac BDC076BA 		.ascii	"\275\300v\272\265\231\0179\306l|\256nQ\271\375R1*\026"
 479      B5990F39 
 479      C66C7CAE 
 479      6E51B9FD 
 479      52312A16 
 480 16c0 D15EF748 		.ascii	"\321^\367Hz\335cc\324K\031m\357\030\030W\342&\201QL"
 480      7ADD6363 
 480      D44B196D 
 480      EF181857 
 480      E2268151 
 481 16d5 C7A0CA66 		.ascii	"\307\240\312f\273\273\316\266\353\223p\351\263q\351"
 481      BBBBCEB6 
 481      EB9370E9 
 481      B371E9
 482 16e4 A75C72AA 		.ascii	"\247\\r\252*\016!\007\017\331\342\340!\227\004\017\271"
 482      2A0E2107 
 482      0FD9E2E0 
 482      2197040F 
 482      B9
 483 16f5 443DC43A 		.ascii	"D=\304:z\377\317\016\304\344\276O$\276,\020_\246\304"
 483      7AFFCF0E 
 483      C4E4BE4F 
 483      24BE2C10 
 483      5FA6C4
 484 1708 BD96E856 		.ascii	"\275\226\350V\366G%\3364\020\366F\347\273\271v\366+"
 484      F64725DE 
 484      3410F646 
 484      E7BBB976 
 484      F62B
 485 171a 36671F60 		.ascii	"6g\037`\316~|\357\205\333\036\316\316n\333\314*\320"
 485      CE7E7CEF 
 485      85DB1ECE 
ARM GAS  C:\Users\NICOLA~1\AppData\Local\Temp\ccm3sBuh.s 			page 39


 485      CE6EDBCC 
 485      2AD0
 486 172c 207576DA 		.ascii	" uv\332\210Po\3569\024\243\224R\217=\215\372ZZ\306$"
 486      88506FEE 
 486      3914A394 
 486      528F3D8D 
 486      FA5A5AC6 
 487 1741 C6EDCC74 		.ascii	"\306\355\314tw\356\016\363^\270\233!\027\216\267\256"
 487      77EE0EF3 
 487      5EB89B21 
 487      178EB7AE 
 488 1751 8198D241 		.ascii	"\201\230\322AbJ\203O\006\037\275\031rT\353\373\257\""
 488      624A834F 
 488      061FBD19 
 488      7254EBFB 
 488      AF22
 489 1763 8BF24574 		.ascii	"\213\362Et\025\3148\313\371J\370\016\021c\242]\010\034"
 489      15CC38CB 
 489      F94AF80E 
 489      1163A25D 
 489      081C
 490 1775 6458F99A 		.ascii	"dX\371\232\302\303\264\312h\010\010\322\233\334~\367"
 490      C2C3B4CA 
 490      680808D2 
 490      9BDC7EF7 
 491 1785 C99F7C3F 		.ascii	"\311\237|?T\250\003W\351\331+\267\010}\230a\255\011"
 491      54A80357 
 491      E9D92BB7 
 491      087D9861 
 491      AD09
 492 1797 1E1146C3 		.ascii	"\036\021F\3037\356\246\010cp\270\336\344\261:8\314\364"
 492      37EEA608 
 492      6370B8DE 
 492      E4B13A38 
 492      CCF4
 493 17a9 B3B7F526 		.ascii	"\263\267\365&\215^o+\256\010\374\247e\201\253\202\227"
 493      8D5E6F2B 
 493      AE08FCA7 
 493      6581AB82 
 493      97
 494 17ba 07479A56 		.ascii	"\007G\232V\007\005\207/3\205\207\207D.[\031\266\332"
 494      0705872F 
 494      33858787 
 494      442E5B19 
 494      B6DA
 495 17cc 97967C03 		.ascii	"\227\226|\003"
 496 17d0 8CA1BE86 		.ascii	"\214\241\276\206\320\345\206\240 C\320\262w\026\375"
 496      D0E586A0 
 496      2043D0B2 
 496      7716FD
 497 17df D2F7EDB7 		.ascii	"\322\367\355\267\226\274\373\227\237-\203\367o\206\205"
 497      96BCFB97 
 497      9F2D83F7 
 497      6F8685
 498 17ee 8719DE34 		.ascii	"\207\031\3364\004,\017^\026\034\026\030\262:\310\260"
 498      042C0F5E 
 498      161C1618 
ARM GAS  C:\Users\NICOLA~1\AppData\Local\Temp\ccm3sBuh.s 			page 40


 498      B23AC8B0 
 499 17fe 2C340078 		.ascii	",4\000x\205\031\226\351\203\014+\002V\207\230\364\246"
 499      851996E9 
 499      830C2B02 
 499      568798F4 
 499      A6
 500 180f 751186C8 		.ascii	"u\021\206\310E\253\024_\375M\305D\256\213\\\246\217"
 500      45AB145F 
 500      FD4DC544 
 500      AE8B5CA6 
 500      8F
 501 1820 3405411F 		.ascii	"4\005A\037\200\367{\213\026-\206\177\224}x\344\222\245"
 501      80F77B8B 
 501      162D867F 
 501      947D78E4 
 501      92A5
 502 1832 4B168747 		.ascii	"K\026\207G.6\232\026G\204\033M\221\213\177\365\371\037"
 502      2E369A16 
 502      47841B4D 
 502      918B7FF5 
 502      F91F
 503 1844 3FFCE3DA 		.ascii	"?\374\343\332\305\201\341\241\021\301!\006c\344\342"
 503      C581E1A1 
 503      11C12106 
 503      63E4E2
 504 1853 DF7DF821 		.ascii	"\337}\370!\320\332\024\243&\012\016w\017\014\0173\201"
 504      D0DA14A3 
 504      260A0E77 
 504      0F0C0F33 
 504      81
 505 1864 C53C4923 		.ascii	"\305<I#=\360\0154\255\3650\032V\202|\275\351\315\347"
 505      3DF00D34 
 505      ADF5301A 
 505      56827CBD 
 505      E9CDE7
 506 1877 12B02A30 		.ascii	"\022\260*0\334h\000\216\234\361\035\316\370.g\\\312"
 506      DC68008E 
 506      9CF11DCE 
 506      F82E675C 
 506      CA
 507 1888 197FCE19 		.ascii	"\031\177\316\031\177\301\031\177\211\215K\336\002X\302"
 507      7FC1197F 
 507      898D4BDE 
 507      0258C2
 508 1897 8518973C 		.ascii	"\205\030\227<?+\3757?\017\005v\320\360g\252\010=\350"
 508      3F2BFD37 
 508      3F0F0576 
 508      D0F067AA 
 508      083DE8
 509 18aa E34E0675 		.ascii	"\343N\006u\215\301\010\317\360\220 \203Q\031\270*\300"
 509      8DC108CF 
 509      F0902083 
 509      5119B82A 
 509      C0
 510 18bb 48463A20 		.ascii	"HF: \324\340a\2124\005\230\014z\223;\031\330_\350Mj"
 510      D4E0618A 
 510      3405980C 
ARM GAS  C:\Users\NICOLA~1\AppData\Local\Temp\ccm3sBuh.s 			page 41


 510      7A933B19 
 510      D85FE84D 
 511 18d0 36C45002 		.ascii	"6\304P\002rZ\347n\012\015\0172P|EH\300\312Hw\223\321"
 511      725AE76E 
 511      0A0D0F32 
 511      507C4548 
 511      C0CA4877 
 512 18e6 B022524F 		.ascii	"\260\"RO\234\204\024T\241\221+\241Rp\013h.\224\334\214"
 512      9C841454 
 512      A1912BA1 
 512      52700B68 
 512      2E94DC8C 
 513 18fa 41EBA0CA 		.ascii	"A\353\240\312\303\2606\330\024\010\014\334\326\230\302"
 513      C3B036D8 
 513      14080CDC 
 513      D698C2
 514 1909 97FF4FC4 		.ascii	"\227\377O\304\213\202\357AS\203\321\020\026\010\214"
 514      8B82EF41 
 514      5383D110 
 514      16088C
 515 1918 556B4C26 		.ascii	"UkL&c\204\026\2340\322\020\032\020\261\012\372\340\315"
 515      6384169C 
 515      30D2101A 
 515      10B10AFA 
 515      E0CD
 516 192a A822F57F 		.ascii	"\250\"\365\177YmX\015$/\330=Tx\345.<U\201a\340,\252"
 516      596D580D 
 516      242FD83D 
 516      5478E52E 
 516      3C558161 
 517 1941 483D3C41 		.ascii	"H=<A\0020\210\360\000\332\320\3250(\356\241\002m\250"
 517      023088F0 
 517      00DAD0D5 
 517      3028EEA1 
 517      026DA8
 518 1954 3E7C4D18 		.ascii	">|M\030\364\237\276\005\315B\231\223\2571\205\232\326"
 518      F49FBE05 
 518      CD429993 
 518      AF31859A 
 518      D6
 519 1965 46781ABE 		.ascii	"Fx\032\2761\204\231B\003\"\277\206\032\303\032R\300"
 519      31849942 
 519      0322BF86 
 519      1AC31A52 
 519      C0
 520 1976 11FAD53A 		.ascii	"\021\372\325:\233\270\020p=\275\311[\242\000y\243\216"
 520      9BB81070 
 520      3DBDC95B 
 520      A20079A3 
 520      8E
 521 1987 D0AF0908 		.ascii	"\320\257\011\0106\005\207\255\324D\350\241\233L\031"
 521      360587AD 
 521      D444E8A1 
 521      9B4C19
 522 1996 5A841786 		.ascii	"Z\204\027\206\010C\0308\331J\240\002\021\204^C\214\025"
 522      08431838 
 522      D94AA002 
ARM GAS  C:\Users\NICOLA~1\AppData\Local\Temp\ccm3sBuh.s 			page 42


 522      11845E43 
 522      8C15
 523 19a8 10425D06 		.ascii	"\020B]\006^F\200\363\276\356bH\005g\205\212\310\300"
 523      5E4680F3 
 523      BEEE6248 
 523      0567858A 
 523      C8C0
 524 19ba 55413092 		.ascii	"UA0\222?z&!\010\001\2727\236\315p]\244\315\177\237\315"
 524      3F7A2621 
 524      0801BA37 
 524      9ECD705D 
 524      A4CD7F9F 
 525 19cf 146C0974 		.ascii	"\024l\011t`\371\317\015+?\0126F\232\276\244\375w\245"
 525      60F9CF0D 
 525      2B3F0A36 
 525      469ABEA4 
 525      FD77A5
 526 19e2 76A43110 		.ascii	"v\2441\020^\202\353Co\215\353\026\005*\274i\313O\300"
 526      5E82EB43 
 526      6F8DEB16 
 526      052ABC69 
 526      CB4FC0
 527 19f5 D2AC210C 		.ascii	"\322\254!\014\360\227\253\202>7\204\030\002\"\015?}"
 527      F097AB82 
 527      3E378418 
 527      02220D3F 
 527      7D
 528 1a06 A6F8A075 		.ascii	"\246\370\240u\340\237\301\201\240\202'\361\014\320\334"
 528      E09FC181 
 528      A08227F1 
 528      0CD0DC
 529 1a15 00534A6D 		.ascii	"\000SJm/k\011\317u\302\360x\301k\021w7\262\201w3\322"
 529      2F6B09CF 
 529      75C2F078 
 529      C16B1177 
 529      37B28177 
 530 1a2b 39AA32D2 		.ascii	"9\2522\322Y`\024f\201\221\315\0025\274]m\004\0274\251"
 530      59601466 
 530      8191CD02 
 530      35BC5D6D 
 530      041734A9 
 531 1a3f 8CA4D177 		.ascii	"\214\244\321w\277\0116\232V\007\204\350M\301\2410\335"
 531      BF09369A 
 531      560784E8 
 531      4DC1A130 
 531      DD
 532 1a50 05C63EC0 		.ascii	"\005\306>\300X\246\302\333\341\035\363O\207W\356\337"
 532      58A6C2DB 
 532      E11DF34F 
 532      8757EEDF 
 533 1a60 98A89391 		.ascii	"\230\250\223\221'\011\245j\2424T@0\2057A\206\020S\000"
 533      2709A56A 
 533      A2345440 
 533      30853741 
 533      86105300 
 534 1a74 1456AC0E 		.ascii	"\024V\254\016\013\324S\032Rr#\264\001FOx\204\004D\232"
 534      0BD4531A 
ARM GAS  C:\Users\NICOLA~1\AppData\Local\Temp\ccm3sBuh.s 			page 43


 534      527223B4 
 534      01464F78 
 534      8404449A 
 535 1a88 0839BC22 		.ascii	"\0109\274\"\342tB\367\203\014\313W\257d\316(}\243\216"
 535      E27442F7 
 535      830CCB57 
 535      AF64CE28 
 535      7DA38E
 536 1a9b 08080B0E 		.ascii	"\010\010\013\016$\276\207\203\226\257\324\204\006\300"
 536      24BE8783 
 536      96AFD484 
 536      06C0
 537 1aa9 14A4267F 		.ascii	"\024\244&\177\301\024\252\017\014\010\011^n\0140\005"
 537      C114AA0F 
 537      0C08095E 
 537      6E0C3005 
 538 1ab9 87878128 		.ascii	"\207\207\201(\243\211N\030\267\360\025+\"\015&\377g"
 538      A3894E18 
 538      B7F0152B 
 538      220D26FF 
 538      67
 539 1aca 8E8289F8 		.ascii	"\216\202\211\370\000g\012\325D\232\276\006F+\303\204"
 539      00670AD5 
 539      449ABE06 
 539      462BC384 
 540 1ada D560E93B 		.ascii	"\325`\351;\366\325\200\024u\301A!\006a\202\300\304\340"
 540      F6D58014 
 540      75C14121 
 540      066182C0 
 540      C4E0
 541 1aec 02579111 		.ascii	"\002W\221\021\011\016\002\353\006\257\010\006s\000\366"
 541      090E02EB 
 541      06AF0806 
 541      7300F6
 542 1afb 5783319C 		.ascii	"W\2031\234<#\203\377j\240<\226,\265\363\240EbC00(J\212"
 542      3C2383FF 
 542      6AA03C96 
 542      2CB5F3A0 
 542      45624330 
 543 1b13 112623A1 		.ascii	"\021&#\241$\203O,A\312^\342$\2445+\364\320\015:\304"
 543      24834F2C 
 543      41CA5EE2 
 543      24A4352B 
 543      F4D00D3A 
 544 1b28 1AA10CE3 		.ascii	"\032\241\014\343\254\025\212t\260m\010\035q[\003\022"
 544      AC158A74 
 544      B06D081D 
 544      715B0312 
 545 1b38 F7BC8532 		.ascii	"\367\274\2052t+$84\330\244\265\343\020\361l\010\015"
 545      742B2438 
 545      34D8A4B5 
 545      E310F16C 
 545      080D
 546 1b4a 77B65624 		.ascii	"w\266V$\326\351\354\"\015\020hL\266*\242\337\263'\237"
 546      D6E9EC22 
 546      0D10684C 
 546      B62AA2DF 
ARM GAS  C:\Users\NICOLA~1\AppData\Local\Temp\ccm3sBuh.s 			page 44


 546      B3279F
 547 1b5d 7D6AAC22 		.ascii	"}j\254\"\013\2560\224$X\321\342\013\213\214\341A\001"
 547      0BAE3094 
 547      2458D1E2 
 547      0B8B8CE1 
 547      4101
 548 1b6f A68045B6 		.ascii	"\246\200E\266\027@\363\305\272\310\177\013\017\374\372"
 548      1740F3C5 
 548      BAC87F0B 
 548      0FFCFA
 549 1b7e 39A6EA3A 		.ascii	"9\246\352:2\245\325t\015\012\201\026^z\010\245&\375"
 549      32A5D574 
 549      0D0A8116 
 549      5E7A08A5 
 549      26FD
 550 1b90 AF7FF5C5 		.ascii	"\257\177\365\305o?\373\374\367^\001!k\002\326EB`\016"
 550      6F3FFBFC 
 550      F75E0121 
 550      6B02D645 
 550      42600E
 551 1ba3 8135F61D 		.ascii	"\2015\366\0359n\340\251\213?\374\343\027\277\377BdJ"
 551      396EE0A9 
 551      8B3FFCE3 
 551      17BFFF42 
 551      644A
 552 1bb5 5692C0D0 		.ascii	"V\222\300\320\217\300/\331\024\004e\376\024F\230\263"
 552      8FC02FD9 
 552      140465FE 
 552      144698B3 
 553 1bc5 A56E352D 		.ascii	"\245n5-{\350\251\347\352\365^\266\302\242\245\357,y"
 553      7BE8A9E7 
 553      EAF55EB6 
 553      C2A2A5EF 
 553      2C79
 554 1bd7 F7FF0104 		.ascii	"\367\377\001\004\215|1"
 554      8D7C31
 555              		.text
 556              		.section	.gnu.lto_.symtab.cfe40901,"",%progbits
 557 0000 63685265 		.ascii	"chRegFirstThread\000\000\000\000\000\000\000\000\000"
 557      67466972 
 557      73745468 
 557      72656164 
 557      00000000 
 558 0019 00000074 		.ascii	"\000\000\000t\001\000\000chRegNextThread\000\000\000"
 558      01000063 
 558      68526567 
 558      4E657874 
 558      54687265 
 559 0032 00000000 		.ascii	"\000\000\000\000\000\000\000\000\000x\001\000\000ch"
 559      00000000 
 559      00780100 
 559      006368
 560 0041 5F646562 		.ascii	"_debug\000\000\000\000\000\000\000\000\000\000\000\000"
 560      75670000 
 560      00000000 
 560      00000000 
 560      0000
ARM GAS  C:\Users\NICOLA~1\AppData\Local\Temp\ccm3sBuh.s 			page 45


 561 0053 44020000 		.ascii	"D\002\000\000ch\000\000\002\000\000\000\000\000\000"
 561      63680000 
 561      02000000 
 561      000000
 562 0062 000000F2 		.ascii	"\000\000\000\362\001\000\000chThdRelease\000\000\002"
 562      01000063 
 562      68546864 
 562      52656C65 
 562      61736500 
 563 0078 00000000 		.ascii	"\000\000\000\000\000\000\000\000\000|\001\000\000"
 563      00000000 
 563      007C0100 
 563      00
 564              		.text
 565              		.section	.gnu.lto_.opts,"",%progbits
 566 0000 272D666E 		.ascii	"'-fno-trapv' '-mcpu=cortex-m4' '-mno-thumb-interwor"
 566      6F2D7472 
 566      61707627 
 566      20272D6D 
 566      6370753D 
 567 0033 6B272027 		.ascii	"k' '-mthumb' '-ggdb' '-O2' '-fomit-frame-pointer' '"
 567      2D6D7468 
 567      756D6227 
 567      20272D67 
 567      67646227 
 568 0066 2D66616C 		.ascii	"-falign-functions=16' '-ffunction-sections' '-fdata"
 568      69676E2D 
 568      66756E63 
 568      74696F6E 
 568      733D3136 
 569 0099 2D736563 		.ascii	"-sections' '-fno-common' '-flto'\000"
 569      74696F6E 
 569      73272027 
 569      2D666E6F 
 569      2D636F6D 
 570              		.text
 571              		.comm	__gnu_lto_v1,1,1
 572              		.comm	__gnu_lto_slim,1,1
 573              		.ident	"GCC: (GNU Tools for ARM Embedded Processors) 4.9.3 20150529 (release) [ARM/embedded-4_9-br
ARM GAS  C:\Users\NICOLA~1\AppData\Local\Temp\ccm3sBuh.s 			page 46


DEFINED SYMBOLS
                            *ABS*:00000000 chregistry.c
                            *COM*:00000001 __gnu_lto_v1
                            *COM*:00000001 __gnu_lto_slim

NO UNDEFINED SYMBOLS
