ARM GAS  C:\Users\NICOLA~1\AppData\Local\Temp\ccN4FoXq.s 			page 1


   1              		.syntax unified
   2              		.cpu cortex-m4
   3              		.fpu softvfp
   4              		.eabi_attribute 20, 1
   5              		.eabi_attribute 21, 1
   6              		.eabi_attribute 23, 3
   7              		.eabi_attribute 24, 1
   8              		.eabi_attribute 25, 1
   9              		.eabi_attribute 26, 1
  10              		.eabi_attribute 30, 2
  11              		.eabi_attribute 34, 1
  12              		.eabi_attribute 18, 4
  13              		.thumb
  14              		.file	"hal.c"
  15              		.text
  16              	.Ltext0:
  17              		.section	.gnu.lto_.profile.cfe41d93,"",%progbits
  18 0000 789C6366 		.ascii	"x\234cf```a\200\000F\006ON\000\001\017\000["
  18      60606061 
  18      80004606 
  18      4F4E0001 
  18      0F005B
  19              		.text
  20              		.section	.gnu.lto_.jmpfuncs.cfe41d93,"",%progbits
  21 0000 789C6366 		.ascii	"x\234cf\300\0164\2404#L\200\221\351#\023\343\264\376"
  21      C00E34A0 
  21      34234C80 
  21      91E92313 
  21      E3B4FE
  22 0013 2B3B986B 		.ascii	"+;\230k\1777\314h\340\370\311\304\360\227\011$\276\234"
  22      7F37CC68 
  22      E0F8C9C4 
  22      F0970924 
  22      BE9C
  23 0025 B1164801 		.ascii	"\261\026H\001\000\302<\012\020"
  23      00C23C0A 
  23      10
  24              		.text
  25              		.section	.gnu.lto_.inline.cfe41d93,"",%progbits
  26 0000 789C6366 		.ascii	"x\234cf\300\016,\2414#\003\003\367I \311\004d\263-\220"
  26      C00E2CA1 
  26      34230303 
  26      F74920C9 
  26      0464B32D 
  27 0015 67028B71 		.ascii	"g\002\213q\341 \230\270A\032\300L\006\000e\035\002,"
  27      E12098B8 
  27      411AC04C 
  27      0600651D 
  27      022C
  28              		.text
  29              		.section	.gnu.lto_.pureconst.cfe41d93,"",%progbits
  30 0000 789C6366 		.ascii	"x\234cf```f\200\000F\006\011\000\000x\000 "
  30      60606066 
  30      80004606 
  30      09000078 
  30      0020
  31              		.text
ARM GAS  C:\Users\NICOLA~1\AppData\Local\Temp\ccN4FoXq.s 			page 2


  32              		.section	.gnu.lto_halInit.cfe41d93,"",%progbits
  33 0000 789C75D1 		.ascii	"x\234u\321AK\002A\024\007\360\367\237\325\325\222 :"
  33      414B0241 
  33      1407F0F7 
  33      9FD5D592 
  33      203A
  34 0012 85C708BC 		.ascii	"\205\307\010\274\271x\351Ct\352+\224\027\205@\310\363"
  34      B978E943 
  34      74EA2B94 
  34      178540C8 
  34      F3
  35 0023 E26E7AE8 		.ascii	"\342nz\350\224\022\"RT\207\2104K\255.^\202\371\004I"
  35      94122252 
  35      54878834 
  35      4BAD2E5E 
  35      82F90449 
  36 0037 187491BA 		.ascii	"\030t\221\272\030\024tH<-e\366f\215\020r\227]fw\376"
  36      18147448 
  36      3C2D65F6 
  36      668D1072 
  36      975D6677 
  37 004c BF79F3D8 		.ascii	"\277y\363\330\321\350\377\025\346\347\013D\313<B#\210"
  37      D1E8FF15 
  37      E6E70B44 
  37      CB3C4223 
  37      88
  38 005d C21D911D 		.ascii	"\302\035\221\035\024\200z!PF \2037\321\027(\310Z9\024"
  38      14807A21 
  38      50462083 
  38      37D11728 
  38      C85A3914 
  39 0071 39B52CEB 		.ascii	"9\265,\353c\273m\257I8\202h \306up\206\0101\352\347"
  39      63BB6DAF 
  39      49388268 
  39      20C67570 
  39      860831EA 
  40 0086 868F213D 		.ascii	"\206\217!=\307h~\234\241\002\235\353ScAZ\243\321I\351"
  40      C7687E9C 
  40      A1029DEB 
  40      5363415A 
  40      A3D149E9 
  41 009a BDE39B21 		.ascii	"\275\343\233!\352q\2446x\021B\215Z\027Y9\234SV\0259"
  41      EA71A436 
  41      7811428D 
  41      5A175939 
  41      9C535615 
  42 00af EAECD685 		.ascii	"\352\354\326\205\371i\355XAG` x=\2520\311a\335EN\356"
  42      F969ED58 
  42      41476020 
  42      783DAA30 
  42      C961DD45 
  43 00c5 E953A536 		.ascii	"\351S\2456\340\234p\316\222\243R\376\241\245qTV\221"
  43      E09C70CE 
  43      92A352FE 
  43      A1A57154 
  43      5691
  44 00d7 6FA87AE1 		.ascii	"o\250z\341\331\347^\373>\370*x\306\375\254\346\213-"
ARM GAS  C:\Users\NICOLA~1\AppData\Local\Temp\ccN4FoXq.s 			page 3


  44      D9E75EFB 
  44      3EF82A78 
  44      C6FDACE6 
  44      8B2D
  45 00e9 1CE2C02E 		.ascii	"\034\342\300.(\345G\015&.\020v\263\343^\245\034\342"
  45      28E5470D 
  45      262E1076 
  45      B3E35EA5 
  45      1CE2
  46 00fb 028B8C71 		.ascii	"\002\213\214q\311\312\335\024u\230\216\320Iu\374=\275"
  46      C9CADD14 
  46      75988ED0 
  46      4975FC3D 
  46      BD
  47 010c 0FEE58E3 		.ascii	"\017\356X\343>\032\177\035ge1\340%\271\0174'd\323S\372"
  47      3E1A7F1D 
  47      676531E0 
  47      25B90F34 
  47      2764D353 
  48 0121 595E4DC8 		.ascii	"Y^M\310\375Y/\251\263\274\236\220-O\031`y\363+\237`"
  48      FD592FA9 
  48      B3BC9E90 
  48      2D4F1960 
  48      79F32B9F 
  49 0136 CBDB5557 		.ascii	"\313\333UW\222:!\250\223\341\337\266\024\215\032|\307"
  49      923A21A8 
  49      93E1DFB6 
  49      148D1A7C 
  49      C7
  50 0147 13C98D64 		.ascii	"\023\311\215d*\035[\211\031\251\264\221X\3374\322[q"
  50      2A1D5B89 
  50      19A9B491 
  50      58DF34D2 
  50      5B71
  51 0159 3546E3F4 		.ascii	"5F\343\364\003vS\276\027"
  51      037653BE 
  51      17
  52              		.text
  53              		.section	.gnu.lto_.symbol_nodes.cfe41d93,"",%progbits
  54 0000 789C4DC8 		.ascii	"x\234M\310\273\015\302@\024D\321\273\263\376lH\307\343"
  54      BB0DC240 
  54      1444D1BB 
  54      B3FE6C48 
  54      C7E3
  55 0012 8002CC9F 		.ascii	"\200\002\314\237\010\021\270\022\344\230\032@r\035\010"
  55      0811B812 
  55      E4981A40 
  55      721D08
  56 0021 5808DE24 		.ascii	"X\010\336$Gw2p\343?\2152\214w\260\271\\\013\355N\254"
  56      47773270 
  56      E33F8D32 
  56      8C77B0B9 
  56      5C0BED4E 
  57 0036 4C3ACBE9 		.ascii	"L:\313\351\3673\014\205t\222\025\373(\347\330\007\271"
  57      F7330C85 
  57      749215FB 
  57      28E7D807 
ARM GAS  C:\Users\NICOLA~1\AppData\Local\Temp\ccN4FoXq.s 			page 4


  57      B9
  58 0047 89BD97DB 		.ascii	"\211\275\227\333\330[\271\213\275\221\373\320\231\302"
  58      D85BB98B 
  58      BD91FBD0 
  58      99C2
  59 0055 F478A54C 		.ascii	"\364x\245L\317\\\355X\252-\353\347\327\206\251\232\231"
  59      CF5CED58 
  59      AA2DEBE7 
  59      D786A99A 
  59      99
  60 0066 AB62F9C8 		.ascii	"\253b\371\310\033;\3705\023"
  60      1B3BF835 
  60      13
  61              		.text
  62              		.section	.gnu.lto_.refs.cfe41d93,"",%progbits
  63 0000 789C6366 		.ascii	"x\234cf```c\200\000F\006&F&\006\000\000\261\000\020"
  63      60606063 
  63      80004606 
  63      26462606 
  63      0000B100 
  64              		.text
  65              		.section	.gnu.lto_.decls.cfe41d93,"",%progbits
  66 0000 789CAD55 		.ascii	"x\234\255U{lSU\030\277\247\247k\267R6\302\"\032Bp\202"
  66      7B6C5355 
  66      18BFA7A7 
  66      6BB75236 
  66      C2221A42 
  67 0016 2C626085 		.ascii	",b`\205\241F\215\211\017\020B\202\270\010j\014MjY\013"
  67      A1468D89 
  67      0F104282 
  67      B8086A0C 
  67      4D6A590B 
  68 002a 6BB2ADB5 		.ascii	"k\262\255\265\267S\374\357\0003\026\034\320\015A\346"
  68      B753FCEF 
  68      0033161C 
  68      D00D41E6 
  69 003a 8B02933D 		.ascii	"\213\002\223=\030\014\266\301\006+\333\000\031\3431"
  69      180CB6C1 
  69      062BDB00 
  69      19E331
  70 0049 1581018A 		.ascii	"\025\201\001\212\322\015\330\2031\366\206N\201\371\235"
  70      D20DD883 
  70      31F6864E 
  70      81F99D
  71 0058 73EEED2B 		.ascii	"s\356\355+\233`\342M\277\236\373\235\363\373~\337\363"
  71      9B60E24D 
  71      BF9EFB9D 
  71      F3FB7EDF 
  71      F3
  72 0069 B4581084 		.ascii	"\264X\020\204b\220!x\0225\2020\021\013\202\002\364$"
  72      62902178 
  72      12358230 
  72      110B8202 
  72      F424
  73 007b 1004D22C 		.ascii	"\020\004\322,\360'\022\344\006H+H;H\007H'H\027H\037"
  73      F02712E4 
  73      06482B48 
ARM GAS  C:\Users\NICOLA~1\AppData\Local\Temp\ccN4FoXq.s 			page 5


  73      3B480748 
  73      27481748 
  74 0090 C88084BF 		.ascii	"\310\200\204\277+\204>\324F-\361\371@\256\201\014J\274"
  74      2B843ED4 
  74      462DF1F9 
  74      40AE810C 
  74      4ABC
  75 00a2 4D203D61 		.ascii	"M =a\374\003\022_\227\304\337!\371k\035\201\277G\201"
  75      FC03125F 
  75      97C4DF21 
  75      F96B1D81 
  75      BF4781
  76 00b5 3C5D5967 		.ascii	"<]Yg#\333\024(ZS\253\241z\336iW.\002]\253)@T\337\261"
  76      23DB1428 
  76      5A53ABA1 
  76      7ADE6957 
  76      2E025DAB 
  77 00ce A5E9BC66 		.ascii	"\245\351\274fZ\021!\304Ij\307\004\354\252|\007\362\243"
  77      5A1121C4 
  77      496AC704 
  77      ECAA7C07 
  77      F2A3
  78 00e0 999D97E1 		.ascii	"\231\235\227\341J=m\0031\314n\002U\257VW\265\250p\024"
  78      4A3D6D03 
  78      31CC6E02 
  78      55AF5657 
  78      B5A87014 
  79 00f4 3B3AB8A7 		.ascii	";:\270\247\277a\024\203\306Q\365PN\375\026\025C*\251"
  79      BF611483 
  79      C651F550 
  79      4EFD1615 
  79      432AA9
  80 0107 5A53EDAB 		.ascii	"ZS\355\253\323\340\011\014\231\345\364\236\324\340)"
  80      D3E0090C 
  80      99E5F49E 
  80      D4E029
  81 0116 EC7DE5CE 		.ascii	"\354}\345\316\252,5\300\236\3220\177W\277\031\314\213"
  81      AA2C35C0 
  81      9ED2307F 
  81      57BF19CC 
  81      8B
  82 0127 622A2D76 		.ascii	"b*-v\014l)\352[\310\216h\024\257\311\203\340\272\333"
  82      0C6C29EA 
  82      5BC88E68 
  82      14AFC983 
  82      E0BADB
  83 013a 72EA2610 		.ascii	"r\352&\020\242D\345H\203\366\"\214\012\3214\2324\265"
  83      A244E548 
  83      83F6228C 
  83      0AD1349A 
  83      34B5
  84 014c A68F9390 		.ascii	"\246\217\223\220U\304\265\232D\325G\013h7\032\217\366"
  84      55C4B59A 
  84      44D5470B 
  84      68371A8F 
  84      F6
  85 015d A0F1022A 		.ascii	"\240\361\002*C\361\200`X\264\0176Ka\023\210\217\337"
ARM GAS  C:\Users\NICOLA~1\AppData\Local\Temp\ccN4FoXq.s 			page 6


  85      43F18060 
  85      58B40F36 
  85      4B611388 
  85      8FDF
  86 016f ABCE8C40 		.ascii	"\253\316\214@\232\370\341\215\016\014c\304B(\371,g\034"
  86      9AF8E18D 
  86      0E0C63C4 
  86      4228F92C 
  86      671C
  87 0181 0D613F84 		.ascii	"\015a?\204P\022\010\001\"\362W\355\336\251\257\017j"
  87      50120801 
  87      22F257ED 
  87      DEA9AF0F 
  87      6A
  88 0192 711F6219 		.ascii	"q\037b\031nu};\020\201\007\271\262\243\377\227\236H"
  88      6E757D3B 
  88      108107B9 
  88      B2A3FF97 
  88      9E48
  89 01a4 4C144CC9 		.ascii	"L\024L\311\333\264\2718\202\225(\222\252\333K\016\276"
  89      DBB4B938 
  89      82952892 
  89      AADB4B0E 
  89      BE
  90 01b5 8F9DFCA8 		.ascii	"\217\235\374\250\334]|\002\343\365\\9\335\354\353\323"
  90      DC5D7C02 
  90      E3F55C39 
  90      DDECEBD3 
  91 01c5 32DC18AA 		.ascii	"2\334\030\252\036\355\334\365E4\316\341g\005?\254k\305"
  91      1EEDDCF5 
  91      4534CEE1 
  91      67053FAC 
  91      6BC5
  92 01d7 F82BAEE4 		.ascii	"\370+\256\344\336=S\307\273\363\004\250Qk\216d\266h"
  92      DE3D53C7 
  92      BBF304A8 
  92      516B8E64 
  92      B668
  93 01e9 D124FEC4 		.ascii	"\321$\376\304\306\273!\317nO\341\203\371\033W\223\274"
  93      C6BB21CF 
  93      6E4FE183 
  93      F91B5793 
  93      BC
  94 01fa 2758FC95 		.ascii	"'X\374\225\020\177=\212\015d\375\314x\201\325\000\362"
  94      107F3D8A 
  94      0D64FDCC 
  94      7881D500 
  94      F2
  95 020b A070F750 		.ascii	"\240p\367P\276\252~\006\203z\302\241\207)\012=\353\207"
  95      BEAA7E06 
  95      837AC2A1 
  95      87290A3D 
  95      EB87
  96 021d 76F9A115 		.ascii	"v\371\241\025\303\262\006\220\367\375\310\252p\344!"
  96      C3B20690 
  96      F7FDC8AA 
  96      70E421
ARM GAS  C:\Users\NICOLA~1\AppData\Local\Temp\ccN4FoXq.s 			page 7


  97 022c 1416C09A 		.ascii	"\024\026\300\232B\031[=|\000A\330\277\375\274\007\207"
  97      42195B3D 
  97      7C0041D8 
  97      BFFDBC07 
  97      87
  98 023d E70D84F0 		.ascii	"\347\015\204\360\205\237\266&\034Z\033\200fC\277\211"
  98      859FB626 
  98      1C5A1B80 
  98      6643BF89 
  99 024d 8B90D71C 		.ascii	"\213\220\327\034\002*\202\363]\354\210\242\241\351\350"
  99      022A82F3 
  99      5DEC88A2 
  99      A1E9E8
 100 025c 244CC831 		.ascii	"$L\31014\011\035\001\251\003\371\021\344(\310q\220\023"
 100      34091D01 
 100      A903F911 
 100      E428C871 
 100      9013
 101 026e 68121B06 		.ascii	"h\022\033\006:1\336\316|\025A\324L\220\206\305\177\277"
 101      3A31DECE 
 101      7C1541D4 
 101      4C9086C5 
 101      7FBF
 102 0280 14590D9B 		.ascii	"\024Y\015\233\263F\243\330\370\341<\241\323\340\340"
 102      B346A3D8 
 102      F8E13CA1 
 102      D3E0E0
 103 028f 3F3BCBB2 		.ascii	"?;\313\262D\242S`T\034\030M\352Y\036\315\013\367\033"
 103      44A25360 
 103      541C184D 
 103      EA591ECD 
 103      0BF71B
 104 02a2 26E2463E 		.ascii	"&\342F>.\336\373\256\362\010\374\007W\276<\225\375!"
 104      2EDEFBAE 
 104      F208FC07 
 104      57BE3C95 
 104      FD21
 105 02b4 BECEDF57 		.ascii	"\276\316\337W\326\356>\247fs\364\"U\213\213]\233\325"
 105      D6EE3EA7 
 105      6673F422 
 105      558B8B5D 
 105      9BD5
 106 02c6 B8839FB5 		.ascii	"\270\203\237\265V\337\"\012v\226D\325\366\232v\317("
 106      56DF220A 
 106      769644D5 
 106      F69A76CF 
 106      28
 107 02d7 DCCBCFB6 		.ascii	"\334\313\317\266\256/\035\344w\336F\325\316\243w\234"
 107      AE2F1DE4 
 107      77DE46D5 
 107      CEA3779C 
 108 02e7 6A3C284D 		.ascii	"j<(MtMY/\037b'\325#\335\333\007\274J\024\313\2073$\377"
 108      744D592F 
 108      1F6227D5 
 108      23DDDB07 
 108      BC4A14CB 
 109 02ff 7CC8BF80 		.ascii	"|\310\277\200U\272QJ\376\017H\376\"$\372\033\310%\220"
ARM GAS  C:\Users\NICOLA~1\AppData\Local\Temp\ccN4FoXq.s 			page 8


 109      55BA514A 
 109      FE0F48FE 
 109      2224FA1B 
 109      C82590
 110 0312 2B209741 		.ascii	"+ \227A~\227\022w\323\304\013\012\027\022\350)\315\375"
 110      7E971277 
 110      D3C40B0A 
 110      1712E829 
 110      CDFD
 111 0324 0CE44E6D 		.ascii	"\014\344Nm\375\225\014\031@\342\256\234*\001\177\012"
 111      FD950C19 
 111      40E2AE9C 
 111      2A017F0A 
 112 0334 07FE8C42 		.ascii	"\007\376\214B\221\3652\362\327p\344\2710d\261\214l\010"
 112      91F532F2 
 112      D770E4B9 
 112      3064B18C 
 112      6C08
 113 0346 47D686CE 		.ascii	"G\326\206\316)q\237\221\241\347\303\241\027\302\241"
 113      29719F91 
 113      A1E7C3A1 
 113      17C2A1
 114 0355 1E19FA4B 		.ascii	"\036\031\372K8\364l\020\2245\376\273B:e\215\303L\031"
 114      38F46C10 
 114      9435FEBB 
 114      423A658D 
 114      C34C19
 115 0368 DAD65F5C 		.ascii	"\332\326_\\\241\306\004\323\302+\216\255?\345\211\016"
 115      A1C604D3 
 115      C22B8EAD 
 115      3FE5890E 
 116 0378 1B39B9E4 		.ascii	"\0339\271\344\310\013\225~\324\2523\257\177\301\270"
 116      C80B957E 
 116      D4AA33AF 
 116      7FC1B8
 117 0387 5D05833F 		.ascii	"]\005\203?\003\343\326\030<n\345;W\242X\311\225{$W\302"
 117      03E3D618 
 117      3C6EE53B 
 117      57A258C9 
 117      957B2457 
 118 039c BFFA019A 		.ascii	"\277\372\001\232\273\267\373\267Dk\327\006~\250QS\320"
 118      BBB7FBB7 
 118      446BD706 
 118      7EA85153 
 118      D0
 119 03ad 95155033 		.ascii	"\225\025P3\322R$]\351\237\326\337\315\347\225\217ob"
 119      D252245D 
 119      E99FD6DF 
 119      CDE7958F 
 119      6F62
 120 03bf 4E579331 		.ascii	"NW\2231J\2244.\010{\015=\016\337K\224\234\271\2716\277"
 120      4A94342E 
 120      087B0D3D 
 120      0EDF4B94 
 120      9CB9B936 
 121 03d4 3506AF65 		.ascii	"5\006\257e\245A{\262s\363\325q\337\023\367\336\356\242"
 121      A5417BB2 
ARM GAS  C:\Users\NICOLA~1\AppData\Local\Temp\ccN4FoXq.s 			page 9


 121      73F3D571 
 121      DF13F7DE 
 121      EEA2
 122 03e6 75DFE35C 		.ascii	"u\337\343\\\342^E\036\014\015!f\204\256\373S\024\350"
 122      E25E451E 
 122      0C0D2166 
 122      84AEFB53 
 122      14E8
 123 03f8 3B8B0DDD 		.ascii	";\213\015\335@q`\350\256\310\354U\342\375\234\305\333"
 123      407160E8 
 123      AEC8EC55 
 123      E2FD9CC5 
 123      DB
 124 0409 E2F16160 		.ascii	"\342\361a`\361\222\356{\015\035\257e\257v\345\021\357"
 124      F192EE7B 
 124      0D1DAF65 
 124      AF76E511 
 124      EF
 125 041a D0D0939C 		.ascii	"\320\320\223\234\245%\210\245Efie,E[7\\P\343f\316R\264"
 125      A52588A5 
 125      45666965 
 125      2C455B37 
 125      5C50E366 
 126 0431 F146DF28 		.ascii	"\361F\337(\306\262\367J\311\201\307r\311\266\340X\332"
 126      C6B2F74A 
 126      C981C772 
 126      C9B6E058 
 126      DA
 127 0442 8258DA64 		.ascii	"\202X\332d\226v\306RP^\356\036\205\013\225\374\037\241"
 127      9676C652 
 127      505EEE1E 
 127      850B95FC 
 127      1FA1
 128 0454 E2724F0C 		.ascii	"\342rO\014gi\337W\371t\030\313\315 \226\2332K\007c\361"
 128      6769DF57 
 128      F97418CB 
 128      CD20969B 
 128      324B0763 
 129 0469 343ABD6A 		.ascii	"4:\275j|\211\263\364m\272<\030\305Yj\312|\341,\267\202"
 129      7C89B3F4 
 129      6DBA3C18 
 129      C5596ACA 
 129      7CE12CB7 
 130 047e 586EC92C 		.ascii	"Xn\311,\235\214\245t\343\27625^\023\301X\2623\357\234"
 130      9D8CA574 
 130      E3BE3235 
 130      5E13C158 
 130      B233EF9C 
 131 0492 459CA570 		.ascii	"E\234\245p\377\275)a,\267\203Xn\313,]\214\345\366\341"
 131      FFBD2961 
 131      2CB78358 
 131      6ECB2C5D 
 131      8CE5F6E1 
 132 04a6 B28D114A 		.ascii	"\262\215\021J\005\357/\355\034\354}~\362\376\221\321"
 132      05EF2FED 
 132      1CEC7D7E 
 132      F2FE91D1 
ARM GAS  C:\Users\NICOLA~1\AppData\Local\Temp\ccN4FoXq.s 			page 10


 133 04b6 23F6B887 		.ascii	"#\366\270\207\365\270\033\311M.\270X\245\306\225<\214"
 133      F5B81BC9 
 133      4D2EB858 
 133      A5C6953C 
 133      8C
 134 04c7 26A7F38A 		.ascii	"&\247\363\212\222\207\341i/\325\006\205\001V\2507(\214"
 134      9287E169 
 134      2FD50685 
 134      0156A837 
 134      288C
 135 04d9 5E398C3E 		.ascii	"^9\214>\026\306\006W'\374\263\325q\226+\207\233z\245"
 135      16C60657 
 135      27FCB3D5 
 135      71962B87 
 135      9B7AA5
 136 04ec C2EEAA28 		.ascii	"\302\356\252(X\234\023\332\344\376 \226~\231e\200\261"
 136      589C13DA 
 136      E4FE2096 
 136      7E996580 
 136      B1
 137 04fd 5C6CBDBE 		.ascii	"\\l\275\276\025\343,\025c\3518\355\373R1y\033\351&\335"
 137      15E32C15 
 137      63E938ED 
 137      FB523179 
 137      1BE926DD 
 138 0511 9E9325DA 		.ascii	"\236\223%\332\312U\344h&!\017^\035\302l\300\357p\232"
 138      CA55E468 
 138      26210F5E 
 138      1DC26CC0 
 138      EF709A
 139 0524 A05FC43B 		.ascii	"\240_\304;\234\014\335E\223\301\374\317-\265k\225!\327"
 139      9C0CDD45 
 139      93C1FCCF 
 139      2DB56B95 
 139      21D7
 140 0536 823A0F94 		.ascii	"\202:\017\224\301']\013\037\273\026\267\234\256\366"
 140      C1275D0B 
 140      1FBB16B7 
 140      9CAEF6
 141 0545 9810744F 		.ascii	"\230\020tO\010zPB\323U5o\341\273q\263\205\261\242#m"
 141      087A5042 
 141      D355356F 
 141      E1BB71B3 
 141      85B1A223 
 142 055a 56A261B9 		.ascii	"V\242a\271\315b5\210fG\206\315\340\210\314\260\244;"
 142      CD623588 
 142      664786CD 
 142      E088CCB0 
 142      A43B
 143 056c 60CFA131 		.ascii	"`\317\2411\030\344\327e\311/\353\223S,K-\242#\303d\261"
 143      18E4D765 
 143      C92FEB93 
 143      532C4B2D 
 143      A223C364 
 144 0581 EA1D566B 		.ascii	"\352\035Vk\252\250_\236\236\021\307\336\342\214\366"
 144      AAA85F9E 
 144      9E11C7DE 
ARM GAS  C:\Users\NICOLA~1\AppData\Local\Temp\ccN4FoXq.s 			page 11


 144      E28CF6
 145 0590 B43873DA 		.ascii	"\2648s\332R\263\311d6\351\237Kx).q\306\314\347?\232"
 145      52B3C964 
 145      36E99F4B 
 145      78292E71 
 145      C6CCE73F 
 146 05a5 A587FDE9 		.ascii	"\245\207\375\351\351\326t\363t\263q\251EoION\3150\231"
 146      E9D674F3 
 146      74B371A9 
 146      456F494F 
 146      4ECD3099 
 147 05b9 F56946E0 		.ascii	"\365iF\340J7\353\015&\3632cF\252\303\340\370\324f\026"
 147      4A37EB0D 
 147      26F33263 
 147      46AAC3E0 
 147      F8D46616 
 148 05cd 13528425 		.ascii	"\023R\204%\377\253\033\361SQo\020\035&\310\001\270#"
 148      FFAB1BF1 
 148      53516F10 
 148      1D26C801 
 148      B823
 149 05df D2AC26B3 		.ascii	"\322\254&\263]e\245\276\354j\253h3\233M\366\010[\206"
 149      5D65A5BE 
 149      EC6AAB68 
 149      339B4DF6 
 149      085B86
 150 05f2 CD64C756 		.ascii	"\315d\307V\223]i\\fO\245_)/%$\350\340\303\342\260\212"
 150      935D695C 
 150      664FA55F 
 150      292F2524 
 150      E8E0C3E2 
 151 0608 335F98A9 		.ascii	"3_\230\251\263\212\272\024c\252\316f\265;D\335\242\305"
 151      B38ABA14 
 151      63AACE66 
 151      B53B44DD 
 151      A2C5
 152 061a 6FCD4AD4 		.ascii	"o\315J\324-X0G7/i\376\333\037'\352l\306TCj\252\011\\"
 152      2D583047 
 152      372F69FE 
 152      DB1F27EA 
 152      6CC65443 
 153 0632 A8925E9F 		.ascii	"\250\222^\237ct\030UIo\360e6_\346\360\345M\276\314\245"
 153      63741855 
 153      496FF065 
 153      365FE6F0 
 153      E54DBECC 
 154 0647 4B54D2EB 		.ascii	"KT\322\353\013f[\323\227Y\226\253\201y~\272\3051i$\257"
 154      0B665BD3 
 154      975996AB 
 154      81797EBA 
 154      C5316924 
 155 065c A23D99AE 		.ascii	"\242=\231\256\011\311\202JtP\344\224\221\220R\336:\221"
 155      09C9824A 
 155      7450E494 
 155      919052DE 
 155      3A91
 156 066e A61BB5D4 		.ascii	"\246\033\265\324j\264\233(\376\225\221\360\014A\023"
ARM GAS  C:\Users\NICOLA~1\AppData\Local\Temp\ccN4FoXq.s 			page 12


 156      6AB49B28 
 156      FE9591F0 
 156      0C4113
 157 067d 32B09CE6 		.ascii	"2\260\234\346\3162\314\231\277h\366\333\357\275\371"
 157      CE32CC99 
 157      BF68F6DB 
 157      EFBDF9
 158 068c CE07FC0C 		.ascii	"\316\007\374\014h\324\242\315BI\342\037\352\324f\241"
 158      68D4A2CD 
 158      4249E21F 
 158      EAD466A1 
 159 069c 151099CB 		.ascii	"\025\020\231\313\251\017E\233\355\026\310\011\370m\237"
 159      A90F459B 
 159      ED16C809 
 159      F86D9F
 160 06ab A43D123F 		.ascii	"\244=\022?\340\000>\332 U\333`\001#mJ\220\362\342\243"
 160      E0003EDA 
 160      2055DB60 
 160      01236D4A 
 160      90F2E2A3 
 161 06bf B44D4A74 		.ascii	"\264MJt\305\012]\212\277kc)\245<\211\311\254)\377\000"
 161      C50A5D8A 
 161      BF6B6329 
 161      A53C89C9 
 161      AC29FF00 
 162 06d3 EBE832B0 		.ascii	"\353\3502\260"
 163              		.text
 164              		.section	.gnu.lto_.symtab.cfe41d93,"",%progbits
 165 0000 68616C49 		.ascii	"halInit\000\000\000\000\000\000\000\000\000\000\000"
 165      6E697400 
 165      00000000 
 165      00000000 
 165      0000
 166 0012 00E50000 		.ascii	"\000\345\000\000\000pal_default_config\000\000\002\000"
 166      0070616C 
 166      5F646566 
 166      61756C74 
 166      5F636F6E 
 167 002d 00000000 		.ascii	"\000\000\000\000\000\000\000\000\367\000\000\000stI"
 167      00000000 
 167      F7000000 
 167      737449
 168 003c 6E697400 		.ascii	"nit\000\000\002\000\000\000\000\000\000\000\000\000"
 168      00020000 
 168      00000000 
 168      000000
 169 004b E7000000 		.ascii	"\347\000\000\000boardInit\000\000\002\000\000\000\000"
 169      626F6172 
 169      64496E69 
 169      74000002 
 169      00000000 
 170 005f 00000000 		.ascii	"\000\000\000\000\000\351\000\000\000spiInit\000\000"
 170      00E90000 
 170      00737069 
 170      496E6974 
 170      0000
 171 0071 02000000 		.ascii	"\002\000\000\000\000\000\000\000\000\000\353\000\000"
ARM GAS  C:\Users\NICOLA~1\AppData\Local\Temp\ccN4FoXq.s 			page 13


 171      00000000 
 171      0000EB00 
 171      00
 172 007e 00736449 		.ascii	"\000sdInit\000\000\002\000\000\000\000\000\000\000\000"
 172      6E697400 
 172      00020000 
 172      00000000 
 172      0000
 173 0090 00ED0000 		.ascii	"\000\355\000\000\000pwmInit\000\000\002\000\000\000"
 173      0070776D 
 173      496E6974 
 173      00000200 
 173      0000
 174 00a2 00000000 		.ascii	"\000\000\000\000\000\000\357\000\000\000_pal_lld_in"
 174      0000EF00 
 174      00005F70 
 174      616C5F6C 
 174      6C645F69 
 175 00b7 69740000 		.ascii	"it\000\000\002\000\000\000\000\000\000\000\000\000\363"
 175      02000000 
 175      00000000 
 175      0000F3
 176 00c6 00000068 		.ascii	"\000\000\000hal_lld_init\000\000\002\000\000\000\000"
 176      616C5F6C 
 176      6C645F69 
 176      6E697400 
 176      00020000 
 177 00dc 00000000 		.ascii	"\000\000\000\000\000\365\000\000\000"
 177      00F50000 
 177      00
 178              		.text
 179              		.section	.gnu.lto_.opts,"",%progbits
 180 0000 272D666E 		.ascii	"'-fno-trapv' '-mcpu=cortex-m4' '-mno-thumb-interwor"
 180      6F2D7472 
 180      61707627 
 180      20272D6D 
 180      6370753D 
 181 0033 6B272027 		.ascii	"k' '-mthumb' '-ggdb' '-O2' '-fomit-frame-pointer' '"
 181      2D6D7468 
 181      756D6227 
 181      20272D67 
 181      67646227 
 182 0066 2D66616C 		.ascii	"-falign-functions=16' '-ffunction-sections' '-fdata"
 182      69676E2D 
 182      66756E63 
 182      74696F6E 
 182      733D3136 
 183 0099 2D736563 		.ascii	"-sections' '-fno-common' '-flto'\000"
 183      74696F6E 
 183      73272027 
 183      2D666E6F 
 183      2D636F6D 
 184              		.text
 185              		.comm	__gnu_lto_v1,1,1
 186              		.comm	__gnu_lto_slim,1,1
 187              		.ident	"GCC: (GNU Tools for ARM Embedded Processors) 4.9.3 20150529 (release) [ARM/embedded-4_9-br
ARM GAS  C:\Users\NICOLA~1\AppData\Local\Temp\ccN4FoXq.s 			page 14


DEFINED SYMBOLS
                            *ABS*:00000000 hal.c
                            *COM*:00000001 __gnu_lto_v1
                            *COM*:00000001 __gnu_lto_slim

NO UNDEFINED SYMBOLS
