ARM GAS  C:\Users\NICOLA~1\AppData\Local\Temp\ccOirrne.s 			page 1


   1              		.syntax unified
   2              		.cpu cortex-m4
   3              		.fpu softvfp
   4              		.eabi_attribute 20, 1
   5              		.eabi_attribute 21, 1
   6              		.eabi_attribute 23, 3
   7              		.eabi_attribute 24, 1
   8              		.eabi_attribute 25, 1
   9              		.eabi_attribute 26, 1
  10              		.eabi_attribute 30, 2
  11              		.eabi_attribute 34, 1
  12              		.eabi_attribute 18, 4
  13              		.thumb
  14              		.file	"hal_lld.c"
  15              		.text
  16              	.Ltext0:
  17              		.section	.gnu.lto_.profile.cfe464f5,"",%progbits
  18 0000 789C6366 		.ascii	"x\234cf```a\200\000F\206\322\004\000\001\276\000\336"
  18      60606061 
  18      80004686 
  18      D2040001 
  18      BE00DE
  19              		.text
  20              		.section	.gnu.lto_.jmpfuncs.cfe464f5,"",%progbits
  21 0000 789C6366 		.ascii	"x\234cf\300\016x\24143\0203\202\030L@\014\000\001\375"
  21      C00E78A1 
  21      34331033 
  21      82184C40 
  21      0C0001FD 
  22 0014 0017     		.ascii	"\000\027"
  23              		.text
  24              		.section	.gnu.lto_.inline.cfe464f5,"",%progbits
  25 0000 789C6366 		.ascii	"x\234cf\300\016<\24143\003\203\230\020#\003\223\332"
  25      C00E3CA1 
  25      34330383 
  25      98102303 
  25      93DA
  26 0012 89DF8C0C 		.ascii	"\211\337\214\014l\013\344\231@\202\214\014\342\032@"
  26      6C0BE499 
  26      40828C0C 
  26      E21A40
  27 0021 31950533 		.ascii	"1\225\0053\231\020b\\0\202\211\301r5\023P:g\303l\025"
  27      9910625C 
  27      308289C1 
  27      72351350 
  27      3A67C36C 
  28 0036 B8340300 		.ascii	"\2704\003\000e\207\0118"
  28      65870938 
  29              		.text
  30              		.section	.gnu.lto_.pureconst.cfe464f5,"",%progbits
  31 0000 789C6366 		.ascii	"x\234cf```g\200\000f\006)F)&)\000\001\274\000_"
  31      60606067 
  31      80006606 
  31      29462926 
  31      290001BC 
  32              		.text
  33              		.section	.gnu.lto_hal_lld_backup_domain_init.cfe464f5,"",%progbits
ARM GAS  C:\Users\NICOLA~1\AppData\Local\Temp\ccOirrne.s 			page 2


  34 0000 789C9D53 		.ascii	"x\234\235SMHTQ\024>\347\276\237\031\235Q\306\"\020\203"
  34      4D485451 
  34      143EE7BE 
  34      9F199D51 
  34      C6221083 
  35 0014 5ABA1A1F 		.ascii	"Z\272\032\037&\204\264h\025\256jU\373([(\010F\266p\347"
  35      2684B468 
  35      15AE6A55 
  35      FB285B28 
  35      0846B670 
  36 0029 9D9CA2A0 		.ascii	"\235\234\242\240\314\202\"\012\301\010MS\033\265\322"
  36      CC82220A 
  36      C1084D53 
  36      1BB5D2
  37 0038 FC49272B 		.ascii	"\374I'+\213\210\302\374+\027\3759B\356\336TR\023\210"
  37      8B88C2FC 
  37      2B17FD39 
  37      42EEDE54 
  37      521388
  38 004b 9D73EFE8 		.ascii	"\235s\357\350K\203P\2077\347\276w\356y\337\367\235\357"
  38      4B835087 
  38      37E7BE77 
  38      EE79DFF7 
  38      9DEF
  39 005d 9E67C0BF 		.ascii	"\236g\300\277\277\375\364\2375\001\366\320\212>@Q\377"
  39      BFFDF49F 
  39      3501F6D0 
  39      8A3E4051 
  39      FF
  40 006e 1A20E217 		.ascii	"\032 \342\027\302h,\006\231i\272\333@\006\0154u\332"
  40      C2682C06 
  40      9969BADB 
  40      40060D34 
  40      75DA
  41 0080 14D68443 		.ascii	"\024\326\204Ci{p\007\245-\264u\332F\344\033@\250\021"
  41      697B7007 
  41      A52DB475 
  41      DA46E41B 
  41      40A811
  42 0093 8669D958 		.ascii	"\206i\331X\203\363\")\260>\336v-\220\337$\245t\277t"
  42      83F32229 
  42      B03EDE76 
  42      2D90DF24 
  42      A574BF74 
  43 00a7 F84EE7A6 		.ascii	"\370N\347\246\004\300w\241\211\3616\346\003\325$\243"
  43      04C077A1 
  43      89F136E6 
  43      03D524A3 
  44 00b7 8BD3013B 		.ascii	"\213\323\001;J5!\275\207-h#\255\261-q\271\264t+\326"
  44      4A3521BD 
  44      872D6823 
  44      ADB12D71 
  44      B9B4742B 
  45 00cc DE6B6E35 		.ascii	"\336kn5!%\320\342\340\343\340\347\020\340\020\344\220"
  45      2125D0E2 
  45      E0E3E0E7 
  45      10E010E4 
ARM GAS  C:\Users\NICOLA~1\AppData\Local\Temp\ccOirrne.s 			page 3


  45      90
  46 00dd C5219B43 		.ascii	"\305!\233C\210C\016\007\200\004\201\261\2529!x5fp\244"
  46      88430E07 
  46      800481B1 
  46      AA392178 
  46      356670A4 
  47 00f1 2739B89D 		.ascii	"'9\270\235\341\177\012\223\230k\337\216\357\373*RB\310"
  47      E17F0A93 
  47      986BDF8E 
  47      EFFB2A52 
  47      42C8
  48 0103 4F1169B2 		.ascii	"O\021i\262\226\217\2117c~\225\002~\234\356?\367\331"
  48      968F8937 
  48      637E9502 
  48      7E9CEE3F 
  48      F7D9
  49 0115 6EC01B98 		.ascii	"n\300\033\230\022\006\266b\036\336\301<\265\321}%1\231"
  49      1206B662 
  49      1EDEC13C 
  49      B5D17D25 
  49      3199
  50 0127 196E93D1 		.ascii	"\031n\223\321\210?%Ll\303\006\374\246\332\302v\014\303"
  50      883F254C 
  50      6CC306FC 
  50      A6DAC276 
  50      0CC3
  51 0139 0CD6FEB0 		.ascii	"\014\326\376\2605\215\245\231\006^\265\306\004\343\242"
  51      358DA599 
  51      065EB5C6 
  51      04E3A2
  52 0148 14801D84 		.ascii	"\024\200\035\204Bb.#\327l\200\346\256G\023\3030\201"
  52      42622E23 
  52      D76C80E6 
  52      AE4713C3 
  52      3081
  53 015a 334ACFA5 		.ascii	"3J\317\245\275\232\312G/\274|\321\324\227\301<\226l"
  53      BD9ACA47 
  53      2FBC7CD1 
  53      D497C13C 
  53      966C
  54 016c 3CBBA625 		.ascii	"<\273\246%KA\236j\276\331\357\327\\6v\022WW\232k\366"
  54      4B419E6A 
  54      BED9EFD7 
  54      5C367612 
  54      57579A6B 
  55 0181 F7F5B900 		.ascii	"\367\365\271\000s!Su+*>\005\274\247;\372ufBh\"\277\346"
  55      73215375 
  55      2B2A3E05 
  55      BCA73BFA 
  55      75664268 
  56 0198 1A9D1FAA 		.ascii	"\032\235\037\252\013\352\236l\300\373\0043\211\321\367"
  56      0BEA9E6C 
  56      C0FB0433 
  56      89D1F7
  57 01a7 B579E922 		.ascii	"\265y\351\"\252\270\350\216]\310\320\025&\340\003&\002"
  57      AAB8E88E 
  57      5DC8D015 
ARM GAS  C:\Users\NICOLA~1\AppData\Local\Temp\ccOirrne.s 			page 4


  57      26E00326 
  57      02
  58 01b8 3E0E031A 		.ascii	">\016\003\032\213\3714\334\316\341\235i\013\226eE\244"
  58      8BF934DC 
  58      CEE19D69 
  58      0B966545 
  58      A4
  59 01c9 8CE7FE5F 		.ascii	"\214\347\376_Z\217'\255\027\303\264}u\241\245\325\326"
  59      5A8F27AD 
  59      17C3B47D 
  59      75A1A5D5 
  59      D6
  60 01da 34CCF350 		.ascii	"4\314\363P\273\353\272\233\001\357\363\300\373\025\370"
  60      BBEBBA9B 
  60      01EFF3C0 
  60      FB15F8
  61 01e9 8A7DF489 		.ascii	"\212}\364\211\340\200ja\216\356\227\347\251k\262\313"
  61      E0806A61 
  61      8EEE97E7 
  61      A96BB2CB 
  62 01f9 D00D07D6 		.ascii	"\320\015\007\326o\356\240G\362h\255\271A\215\2648^\347"
  62      6FEEA047 
  62      F268ADB9 
  62      418DB438 
  62      5EE7
  63 020b 06D23DD1 		.ascii	"\006\322=\321\304\014iw\337-\273\033\244\222H\363\300"
  63      C40C6977 
  63      DF2DBB1B 
  63      A49248F3 
  63      C0
  64 021c 799F2A21 		.ascii	"y\237*!\234\341\025s-\230p\264\264\251dZZ\326\272\244"
  64      9CE11573 
  64      2D9870B4 
  64      B4A9645A 
  64      5AD6BAA4 
  65 0230 E9198B7B 		.ascii	"\351\031\213{\332\036\257\036\345l\002R\207\370\367"
  65      DA1EAF1E 
  65      E56C0252 
  65      87F8F7
  66 023f E8AE1776 		.ascii	"\350\256\027v\304\203}\302\243\233\255Fwl\0325vh\003"
  66      C4837DC2 
  66      A39BAD46 
  66      776C1A35 
  66      766803
  67 0252 504F3DA8 		.ascii	"PO=\250g\253\025\346\020\220\262j3\012G=\330\347\254"
  67      67AB15E6 
  67      1090B26A 
  67      330A473D 
  67      D8E7AC
  68 0265 3047B969 		.ascii	"0G\271i\253\223\376\200\221\370B\011\003\262\307\011"
  68      AB93FE80 
  68      91F84209 
  68      03B2C709 
  69 0275 AAA22C7D 		.ascii	"\252\242,}\210\305\005\005\016]\245e\345G\313+\253\012"
  69      88C50505 
  69      0E5DA565 
  69      E547CB2B 
ARM GAS  C:\Users\NICOLA~1\AppData\Local\Temp\ccOirrne.s 			page 5


  69      AB0A
  70 0287 77173A95 		.ascii	"w\027:\225UN\331\221\012\347x\345\211\223U\316\301C"
  70      554ED991 
  70      0AE778E5 
  70      899355CE 
  70      C143
  71 0299 078A76E9 		.ascii	"\007\212v\351XRT]\315;\207+*\216\025\224\302\037\216"
  71      5852545D 
  71      CD3B872B 
  71      2A8E1594 
  71      C21F8E
  72 02ac 17BBBE   		.ascii	"\027\273\276"
  73              		.text
  74              		.section	.gnu.lto_hal_lld_init.cfe464f5,"",%progbits
  75 0000 789C9D94 		.ascii	"x\234\235\224\313k\023Q\024\306\357\271\231IF&hb\203"
  75      CB6B1351 
  75      14C6EFB9 
  75      99494626 
  75      686283
  76 0013 94ACDC75 		.ascii	"\224\254\334u\225\204X\020\361\017p!\270\322\275h]\264"
  76      95845810 
  76      F10F7021 
  76      B8D2BD68 
  76      5DB4
  77 0025 1048312E 		.ascii	"\020H1.\272)\275i#T\020\251\001A\254\361\001\326Wlj"
  77      BA29BD69 
  77      235410A9 
  77      0141ACF1 
  77      01D6576C 
  78 003a 6B8DA6F5 		.ascii	"k\215\246\365\021k\355K\233\032\\(\322V1\015\324Mkl"
  78      116BED4B 
  78      9B1A5C28 
  78      D256310D 
  78      D44D6B6C 
  79 004e 40C607F1 		.ascii	"@\306\007\361\236{S\306V\004'Cr&\2319\363\373\276\357"
  79      9E7B53C6 
  79      56042743 
  79      72269939 
  79      F3FBBEEF 
  80 0062 DC99B191 		.ascii	"\334\231\261\221\2777/\377\256\252\204\354\345{\260"
  80      BF372FFF 
  80      AEAA84EC 
  80      E57BB0
  81 0071 11A03D39 		.ascii	"\021\240=9B\242\032\005\300\037\004H\007\205\016\370"
  81      42A21A05 
  81      C01F0448 
  81      07850EF8 
  82 0081 4C4B147A 		.ascii	"LK\024z\262\311\363zC\037c\354K|\264\376d\275A\011Y"
  82      B2C9F37A 
  82      431F63EC 
  82      4B7CB4FE 
  82      64BD4109 
  83 0096 A3120337 		.ascii	"\243\022\0037\240\201\360\236R\354\327[\335\036\343"
  83      A081F09E 
  83      52ECD75B 
  83      DD1EE3
  84 00a5 3D2E790E 		.ascii	"=.y\016n\202\035\370~`{\226U*\205\213?\363\312\016J"
ARM GAS  C:\Users\NICOLA~1\AppData\Local\Temp\ccOirrne.s 			page 6


  84      6E821DF8 
  84      7E607B96 
  84      552A858B 
  84      3FF3CA0E 
  85 00ba 0C0A2A16 		.ascii	"\014\012*\026\015\213\216\305\211\305\205\305\215\245"
  85      0D8B8EC5 
  85      89C585C5 
  85      8DA5
  86 00c8 0E8B070B 		.ascii	"\016\213\007\013!K\234\203f\212\224\342\336\366\036"
  86      214B9C83 
  86      668A94E2 
  86      DEF61E
  87 00d7 C6D2832B 		.ascii	"\306\322\203+A$\177\243hlf\252/\263e\231\032\224\262"
  87      41247FA3 
  87      686C66AA 
  87      2FB36599 
  87      1A94B2
  88 00ea 2BDD4C41 		.ascii	"+\335LA\037\037\226\346\362\2328D\360o\347\365\253#"
  88      1F1F96E6 
  88      F29A3844 
  88      F06FE7F5 
  88      AB23
  89 00fc 5A027AC1 		.ascii	"Z\002z\301\2406\270\005^\270\015^q\242\360\375BQ\367"
  89      A036B805 
  89      5EB80D5E 
  89      71A2F0FD 
  89      4251F7
  90 010f 25592CAA 		.ascii	"%Y,\252\031T\201$$\340\253\210\004w\300G\270R+\312X"
  90      19548124 
  90      24E0AB88 
  90      0477C047 
  90      B8522BCA 
  91 0124 20F49B84 		.ascii	" \364\233\204\024\370\320I\257qM\230\203\012\337\266"
  91      14F8D049 
  91      AF714D98 
  91      830ADFB6 
  92 0134 1118E017 		.ascii	"\021\030\340\027Z\002\003r\357\232\334A\311]O\250\360"
  92      5A020372 
  92      EF9ADC41 
  92      C95D4FA8 
  92      F0
  93 0145 43439299 		.ascii	"CC\222\231\316\257\200\034\213j\301\362=\201\306E\202"
  93      CEAF801C 
  93      8B6AC1F2 
  93      3D81C645 
  93      82
  94 0156 E1DA42DF 		.ascii	"\341\332B\3377\011i\360\325\230\360\201\011y\310!\353"
  94      370969F0 
  94      D598F081 
  94      0979C821 
  94      EB
  95 0167 91CEAE56 		.ascii	"\221\316\256V#i\026\014e\004K\334\177#\265E\0325\011"
  95      2369160C 
  95      65044BDC 
  95      7F23B545 
  95      1A3509
  96 017a 8F6A8EF4 		.ascii	"\217j\216\364\330\204<\371#R\276\\\215\244[0\364T\260"
ARM GAS  C:\Users\NICOLA~1\AppData\Local\Temp\ccOirrne.s 			page 7


  96      D8843CF9 
  96      2352BE5C 
  96      8DA45B30 
  96      F454B0
  97 018d 6CC8CA8A 		.ascii	"l\310\312\212H]e\273\2448%h\272\263P\324\305\215\306"
  97      485D65BB 
  97      A4382568 
  97      BAB350D4 
  97      C58DC6
  98 01a0 9F3E0604 		.ascii	"\237>\006\004\236I\2718X\214>f*=\007\037\347\223y\350"
  98      9E49B938 
  98      588C3E66 
  98      2A3D071F 
  98      E79379E8 
  99 01b4 CABE7320 		.ascii	"\312\276s \006\333/\2759\223\242\355?X7\343\355\352"
  99      06DB2FBD 
  99      3993A2ED 
  99      3F5837E3 
  99      EDEA
 100 01c6 1A2E198C 		.ascii	"\032.\031\214C;\177X\355\242s\361\237\235|\022\360\242"
 100      433B7F58 
 100      EDA273F1 
 100      9F9D7C12 
 100      F0A2
 101 01d8 DA290631 		.ascii	"\332)\0061Ne\004\227\005{\023\302\236\202\366&7\016"
 101      4E650497 
 101      057B13C2 
 101      9E82F626 
 101      370E
 102 01ea C22D4193 		.ascii	"\302-A\223\211\345!E\014\202\017a\252\306!L\233*38\004"
 102      89E52145 
 102      0C820F61 
 102      AAC6214C 
 102      9B2A3338 
 103 01ff B7305C9A 		.ascii	"\2670\\\232\210\253R\253\216_rn>\231s\242\220\203\261"
 103      88AB52AB 
 103      8E5F726E 
 103      3E9973A2 
 103      9083B1
 104 0212 D8A6F78E 		.ascii	"\330\246\367\216C@\343\247\027\206\251T\323\340%W{U"
 104      4340E3A7 
 104      1786A954 
 104      D3E02557 
 104      7B55
 105 0224 55FB78AA 		.ascii	"U\373x\252\377\323VSmV\250\251\250\226\333\230\311#"
 105      FFD35653 
 105      6D56A8A9 
 105      A896DB98 
 105      C923
 106 0236 A532A9F2 		.ascii	"\2452\251\362\254\\\334\235\004\3466e\372_\225\327\246"
 106      AC5CDC9D 
 106      04E63665 
 106      FA5F95D7 
 106      A6
 107 0247 4A1E3379 		.ascii	"J\0363y\310\"D\263\227\367\213\345\"\370\242\005|\301"
 107      C82244B3 
 107      97F78BE5 
ARM GAS  C:\Users\NICOLA~1\AppData\Local\Temp\ccOirrne.s 			page 8


 107      22F8A205 
 107      7CC1
 108 0259 F255DAE3 		.ascii	"\362U\332\343\367\007\370\247\251\271\345hK8\022\334"
 108      F707F8A7 
 108      A9B9E568 
 108      4B3812DC 
 109 0269 1D0C8423 		.ascii	"\035\014\204#\201\346#\241@k\370\370\211H\340\340\241"
 109      81E623A1 
 109      406BF8F8 
 109      8948E0E0 
 109      A1
 110 027a 038DBB64 		.ascii	"\003\215\273d\335\327\330\326\206g\016\207B\307\374"
 110      DDD7D8D6 
 110      86670E87 
 110      42C7FC
 111 0289 4DE4372C 		.ascii	"M\3447,\340\013!"
 111      E00B21
 112              		.text
 113              		.section	.gnu.lto_stm32_clock_init.cfe464f5,"",%progbits
 114 0000 789C9D56 		.ascii	"x\234\235V]L\\E\030\235o\366\356\356\335\177\330\005"
 114      5D4C5C45 
 114      189D6FF6 
 114      EEEEDD7F 
 114      D805
 115 0012 4AE0A1A4 		.ascii	"J\340\241\244\244\264\020\001k\023c|[\037|\323\027}"
 115      A4B41001 
 115      6B13637C 
 115      5B1F7CD3 
 115      177D
 116 0024 375A63DA 		.ascii	"7Zc\332\204\004#}\350[/?%\222\020mj4\265\015M\233\330"
 116      8404237D 
 116      E85B2F3F 
 116      2592106D 
 116      6A34B50D 
 117 003b 56A5B580 		.ascii	"V\245\265\200\212R\254\256U\001\251@\241\245\024TP\226"
 117      8A52ACAE 
 117      5501A940 
 117      A1A51454 
 117      5096
 118 004d 55B06877 		.ascii	"U\260hw\001\241\253\342:\337\314\334\235eI\314\3566"
 118      01A1ABE2 
 118      3ADFCCDC 
 118      9D6549CC 
 118      EE36
 119 005f E4CC76BE 		.ascii	"\344\314v\276\2333g\316wf\356\265\220\355\377\212\200"
 119      9B3367CE 
 119      7766EEB5 
 119      90EDFF8A 
 119      80
 120 0070 908B6E42 		.ascii	"\220\213nB\036g\277\241\220\000=>JH\243N\301\"~XhA\373"
 120      1E67BFA1 
 120      90003D3E 
 120      4A48A34E 
 120      C1227E58 
 121 0087 20218653 		.ascii	" !\206Sk\261\023\303] \346\203\032XE\335J\003\242n\343"
 121      6BB113C3 
 121      5D20E683 
ARM GAS  C:\Users\NICOLA~1\AppData\Local\Temp\ccOirrne.s 			page 9


 121      1A5845DD 
 121      4A03A26E 
 122 009c F580980F 		.ascii	"\365\200\230\017\332\300.\352v\352\027u\235\327\375"
 122      DAC02EEA 
 122      76EA1775 
 122      9DD7FD
 123 00ab 623EA883 		.ascii	"b>\250\203C\324\0354_\324\235\274\236/\346\203Np\211"
 123      43D41D34 
 123      5FD49DBC 
 123      9E2FE683 
 123      4E7089
 124 00be BA8BE689 		.ascii	"\272\213\346\211\272\233\327\363\304|\320\015\036Q\367"
 124      BA9BD7F3 
 124      C47CD00D 
 124      1E51F7
 125 00cd 509FA87B 		.ascii	"P\237\250{y\335'\346\203^\000\034\011\220\243\324R\240"
 125      79DD27E6 
 125      835E001C 
 125      0990A3D4 
 125      52A0
 126 00df 590336BB 		.ascii	"Y\0036\273_w\344;]yn\217\317\013G\355\026\261}\253\030"
 126      5F77E43B 
 126      5D796E8F 
 126      CF0B47ED 
 126      16B17DAB 
 127 00f4 EC627088 		.ascii	"\354bp\210\301%\006\217\030\226h\214\302\361P\347I\327"
 127      C125068F 
 127      1896688C 
 127      C2F150E7 
 127      49D7
 128 0106 9EF38661 		.ascii	"\236\363\206aD\233&\213\217\025\307)!\253T<\000\027"
 128      449B268B 
 128      8F15C729 
 128      21AB543C 
 128      0017
 129 0118 610F61CF 		.ascii	"a\017a\317\304Z6\247\\\266\026\366L\236\250\301\273"
 129      C45A36A7 
 129      5CB616F6 
 129      4C9EA8C1 
 129      BB
 130 0129 6063F692 		.ascii	"`c\366\222+\376\220\221H\204\317\264oh\017Q\022g\336"
 130      2BFE9091 
 130      4884CFB4 
 130      6F680F51 
 130      1267DE
 131 013c 2258116C 		.ascii	"\"X\021l\010v\004\035\301\211\340F\360 x\021|\010~\204"
 131      0876041D 
 131      C189E046 
 131      F0207811 
 131      7C087E84 
 132 0150 00422142 		.ascii	"\000B!B\021\302\016\204b\204\022\204R\204\235\010e\010"
 132      11C20E84 
 132      62841284 
 132      52849D08 
 132      6508
 133 0162 BB10CA11 		.ascii	"\273\020\312\021v#T \354E\250D\250B d\201\311d\276E"
 133      76235420 
ARM GAS  C:\Users\NICOLA~1\AppData\Local\Temp\ccOirrne.s 			page 10


 133      EC45A844 
 133      A8422064 
 133      81C964BE 
 134 0177 28658365 		.ascii	"(e\203e\006\256\367\306\356\364XP\367\006\305m\017\017"
 134      06AEF7C6 
 134      EEF45850 
 134      F706C56D 
 134      0F0F
 135 0189 9DEF732C 		.ascii	"\235\357s,\3228\245\306\331W\015\015w9\26706\256\363"
 135      D238A5C6 
 135      D9570D0D 
 135      7739B730 
 135      36AEF3
 136 019c 2982FF6D 		.ascii	")\202\377m\272p\356\252\336\001\247!N-\360\036\224\300"
 136      BA70EEAA 
 136      DE01A721 
 136      4E2DF01E 
 136      94C0
 137 01ae FB4C0D16 		.ascii	"\373L\015\026\302\177\235\212\270\252;\215\226F=N5\350"
 137      C27F9D8A 
 137      B8AA3B8D 
 137      96463D4E 
 137      35E8
 138 01c0 840E58E1 		.ascii	"\204\016X\341\206\301%\250&3\320\274f\023\353X\304R"
 138      86C125A8 
 138      2633D0BC 
 138      6613EB58 
 138      C452
 139 01d2 831D8B3D 		.ascii	"\203\035\213=\032\362\002\020\270\314H\230\232\023\200"
 139      1AF20210 
 139      B8CC4898 
 139      9A1380
 140 01e1 8F64B1CA 		.ascii	"\217d\261\312\007j\225+P\315\270\331\257\010C\226\005"
 140      076A952B 
 140      50CDB8D9 
 140      AF084396 
 140      05
 141 01f2 BEBBEEA9 		.ascii	"\276\273\356\251\025\271;kF\254\200\244]\212\264[H\177"
 141      15B93B6B 
 141      46AC80A4 
 141      5D8AB45B 
 141      487F
 142 0204 D0BA4005 		.ascii	"\320\272@\005\215d:5\025Y\263p\361\224@\017c\231\204"
 142      8D643A35 
 142      1559B370 
 142      F194400F 
 142      639984
 143 0217 96BBCD2F 		.ascii	"\226\273\315/\311g\330\003\215\027\372\333\355\374\001"
 143      C967D803 
 143      8D17FADB 
 143      EDFC01
 144 0226 C6F2212E 		.ascii	"\306\362!.C\320\375\002\302\302\013\021\252\231\366"
 144      43D0FD02 
 144      C2C20B11 
 144      AA99F6
 145 0235 77CF4E48 		.ascii	"w\317NH\201\366,\266\375\021W\210Q\203\217\245Bi\256"
 145      81F62CB6 
ARM GAS  C:\Users\NICOLA~1\AppData\Local\Temp\ccOirrne.s 			page 11


 145      FD115788 
 145      51838FA5 
 145      4269AE
 146 0248 2E8822A3 		.ascii	".\210\"\243Mm\036\276\374?\211D\302G\2407G\203?Q+}\212"
 146      4D6D1EBE 
 146      FC3F8944 
 146      C247A037 
 146      47833F51 
 147 025f 06EBC8D2 		.ascii	"\006\353\310\322;>+\355pfA\325\247\250\256r\321\331"
 147      3B3E2BED 
 147      706641D5 
 147      A7A8AE72 
 147      D1D9
 148 0271 ABE95714 		.ascii	"\253\351W\024\237\241\032'o\267U\265{n^\272\351\316"
 148      9FA11A27 
 148      6FB755B5 
 148      7B6E5EBA 
 148      E9CE
 149 0283 BCDDD714 		.ascii	"\274\335\327\024\351\347f\273\227\345\376<\202i\343"
 149      E9E766BB 
 149      97E5FE3C 
 149      8269E3
 150 0292 58B4CDC9 		.ascii	"X\264\315\311\355t\023\370B\264{\332l\267'\245\277\001"
 150      ED7413F8 
 150      42B47BDA 
 150      6CB727A5 
 150      BF01
 151 02a4 D95F5BB2 		.ascii	"\331_[\262\277\021\363xy\263\330gH%\360\313\255\375"
 151      BF11F378 
 151      79B3D867 
 151      4825F0CB 
 151      ADFD
 152 02b6 F509A29E 		.ascii	"\365\011\242\236\315\2567\\\\P\234\235\236\35396\367"
 152      CDAE375C 
 152      5C509C9D 
 152      9EEB3936 
 152      F7
 153 02c7 2BB5CCD7 		.ascii	"+\265\314\327h\247\017Y\242\321\210\210d\012Q\243a\204"
 153      68A70F59 
 153      A2D18888 
 153      640A51A3 
 153      6184
 154 02d9 6CFFEFE2 		.ascii	"l\377\357\3427\312\305\001\250N\2757465(\024\366\306"
 154      37CAC501 
 154      A84EBD37 
 154      34363528 
 154      14F6C6
 155 02ec 964D3BFC 		.ascii	"\226M;\374Y\350\034R:\277\335z\227\004\004\321\271\323"
 155      59E81C52 
 155      3ABFDD7A 
 155      970404D1 
 155      B9D3
 156 02fe 23D7DCDC 		.ascii	"#\327\334\334\016\303( 0\234\243\0377\324:\337\241\037"
 156      0EC32820 
 156      309CA31F 
 156      37D43ADF 
 156      A11F
ARM GAS  C:\Users\NICOLA~1\AppData\Local\Temp\ccOirrne.s 			page 12


 157 0310 011E2FBB 		.ascii	"\001\036/\273\212\327}\3636)\314<^#\212t4\3756)\022"
 157      8AD77DF3 
 157      3629CC3C 
 157      5E238A74 
 157      34FD3629 
 158 0325 4C671E5C 		.ascii	"Lg\036\\n\322\244|\235\300X\332}R\224\0220\277\014\230"
 158      6ED2A47C 
 158      9DC058DA 
 158      7D529412 
 158      30BF0C98 
 159 0339 9E0CD8FA 		.ascii	"\236\014\330\372u\251iG\026;\275\311E\361w\326\370V"
 159      75A96947 
 159      163BBDC9 
 159      45F177D6 
 159      F856
 160 034b 478B1951 		.ascii	"G\213\031Q\316\327\361\204\242\275\205\006\026s\003"
 160      CED7F184 
 160      A2BD8506 
 160      167303
 161 035a 1D490363 		.ascii	"\035I\003c\353\346\371,\311\334\300\333\212t2\335\300"
 161      EBE6F92C 
 161      C9DCC0DB 
 161      8A7432DD 
 161      C0
 162 036b 52C6B4ED 		.ascii	"R\306\264\355\376-M\361+_\372\345\224~E\2736\347sH\367"
 162      FE2D4DF1 
 162      2B5FFAE5 
 162      947E45BB 
 162      36E77348 
 163 0380 1D95EE29 		.ascii	"\035\225\356)\236\356\327\316\376\335\317/X\315\030"
 163      9EEED7CE 
 163      FEDDCF2F 
 163      58CD18
 164 038f 3A4CE0AE 		.ascii	":L\340\2560,\032\3757\027\366i\316\216\357.\230\341"
 164      302C1AFD 
 164      3717F669 
 164      CE8EEF2E 
 164      98E1
 165 03a1 ECD3374F 		.ascii	"\354\3237O\212\327\213f<A\340{I\336\225\310\205\374"
 165      8AD78B66 
 165      3C41E07B 
 165      49DE95C8 
 165      85FC
 166 03b3 074EAE21 		.ascii	"\007N\256!\371\217\234|\376\365\346\031\376\216\327"
 166      F98F9C7C 
 166      FEF5E619 
 166      FE8ED7
 167 03c2 1E26302B 		.ascii	"\036&0+\017f\367\300-\331\231\235Y\364{Ne\373\247\255"
 167      0F66F7C0 
 167      2DD9999D 
 167      59F47B4E 
 167      65FBA7AD 
 168 03d6 312A1344 		.ascii	"1*\023D'\372\246\333\2352\331\030\355\237s\014\326\274"
 168      27FAA6DB 
 168      9D32D918 
 168      ED9F730C 
 168      D6BC
ARM GAS  C:\Users\NICOLA~1\AppData\Local\Temp\ccOirrne.s 			page 13


 169 03e8 5A288CC1 		.ascii	"Z(\214\301*\343\301r\251`\015\254J\371\2732\017\326"
 169      2AE3C172 
 169      A9600DAC 
 169      4AF9BB32 
 169      0FD6
 170 03fa 82228DA4 		.ascii	"\202\"\215\244\007\253\\0\265\216-.YL\375y\004~I\213"
 170      07AB5C30 
 170      B58E2D2E 
 170      594CFD79 
 170      047E498B 
 171 040e 5A794AD4 		.ascii	"ZyJ\324\362d\324\334\311\250\215\204\315~m\266\015\264"
 171      F264D4DC 
 171      C9A88D84 
 171      CD7E6DB6 
 171      0DB4
 172 0420 F2136E35 		.ascii	"\362\023n5B\351\337UV.mp\342^\267Wv\224}m\332\340W\246"
 172      42E9DF55 
 172      562E6D70 
 172      E25EB757 
 172      76947D6D 
 173 0438 7B51EA5E 		.ascii	"{Q\352^i\356\331\204\244\356%\256\033\277d\3417\336"
 173      69EED984 
 173      A4EE25AE 
 173      1BBF64E1 
 173      37DE
 174 044a D1E1F08D 		.ascii	"\321\341\360\215\267\201w\324O\340\236y\325\216\231"
 174      B78177D4 
 174      4FE09E79 
 174      D58E99
 175 0459 1DDD9D85 		.ascii	"\035\335\235\205\321\313*\350\277o\355h\005#\342G-\227"
 175      D1CB2AE8 
 175      BF6FED68 
 175      0523E247 
 175      2D97
 176 046b FEFDA168 		.ascii	"\376\375\241h\357c\377*x\377<\352f\275\035\226b\367"
 176      EF63FF2A 
 176      78FF3CEA 
 176      66BD1D96 
 176      62F7
 177 047d 66DEBFA8 		.ascii	"f\336\277\250\"\215\245\277\270+\031\323\2667u%\243"
 177      228DA5BF 
 177      B82B19D3 
 177      B6377525 
 177      A3
 178 048e 78E7CDB7 		.ascii	"x\347\315\267.YyGY\034W\222\315\363\311\346y\223\367"
 178      2E597947 
 178      591C5792 
 178      CDF3C9E6 
 178      7993F7
 179 04a1 EA94A9A8 		.ascii	"\352\224\251\250*\213}\256\252\303\266\226\3437\316"
 179      2A8B7DAE 
 179      AAC3B696 
 179      E337CE
 180 04b0 9F8A621D 		.ascii	"\237\212b\035\255\252\"\263\320\030\212=\2154B+0\215"
 180      ADAA22B3 
 180      D0188A3D 
 180      8D34422B 
ARM GAS  C:\Users\NICOLA~1\AppData\Local\Temp\ccOirrne.s 			page 14


 180      308D
 181 04c2 2CB68FD5 		.ascii	",\266\217\325\324\324\262\277\003\007\017\275p\250\276"
 181      D4D4B2BF 
 181      03070FBD 
 181      70A8BE
 182 04d1 61DFA3FB 		.ascii	"a\337\243\373j\353\033j\017>_W\373r\375+\207\033j\237"
 182      6AEB1B6A 
 182      0F3E5F57 
 182      FB72FD2B 
 182      871B6A9F 
 183 04e5 79F6A9FD 		.ascii	"y\366\251\375\217\010|r\377\221#Xy\256\256\356\305\232"
 183      8F087C72 
 183      FF912358 
 183      79AEAEEE 
 183      C59A
 184 04f7 03E43FDD 		.ascii	"\003\344?\335\312j\""
 184      CA6A22
 185              		.text
 186              		.section	.gnu.lto_.symbol_nodes.cfe464f5,"",%progbits
 187 0000 789C4D8B 		.ascii	"x\234M\213\275\011\2000\030\005//\012)\334\301\315\\"
 187      BD098030 
 187      18052F2F 
 187      0A29DCC1 
 187      CD5C
 188 0012 E54BA7A5 		.ascii	"\345K\247\245\177\255\022\235\305\332I\034\302\200\012"
 188      7FAD129D 
 188      C5DA491C 
 188      C2800A
 189 0021 5EF3E01E 		.ascii	"^\363\340\036\347\201\206\027\0152\350O0cI]\205F\231"
 189      E7818617 
 189      0D32E84F 
 189      3063495D 
 189      854699
 190 0034 FBCC9A02 		.ascii	"\373\314\232\002\232d\372\213\262\027[\316\334,\363"
 190      9A64FA8B 
 190      B2175BCE 
 190      DC2CF3
 191 0043 CF418C01 		.ascii	"\317A\214\001\357`o\257\332\273\202#/7\322\036\031b"
 191      EF606FAF 
 191      DABB8223 
 191      2F37D21E 
 191      1962
 192              		.text
 193              		.section	.gnu.lto_.refs.cfe464f5,"",%progbits
 194 0000 789C6366 		.ascii	"x\234cf```d\200\002\000\000=\000\005"
 194      60606064 
 194      80020000 
 194      3D0005
 195              		.text
 196              		.section	.gnu.lto_.decls.cfe464f5,"",%progbits
 197 0000 789CAD56 		.ascii	"x\234\255V{PSW\032\277\347\236\020B\210\340\310l\355"
 197      7B505357 
 197      1ABFE79E 
 197      104288E0 
 197      C86CED
 198 0013 389D96D2 		.ascii	"8\235\226\322\035\246\323iA\244\273\263\355?+F\254n"
 198      1DA6D369 
ARM GAS  C:\Users\NICOLA~1\AppData\Local\Temp\ccOirrne.s 			page 15


 198      41A4BBB3 
 198      ED3F2B46 
 198      AC6E
 199 0025 B56512B7 		.ascii	"\265e\022\267\335N\351d\"\211+[ \256\011;:\373\317\345"
 199      DD4EE964 
 199      22892B5B 
 199      20AE093B 
 199      3AFBCFE5 
 200 0039 A1022A20 		.ascii	"\241\002* >\312K\004\215\202\310\323-\270\212\305\024"
 200      3ECA4B04 
 200      8D82C8D3 
 200      2DB88AC5 
 200      14
 201 004a 1579898A 		.ascii	"\025y\211\212V\026\327-Q\024P\224\015\365\311\372\310"
 201      5616D72D 
 201      51145094 
 201      0DF5C9FA 
 201      C8
 202 005b 7EE79C24 		.ascii	"~\347\234$7\271\246ng\247w\370\345\336\357\236\337\367"
 202      37B9A66E 
 202      67A777F8 
 202      E5DEEF9E 
 202      DFF7
 203 006d 3BDFFDCE 		.ascii	";\337\375\316w\276\003\3468n>\3428'\\\257\206r\\\013"
 203      77BE03E6 
 203      386E3EE2 
 203      38275CAF 
 203      86725C0B 
 204 0081 CF713278 		.ascii	"\317q2x\227\300\211\027\261\353\000\015\200&\300!\000"
 204      97C08917 
 204      B1EB000D 
 204      8026C021 
 204      00
 205 0092 B870ED9C 		.ascii	"\270p\355\234\357E8\201.\337\327\001\275\200n@\007\300"
 205      EF453881 
 205      2EDFD701 
 205      BD806E40 
 205      07C0
 206 00a4 01980480 		.ascii	"\001\230\004\200<w\0120\352\322\250\343\236\277\310"
 206      3C770A30 
 206      EAD2A8E3 
 206      9EBFC8
 207 00b3 3C415E3A 		.ascii	"<A^:n_\2423\0058\000\010\000g\031@\016\3177\0017\000"
 207      6E5FA233 
 207      05380008 
 207      00671940 
 207      0ECF3701 
 208 00c9 D701B700 		.ascii	"\327\001\267\000w\000\317\000\330\245U\347\212Yz5I\342"
 208      7700CF00 
 208      D8A555E7 
 208      8A597A35 
 208      49E2
 209 00db F59EE755 		.ascii	"\365\236\347U\320~\305\245?\014\260\003F\000W\001\023"
 209      D07EC5A5 
 209      3F0CB003 
 209      46005701 
 209      13
ARM GAS  C:\Users\NICOLA~1\AppData\Local\Temp\ccOirrne.s 			page 16


 210 00ec 80D988C5 		.ascii	"\200\331\210\305\337\344Gw\212GG\032\356\235\011\036"
 210      DFE44777 
 210      8A47471A 
 210      EE9D091E 
 211 00fc E7518832 		.ascii	"\347Q\2102\234\230G\213\272\212\345`\252\2242b\266="
 211      9C98478B 
 211      BA8AE560 
 211      AA943262 
 211      B63D
 212 010e BE765136 		.ascii	"\276vQ6{\207\000Wa\2260S\206\022^B\325h\016\252As@\365"
 212      7B870057 
 212      61963053 
 212      86125E42 
 212      D5680EAA 
 213 0126 009A0DBF 		.ascii	"\000\232\015\277\237\313\230\322\356C=\0232\314#\362"
 213      9FCB98D2 
 213      EE433D13 
 213      32CC23F2 
 214 0136 BCB7F8EA 		.ascii	"\274\267\370\352E\345\333\265\340\226#\330\306\2618"
 214      45E5DBB5 
 214      E09623D8 
 214      C6B138
 215 0145 5DD5C0FA 		.ascii	"]\325\300\372\206\031\341\025\202\255\311\321w%\275"
 215      8619E115 
 215      82ADC9D1 
 215      7725BD
 216 0154 44A8CC14 		.ascii	"D\250\314\024\2369\235\210j\241Z\204\321A\3646\241\222"
 216      9E399D88 
 216      6AA15A84 
 216      D141F436 
 216      A192
 217 0166 67EA83EA 		.ascii	"g\352\203\352P8\370\025\024\3369\214\360\027T|p\337"
 217      5038F815 
 217      14DE398C 
 217      F017547C 
 217      70DF
 218 0178 E60C1568 		.ascii	"\346\014\025hT6\331\207N\030m\331\302\023\247\0233\205"
 218      5436D987 
 218      4E186DD9 
 218      C213A713 
 218      3385
 219 018a 7A2F857A 		.ascii	"z/\205z\267B\003U\250\256\276T\037\200\377D\025~\260"
 219      B7420355 
 219      A8AEBE54 
 219      1F80FF44 
 219      157EB0
 220 019d 0D5FC654 		.ascii	"\015_\306T\241\262f\237\274K\2609\235\277\245\376\215"
 220      A1B2669F 
 220      BC4BB039 
 220      9DBFA5FE 
 220      8D
 221 01ae 5EFE8D6E 		.ascii	"^\376\215n\377&\352?v\376\351H\010\376+\365\357\333"
 221      FF26EA3F 
 221      76FEE948 
 221      08FE2BF5 
 221      EFDB
 222 01c0 70E3AC12 		.ascii	"p\343\254\022\374\355\202c\323\372\011\365\326\254B"
ARM GAS  C:\Users\NICOLA~1\AppData\Local\Temp\ccOirrne.s 			page 17


 222      FCED8263 
 222      D3FA09F5 
 222      D6AC42
 223 01cf AB60773A 		.ascii	"\253`w:_cA4{\2114\273E\016Q\221\343\355\217:\225\270"
 223      5F634134 
 223      7B8934BB 
 223      450E5191 
 223      E3ED8F3A 
 224 01e5 1D5195CD 		.ascii	"\035Q\225\3159\366n%>\315\214\214\375m\233\003!\361"
 224      39F66E25 
 224      3ECD8C8C 
 224      FD6D9B03 
 224      21F1
 225 01f7 AF2B699E 		.ascii	"\257+i\236\206\313\246\255A\324$\365\036\012\257\370"
 225      86CBA6AD 
 225      41D424F5 
 225      1E0AAFF8 
 226 0207 AE51616F 		.ascii	"\256Qao\010\212TZ!\253\216\332\352k\213\263\204\371"
 226      088A545A 
 226      21AB8EDA 
 226      EA6B8BB3 
 226      84F9
 227 0219 E8EF4889 		.ascii	"\350\357H\211\276\366\314G\275\311\225#\010\231d\305"
 227      BEF6CC47 
 227      BDC99523 
 227      089964C5 
 228 0229 82BA4238 		.ascii	"\202\272B8\317\202\241\303(\022\030\224\213Z\340e+\274"
 228      CF82A1C3 
 228      28121894 
 228      8B5AE065 
 228      2BBC
 229 023b 04E1534F 		.ascii	"\004\341SO\332\263\003\2202\322\277\323Q?N4\204\351"
 229      DAB30390 
 229      32D2BFD3 
 229      513F4E34 
 229      84E9
 230 024d DCA29704 		.ascii	"\334\242\227\004A\206\216@\010\177\023C\200\210<\253"
 230      41868E40 
 230      087F1343 
 230      80883CAB 
 231 025d 7DE3F6C1 		.ascii	"}\343\366\301\001%\336\201\351\027v\336k\313\225\277"
 231      0125DE81 
 231      E91776DE 
 231      6BCB95BF 
 232 026d B60FEF12 		.ascii	"\266\017\357\022\024t\260\277%\367H(|\"\370\013'k#\350"
 232      1474B0BF 
 232      25F74828 
 232      7C22F80B 
 232      276B23E8 
 233 0281 BADCAFD9 		.ascii	"\272\334\257\331\250|\243J\250\334\343\350\253H\246"
 233      A87CA34A 
 233      A8DCE3E8 
 233      AB48A6
 234 0290 D52190A5 		.ascii	"\325!\220\245\241s\264\2619\274\352\217\2749\206 \353"
 234      A173B4B1 
 234      39BCEA8F 
 234      BC398620 
ARM GAS  C:\Users\NICOLA~1\AppData\Local\Temp\ccOirrne.s 			page 18


 234      EB
 235 02a1 DF9040DB 		.ascii	"\337\220@\333\321\033 qh\357\276\326 Z\317\363\211\242"
 235      D11B2071 
 235      68EFBED6 
 235      205ACFF3 
 235      89A2
 236 02b3 75C7CEBA 		.ascii	"u\307\316\272\000Z\317\012b\336>Q2\215q\033\013\350"
 236      005ACF0A 
 236      62DE3E51 
 236      328D711B 
 236      0BE8
 237 02c5 4E8775AD 		.ascii	"N\207u\255\022>:\353\247}4xd\236\273=\022\212O3\367"
 237      123E3AEB 
 237      A77D3478 
 237      649EBB3D 
 237      128A4F33 
 238 02da E39DFD7B 		.ascii	"\343\235\375{\202p\0175d\316'\031\003\301(\"\",\262"
 238      82700F35 
 238      64CE2719 
 238      03C12822 
 238      222CB2
 239 02ed 52C8CE72 		.ascii	"R\310\316rT\024<\376\260(K\260\276\214: \362\023\020"
 239      54143CFE 
 239      B0284BB0 
 239      BE8C3A20 
 239      F21310
 240 0300 E7691426 		.ascii	"\347i\024&\312\277I\242\177\013~8\302\256\274\323(\357"
 240      CABF49A2 
 240      7F0B7E38 
 240      C2AEBCD3 
 240      28EF
 241 0312 9A4B9927 		.ascii	"\232K\231'\3752\253\311\327r[\351.\254\024\346[8t\034"
 241      FD32ABC9 
 241      D7725BE9 
 241      2EAC14E6 
 241      5B38741C 
 242 0326 C66D3407 		.ascii	"\306m4\007\204M\262\322\005\021\237B\021\250\023E\320"
 242      844DB2D2 
 242      05119F42 
 242      11A81345 
 242      D0
 243 0337 EC9325B2 		.ascii	"\354\223%\262\337j\224\013\210P8wA\272\227\206\037-"
 243      DF6A940B 
 243      88503877 
 243      41BA9786 
 243      1F2D
 244 0349 9DCE57A2 		.ascii	"\235\316W\242\260H\177\252\250\007\304^(<iR\240n |+"
 244      B0487FAA 
 244      A807C45E 
 244      283C6952 
 244      A06E207C 
 245 035e AE3B99C5 		.ascii	"\256;\231\305\275\356#\337\016\324\311Uyb=Q\262\270"
 245      BDEE23DF 
 245      0ED4C955 
 245      79623D51 
 245      B2B8
 246 0370 70BD4845 		.ascii	"p\275HE7\005\334\311n*\261ZUt\311*1\361v\266\016^Et"
ARM GAS  C:\Users\NICOLA~1\AppData\Local\Temp\ccOirrne.s 			page 19


 246      3705DCC9 
 246      6E2AB15A 
 246      5574C92A 
 246      31F176B6 
 247 0388 CDDE2566 		.ascii	"\315\336%fi\377`n\000\316\221\321\244\013\005c\331\030"
 247      69FF606E 
 247      00CE91D1 
 247      A40B0563 
 247      D918
 248 039a 6F67466E 		.ascii	"ogFnQ\326\230\002\2270\343BMa\216\002\357b\306t\377"
 248      51D69802 
 248      9730E342 
 248      4D618E02 
 248      EF62C674 
 249 03af 580BC6FB 		.ascii	"X\013\306\373\231\321{\355\321]\025\325\233I\314\226"
 249      99D17BED 
 249      D15D15D5 
 249      9B49CC96 
 250 03bf 82B1DD32 		.ascii	"\202\261\3352\334\310\306N\015n\270)\307\255\314(y\330"
 250      DCC8C64E 
 250      0D6EB829 
 250      C7ADCC28 
 250      79D8
 251 03d1 D7194A89 		.ascii	"\327\031J\211/\023s\250z\3436\005ngc[\367m\337\300\343"
 251      2F1373A8 
 251      7AE33605 
 251      6E67635B 
 251      F76DDFC0 
 252 03e6 4E66B89B 		.ascii	"Nf\270\233\246\2125\315\373\367\0132y\334\313\306j\256"
 252      A68A35CD 
 252      FBF70B32 
 252      79DCCBC6 
 252      6AAE
 253 03f8 F517CDA0 		.ascii	"\365\027\315\240co\022\263\333Z6\035\202/\260\261\007"
 253      636F12B3 
 253      DB5A361D 
 253      822FB0B1 
 253      07
 254 0409 63676D08 		.ascii	"cgm\010\0171c\370\341pG %\316\0053tz\342\372@\020T\020"
 254      0F3163F8 
 254      E1704720 
 254      25CE0533 
 254      747AE2FA 
 255 0421 BBC2C84F 		.ascii	"\273\302\310Od\004)\017\373\323\306\036\225\340*\020"
 255      6404290F 
 255      FBD3C61E 
 255      95E02A10 
 256 0431 524A632F 		.ascii	"RJc/(\245g\236R:\353\227\311J\211R\213\233\015\266l"
 256      28A5679E 
 256      523AEB97 
 256      C94A8952 
 256      8B9B0DB6 
 257 0446 4CB957A4 		.ascii	"L\271W\244\334\177\"\0119O$_\224\222/H\311\371\"\371"
 257      DC7F2209 
 257      394F245F 
 257      94922F48 
 257      C9F922F9 
ARM GAS  C:\Users\NICOLA~1\AppData\Local\Temp\ccOirrne.s 			page 20


 258 045a A4943C24 		.ascii	"\244\224<$%\347\210\344\363R\262MJ\316\025\311\003\376"
 258      25E788E4 
 258      F352B24D 
 258      4ACE15C9 
 258      03FE
 259 046c C31053B1 		.ascii	"\303\020S\261E\344\376\303\177\024o\211\333J\240\033"
 259      45E4FEC3 
 259      7F146F89 
 259      DB4AA01B 
 260 047c A00FC6CF 		.ascii	"\240\017\306\317\320\2411W\365\337\206\352\037\206\352"
 260      D0A13157 
 260      F5DF86EA 
 260      1F86EA
 261 048b B703C601 		.ascii	"\267\003\306\001\327\0017\000\327\000w\000\267\000\243"
 261      D7013700 
 261      D7007700 
 261      B700A3
 262 049a 8011C04D 		.ascii	"\200\021\300M\300U\300\204k\247\320(\234\236\0059\347"
 262      C055C084 
 262      6BA7D028 
 262      9C9E0539 
 262      E7
 263 04ab FFEBC480 		.ascii	"\377\353\304\200\013\304\200/\373_\020\221\273Y\344"
 263      0BC4802F 
 263      FB5F1091 
 263      BB59E4
 264 04ba 0E4AB997 		.ascii	"\016J\271\227\244Y+\021\311\377\222\222\277\027\205"
 264      A4592B11 
 264      C9FF9292 
 264      BF1785
 265 04c9 E9CE7E4C 		.ascii	"\351\316~L[\306\330s-\203V\342\246f+\202\256\334\201"
 265      5BC6D873 
 265      2D8356E2 
 265      A6662B82 
 265      AEDC81
 266 04dc A8D677FE 		.ascii	"\250\326w\376'\246Z\320a\366\\>q\030{:\214o\202\321"
 266      27A65AD0 
 266      61F65C3E 
 266      71187B3A 
 266      8C6F82D1 
 267 04f0 BF21AF3F 		.ascii	"\277!\257?G\216i\314\245\315*\210y\022\344\372\305~"
 267      478E69CC 
 267      A5CD2A88 
 267      7912E4FA 
 267      C57E
 268 0502 34E6D58F 		.ascii	"4\346\325\217\234U\003\237\370\264\243I\237v\344p\265"
 268      9C55039F 
 268      F8B4A349 
 268      9F76E470 
 268      B5
 269 0513 23076D47 		.ascii	"#\007mG\337\027\333\362d>lr\250\213\354)\027{\212\262"
 269      DF17DBF2 
 269      643E6C72 
 269      A88BEC29 
 269      177B8AB2 
 270 0527 DB1EB556 		.ascii	"\333\036\265V\207\320\346e\247\273\372\320\261\361\373"
 270      87D0E665 
ARM GAS  C:\Users\NICOLA~1\AppData\Local\Temp\ccOirrne.s 			page 21


 270      A7BBFAD0 
 270      B1F1FB
 271 0536 AC87BC42 		.ascii	"\254\207\274B\314Q\307\221*\031\036f;~\250\267\343\234"
 271      CC51C791 
 271      2A191E66 
 271      3B7EA8B7 
 271      E39C
 272 0548 1C4F32E3 		.ascii	"\034O2\343\350\324\246{\012|\217\031;\216\225\027\261"
 272      E8D4A67B 
 272      0A7C8F19 
 272      3B8E9517 
 272      B1
 273 0559 534BA076 		.ascii	"SK\240v~\203\365.S\241\035\261\246\352J\037&G\225\340"
 273      7E83F52E 
 273      53A11DB1 
 273      A6EA4A1F 
 273      264795E0 
 274 056d 0E49A5F4 		.ascii	"\016I\245\364\212h\232\034\271\260\277\321#vL\355\232"
 274      8A689A1C 
 274      B9B0BFD1 
 274      23764CED 
 274      9A
 275 057e 38571B3A 		.ascii	"8W\033:\253\320\225\367p\013=>\037\002\235m\221\377"
 275      ABD095F7 
 275      700B3D3E 
 275      1F029D6D 
 275      91FF
 276 0590 A0596E27 		.ascii	"\240Yn'\302\376\352\273\032G\2407\273\343E\354\013\015"
 276      C2FEEABB 
 276      1A47A037 
 276      BBE345EC 
 276      0B0D
 277 05a2 D30E057E 		.ascii	"\323\016\005~D\303\226\347\265\354>\035JzV\030mU\031"
 277      44C396E7 
 277      B5EC3E1D 
 277      4A7A5618 
 277      6D5519
 278 05b5 F6D2C6DF 		.ascii	"\366\322\306\337\221N\365\030\315BO`)\004>\314\243\364"
 278      914EF518 
 278      CD424F60 
 278      29043ECC 
 278      A3F4
 279 05c7 5CB9177B 		.ascii	"\\\271\027{v\306}\027\365\307\232Z\211\207\371\300/"
 279      76C67D17 
 279      F5C79A5A 
 279      8987F9C0 
 279      2F
 280 05d8 D3FB7C64 		.ascii	"\323\373|du\366\003\214\337\245\363\0216)\262\014>\022"
 280      75F6038C 
 280      DFA5F311 
 280      3629B20C 
 280      3E12
 281 05ea 3D83C271 		.ascii	"=\203\302q\002\236\0022y\257\002\312\247E\017T\177E"
 281      029E0232 
 281      79AF02CA 
 281      A7450F54 
 281      7F45
ARM GAS  C:\Users\NICOLA~1\AppData\Local\Temp\ccOirrne.s 			page 22


 282 05fc 5FE6D57E 		.ascii	"_\346\325~\257H\347\367-\371\243;\205~\036E\206Q\321"
 282      AF48E7F7 
 282      2DF9A33B 
 282      857E1E45 
 282      8651D1
 283 060f 723823B3 		.ascii	"r8#\263\201{O\254I2\003\275\374\305\212\262 \304\377"
 283      817B4FAC 
 283      493203BD 
 283      FCC58AB2 
 283      20C4FF
 284 0622 152EACC0 		.ascii	"\025.\254\3007\245\015Y\274O}f\363\336\325\274\236g"
 284      37A50D59 
 284      BC4F7D66 
 284      F3DED5BC 
 284      9E67
 285 0634 F50977F2 		.ascii	"\365\011w\362_\327\231\363\327\021;\\y\372\017\370H"
 285      5FD799F3 
 285      D7113B5C 
 285      79FA0FF8 
 285      48
 286 0645 4F2F3BBA 		.ascii	"O/;\272~I\377\243\261\255\177\300c'\253\302\361\374"
 286      7E49FFA3 
 286      B1AD7FC0 
 286      6327ABC2 
 286      F1FC
 287 0657 E2AC1978 		.ascii	"\342\254\031xK\0005:\272\2665\006\343\255\314\030\352"
 287      4B00353A 
 287      BAB63506 
 287      E3ADCC18 
 287      EA
 288 0668 B9552DC7 		.ascii	"\271U-\307;\231\261\177\373\303\334P\\\301\014{y\277"
 288      3B99B17F 
 288      FBC3DC50 
 288      5CC10C7B 
 288      79BF
 289 067a 1E57B1E7 		.ascii	"\036W\261\347\311\366\311gA\330\312\214'E\323\203<\256"
 289      C9F6C967 
 289      41D8CA8C 
 289      2745D383 
 289      3CAE
 290 068c 67464BF7 		.ascii	"gFK\367eA\201\233\251\021<\342\030:\031\3409\351\"#"
 290      6541819B 
 290      A9113CE2 
 290      183A19E0 
 290      39E92223 
 291 06a0 C2689A77 		.ascii	"\302h\232w\325\213i\316\3431*\373\221e\246\025q\240"
 291      D58B69CE 
 291      E3312AFB 
 291      9165A615 
 291      71A0
 292 06b2 DE5D115B 		.ascii	"\336]\021[\244\324\347N\243\335\036\356f)\327\367|\021"
 292      A4D4E74E 
 292      A3DD1EEE 
 292      6629D7F7 
 292      7C11
 293 06c4 322B6B29 		.ascii	"2+k)\227l\227|)\367\222\244|\353<\262\205R\352\220\204"
 293      976C977C 
ARM GAS  C:\Users\NICOLA~1\AppData\Local\Temp\ccOirrne.s 			page 23


 293      29F792A4 
 293      7CEB3CB2 
 293      8552EA90 
 294 06d9 5AE1A16E 		.ascii	"Z\341\241n\362\037\201H-\367Ps\375\346@d\036\3640\013"
 294      F21F8148 
 294      2DF75073 
 294      FDE64064 
 294      1EF4300B 
 295 06ed FC87CA3E 		.ascii	"\374\207\312>\2135\310zR\337e\376\353\273\246\336\367"
 295      8B35C87A 
 295      52DF65FE 
 295      EBBBA6DE 
 295      F7
 296 06fe DF0B3FD9 		.ascii	"\337\013?\331|\356\240\334\300\317A\033y2T\346*\330"
 296      7CEEA0DC 
 296      C0CF411B 
 296      793254E6 
 296      2AD8
 297 0710 1228D8AF 		.ascii	"\022(\330\257\370\010\264\025\260\023\260\015P\012("
 297      F808B415 
 297      B013B00D 
 297      500A28
 298 071f 026C0714 		.ascii	"\002l\007\024\003vx\212\230\257\352\357+RJ\016\007\267"
 298      0376788A 
 298      98AFEAEF 
 298      2B524A0E 
 298      07B7
 299 0731 28DA055A 		.ascii	"(\332\005Z\377\217.\375\326\206T\005*\007\347\034\336"
 299      FF8F2EFD 
 299      D6865405 
 299      2A07E71C 
 299      DE
 300 0742 B3EDCA78 		.ascii	"\263\355\312x\361(h\235\272\236\027\340\263{\312}vO"
 300      F128689D 
 300      BA9E17E0 
 300      B37BCA7D 
 300      764F
 301 0754 856BF790 		.ascii	"\205k\367\220\373\234U\372\024]J\212A\267B\237\364e"
 301      FB9C55FA 
 301      145D4A8A 
 301      41B7429F 
 301      F465
 302 0766 FA6A9DC1 		.ascii	"\372j\235\301\224\252ON\323%\247%[\344\037|\364\373"
 302      94AA4F4E 
 302      D325A725 
 302      5BE41F7C 
 302      F4FB
 303 0778 7035F79B 		.ascii	"p5\367\233\250\250h\370KZ\225\274\"\331d\216\371uL\264"
 303      A8A868F8 
 303      4B5A95BC 
 303      22D9648E 
 303      F9754CB4 
 304 078c C91C0D5E 		.ascii	"\311\034\015^\321\253Mk,\346h\355\362e\261\363\330\357"
 304      D1AB4D6B 
 304      2CE668ED 
 304      F265B1F3 
 304      D8EF
ARM GAS  C:\Users\NICOLA~1\AppData\Local\Temp\ccOirrne.s 			page 24


 305 079e A2D8B56B 		.ascii	"\242\330\265k\243]zQI\234\312-M\304f\232-\251\261\363"
 305      A35D7A51 
 305      499CCA2D 
 305      4DC4669A 
 305      2DA9B1F3 
 306 07b2 744929A6 		.ascii	"tI)\246\244/\351\213@C\252~\011\334\337\377)\362K\227"
 306      A42FE98B 
 306      4043AA7E 
 306      09DCDFFF 
 306      29F24B97 
 307 07c6 2E8C5EB8 		.ascii	".\214^\270,\356/1\321L"
 307      2CEE2F31 
 307      D14C
 308 07d0 067CA356 		.ascii	"\006|\243Vq\212\364\3444\013X\026\245N\347~\\\231\364"
 308      718AF4E4 
 308      340B5816 
 308      A54EE77E 
 308      5C99F4
 309 07e3 7E22D532 		.ascii	"~\"\3252[\322\015\311\246D\213\311\224bN\374cZz8}\012"
 309      5BD20DC9 
 309      A6448BC9 
 309      94624EFC 
 309      635A7A38 
 310 07f9 D7AF490D 		.ascii	"\327\257I\0157\246\2560\032\014FC\342\273Q\357\205\317"
 310      37A6AE30 
 310      1A0C4643 
 310      E2BB51EF 
 310      85CF
 311 080b 9B1BF3AB 		.ascii	"\233\033\363\253?\307&\302\373w\322Li\306w\214\372\025"
 311      3FC726C2 
 311      FB77D24C 
 311      69C6778C 
 311      FA15
 312 081d C989C969 		.ascii	"\311\211\311iI)\351\006cb\252\036\264\322\214\211:\203"
 312      4929E906 
 312      6362AA1E 
 312      B4D28C89 
 312      3A83
 313 082f 71A53E3D 		.ascii	"q\245>=\305\242\263\254[m4\303\324\237\377\254\323\230"
 313      C5A2B3AC 
 313      5B6D34C3 
 313      D49FFFAC 
 313      D398
 314 0841 D7991375 		.ascii	"\327\231\023uf\213\001\276\001\264C\265\353\314\026"
 314      668B01BE 
 314      01B443B5 
 314      EBCC16
 315 0850 63AADAB4 		.ascii	"c\252\332\264\306\250&\351\372E\224Ao\321GI\336\006"
 315      C6A826E9 
 315      FA459441 
 315      6FD14749 
 315      DE06
 316 0862 277CAAD1 		.ascii	"'|\252\321-\207p\026\032W\362j\015Vk5\357\371K\245q"
 316      2D877016 
 316      1A57F26A 
 316      0D566B35 
 316      EFF94BA5 
ARM GAS  C:\Users\NICOLA~1\AppData\Local\Temp\ccOirrne.s 			page 25


 317 0877 AD255ABD 		.ascii	"\255%Z\275L\273D\013\251\364Z&\232\307\225\261sc\327"
 317      4CBB440B 
 317      A9F45A26 
 317      9AC795B1 
 317      7363D7
 318 088a 26C194C1 		.ascii	"&\301\224\301\032\265\332-&S/\372\000\344\226h\024q"
 318      1AB5DA2D 
 318      26532FFA 
 318      00E49668 
 318      1471
 319 089c 090BE669 		.ascii	"\011\013\346i\264\313\351C\014y\220\307-^\020\377\221"
 319      B4CBE943 
 319      0C7990C7 
 319      2D5E10FF 
 319      91
 320 08ad 26900CB8 		.ascii	"&\220\014\270\3561p\227-X\250\006c\361\002\302\011 "
 320      EE317097 
 320      2D58A806 
 320      63F102C2 
 320      0920
 321 08bf EEF3E86F 		.ascii	"\356\363\350ol\210\3663-<\270\225\351\313\030\254Qk"
 321      6C88F633 
 321      2D3CB895 
 321      E9CB18AC 
 321      516B
 322 08d1 E4F17F58 		.ascii	"\344\361\177X\276D\255\231\261hi\234v\261{\030\307\251"
 322      BE44AD99 
 322      B168699C 
 322      76B17B18 
 322      C7A9
 323 08e3 35B20FE3 		.ascii	"5\262\017\343?\323\004~\234\260\234\334y\255\206\217"
 323      3FD3047E 
 323      9CB09CDC 
 323      79AD868F 
 324 08f3 D32834F1 		.ascii	"\323(4\361\332x\315'\361\013\361\307\0134\262O5\011"
 324      DA78CD27 
 324      F10BF1C7 
 324      0B34B24F 
 324      3509
 325 0905 9AFF02BC 		.ascii	"\232\377\002\274\027G\235"
 325      17479D
 326              		.text
 327              		.section	.gnu.lto_.symtab.cfe464f5,"",%progbits
 328 0000 68616C5F 		.ascii	"hal_lld_init\000\000\000\000\000\000\000\000\000\000"
 328      6C6C645F 
 328      696E6974 
 328      00000000 
 328      00000000 
 329 0016 0000AE00 		.ascii	"\000\000\256\000\000\000stm32_clock_init\000\000\000"
 329      00007374 
 329      6D33325F 
 329      636C6F63 
 329      6B5F696E 
 330 002f 00000000 		.ascii	"\000\000\000\000\000\000\000\000\000\260\000\000\000"
 330      00000000 
 330      00B00000 
 330      00
ARM GAS  C:\Users\NICOLA~1\AppData\Local\Temp\ccOirrne.s 			page 26


 331 003c 53797374 		.ascii	"SystemCoreClock\000\000\000\000\000\000\000\000\000"
 331      656D436F 
 331      7265436C 
 331      6F636B00 
 331      00000000 
 332 0054 000000BE 		.ascii	"\000\000\000\276\000\000\000dmaInit\000\000\002\000"
 332      00000064 
 332      6D61496E 
 332      69740000 
 332      0200
 333 0066 00000000 		.ascii	"\000\000\000\000\000\000\000\000\262\000\000\000"
 333      00000000 
 333      B2000000 
 334              		.text
 335              		.section	.gnu.lto_.opts,"",%progbits
 336 0000 272D666E 		.ascii	"'-fno-trapv' '-mcpu=cortex-m4' '-mno-thumb-interwor"
 336      6F2D7472 
 336      61707627 
 336      20272D6D 
 336      6370753D 
 337 0033 6B272027 		.ascii	"k' '-mthumb' '-ggdb' '-O2' '-fomit-frame-pointer' '"
 337      2D6D7468 
 337      756D6227 
 337      20272D67 
 337      67646227 
 338 0066 2D66616C 		.ascii	"-falign-functions=16' '-ffunction-sections' '-fdata"
 338      69676E2D 
 338      66756E63 
 338      74696F6E 
 338      733D3136 
 339 0099 2D736563 		.ascii	"-sections' '-fno-common' '-flto'\000"
 339      74696F6E 
 339      73272027 
 339      2D666E6F 
 339      2D636F6D 
 340              		.text
 341              		.comm	__gnu_lto_v1,1,1
 342              		.comm	__gnu_lto_slim,1,1
 343              		.ident	"GCC: (GNU Tools for ARM Embedded Processors) 4.9.3 20150529 (release) [ARM/embedded-4_9-br
ARM GAS  C:\Users\NICOLA~1\AppData\Local\Temp\ccOirrne.s 			page 27


DEFINED SYMBOLS
                            *ABS*:00000000 hal_lld.c
                            *COM*:00000001 __gnu_lto_v1
                            *COM*:00000001 __gnu_lto_slim

NO UNDEFINED SYMBOLS
