ARM GAS  C:\Users\NICOLA~1\AppData\Local\Temp\cc3JQd7h.s 			page 1


   1              		.syntax unified
   2              		.cpu cortex-m4
   3              		.fpu softvfp
   4              		.eabi_attribute 20, 1
   5              		.eabi_attribute 21, 1
   6              		.eabi_attribute 23, 3
   7              		.eabi_attribute 24, 1
   8              		.eabi_attribute 25, 1
   9              		.eabi_attribute 26, 1
  10              		.eabi_attribute 30, 2
  11              		.eabi_attribute 34, 1
  12              		.eabi_attribute 18, 4
  13              		.thumb
  14              		.file	"motor.c"
  15              		.text
  16              	.Ltext0:
  17              		.section	.gnu.lto_.profile.e00799d4,"",%progbits
  18 0000 789C6366 		.ascii	"x\234cf```a\200\000F\206Bs\000\001\215\000\261"
  18      60606061 
  18      80004686 
  18      42730001 
  18      8D00B1
  19              		.text
  20              		.section	.gnu.lto_.jmpfuncs.e00799d4,"",%progbits
  21 0000 789C6366 		.ascii	"x\234cf\300\016\"\2414\013\003##c=#\023##s}=#\003\003"
  21      C00E22A1 
  21      340B0323 
  21      23633D23 
  21      13232373 
  22 0019 13107D64 		.ascii	"\023\020}db\274\377\344\374E\216\027L?\201\\\006\306"
  22      62BCFFE4 
  22      FC458E17 
  22      4C3F815C 
  22      06C6
  23 002b E58C520C 		.ascii	"\345\214R\014\314@q0\003\254\004\304\001jC\022dF\343"
  23      CC407130 
  23      03AC04C4 
  23      016A4312 
  23      6446E3
  24 003e 330000A8 		.ascii	"3\000\000\2502\014X"
  24      320C58
  25              		.text
  26              		.section	.gnu.lto_.inline.e00799d4,"",%progbits
  27 0000 789C6366 		.ascii	"x\234cf\300\016\236Bi\026\006\006V\026F\006&\246\013"
  27      C00E9E42 
  27      69160606 
  27      56164606 
  27      26A60B
  28 0013 FC0C1C1F 		.ascii	"\374\014\034\037\364\230@b\214\0142\366\214L\214\214"
  28      F4984062 
  28      8C0C32F6 
  28      8C4C8C8C 
  29 0023 0CCC0C20 		.ascii	"\014\314\014 B\201M\360E\013#\003\367\0127&\006\306"
  29      42814DF0 
  29      450B2303 
  29      F70A3726 
  29      06C6
ARM GAS  C:\Users\NICOLA~1\AppData\Local\Temp\cc3JQd7h.s 			page 2


  30 0035 17EC2C10 		.ascii	"\027\354,\020\022Dp\200\231\034 =L\334@}\023\374\230"
  30      12447080 
  30      991C203D 
  30      4CDC407D 
  30      13FC98
  31 0048 7980CC09 		.ascii	"y\200\314\011~\014,\274\014\014\314@\032.2\301\217\211"
  31      7E0C2CBC 
  31      0C0CCC40 
  31      1A2E32C1 
  31      8F89
  32 005a 815F9C11 		.ascii	"\201_\234\021\250\001h*\003\330T\316\025n\014\354\035"
  32      A801682A 
  32      03D854CE 
  32      156E0CEC 
  32      1D
  33 006b EA304399 		.ascii	"\3520C\231w\210\243\033\212d\012%\232\031\000\300\222"
  33      7788A31B 
  33      8A640A25 
  33      9A1900C0 
  33      92
  34 007c 1E8B     		.ascii	"\036\213"
  35              		.text
  36              		.section	.gnu.lto_.pureconst.e00799d4,"",%progbits
  37 0000 789C6366 		.ascii	"x\234cf``\340d\200\000\026\006)F)&)f)\000\002\305\000"
  37      6060E064 
  37      80001606 
  37      29462926 
  37      29662900 
  38 0017 7F       		.ascii	"\177"
  39              		.text
  40              		.section	.gnu.lto_motorObjectInit.e00799d4,"",%progbits
  41 0000 789C7D90 		.ascii	"x\234}\220M+\204Q\024\307\317\377<3O4\336\262P3\033"
  41      4D2B8451 
  41      14C7CFFF 
  41      3C334F34 
  41      DEB25033 
  42 0015 53923231 		.ascii	"S\22221_\301G\360\031\310B\021\315\260vG6\0264\261Q"
  42      5FC147F0 
  42      19C84211 
  42      CDB07647 
  42      361634B1 
  43 002a C85B325E 		.ascii	"\310[2^g\214,\220z\212\244\274e%\022\305(\222\232A\361"
  43      678C2C90 
  43      7A8AA4BC 
  43      652512C5 
  43      28929A41 
  44 003f 2CC439C3 		.ascii	",\3049\303B)\267n\367\234{\317\371\375\377\347Z\364"
  44      4229B76E 
  44      F79C7BCF 
  44      F9FDFFE7 
  44      5AF4
  45 0051 7705640F 		.ascii	"w\005d\017\201\250RNX\004\216\037\023\305\012\030\320"
  45      81A8524E 
  45      58048E1F 
  45      13C50A18 
  45      D0
  46 0062 80403D8C 		.ascii	"\200@=\214\036<p\216\021w\026G|5\263\306\230\354\364"
ARM GAS  C:\Users\NICOLA~1\AppData\Local\Temp\cc3JQd7h.s 			page 3


  46      1E3C708E 
  46      11771647 
  46      7C35B3C6 
  46      98ECF4
  47 0075 4EACD181 		.ascii	"N\254\321\201\313D/\374\315\301\034j\244fj2\021\264"
  47      CB442FFC 
  47      CDC11C6A 
  47      A4666A32 
  47      11B4
  48 0087 FC200937 		.ascii	"\374 \0117V^\217|\367\3542\202\232n\016\355\217\330"
  48      565E8F7C 
  48      F7EC3282 
  48      9A6E0EED 
  48      8FD8
  49 0099 9AB247D3 		.ascii	"\232\262G\323\275\334\355fa\365\2141\275\316A\3324x"
  49      BDDCED66 
  49      61F58C31 
  49      BDCE41DA 
  49      3478
  50 00ab 5CB69080 		.ascii	"\\\266\220\200%8\314#\200\005\004H\256\010\213\250\326"
  50      2538CC23 
  50      80050448 
  50      AE088BA8 
  50      D6
  51 00bc F25CDFC7 		.ascii	"\362\\\337\307\231\317\356\023\355\262oI,\301\026\333"
  51      99CFEE13 
  51      EDB26F49 
  51      2CC116DB 
  52 00cc 942C77CC 		.ascii	"\224,w\314\347\347\314\362e\225W<k5e\344]\315\3371\353"
  52      E7E7CCF2 
  52      6595573C 
  52      6B3565E4 
  52      5DCDDF31 
  53 00e1 695DA037 		.ascii	"i]\2407\233\035\250\325\016!]gNN\013\324\207E\012^\177"
  53      9B1DA8D5 
  53      0E215D67 
  53      4E4E0BD4 
  53      87450A5E 
  54 00f6 9F782A1E 		.ascii	"\237x*\036\307h\314\030\307\357\262\347\215\031\313"
  54      C768CC18 
  54      C7EFB2E7 
  54      8D19CB
  55 0105 22AE6F63 		.ascii	"\"\256oc\257\303\347\245u!\227\275X\3018\236\363\243"
  55      AFC3E7A5 
  55      752197BD 
  55      58C1389E 
  55      F3A3
  56 0117 2289BADF 		.ascii	"\"\211\272\337\030\257\\\245\244AUR\203\241\037\225"
  56      18AF5CA5 
  56      A4415552 
  56      83A11F95 
  57 0127 FFB0D38F 		.ascii	"\377\260\323\217\2737%\212\265\261\232\307\352\034H"
  57      BB37258A 
  57      B5B19AC7 
  57      EA1C48
  58 0136 E7B187FD 		.ascii	"\347\261\207\375g\333E\212\265\227\344'\326\244\343"
  58      67DB458A 
ARM GAS  C:\Users\NICOLA~1\AppData\Local\Temp\cc3JQd7h.s 			page 4


  58      B597E427 
  58      D6A4E3
  59 0145 0A3167CB 		.ascii	"\0121g\313\243XU\317H\261\314$N*\352\303\335\321\226"
  59      A35855CF 
  59      48B1CC24 
  59      4E2AEAC3 
  59      DDD196
  60 0158 485B6B53 		.ascii	"H[kS8\032i\016\267wtuD\352\233\311\316\007\235_\307"
  60      381A690E 
  60      B7777475 
  60      44EA9BC9 
  60      CE079D5F 
  61 016d A29921   		.ascii	"\242\231!"
  62              		.text
  63              		.section	.gnu.lto_motorStart.e00799d4,"",%progbits
  64 0000 789C8D94 		.ascii	"x\234\215\224[KTQ\024\307\367\332\347\314\361\214\307"
  64      5B4B5451 
  64      14C7F7DA 
  64      E7CCF18C 
  64      C7
  65 0011 71A69934 		.ascii	"q\246\2314\034z\360\305\204b\364\255\207\236\372\004"
  65      1C7AF0C5 
  65      8462F4AD 
  65      879EFA04 
  66 0021 D6272848 		.ascii	"\326'(H*\214\312\320\202^\3043f\322\223\015\245\"\244"
  66      2A8CCAD0 
  66      825EC433 
  66      66D2930D 
  66      A522A4
  67 0034 DD243235 		.ascii	"\335$25MMK+=\336\355b\"=\204aEf\220D\3214\202\355\""
  67      4D4D4B2B 
  67      3DDEED62 
  67      223D8461 
  67      45669044 
  68 004d 6CAD7D8C 		.ascii	"l\255}\214\2718\023\016\314\276\257\337\372\257\013"
  68      B938130E 
  68      CCBEAFDF 
  68      FAAF0B
  69 005c 47611B7F 		.ascii	"Ga\033\177~\374\237u0\266\003gP\030\360\320K\306\202"
  69      7EFC9F75 
  69      30B60367 
  69      5018F0D0 
  69      4BC682
  70 006f 3A07A005 		.ascii	":\007\240\005\003V\311\241\022\226y\230C\310jo4\362"
  70      0356C9A1 
  70      12967998 
  70      43C86A6F 
  70      34F2
  71 0081 6F99A6F9 		.ascii	"o\231\246\371}q,\270\337\002\301\031\213p\233\003\267"
  71      7D712CB8 
  71      DF02C119 
  71      8B709B03 
  71      B7
  72 0092 211FDFDC 		.ascii	"!\037\337\334\270\336\232\253\344\000\303\345@\347\312"
  72      B8DE9AAB 
  72      E400C3E5 
  72      40E7CA
ARM GAS  C:\Users\NICOLA~1\AppData\Local\Temp\cc3JQd7h.s 			page 5


  73 00a1 8CF1990B 		.ascii	"\214\361\231\013\016\271\264\035\2744\335\250\321\226"
  73      0EB9B41D 
  73      BC34DDA8 
  73      D196
  74 00af ABB49D0C 		.ascii	"\253\264\235\014\177\034t\346\265\230f\2255\324c\356"
  74      7F1C74E6 
  74      B5986695 
  74      35D463EE 
  75 00bf 550557A0 		.ascii	"U\005W\240\025\024\304\301\035\360C\033\370\031\036"
  75      1514C4C1 
  75      1DF0431B 
  75      F8191E
  76 00ce 3168873C 		.ascii	"1h\207<|]\323\361vJUr%wX\264\315\251\266\245\260-U\350"
  76      7C5DD3F1 
  76      764A5572 
  76      257758B4 
  76      CDA9B6A5 
  77 00e6 48B45419 		.ascii	"H\264T\031\334\205<z\036\256\376\363\332\320\252Q\265"
  77      DC853C7A 
  77      1EAEFEF3 
  77      DAD0AA51 
  77      B5
  78 00f7 C7160B9D 		.ascii	"\307\026\013\235\240\001\316]^\313\\[k\031\037\231W"
  78      A001CE5D 
  78      5ECB5C5B 
  78      6B191F99 
  78      57
  79 0108 B3305C74 		.ascii	"\2630\\t\244\000\0319\320\334\241\341\240\351\004r\322"
  79      A4001939 
  79      D0DCA1E1 
  79      A0E90472 
  79      D2
  80 0119 361D8734 		.ascii	"6\035\2074\003\007=\203V.\032\334t\353\241[/\255|\264"
  80      03073D83 
  80      562E1ADC 
  80      74EBA15B 
  80      2FAD7CB4 
  81 012d 626C095D 		.ascii	"bl\011]P\346>qN\263\362\006\252\032\302\027w\222S\024"
  81      50E63E71 
  81      4EB3F206 
  81      AA1AC217 
  81      77925314 
  82 0141 F37E6976 		.ascii	"\363~ivN\247$(\214\264\365\375\274\366\325\325\014W"
  82      4EA72428 
  82      8CB4F5FD 
  82      BCF6D5D5 
  82      0C57
  83 0153 82A669E5 		.ascii	"\202\246i\345\010\356\\\345\034\272P?\3355\255\\\236"
  83      08EE5CE5 
  83      1CBA503F 
  83      DD35AD5C 
  83      9E
  84 0164 77077651 		.ascii	"w\007vQt\367\240\031~\310<C7\004V\321\030\251\375\335"
  84      74F7A019 
  84      7EC83C43 
  84      370456D1 
  84      18A9FDDD 
ARM GAS  C:\Users\NICOLA~1\AppData\Local\Temp\cc3JQd7h.s 			page 6


  85 0178 750A5157 		.ascii	"u\012QW\271#\026\254n\000\357\021<\035m\240g\035\374"
  85      B92316AC 
  85      6E00EF11 
  85      3C1D6DA0 
  85      671DFC
  86 018b 6DB4F697 		.ascii	"m\264\366\227;\320n\206LK\021\334\200^I\247\214\300"
  86      3BD06E86 
  86      4C4B11DC 
  86      805E49A7 
  86      8CC0
  87 019d 7D0848F4 		.ascii	"}\010H\364\207\3356Y\213AA\012\214G\360\014\350\223"
  87      87DD3659 
  87      8B41410A 
  87      8C47F00C 
  87      E893
  88 01af 0C99DD7E 		.ascii	"\014\231\335~d,\300y3\215\020\364\360\352\253\332N^"
  88      642CC079 
  88      338D10F4 
  88      F0EAABDA 
  88      4E5E
  89 01c1 F1DBBC60 		.ascii	"\361\333\274`\352\202\273\"\344\011\036@\005C\341\350"
  89      EA82BB22 
  89      E4091E40 
  89      0543E1E8 
  90 01d1 41F04CE9 		.ascii	"A\360L\3512\\w\314\366\251\307\373L\225\223\207\321"
  90      325C77CC 
  90      F6A9C7FB 
  90      4C959387 
  90      D1
  91 01e2 9C0CACAB 		.ascii	"\234\014\254\253\006\033\340\334 ZO&\332\200\301h\340"
  91      061BE0DC 
  91      205A4F26 
  91      DA80C168 
  91      E0
  92 01f3 8FE211E9 		.ascii	"\217\342\021\351\261\0315\3422\212D7\372\200\307\211"
  92      B11935E2 
  92      328A4437 
  92      FA80C789 
  93 0203 923CF044 		.ascii	"\222<\360D\362\024\342\015\305\363\214\377\304t\363"
  93      F214E20D 
  93      C5F38CFF 
  93      C474F3
  94 0212 CBF86226 		.ascii	"\313\370b&\001t\030\226\000\225\000\226\004\234k\320"
  94      01741896 
  94      00950096 
  94      049C6BD0 
  95 0222 6C40C62A 		.ascii	"l@\306*\305a\320QS\315v\373\314\205\307h\277<1\333\353"
  95      C561D051 
  95      53CD76FB 
  95      CC85C768 
  95      BF3C31DB 
  96 0237 249D69A1 		.ascii	"$\235i\241\"\006#H]\000-i\356\267D\250B0*s\357\214\015"
  96      22062348 
  96      5D002D69 
  96      EEB744A8 
  96      42302A73 
  97 024e D18BC763 		.ascii	"\321\213\307c\340G\246\340>\273\271\352\213l/\356\315"
ARM GAS  C:\Users\NICOLA~1\AppData\Local\Temp\cc3JQd7h.s 			page 7


  97      E047A6E0 
  97      3EBBB9EA 
  97      8B6C2FEE 
  97      CD
  98 025f 95633C5A 		.ascii	"\225c<Z\216\211\177M\264\036\274'\241\037\017\310\232"
  98      8E897F4D 
  98      B41EBC27 
  98      A11F0FC8 
  98      9A
  99 0270 B853F6E3 		.ascii	"\270S\366\343d\264,S\262\227\034I\243\331\032\241T\303"
  99      64B42C53 
  99      B2971C49 
  99      A3D91AA1 
  99      54C3
 100 0282 B48CC643 		.ascii	"\264\214\306C\362\005\317\262[\251~\237\355\331\273"
 100      F205CFB2 
 100      5BA97E9F 
 100      EDD9BB
 101 0291 39ED4FA3 		.ascii	"9\355O\243\332\237%h\367%h?(\265{Sj\177\036\325\376"
 101      DA9F2568 
 101      F725683F 
 101      28B57B53 
 101      6A7F1ED5 
 102 02a6 426A5793 		.ascii	"BjW\223j\317\216P\225aFj\367\011\276\215\275\203\240"
 102      6ACF8E50 
 102      9561466A 
 102      F709BE8D 
 102      BD83A0
 103 02b9 356F3F66 		.ascii	"5o?f\364\021\001\372x\240\246\354\202\3023\345\207\313"
 103      F41101FA 
 103      78A0A6EC 
 103      82C233E5 
 103      87CB
 104 02cb 8E971C2A 		.ascii	"\216\227\034*,/+.<Qz\272\264\254\240\230irqJ+.=y\244"
 104      2C2F2B2E 
 104      3C517ABA 
 104      B4ACA098 
 104      6972714A 
 105 02e4 E4E85F1D 		.ascii	"\344\350_\035\377\345\231"
 105      FFE599
 106              		.text
 107              		.section	.gnu.lto_motorUp.e00799d4,"",%progbits
 108 0000 789C8D92 		.ascii	"x\234\215\222\337K\024Q\024\307\317\367\3168;3\253\273"
 108      DF4B1451 
 108      14C7CFF7 
 108      CE383B33 
 108      ABBB
 109 0012 E243D012 		.ascii	"\342C\320\022\344\213\354\203\254\373/\364\027D\177"
 109      E48BEC83 
 109      ACFB2FF4 
 109      17447F
 110 0021 43D24351 		.ascii	"C\322CQ\030k=\212\263\233D/\311\262A\011\256\375\022"
 110      186B3D8A 
 110      B39B442F 
 110      C9B24109 
 110      AEFD12
 111 0034 C95A5B53 		.ascii	"\311Z[Ss\313\265`\210\214^L\242\207H\242\300\014\222"
ARM GAS  C:\Users\NICOLA~1\AppData\Local\Temp\cc3JQd7h.s 			page 8


 111      73CBB560 
 111      888C5E4C 
 111      A28748A2 
 111      C00C92
 112 0047 289A346C 		.ascii	"(\2324l\214\260s\356\010\331\006\321\300\234{\317\341"
 112      8CB073EE 
 112      08D906D1 
 112      C09C7BCF 
 112      E1
 113 0058 DECFF79C 		.ascii	"\336\317\367\234\357\214A\177?)~\333\014\242\375\274"
 113      EF8C417F 
 113      3F297EDB 
 113      0CA2FDBC 
 114 0068 C220A8E2 		.ascii	"\302 \250\3423\242\274\255\000\331\020\250_\241\037"
 114      33A2BCAD 
 114      00D910A8 
 114      5FA11F
 115 0077 6B2A5028 		.ascii	"k*P(\372\225\241xz\314\363\274/+\013\371C>BE\264\256"
 115      FA95A178 
 115      7ACCF3BC 
 115      2F2B0BF9 
 115      433E4245 
 116 008d 220E6E20 		.ascii	"\"\016n \315g\256]\035o7\366\202x;W\335X\214\177P\241"
 116      CD67AE5D 
 116      1D6F37F6 
 116      82783B57 
 116      DD588C7F 
 117 00a3 42BBA4F5 		.ascii	"B\273\244\365\322\323!KReJ\372$xWw:F=\257\340\317O{"
 117      D2D3214B 
 117      52654AFA 
 117      24785777 
 117      3A463DAF 
 118 00bb 07CC5019 		.ascii	"\007\314P\031\030\207\3018\334D\012\267\220\".\021*"
 118      1887C138 
 118      DC440AB7 
 118      90222E11 
 118      2A
 119 00cc E890E3C1 		.ascii	"\350\220\343\301\300\317\227qk\200\265[#IL\300\002\257"
 119      C0CF9771 
 119      6B80B55B 
 119      23494CC0 
 119      02AF
 120 00de 936DBEB7 		.ascii	"\223m\276\267\275=:6\221n\346\236\371\264\301\367LS"
 120      BD3D3A36 
 120      916EE69E 
 120      F9B4C1F7 
 120      4C53
 121 00f0 82C5A129 		.ascii	"\202\305\241)\306\301\2629\304\034\011\256\004\242U"
 121      C6C1B239 
 121      C41C09AE 
 121      04A255
 122 00ff 46C87CEF 		.ascii	"F\310|\357\225\222\325XF\241\026\\\352\024\350\2462"
 122      9592D558 
 122      46A1165C 
 122      EA14E8A6 
 122      32
 123 0110 58EFEDEA 		.ascii	"X\357\355\352\322s[\272ek8\235\375~\345S\313\010\206"
ARM GAS  C:\Users\NICOLA~1\AppData\Local\Temp\cc3JQd7h.s 			page 9


 123      D2735BBA 
 123      656B389D 
 123      FD7EE553 
 123      CB0886
 124 0123 79647B53 		.ascii	"yd{S)\334\346\366\244~\375\343\343\225D\246\302m\331"
 124      29DCE6F6 
 124      A47EFDE3 
 124      E39544A6 
 124      C26DD9
 125 0136 2C882A46 		.ascii	",\210*F\360U\033\202Idh\031gJV\3044#\354\371\255`1!"
 125      F0551B82 
 125      49646819 
 125      674A56C4 
 125      3423ECF9 
 126 014e 58D325DC 		.ascii	"X\323%\334a\010\013\227 G\376_d\352\267\31042\214\026"
 126      61080B97 
 126      2047FE5F 
 126      64EAB7C8 
 126      34328C16 
 127 0162 486DAA7C 		.ascii	"Hm\252|,R\372\027\251\274q\341U2\323\311\266`FS\304"
 127      2C52FA17 
 127      A9BC71E1 
 127      5532D3C9 
 127      B6604653 
 128 0177 41DCD5AD 		.ascii	"A\334\325\255\026j\210\000\261\335\34375\216\357\260"
 128      166A8800 
 128      B1DDE337 
 128      358EEFB0 
 129 0187 02667778 		.ascii	"\002fwx\237\037\015n%\271\263\326P\271\250i\242\376"
 129      9F1F0D6E 
 129      25B9B3D6 
 129      50B9A869 
 129      A2FE
 130 0199 36F7FE24 		.ascii	"6\367\376$\332\273\211n#1\316\222\270\337\330a3\346"
 130      DABB896E 
 130      2331CE92 
 130      B8DFD861 
 130      33E6
 131 01ab 34CF105E 		.ascii	"4\317\020^=2\363\342\216\231\216\366\323\226R\371\354"
 131      3D32F3E2 
 131      8E998EF6 
 131      D39652F9 
 131      EC
 132 01bc BEA8E672 		.ascii	"\276\250\346r\231\357\257-,\3158\"\023+\036$\3143\365"
 132      99EFAF2D 
 132      2CCD3822 
 132      132B1E24 
 132      CC33F5
 133 01cf 35F42D81 		.ascii	"5\364-\201_~1XU}?\274sbd\313\272L\217\007\350\243\206"
 133      5F7E3158 
 133      557D3FBC 
 133      736264CB 
 133      BA4C8F07 
 134 01e6 99135C7E 		.ascii	"\231\023\\~\210\0243C\225\2447\310\373\337L\215 \371"
 134      88143343 
 134      95A437C8 
 134      FBDF4C8D 
ARM GAS  C:\Users\NICOLA~1\AppData\Local\Temp\cc3JQd7h.s 			page 10


 134      20F9
 135 01f8 71203F0C 		.ascii	"q ?\014O\271\247+{\272\367H\356\370\321\303\331\336"
 135      4FB9A72B 
 135      7BBAF748 
 135      EEF8D1C3 
 135      D9DE
 136 020a 5C77F644 		.ascii	"\\w\366D\317\251\236\\W7Yzs\362\0271\241\022\362"
 136      CFA99E5C 
 136      5737597A 
 136      73F21731 
 136      A112F2
 137              		.text
 138              		.section	.gnu.lto_motorDown.e00799d4,"",%progbits
 139 0000 789C8D92 		.ascii	"x\234\215\222]k\023Q\020\206\347=\273\331\354&mS\274"
 139      5D6B1351 
 139      1086E73D 
 139      BBD9EC26 
 139      6D53BC
 140 0013 2818047B 		.ascii	"(\030\004{S\212\2244\177\301_ \376\006\213\027\212R"
 140      538A9434 
 140      7FC15F20 
 140      FE068B17 
 140      8A52
 141 0025 49F5B274 		.ascii	"I\365\262t\023\213x!%F\220\202\375P\213Z\215\246\366"
 141      138B7821 
 141      25469082 
 141      FD508B5A 
 141      8DA6F6
 142 0038 2B9A6861 		.ascii	"+\232ha\011~\335h\021/\304*\012Z\301\"\212i\213u\025"
 142      097EDD68 
 142      112FC42A 
 142      0A5AC122 
 142      8A698B75 
 143 004d 5967CE16 		.ascii	"Yg\316\026\254\021\304\205\235sf8\347yg\336]\203\376"
 143      AC11C485 
 143      9D736638 
 143      E77967DE 
 143      5D83FE
 144 0060 7E92FCB6 		.ascii	"~\222\374\266\031D;y\205AP\371'DY[\001\262!\320\200"
 144      19443B79 
 144      854150F9 
 144      2744595B 
 144      01B221D0 
 145 0075 C2005654 		.ascii	"\302\000VT]!\357\025\207\343\235\227\\\327\375R{\230"
 145      5D21EF15 
 145      87E39D97 
 145      5CD7FD52 
 145      7B98
 146 0087 DDEBC157 		.ascii	"\335\353\301WDk*\344\340\012:\371\314\205\363\223\355"
 146      446B2AE4 
 146      E00A3AF9 
 146      CC85F393 
 146      ED
 147 0098 C676106F 		.ascii	"\306v\020o+\245\365\307\361\017\312Wh\227\264Zx4lI\252"
 147      2BA5F5C7 
 147      F10FCA57 
 147      6897B45A 
ARM GAS  C:\Users\NICOLA~1\AppData\Local\Temp\cc3JQd7h.s 			page 11


 147      78346C49 
 148 00ad 4C491FD4 		.ascii	"LI\037\324\337U\235\216\011\327\315y\0133\356n\323W"
 148      DF559D8E 
 148      09D7CD79 
 148      0B33EE6E 
 148      D357
 149 00bf 06266130 		.ascii	"\006&a0\016W\221\3045$\211K\204\":\344x}\360\347\363"
 149      0E5791C4 
 149      3524894B 
 149      84223AE4 
 149      787DF0E7 
 150 00d4 B835C8DA 		.ascii	"\2705\310\332\255\241$\256\303\002\257S\333<7\010&."
 150      ADA124AE 
 150      C302AF53 
 150      DB3C3708 
 150      262E
 151 00e6 9FDAD5C4 		.ascii	"\237\332\325\304=\363i\203\357\231\246\004\213C$\312"
 151      3DF36983 
 151      EF99A604 
 151      8B4324CA 
 152 00f6 C1B23944 		.ascii	"\301\2629D\035\0111\011D\313\214\220\371\336+%\253\261"
 152      1D093109 
 152      44CB8C90 
 152      F9DE2B25 
 152      ABB1
 153 0108 845CB93E 		.ascii	"\204\\\271>\326%\320\015e\260\336\233\345\305\247\266"
 153      D625D00D 
 153      65B0DE9B 
 153      E5C5A7B6 
 154 0118 74CBD670 		.ascii	"t\313\326p:\377m\374S\363(\316\361\310\366\206R\270"
 154      3AFF6DFC 
 154      53F328CE 
 154      F1C8F686 
 154      52B8
 155 012a C1ED49FD 		.ascii	"\301\355I\375\342\307{o[REn\313fA\2240\212Um\010\246"
 155      E2C77B6F 
 155      5B52456E 
 155      CB664194 
 155      308A556D 
 156 0140 90A2251C 		.ascii	"\220\242%\034/X!\323\014\261/+s5%X\363k\020\004\011"
 156      2F5821D3 
 156      0CB12F2B 
 156      73352558 
 156      F36B1004 
 157 0155 C24D06B1 		.ascii	"\302M\006\261x\001r\354\377\205\246\177\013\315 \305"
 157      780172EC 
 157      FF85A67F 
 157      0BCD20C5 
 158 0165 788194A7 		.ascii	"x\201\224\247\307\017\206j\377\"\215\254\237y\221Hu"
 158      C70F866A 
 158      FF228DAC 
 158      9F799148 
 158      75
 159 0176 B13598D5 		.ascii	"\2615\230\325\024q\021s\272\335\\\031! \272\325\202"
 159      14711173 
 159      BADD5C19 
 159      2120BAD5 
ARM GAS  C:\Users\NICOLA~1\AppData\Local\Temp\cc3JQd7h.s 			page 12


 159      82
 160 0187 48A3050E 		.ascii	"H\243\005\016+`~\223\367\2716\364=\301\235\265\372*"
 160      2B607E93 
 160      F7B936F4 
 160      3DC19DB5 
 160      FA2A
 161 0199 86B226EA 		.ascii	"\206\262&\352\357s\353O\242\275\225\030k$\306Y\022\267"
 161      EF73EB4F 
 161      A2BD9518 
 161      6B24C659 
 161      12B7
 162 01ab 1B3B6C42 		.ascii	"\033;lBE\363\014\341UCC\317n\032\352hOm)\215\234\330"
 162      45F30CE1 
 162      554343CF 
 162      6E1AEA68 
 162      4F6D298D 
 163 01c1 11D6625C 		.ascii	"\021\326b\\\346\373+\367\027g\035\221\211\346\367\020"
 163      E6FB2BF7 
 163      17671D91 
 163      89E6F710 
 164 01d1 EE30F515 		.ascii	"\3560\365\025\364-\201\217=\033*\251\376\037\356I1\262"
 164      F42D818F 
 164      3D1B2AA9 
 164      FE1FEE49 
 164      31B2
 165 01e3 794DA6C7 		.ascii	"yM\246\307]\364S\303\314-\\^@\222\231\276J\320kd\275"
 165      5DF453C3 
 165      CC2D5C5E 
 165      409299BE 
 165      4AD06B64 
 166 01f8 D3118D20 		.ascii	"\323\021\215 \371y ?\015O\331\326\235>\326\267?s\350"
 166      F979203F 
 166      0D4FD9D6 
 166      9D3ED6B7 
 166      3F73E8
 167 020b C0BE745F 		.ascii	"\300\276t_\246'}\270\367ho\246\273\207,\2759\362\013"
 167      A6277DB8 
 167      F7686FA6 
 167      BB872CBD 
 167      39F20B
 168 021e 60CB1615 		.ascii	"`\313\026\025"
 169              		.text
 170              		.section	.gnu.lto_.symbol_nodes.e00799d4,"",%progbits
 171 0000 789C55C8 		.ascii	"x\234U\310;\016\202P\024\204\3419s\340\302.X\352P\030"
 171      3B0E8250 
 171      1484E139 
 171      73E0C22E 
 171      58EA5018 
 172 0014 4DA8401E 		.ascii	"M\250@\036v\306\2025\260\002j\367`b\351\032\010\020"
 172      76C68235 
 172      B0026AF7 
 172      6062E91A 
 172      0810
 173 0026 2C2ED34C 		.ascii	",.\323L\376\317\001L\370\2175\005\324o@\302\363\225"
 173      FECF014C 
 173      F88F3505 
 173      D46F40C2 
ARM GAS  C:\Users\NICOLA~1\AppData\Local\Temp\cc3JQd7h.s 			page 13


 173      F395
 174 0038 830D6527 		.ascii	"\203\015e'\270S<AKy\014\366\240\222\003P\226[\017T\032"
 174      B8533C41 
 174      4B790CF6 
 174      A0920350 
 174      965B0F54 
 175 004d 774F85B8 		.ascii	"wO\205\270;*\213\332-\303\345\263\230[\300\367\372+"
 175      3B2A8BDA 
 175      2DC3E5B3 
 175      985BC0F7 
 175      FA2B
 176 005f DC52CCB7 		.ascii	"\334R\314\267\375\023\214\325\366\014\030w\367\343\261"
 176      FD138CD5 
 176      F60C1877 
 176      F7E3B1
 177 006e 02DB7F31 		.ascii	"\002\333\1771\261"
 177      B1
 178              		.text
 179              		.section	.gnu.lto_.refs.e00799d4,"",%progbits
 180 0000 789C6366 		.ascii	"x\234cf```d\200\002\000\000=\000\005"
 180      60606064 
 180      80020000 
 180      3D0005
 181              		.text
 182              		.section	.gnu.lto_.decls.e00799d4,"",%progbits
 183 0000 789CB558 		.ascii	"x\234\265XkPTG\026\236\276=0\3030\200\025kM\212dw\221"
 183      6B505447 
 183      169EBE3D 
 183      30C33080 
 183      156B4D8A 
 184 0017 CD52492A 		.ascii	"\315RI*\0215\233\335l\376\254\011Z\211\251h\010\232"
 184      11359BDD 
 184      6CFEAC09 
 184      5A89A968 
 184      089A
 185 0029 DAA4422D 		.ascii	"\332\244B-\213\303\230L\002\214a\306\274\266j\353\002"
 185      8BC3984C 
 185      028C61C6 
 185      BCB66AEB 
 185      02
 186 003a 0A083E11 		.ascii	"\012\010>\021\024\024uTP\224\247\020@\004\021\321\310"
 186      14147554 
 186      5094A710 
 186      400411D1 
 186      C8
 187 004b 5B2482C8 		.ascii	"[$\202\310CA\242\200\250\010A\005D\235=\335}\347\316"
 187      4341A280 
 187      A8084105 
 187      449D3DDD 
 187      7DE7CE
 188 005e C33B5652 		.ascii	"\303;VR\265\0318\314=\267\277>\347;\217\356\333\027"
 188      B51938CC 
 188      3DB7BF3E 
 188      E73B8FEE 
 188      DB17
 189 0070 2C93C95E 		.ascii	",\223\311^\340d23|\026<'\223\025b\231\314\005\356\005"
 189      E0643233 
ARM GAS  C:\Users\NICOLA~1\AppData\Local\Temp\cc3JQd7h.s 			page 14


 189      7C163C27 
 189      93156299 
 189      CC05EE05 
 190 0084 82209023 		.ascii	"\202 \220#2\366Q\202|\0167\364 _\202\030@V\203|\007"
 190      32F65182 
 190      7C0E37F4 
 190      205F8218 
 190      4056837C 
 191 0099 C283AC45 		.ascii	"\302\203\254E\262\307>\004\257\020ly\202\250AV\302="
 191      B2C73E04 
 191      AF106C79 
 191      82A84156 
 191      C23D
 192 00ab 2D4808C8 		.ascii	"-H\010\310;\240\203kY(\\k\020\363\367\271\204\035\342"
 192      3BA0836B 
 192      59285C6B 
 192      10F3F7B9 
 192      841DE2
 193 00be F319093B 		.ascii	"\363\031\011;\304\306\002\220\017Af\313\230=b\373_ "
 193      C4C60290 
 193      0F4166CB 
 193      983D62FB 
 193      5F20
 194 00d0 7120F120 		.ascii	"q \361 \011 \261 \201 \027`|\035b1\375\027\276\023A"
 194      0920B120 
 194      81201760 
 194      7C1D6231 
 194      FD17BE13 
 195 00e5 BE01590A 		.ascii	"\276\001Y\012\262\010\261\270\011\227\217A>\002\231"
 195      B208B1B8 
 195      09978F41 
 195      3E0299
 196 00f4 27F07211 		.ascii	"'\360r\0218\254\025b\375N\210\335\361C\3622C\202'\341"
 196      38AC1562 
 196      FD4E88DD 
 196      F143F232 
 196      438227E1 
 197 0108 65E13ADB 		.ascii	"e\341:\333\201\243\024/\271\214\371\265p!<8\301>/\341"
 197      81A3142F 
 197      B98CF9B5 
 197      70213C38 
 197      C13E2FE1 
 198 011c D7F01BFB 		.ascii	"\327\360\033\37358\361;\306\241\341\212\224a5\346\020"
 198      3538F13B 
 198      C6A1E18A 
 198      946135E6 
 198      10
 199 012d B9DE9F76 		.ascii	"\271\336\237v\245M\365\362a\236\347\023\370\352Id\005"
 199      A54DF5F2 
 199      619EE713 
 199      F8EA4964 
 199      05
 200 013e 6D6FBD58 		.ascii	"mo\275X&\307\263((\261\373P\223\002\377\201^G\037\250"
 200      26C7B328 
 200      28B1FB50 
 200      9302FF81 
 200      5E471FA8 
ARM GAS  C:\Users\NICOLA~1\AppData\Local\Temp\cc3JQd7h.s 			page 15


 201 0152 58AF18E2 		.ascii	"X\257\030\342\320,\025\205ml\334q\022S\325L\206\271"
 201      D02C1585 
 201      6D6CDC71 
 201      1253D54C 
 201      86B9
 202 0164 E49FEE64 		.ascii	"\344\237\356d!\244\362K\340\371\030~4\231\307\317\310"
 202      21A4F24B 
 202      E0F9187E 
 202      3499C7CF 
 202      C8
 203 0175 D0CBDEE8 		.ascii	"\320\313\336\350Eo\031\312G~\000C\331\350e\031\312A"
 203      456F19CA 
 203      477E0043 
 203      D9E86519 
 203      CA41
 204 0187 DE281779 		.ascii	"\336(\027y\3132\301\361\350\305\373}\210\347\345(\017"
 204      CB32C1F1 
 204      E8C5FB7D 
 204      88E7E528 
 204      0F
 205 0198 A9D06184 		.ascii	"\251\320a\204)\002\032\213x`d\270\276\216\254\017\244"
 205      29021A8B 
 205      786064B8 
 205      BE8EAC0F 
 205      A4
 206 01a9 8D163A33 		.ascii	"\215\026:3\272gm\343\357\210\321\0020z\310j\024|\210"
 206      BA676DE3 
 206      EF88D102 
 206      307AC86A 
 206      147C88
 207 01bc 566B6A77 		.ascii	"Vkjw\366\270H\233-rf\266;~\374\335\030~\001:\002f\017"
 207      F6B8489B 
 207      2D7266B6 
 207      3B7EFCDD 
 207      187E013A 
 208 01d3 5ACD1658 		.ascii	"Z\315\026X\314\222\001HKy\376\235fwH\213\247\312\207"
 208      CC920148 
 208      4B79FE9D 
 208      6677488B 
 208      A7CA87
 209 01e6 64E95872 		.ascii	"d\351Xr]\232+\250j\225\234\250E\373\263J\335\350\350"
 209      5D9A2BA8 
 209      6A959CA8 
 209      45FBB34A 
 209      DDE8E8
 210 01f9 02A266A6 		.ascii	"\002\242f\246n\313u\241\243J\242\232\222;{\0258\223"
 210      6ECB75A1 
 210      A34AA29A 
 210      923B7B15 
 210      3893
 211 020b D5E7DAD1 		.ascii	"\325\347\332\321\275\377\301\205\354\272b\262\364\240"
 211      BDFFC185 
 211      ECBA62B2 
 211      F4A0
 212 0219 279DD647 		.ascii	"'\235\326G\365\242\312\241\273^t\336sD\035\310\337\023"
 212      F5A2CAA1 
 212      BB5E74DE 
ARM GAS  C:\Users\NICOLA~1\AppData\Local\Temp\cc3JQd7h.s 			page 16


 212      73441DC8 
 212      DF13
 213 022b 81CB19F4 		.ascii	"\201\313\031\364t\307\355Kr|\212)k\315\233x\027|\226"
 213      74C7ED4B 
 213      727C8A29 
 213      6BCD9B78 
 213      177C96
 214 023e 291B53A2 		.ascii	")\033S\242\033\335q'S\246\266_=\"\307\375L\331\321q"
 214      1BDD7127 
 214      53A6B65F 
 214      3D22C7FD 
 214      4CD9D171 
 215 0252 ED0E29E5 		.ascii	"\355\016)\345\273*\216\002\223*\352\024rN\206N@\230"
 215      BB2A8E02 
 215      932AEA14 
 215      724E864E 
 215      4098
 216 0264 D5103FB9 		.ascii	"\325\020?\271\331]YX\355BnV\301\315\347\275\321ID\003"
 216      D95D5958 
 216      ED426E56 
 216      C1CDE7BD 
 216      D1494403 
 217 0278 3A151393 		.ascii	":\025\023\223Ko\037\207\333\177\362F5\3646\267\273\240"
 217      4B6F1F87 
 217      DB7FF246 
 217      35F436B7 
 217      BBA0
 218 028a 26438594 		.ascii	"&C\205\224~q4\3011\3218\315\323\222a\031:\215\224${"
 218      7E7134C1 
 218      31D138CD 
 218      D3926119 
 218      3A8D9424 
 219 029f E80748F5 		.ascii	"\350\007H\365)$\267OsO\343\300\252hH3\200dB\216\305"
 219      2924B74F 
 219      734FE3C0 
 219      AA684833 
 219      8064428E 
 220 02b4 D6E462CE 		.ascii	"\326\344b\316\357\270\343!m\026\325\202\265'Y\356\333"
 220      EFB8E321 
 220      6D16D582 
 220      B52759EE 
 220      DB
 221 02c5 AD51A233 		.ascii	"\255Q\2423\000\250\264\026\2178\261\264\375\232\314"
 221      00A8B416 
 221      8F38B1B4 
 221      FD9ACC
 222 02d4 7B0FE578 		.ascii	"{\017\345x+\246\031\311\252\236H\342h\302M4\314\303"
 222      2BA619C9 
 222      AA9E48E2 
 222      68C24D34 
 222      CCC3
 223 02e6 4713A795 		.ascii	"G\023\247\2254\341\013\211z\242j\362\214\012\2473\354"
 223      34E10B89 
 223      7AA26AF2 
 223      8C0AA733 
 223      EC
 224 02f7 FA84BE7A 		.ascii	"\372\204\276z\025\336\207\355\026\311l\266HzwNe\272"
ARM GAS  C:\Users\NICOLA~1\AppData\Local\Temp\cc3JQd7h.s 			page 17


 224      15DE87ED 
 224      16C96CB6 
 224      487A774E 
 224      65BA
 225 0309 5195ECD8 		.ascii	"Q\225\354\330^$\206\272\001~\277'\362S\261\005\220|"
 225      5E2486BA 
 225      017EBF27 
 225      F253B105 
 225      907C
 226 031b E639D2AB 		.ascii	"\3469\322\253\347\240\251\232\254\274f\013=E\373ss,"
 226      E7A0A99A 
 226      ACBC660B 
 226      3D45FB73 
 226      732C
 227 032d EF560771 		.ascii	"\357V\007q\026C0\337C0\250\005\242\233-\264h3\334<\013"
 227      164330DF 
 227      4330A805 
 227      A29B2DB4 
 227      6833DC3C 
 228 0342 37C1F00F 		.ascii	"7\301\360\017\017\252\326\210M\375\330\244\037%&\011"
 228      0FAAD688 
 228      4DFDD8A4 
 228      1F252609 
 229 0352 CB257916 		.ascii	"\313%y\026\241\320\012\024\032\255\024\316Y\227\013"
 229      A1D00A14 
 229      1AAD14CE 
 229      59970B
 230 0361 CA1D6888 		.ascii	"\312\035h\210s\301y,\302-\0272\2320.\243\012WX\323>"
 230      73C1792C 
 230      C22D1732 
 230      9A302EA3 
 230      0A5758D3 
 231 0376 E06109A6 		.ascii	"\340a\011\246\273v\"\210\254\220\013`\251\315j\251\025"
 231      BB762288 
 231      AC900B60 
 231      A9CD6AA9 
 231      15
 232 0387 3D319A76 		.ascii	"=1\232v\311h\220\271x\254U\201\253\231\317\211\321\262"
 232      C96890B9 
 232      78AC5581 
 232      AB99CF89 
 232      D1B2
 233 0399 071EB896 		.ascii	"\007\036\270\226)\245\323\245\317\342vv}r\343\241*w"
 233      29A5D3A5 
 233      CFE27676 
 233      7D72E3A1 
 233      2A77
 234 03ab 7C9929A9 		.ascii	"|\231)\251\371\315\225\256\3706cv)\243\277\332\222f"
 234      F9CD95AE 
 234      F8366376 
 234      29A3BFDA 
 234      9266
 235 03bd D3097784 		.ascii	"\323\011w\204.\001\253\356_\314\252G\232\325\340\324"
 235      2E01ABEE 
 235      5FCCAA47 
 235      9AD5E0D4 
 236 03cd F5831E78 		.ascii	"\365\203\036x\212\371\233\332\272.\325\2256\011\217"
ARM GAS  C:\Users\NICOLA~1\AppData\Local\Temp\cc3JQd7h.s 			page 18


 236      8AF99BDA 
 236      BA2ED595 
 236      36098F
 237 03dc 69B1277A 		.ascii	"i\261'zk\024\264I\346\022\365\346\371\235\307\324Tu"
 237      6B14B449 
 237      E612F5E6 
 237      F99DC7D4 
 237      5475
 238 03ee A131E4DC 		.ascii	"\2411\344\334(\361T\2017^\360\006\003\242?\031\352'"
 238      28F15481 
 238      375EF006 
 238      03A23F19 
 238      EA27
 239 0400 7CD00BDE 		.ascii	"|\320\013\336\350\012\363\264\253\270\250F\215\0371"
 239      E80AF3B4 
 239      ABB8A846 
 239      8D1F31
 240 040f 4FAD85B7 		.ascii	"O\255\205\267b9\034/g-V\235w\236\271y\235.\376\335\203"
 240      62391C2F 
 240      672D569D 
 240      779EB979 
 240      9D2EFEDD 
 241 0424 596E3889 		.ascii	"Yn8\211\215Y\366\0275\333_\216\233\262s\334\361f6\026"
 241      8D59F617 
 241      35DB5F8E 
 241      9BB273DC 
 241      F1663616 
 242 0438 977BA956 		.ascii	"\227{\251V\216w0e\274\353\304\0267\274\227*\\oKa\226"
 242      8E773065 
 242      BCEBC416 
 242      37BC972A 
 242      5C6F4B61 
 243 044d A58AA64E 		.ascii	"\245\212\246N\310\325M\310\325\360/\316\325\015\351"
 243      C8D54DC8 
 243      D5F02FCE 
 243      D50DE9
 244 045c 5CDD2FBE 		.ascii	"\\\335/\276\306+q\036\363\327\330?9\316\2221\203\250"
 244      C62B711E 
 244      F3D7D83F 
 244      39CE9231 
 244      83A8
 245 046e DBB2CE8D 		.ascii	"\333\262\316\215{\342\0226v\346z\325F5\313\243+\321"
 245      7BE21236 
 245      76E67AD5 
 245      4635CBA3 
 245      2BD1
 246 0480 0B4FE4AC 		.ascii	"\013O\344\254cA\374\233\2505\345\361\273\344\270\202"
 246      6341FC9B 
 246      A835E5F1 
 246      BBE4B882 
 247 0490 616FD564 		.ascii	"ao\325d~C\222\030\373\313:\234\254\353t\363]\214k\331"
 247      7E439218 
 247      FBCB3A9C 
 247      ACEB74F3 
 247      5D8C6BD9 
 248 04a4 F41D5305 		.ascii	"\364\035S\005\207\334q\243\240\244\327v\313q\013S\326"
 248      87DC71A3 
ARM GAS  C:\Users\NICOLA~1\AppData\Local\Temp\cc3JQd7h.s 			page 19


 248      A0A4D776 
 248      CB710B53 
 248      D6
 249 04b5 B7B46D72 		.ascii	"\267\264mr\303mL9\2202\261\316\013w2ej\272\255\223\303"
 249      C36D4C39 
 249      9032B1CE 
 249      0B773265 
 249      6ABAAD93 
 250 04ca 3D4C69B8 		.ascii	"=Li\270pe\237\013\356cJ\372D\323\031\266\015?C+\274"
 250      70659F0B 
 250      EE634AFA 
 250      44D319B6 
 250      0D3F432B 
 251 04df 3336D60B 		.ascii	"36\326\013\017\2601\323\301\207fO|\223)\226\207\202"
 251      0FB031D3 
 251      C187664F 
 251      7C932996 
 251      8782
 252 04f1 9A3D1432 		.ascii	"\232=\0242N\016\267z\3401\241\022\3751\217\020\276\313"
 252      4E0EB77A 
 252      E031A112 
 252      FD318F10 
 252      BECB
 253 0503 94ECFEB3 		.ascii	"\224\354\376\263\311\036\024\370\002Q\367\244L\005\340"
 253      C91E14F8 
 253      0251F7A4 
 253      4C05E0
 254 0512 2936746C 		.ascii	")6tl,\351\216\022?dJjeF2{\216\360lo\317\317\034gLh'"
 254      2CE98E12 
 254      3F644A6A 
 254      6546327B 
 254      8EF06C6F 
 255 052d 66EFED69 		.ascii	"f\357\355i\302\316{-\216\023zm-\307z\355\306\271\303"
 255      C2CE7B2D 
 255      8E137A6D 
 255      2DC77AED 
 255      C6B9C3
 256 0540 5E4F6DA6 		.ascii	"^Om\246p\236\3671\322\275`\015\347\215F(<\236{\3122"
 256      709EF731 
 256      D2BD600D 
 256      E78D4628 
 256      3C9E7BCA 
 257 0555 899E0FDA 		.ascii	"\211\236\017\332\263G\025\266\350\361'\241\023\267\245"
 257      B34715B6 
 257      E8F127A1 
 257      13B7A5
 258 0564 9C4138DA 		.ascii	"\234A8\332\205\322l\217\036\270\300\341\265L\331\330"
 258      85D26C8F 
 258      1EB8C0E1 
 258      B54CD9D8 
 259 0574 D1DAAEC0 		.ascii	"\321\332\256\300\211L)?\262y\312\223\006\360\016Q\353"
 259      894C293F 
 259      B279CA93 
 259      06F00E51 
 259      EB
 260 0585 4B3654AB 		.ascii	"K6T\253\360F6\3660\347\352$\207\2672e\260\352&\317Q"
 260      F04636F6 
ARM GAS  C:\Users\NICOLA~1\AppData\Local\Temp\cc3JQd7h.s 			page 20


 260      30E7EA24 
 260      87B73265 
 260      B0EA26CF 
 261 059a 6020512F 		.ascii	"` Q/\337\332\320\253\304\333\330Xb\322\021\263\302y"
 261      DFDAD0AB 
 261      C4DBD858 
 261      62D211B3 
 261      C279
 262 05ac D85B2C61 		.ascii	"\330[,a\277H\243\216\336\225\325\207\2058L\226\250K"
 262      BF48A38E 
 262      DE95D587 
 262      85384C96 
 262      A84B
 263 05be 005D4AD1 		.ascii	"\000]J\321\3114\216-\2268\306.\256iq\267E\217?\011\335"
 263      C9348E2D 
 263      9638C62E 
 263      AE6971B7 
 263      458F3F09 
 264 05d3 7C2F7B97 		.ascii	"|/{\227+\316`\264\022*S\016\260~\376\010\324Y\335-\361"
 264      2BCE60B4 
 264      122A530E 
 264      B07EFE08 
 264      D459DD2D 
 265 05e8 051EC897 		.ascii	"\005\036\310\227}f\372\332|\374|M\374\232\330\321\372"
 265      7D66FADA 
 265      7CFC7C4D 
 265      FC9AD8D1 
 265      FA
 266 05f9 92DCBF95 		.ascii	"\222\334\277\225\027\361\325k0u\262\221\303h\0277\323"
 266      17F1D56B 
 266      3075B291 
 266      C3681737 
 266      D3
 267 060a DAE89B38 		.ascii	"\332\350\2338\342\361%\370##x\323p\236k\335\\\012\335"
 267      E2F125F8 
 267      232378D3 
 267      709E6BDD 
 267      5C0ADD
 268 061d E0085D4F 		.ascii	"\340\010]O\241\305H\304v\211\330\207\310\001\373\010"
 268      A1C548C4 
 268      7689D887 
 268      C801FB08 
 269 062d D99B3D2B 		.ascii	"\331\233=+B'\035\241#\016\320K\"4\306\221A\264#\203"
 269      42271DA1 
 269      230ED04B 
 269      2234C691 
 269      41B42383 
 270 0641 4E11FBC0 		.ascii	"N\021\373\300\321\3544r\300^\024\261\367\245\261\224"
 270      D1EC3472 
 270      C05E14B1 
 270      F7A5B194 
 271 0651 C216A115 		.ascii	"\302\026\241\025\027\030eh\024\306\307\350\020A\223"
 271      17186568 
 271      14C6C7E8 
 271      104193
 272 0660 B3C061CE 		.ascii	"\263\300a\316\017\355\341|\321n\220,\020\023H:\310\001"
 272      0FEDE17C 
ARM GAS  C:\Users\NICOLA~1\AppData\Local\Temp\cc3JQd7h.s 			page 21


 272      D16E902C 
 272      1013483A 
 272      C801
 273 0672 900C909D 		.ascii	"\220\014\220\235 i \373@\016\201\354\000\331\017r\020"
 273      206920FB 
 273      400E81EC 
 273      00D90F72 
 273      10
 274 0683 241B642F 		.ascii	"$\033d/\310v\220m 9 \231\234/\335\013)\301F\221\340"
 274      C876906D 
 274      20392099 
 274      9C2FDD0B 
 274      29C14691 
 275 0698 5D47822F 		.ascii	"]G\202/8\304\322 B\357HB\255\331l\026\221\023\216\310"
 275      38C4D220 
 275      42EF4842 
 275      ADD96C16 
 275      91138EC8 
 276 06ac 52C70C5D 		.ascii	"R\307\014]\027\261I\322\265\267\232\355\026\241f\351"
 276      17B149D2 
 276      B5B79AED 
 276      16A166E9 
 277 06bc D2DB98BD 		.ascii	"\322\333\230\275,bc\035\315\366\331\325>\332t\353\025"
 277      2C62631D 
 277      CDF6D9D5 
 277      3EDA74EB 
 277      15
 278 06cd 406EE59E 		.ascii	"@n\345\236B)\002\322\262(P\252\003\201&\321\350=\351"
 278      422902D2 
 278      B22850AA 
 278      038126D1 
 278      E83DE9
 279 06e0 B8ACD016 		.ascii	"\270\254\320\026\021:%\335{\"\327hS/!\220\000\004\326"
 279      113A25DD 
 279      7B22D768 
 279      532F2190 
 279      0004D6
 280 06f3 09042C7B 		.ascii	"\011\004,{\221@\325&\254!\321l\242cX\203\216\330\036"
 280      9140D526 
 280      AC21D16C 
 280      A2635883 
 280      8ED81E
 281 0706 11CB4BF7 		.ascii	"\021\313K\3674eKO\226\365y\256<\"\020\207\023+\261\323"
 281      34654B4F 
 281      96F579AE 
 281      3C221087 
 281      132BB1D3 
 282 071a 7733EFAC 		.ascii	"w3\357\254\232\027,m\226^\312\314+<\210kG\313\341\211"
 282      9A172C6D 
 282      965ECACC 
 282      2B3C886B 
 282      47CBE189 
 283 072e 3FD34FAA 		.ascii	"?\323O\252\243Q\0364\362o\335\3244\234\221\010%\312"
 283      A3511E34 
 283      F26FDDD4 
 283      349C9108 
 283      25CA
ARM GAS  C:\Users\NICOLA~1\AppData\Local\Temp\cc3JQd7h.s 			page 22


 284 0740 05473F5B 		.ascii	"\005G?[O\000$6\313i\360\370\2363c\012u\242\365(@\301"
 284      4F002436 
 284      CB69F0F8 
 284      9E33630A 
 284      75A2F528 
 285 0756 D66D369F 		.ascii	"\326m6\237S\013\310\342\224\241~O\334Cw\301\347\313"
 285      530BC8E2 
 285      94A17E4F 
 285      DC4377C1 
 285      E7CB
 286 0768 1A5A7331 		.ascii	"\032Zs1\331\366\344\2763g\262_?5\374\300\235\247}\237"
 286      D9F6E4BE 
 286      3367B25F 
 286      3F35FCC0 
 286      9DA77D9F 
 287 077c 229B9FAF 		.ascii	"\"\233\237\257Z\355;\323\317\317\317\004\246G\273\007"
 287      5AED3BD3 
 287      CFCFCF04 
 287      A647BB07 
 288 078c 07BFD81A 		.ascii	"\007\277\330\032\313g>C\267\345\333@\245\302y\027\360"
 288      CB673E43 
 288      B7E5DB40 
 288      A5C27917 
 288      F0
 289 079d 3126332D 		.ascii	"1&3-\0279zv8b\355\232\213\217\351\233nn\241\025\251"
 289      17397A76 
 289      3862ED9A 
 289      8B8FE99B 
 289      6E6EA115 
 290 07b2 E2D4E8BA 		.ascii	"\342\324\350\272#\330f\331\302\3134\252\006\314'r\346"
 290      23D866D9 
 290      C2CB34AA 
 290      06CC2772 
 290      E6
 291 07c3 22A780B8 		.ascii	"\"\247\200\270\200\360P\001\3470\313\311n"
 291      80F05001 
 291      E730CBC9 
 291      6E
 292 07d0 540FE30D 		.ascii	"T\017\343\015t\250D(\\+\024\256\006\022~\014\244\016"
 292      74A84428 
 292      5C2B14AE 
 292      06127E0C 
 292      A40E
 293 07e2 A405A411 		.ascii	"\244\005\244\021\244L(\200\324lt\022&\375R\0034\302"
 293      A44C2880 
 293      D46C7412 
 293      26FD5203 
 293      34C2
 294 07f4 4B792C42 		.ascii	"Ky,B\222\272\001\210\260\344\361N\267\341j\242\336\304"
 294      92BA0188 
 294      B0E4F14E 
 294      B7E16AA2 
 294      DEC4
 295 0806 657B1C3C 		.ascii	"e{\034<\224\013\336\316\303\365\031\260\336dG\317~\202"
 295      940BDECE 
 295      C3F519B0 
 295      DE6447CF 
ARM GAS  C:\Users\NICOLA~1\AppData\Local\Temp\cc3JQd7h.s 			page 23


 295      7E82
 296 0818 CC299A66 		.ascii	"\314)\232f-\333\2560%Nrm\033w9\214\037#\343\025Bq\210"
 296      2DDBAE30 
 296      254E726D 
 296      1B77398C 
 296      1F23E315 
 297 082f ED1FC1F6 		.ascii	"\355\037\301\366)\260]\004r\004\3444H=H!\310\367\366"
 297      29B05D04 
 297      7204E434 
 297      483D4821 
 297      C8F7F6
 298 0842 C933394B 		.ascii	"\31139K\236\354\211\231\243\275o\376B\211\216\002\272"
 298      9EEC8999 
 298      A3BD6FFE 
 298      42898E02 
 298      BA
 299 0853 CBDAFBE5 		.ascii	"\313\332\373\345\226\336\267m\371J\273\226\257b-/\274"
 299      96DEB76D 
 299      F94ABB96 
 299      AF622D2F 
 299      BC
 300 0864 C08E2C20 		.ascii	"\300\216, oA\315\320'\027\255V\3162\210\275\225svV\252"
 300      6F41CDD0 
 300      2717AD56 
 300      CE3288BD 
 300      95737656 
 301 0879 6DAC74D7 		.ascii	"m\254t\327\226=K\336\312J\0011d\265Rb\341B\313\274\303"
 301      963D4BDE 
 301      CA4A0131 
 301      64B55262 
 301      E142CBBC 
 302 088e A6CCE725 		.ascii	"\246\314\347%\223+6\275\351\366-\227\264\271\364\375"
 302      932B36BD 
 302      E9F62D97 
 302      B4B9F4FD 
 303 089e B74EC8AA 		.ascii	"\267N\310\252\360\336\354\200K\242MN^\000nI\257#V\257"
 303      F0DEEC80 
 303      4BA24D4E 
 303      5E006E49 
 303      AF2356AF 
 304 08b2 54E19035 		.ascii	"T\341\2205C\216\002g\331\304\360\003\3674\301pr\321"
 304      438E0267 
 304      D9C4F003 
 304      F734C170 
 304      72D1
 305 08c4 6F0EB147 		.ascii	"o\016\261G^\276.\203\275ri\2066\207I\222\374^@\260\275"
 305      5EBE2E83 
 305      BD726986 
 305      36874992 
 305      FC5E40B0 
 306 08d9 BB961EAB 		.ascii	"\273\226\036\253\350\273\0213\227O\273\211\344\266\323"
 306      E8BB1133 
 306      974FBB89 
 306      E4B6D3
 307 08e8 31608765 		.ascii	"1`\207en\332t\233DL\376]\363\223}\3046\247\027V\261"
 307      6EDA749B 
 307      444CFE5D 
ARM GAS  C:\Users\NICOLA~1\AppData\Local\Temp\cc3JQd7h.s 			page 24


 307      F3937DC4 
 307      36A71756 
 308 08fd 1BC381B1 		.ascii	"\033\303\201\261P1R\215\012k\256+ls=\332\035_d\263\037"
 308      5031528D 
 308      0A6BAE2B 
 308      6C733DDA 
 308      1D5F64B3 
 309 0912 5D75747E 		.ascii	"]ut~\315q?z\230cK\364\361\270\031\324\266\031 uV\314"
 309      CD713F7A 
 309      98634BF4 
 309      F1B819D4 
 309      B6192075 
 310 0928 09E85A68 		.ascii	"\011\350Zh\031\201\2133\230\314\006c\"/o\307\310\263"
 310      19818B33 
 310      98CC0663 
 310      222F6FC7 
 310      C8B3
 311 093a 10924643 		.ascii	"\020\222FC.\261I\245]\361$\027[\003x\3745\213\215.\227"
 311      2EB149A5 
 311      5DF12417 
 311      5B0378FC 
 311      358B8D2E 
 312 094f F5F4C957 		.ascii	"\365\364\311W\362\330\223\217\016\336\330@\006+\234"
 312      F2D8938F 
 312      0EDED840 
 312      062B9C
 313 095e 0CE690C1 		.ascii	"\014\346\220\301\362\307\006\341\261q77c\204\303}\354"
 313      F2C706E1 
 313      B1713737 
 313      6384C37D 
 313      EC
 314 096f F07C787F 		.ascii	"\360|x\177\355\010\266{\332\224\332-\232v\361i\223\236"
 314      ED08B67B 
 314      DA94DA2D 
 314      9A76F169 
 314      939E
 315 0981 707BC21D 		.ascii	"p{\302\035\017\323i\362\037\212O\375\031\301\341\332"
 315      0FD369F2 
 315      1F8A4FFD 
 315      19C1E1DA 
 316 0991 4F7AC7EA 		.ascii	"Oz\307\352\020\002\355\202@;!\250\2136;\326\350\365"
 316      1002ED82 
 316      403B21A8 
 316      8B363BD6 
 316      E8F5
 317 09a3 B2CA2FB7 		.ascii	"\262\312/\267\320R\203q\004/,\024.}\260#-Y\304/\200"
 317      D0528371 
 317      042F2C14 
 317      2E7DB023 
 317      2D59C42F 
 318 09b8 A33A7952 		.ascii	"\243:yR\264Ib\255\007\205\274\371J2\376x\310qC\315\035"
 318      B44962AD 
 318      0785BCF9 
 318      4A32FE78 
 318      C87143CD 
 319 09cd 9E78BD2B 		.ascii	"\236x\275+{\035o\277v^\216\374f\322)G\345\010]\002\223"
 319      7B1D6FBF 
ARM GAS  C:\Users\NICOLA~1\AppData\Local\Temp\cc3JQd7h.s 			page 25


 319      765E8EFC 
 319      66D22947 
 319      E5085D02 
 320 09e2 DD9CD898 		.ascii	"\335\234\330\230\035\226\306\224\334\276{ $g\341\201"
 320      1D96C694 
 320      DCBE7B20 
 320      2467E181 
 321 09f2 A792C484 		.ascii	"\247\222\304\2048\371La\246\311\331L\231\343\264\364"
 321      38F94C61 
 321      A6C9D94C 
 321      99E3B4F4 
 322 0a02 1653AF7D 		.ascii	"\026S\257}\031.\333\225\241\327R\006\371\376\261\206"
 322      192EDB95 
 322      A1D75206 
 322      F9FEB186 
 323 0a12 7E39A4DE 		.ascii	"~9\244\336\317W:\365}\002\267~\360\366\0238\271b\373"
 323      CF573AF5 
 323      7D02B77E 
 323      F0F61338 
 323      B962FB
 324 0a25 E0AAFC39 		.ascii	"\340\252\3749\214\274\366\364\012O\346>'y\247\2319\006"
 324      8CBCF6F4 
 324      0A4FE63E 
 324      2779A799 
 324      3906
 325 0a37 C9EC9338 		.ascii	"\311\354\2238s\201\231\212\243\324\314;*tT\322\312K"
 325      7381998A 
 325      A3D4CC3B 
 325      2A7454D2 
 325      CA4B
 326 0a49 C2792BAD 		.ascii	"\302y+\255k\317\264\230\351\343\256\010]\003h\231u\013"
 326      6BCFB498 
 326      E9E3AE08 
 326      5D036899 
 326      750B
 327 0a5b E87B62A6 		.ascii	"\350{b\246\257B\004\316\242\201\224\265\215\255\351"
 327      AF4204CE 
 327      A28194B5 
 327      8DADE9
 328 0a6a F0B04BD9 		.ascii	"\360\260K\3315\273\224\015\210\235\233\226^p\323S\316"
 328      35BB940D 
 328      889D9B96 
 328      5E70D353 
 328      CE
 329 0a7b B17BE4B8 		.ascii	"\261{\344\270A\376\3531U\\\250x\332\3316;D\267\331A"
 329      41FEEB31 
 329      555CA878 
 329      DAD9363B 
 329      44B7D941 
 330 0a8f BACD0238 		.ascii	"\272\315\0028yo{\252\027N\243\355\203\356M\037<\356"
 330      796F7BAA 
 330      174EA3ED 
 330      83EE4D1F 
 330      3CEE
 331 0aa1 E5B39B37 		.ascii	"\345\263\2337\025\216^,\037\232\233\316\233b\370Gf3"
 331      158E5E2C 
 331      1F9A9BCE 
ARM GAS  C:\Users\NICOLA~1\AppData\Local\Temp\cc3JQd7h.s 			page 26


 331      9B62F847 
 331      6633
 332 0ab3 A2B3D075 		.ascii	"\242\263\320u\261\217d\344\232\222E\303\234\017LlJJ"
 332      B18F64E4 
 332      9A9245C3 
 332      9C0F4C6C 
 332      4A4A
 333 0ac5 38CD511A 		.ascii	"8\315Q\032\275\"\215\224\037\267\354q\027\251\335\340"
 333      BD228D94 
 333      1FB7EC71 
 333      17A9DDE0 
 334 0ad5 D87FB177 		.ascii	"\330\177\261w\037\216Q9\345v\213r\273i\341\226\024}"
 334      1F8E5139 
 334      E5768B72 
 334      BB69E196 
 334      147D
 335 0ae7 FA801A9F 		.ascii	"\372\200\032\237`\334\032\322O\037\364\240\334L\273"
 335      60DC1AD2 
 335      4F1FF4A0 
 335      DC4CBB
 336 0af6 C9B2E11F 		.ascii	"\311\262\341\037\230\315\230\314@#6\274F,\274nS^\211"
 336      98CD98CC 
 336      402336BC 
 336      462CBC6E 
 336      535E89
 337 0b09 DB92635C 		.ascii	"\333\222c\\p\003\263\320V\260\251J\260\220o\265@\"\033"
 337      7003B3D0 
 337      56B0A94A 
 337      B0906FB5 
 337      40221B
 338 0b1c B5B1306A 		.ascii	"\265\2610j\2610F-\324\264M\227\253\360\217\314\302`"
 338      B130462D 
 338      D4B44D97 
 338      ABF08FCC 
 338      C260
 339 0b2e D9DAB9CC 		.ascii	"\331\332\271\314@\245\275\201\237m\014\374l10N\015\014"
 339      40A5BD81 
 339      9F6D0CFC 
 339      6C31304E 
 339      0D0C
 340 0b40 E4F3C51E 		.ascii	"\344\363\305\036\270\207\031\250\037\2721\201\301B\037"
 340      B88719A8 
 340      1FBA3181 
 340      C1421F
 341 0b4f 3C3A924A 		.ascii	"<:\222J\337\332\022\2739\023\016\016\346?\322\247\037"
 341      DFDA12BB 
 341      39130E0E 
 341      E63FD2A7 
 341      1F
 342 0b60 BA6363E5 		.ascii	"\272cc\345\216\305\312]j\245>\267\234\367\240\311$O"
 342      8EC5CA5D 
 342      6AA53EB7 
 342      9CF7A0C9 
 342      244F
 343 0b72 2596E0BD 		.ascii	"%\226\340\275u\303\243j\271\345\250y\217%\370jLW\212"
 343      75C3A36A 
 343      B9E5A879 
ARM GAS  C:\Users\NICOLA~1\AppData\Local\Temp\cc3JQd7h.s 			page 27


 343      8F25F86A 
 343      4C578A
 344 0b85 F3E24FD2 		.ascii	"\363\342O\322\004OX\022\334\2236\226\252\302\367\031"
 344      044F5812 
 344      DC933696 
 344      AAC2F719 
 345 0b95 B7BDBD63 		.ascii	"\267\275\275cEj\312\315\324u(\316\247\216\2576\233\377"
 345      456ACACD 
 345      D47528CE 
 345      A78EAF36 
 345      9BFF
 346 0ba7 4166A029 		.ascii	"Af\240)\033^S\026^\367)\257\315\215w7a\312\341\202\310"
 346      1B5E5316 
 346      5EF729AF 
 346      CD8D7737 
 346      61CAE182 
 347 0bbc CBDC33D2 		.ascii	"\313\3343\322\252\020\271N3^\227\3675\277&r}\300\356"
 347      AA10B94E 
 347      335E97F7 
 347      35BF2672 
 347      7DC0EE
 348 0bcf D5950E6C 		.ascii	"\325\225\016l\364r\312\365\021\345\372\320\3025\276"
 348      F472CAF5 
 348      11E5FAD0 
 348      C235BE
 349 0bde BEAB5F8D 		.ascii	"\276\253_\215\267+(\327\226\224\242t\216qm\262r\205"
 349      B72B28D7 
 349      9694A274 
 349      8E716DB2 
 349      7285
 350 0bf0 19C86CC3 		.ascii	"\031\310l\303\325l\341\312c\302\365F\315t\027[+Ub\223"
 350      D56CE1CA 
 350      63C2F546 
 350      CD74175B 
 350      2B556293 
 351 0c04 6EE83F94 		.ascii	"n\350?\224\241\024yEcz\263gs\356\025\347\274b1\341\025"
 351      A1147945 
 351      637AB367 
 351      73EE15E7 
 351      BC6231E1 
 352 0c19 83055E75 		.ascii	"\203\005^u\327w\177\200\263\031\255\206\306\361NV^S"
 352      D7777F80 
 352      B319AD86 
 352      C6F14E56 
 352      5E53
 353 0c2b BD95164C 		.ascii	"\275\225\026L@k\260\225\026\\3Zk)\255\301\226\203\373"
 353      406BB095 
 353      165C335A 
 353      6B29ADC1 
 353      9683FB
 354 0c3e C4C59EE0 		.ascii	"\304\305\236\340\364l\207\342\260\032\320W2\216V{\331"
 354      F46C87E2 
 354      B01AD057 
 354      328E567B 
 354      D9
 355 0c4f A1251F6A 		.ascii	"\241%\037j(\236\242Ol\275\222\312\331m$\204\214\025"
 355      289EA24F 
ARM GAS  C:\Users\NICOLA~1\AppData\Local\Temp\cc3JQd7h.s 			page 28


 355      6CBD92CA 
 355      D96D2484 
 355      8C15
 356 0c61 9D80193A 		.ascii	"\235\200\031:\201\242\267F\327W\332\243\037\331\235"
 356      81A2B746 
 356      D757DAA3 
 356      1FD99D
 357 0c70 18D609E8 		.ascii	"\030\326\011\350u\024=Y\274c\322\315\016=i\207N\024"
 357      75143D59 
 357      BC63D2CD 
 357      0E3D6987 
 357      4E14
 358 0c82 D0E45BBD 		.ascii	"\320\344[\275\352\353\010\315g\241\221\221\332\360\020"
 358      EAEB08CD 
 358      67A19191 
 358      DAF010
 359 0c91 A3EBDB4B 		.ascii	"\243\353\333K?\364\011\220)V\353\"\215\257\207\030\335"
 359      3FF40990 
 359      2956EB22 
 359      8DAF8718 
 359      DD
 360 0ca2 424284AB 		.ascii	"BB\204\253\225\2327\2025\237\351V\350\014\306\325a:"
 360      959A3782 
 360      359FE956 
 360      E80CC6D5 
 360      613A
 361 0cb4 7DB051AF 		.ascii	"}\260Q\257\0177\004\177\032\271\332\207^\371\204FE\370"
 361      0F37047F 
 361      1AB9DA87 
 361      5EF98446 
 361      45F8
 362 0cc6 68235668 		.ascii	"h#Vh\303\302\264a\301\177\231\363w\237\371s\347\275"
 362      C3C2B461 
 362      C17F99F3 
 362      779FF973 
 362      E7BD
 363 0cd8 F6E5ABC1 		.ascii	"\366\345\253\301p\377\225H}\244\366\025m\350\012]\260"
 363      70FF9548 
 363      7DA4F615 
 363      6DE80A5D 
 363      B0
 364 0ce9 2E5213BE 		.ascii	".R\023\276:L\033\034\021\012\266\"\265\301!a\332\225"
 364      3A4C1B1C 
 364      110AB622 
 364      B5C12161 
 364      DA95
 365 0cfb A1ABC38D 		.ascii	"\241\253\303\215!\306oWi\015s>\223}\362\177uc\370\326"
 365      21C66F57 
 365      690D733E 
 365      937DF27F 
 365      7563F8D6 
 366 0d0f 101C6230 		.ascii	"\020\034b0\206A\010`\373\3659s\374\341\227\232\327\033"
 366      86410860 
 366      FBF53973 
 366      FCE1979A 
 366      D71B
 367 0d21 E6FD759E 		.ascii	"\346\375u\236\277\336\340\377Yh\270\377*}\224\321\340"
ARM GAS  C:\Users\NICOLA~1\AppData\Local\Temp\cc3JQd7h.s 			page 29


 367      BFDEE0FF 
 367      5968B8FF 
 367      2A7D94D1 
 367      E0
 368 0d32 BF6CF992 		.ascii	"\277l\371\222W\347\373\277\367\336B\377\345\213\227"
 368      57E7FBBF 
 368      F7DE42FF 
 368      E58B97
 369 0d41 7C35CF1F 		.ascii	"|5\317\037\322\022\022\036\036\006\023\335\227\350\215"
 369      D212121E 
 369      1E0613DD 
 369      97E88D
 370 0d50 FAA88551 		.ascii	"\372\250\205Q\272\257\264Q\312Uz\203\316\250\323G\272"
 370      BAAFB451 
 370      CA557A83 
 370      CEA8D347 
 370      BA
 371 0d61 05FE7309 		.ascii	"\005\376s\011\273\245\002\244\301\030j\324\206\030U"
 371      BBA502A4 
 371      C1186AD4 
 371      861855
 372 0d70 7033E4C3 		.ascii	"p3\344\303\245\213\227.^\256$\227\313\226\277\037H\200"
 372      A58B972E 
 372      5EAE2497 
 372      CB96BF1F 
 372      4880
 373 0d82 21418BDE 		.ascii	"!A\213\336\\\370\261\2373\002\002_\342\022\334\271P"
 373      5CF8B19F 
 373      3302025F 
 373      E212DCB9 
 373      50
 374 0d93 634A92F8 		.ascii	"cJ\222\370W\347\203MV\003r\351\2662J\373\345jm\244\346"
 374      57E7834D 
 374      560372E9 
 374      B6324AFB 
 374      E56A6DA4 
 375 0da8 5B25295A 		.ascii	"[%)Z$\344\315u\2256J\247\017\363 zhx\370\212P\315\027"
 375      24E4CD75 
 375      95364AA7 
 375      0FF3207A 
 375      6878F88A 
 376 0dbf 2146A5E5 		.ascii	"!F\245\345r\006\370\016`\265\015\320G\256\324}\352\006"
 376      7206F80E 
 376      60B50DD0 
 376      47AED47D 
 376      EA06
 377 0dd1 B8087D18 		.ascii	"\270\010}\030P\225\223/\245Px\003\326D\315\227\207\351"
 377      5095932F 
 377      A5507803 
 377      D644CD97 
 377      87E9
 378 0de3 B451842D 		.ascii	"\264Q\204-\203\272j\350\227;m\217\310\010\003\330Uh"
 378      83BA6AE8 
 378      973B6D8F 
 378      C80803D8 
 378      5568
 379 0df5 23435784 		.ascii	"#CW\204k\303\\4\341z\315\027\356\006c\004a\245\213\010"
ARM GAS  C:\Users\NICOLA~1\AppData\Local\Temp\cc3JQd7h.s 			page 30


 379      6BC35C34 
 379      E17ACD17 
 379      EE066304 
 379      61A58B08 
 380 0e09 31E280A0 		.ascii	"1\342\200\240y \363\345\313\226\004\004\311\027.^\024"
 380      7920F3E5 
 380      CB960404 
 380      C9172E5E 
 380      14
 381 0e1a C42D0BC2 		.ascii	"\304-\013\302\213\336\016r\011\010X\0224\217\376\235"
 381      8BDE0E72 
 381      09085812 
 381      348FFE9D 
 382 0e2a 2F0F0858 		.ascii	"/\017\010X\024\204\003\226.\307\201\313\002\360\233"
 382      14840396 
 382      2EC781CB 
 382      02F09B
 383 0e39 41413828 		.ascii	"AA8(\000t\230\360\326\302\345Ax!\231\271\344\315 \356"
 383      007498F0 
 383      D6C2E541 
 383      782199B9 
 383      E4CD20EE 
 384 0e4d 7D36EB55 		.ascii	"}6\353U\300\177\024\364\306\257\253\232\310\011\022"
 384      C07F14F4 
 384      C6AFAB9A 
 384      C80912
 385 0e5c 89E18B04 		.ascii	"\211\341\213\004\034F\313\344J\002Y\371\251\367\034"
 385      1C46CBE4 
 385      4A0259F9 
 385      A9F71C
 386 0e6b FFD5066D 		.ascii	"\377\325\006mT\270n\205\230\366\010R^\261\316,z/z\363"
 386      54B86E85 
 386      98F60852 
 386      5EB1CE2C 
 386      7A2F7AF3 
 387 0e7f FD159F6B 		.ascii	"\375\025\237k5\306\305\221:\343,\3534C\224F\230\242"
 387      35C6C591 
 387      3AE32CEB 
 387      34439446 
 387      98A2
 388 0e91 91A9E8C5 		.ascii	"\221\251\350\3052ch\224QA/?\\\345F\277\027\352\277\216"
 388      32636894 
 388      51412F3F 
 388      5CE546BF 
 388      17EABF8E 
 389 0ea5 FC3D785C 		.ascii	"\374=x\\D3\026H\213\244\323,\325\033u+u\232P\322@\317"
 389      44331648 
 389      8BA4D32C 
 389      D51B752B 
 389      759A50D2 
 390 0ebb 89A34285 		.ascii	"\211\243B\205l\007g8\016\222\202S7\377\003:kJ("
 390      6C076738 
 390      0E928253 
 390      37FF033A 
 390      6B4A28
 391              		.text
 392              		.section	.gnu.lto_.symtab.e00799d4,"",%progbits
ARM GAS  C:\Users\NICOLA~1\AppData\Local\Temp\cc3JQd7h.s 			page 31


 393 0000 6D6F746F 		.ascii	"motorObjectInit\000\000\000\000\000\000\000\000\000"
 393      724F626A 
 393      65637449 
 393      6E697400 
 393      00000000 
 394 0018 0000006A 		.ascii	"\000\000\000j\001\000\000motorStart\000\000\000\000"
 394      0100006D 
 394      6F746F72 
 394      53746172 
 394      74000000 
 395 002d 00000000 		.ascii	"\000\000\000\000\000\000\000\000o\001\000\000motorU"
 395      00000000 
 395      6F010000 
 395      6D6F746F 
 395      7255
 396 003f 70000000 		.ascii	"p\000\000\000\000\000\000\000\000\000\000\000\000q\001"
 396      00000000 
 396      00000000 
 396      007101
 397 004e 00006D6F 		.ascii	"\000\000motorDown\000\000\000\000\000\000\000\000\000"
 397      746F7244 
 397      6F776E00 
 397      00000000 
 397      00000000 
 398 0062 00000073 		.ascii	"\000\000\000s\001\000\000pwmEnablePeriodicNotificat"
 398      01000070 
 398      776D456E 
 398      61626C65 
 398      50657269 
 399 0083 696F6E00 		.ascii	"ion\000\000\002\000\000\000\000\000\000\000\000\000"
 399      00020000 
 399      00000000 
 399      000000
 400 0092 75010000 		.ascii	"u\001\000\000pwmEnableChannelNotification\000\000\002"
 400      70776D45 
 400      6E61626C 
 400      65436861 
 400      6E6E656C 
 401 00b5 00000000 		.ascii	"\000\000\000\000\000\000\000\000\000z\001\000\000pw"
 401      00000000 
 401      007A0100 
 401      007077
 402 00c4 6D456E61 		.ascii	"mEnableChannel\000\000\002\000\000\000\000\000\000\000"
 402      626C6543 
 402      68616E6E 
 402      656C0000 
 402      02000000 
 403 00dc 00008001 		.ascii	"\000\000\200\001\000\000pwmStart\000\000\002\000\000"
 403      00007077 
 403      6D537461 
 403      72740000 
 403      020000
 404 00ef 00000000 		.ascii	"\000\000\000\000\000\000\000\205\001\000\000"
 404      00000085 
 404      010000
 405              		.text
 406              		.section	.gnu.lto_.opts,"",%progbits
ARM GAS  C:\Users\NICOLA~1\AppData\Local\Temp\cc3JQd7h.s 			page 32


 407 0000 272D666E 		.ascii	"'-fno-trapv' '-mcpu=cortex-m4' '-mno-thumb-interwor"
 407      6F2D7472 
 407      61707627 
 407      20272D6D 
 407      6370753D 
 408 0033 6B272027 		.ascii	"k' '-mthumb' '-ggdb' '-O2' '-fomit-frame-pointer' '"
 408      2D6D7468 
 408      756D6227 
 408      20272D67 
 408      67646227 
 409 0066 2D66616C 		.ascii	"-falign-functions=16' '-ffunction-sections' '-fdata"
 409      69676E2D 
 409      66756E63 
 409      74696F6E 
 409      733D3136 
 410 0099 2D736563 		.ascii	"-sections' '-fno-common' '-flto'\000"
 410      74696F6E 
 410      73272027 
 410      2D666E6F 
 410      2D636F6D 
 411              		.text
 412              		.comm	__gnu_lto_v1,1,1
 413              		.comm	__gnu_lto_slim,1,1
 414              		.ident	"GCC: (GNU Tools for ARM Embedded Processors) 4.9.3 20150529 (release) [ARM/embedded-4_9-br
ARM GAS  C:\Users\NICOLA~1\AppData\Local\Temp\cc3JQd7h.s 			page 33


DEFINED SYMBOLS
                            *ABS*:00000000 motor.c
                            *COM*:00000001 __gnu_lto_v1
                            *COM*:00000001 __gnu_lto_slim

NO UNDEFINED SYMBOLS
