ARM GAS  C:\Users\NICOLA~1\AppData\Local\Temp\ccD7eVy7.s 			page 1


   1              		.syntax unified
   2              		.cpu cortex-m4
   3              		.fpu softvfp
   4              		.eabi_attribute 20, 1
   5              		.eabi_attribute 21, 1
   6              		.eabi_attribute 23, 3
   7              		.eabi_attribute 24, 1
   8              		.eabi_attribute 25, 1
   9              		.eabi_attribute 26, 1
  10              		.eabi_attribute 30, 2
  11              		.eabi_attribute 34, 1
  12              		.eabi_attribute 18, 4
  13              		.thumb
  14              		.file	"nvic.c"
  15              		.text
  16              	.Ltext0:
  17              		.section	.gnu.lto_.profile.cfe47148,"",%progbits
  18 0000 789C6366 		.ascii	"x\234cf```a\200\000F\006)1\000\000\276\0009"
  18      60606061 
  18      80004606 
  18      29310000 
  18      BE0039
  19              		.text
  20              		.section	.gnu.lto_.jmpfuncs.cfe47148,"",%progbits
  21 0000 789C6366 		.ascii	"x\234cf\300\016\244\2404\013\003\023##s}=#\020\3243"
  21      C00EA4A0 
  21      340B0313 
  21      2323737D 
  21      3D2310D4 
  22 0015 41D8CC20 		.ascii	"A\330\314 6\003\000(\334\0036"
  22      36030028 
  22      DC0336
  23              		.text
  24              		.section	.gnu.lto_.inline.cfe47148,"",%progbits
  25 0000 789C6D8C 		.ascii	"x\234m\214\313\015\2000\014C\235\017i\340\302\010\335"
  25      CB0D8030 
  25      0C439D0F 
  25      69E0C208 
  25      DD
  26 0011 801199A5 		.ascii	"\200\021\231\245#1\012#`\240\2528`)J\"\373\331\360\257"
  26      23310A23 
  26      60A0AA38 
  26      60294A22 
  26      FBD9F0AF 
  27 0025 BD6F0796 		.ascii	"\275o\007\226YT\2047\307\343\334\020\255*\364X\035\374"
  27      59548437 
  27      C7E3DC10 
  27      AD2AF458 
  27      1DFC
  28 0037 9246D2CA 		.ascii	"\222F\322\312\302\014\023\346\255\276\011\232\3764("
  28      C20C13E6 
  28      ADBE099A 
  28      FE3428
  29 0046 2617B92B 		.ascii	"&\027\271+\214\324\007\247\014%:8\274\001\342\002F;"
  29      8CD407A7 
  29      0C253A38 
  29      BC01E202 
ARM GAS  C:\Users\NICOLA~1\AppData\Local\Temp\ccD7eVy7.s 			page 2


  29      463B
  30 0058 0CFC     		.ascii	"\014\374"
  31              		.text
  32              		.section	.gnu.lto_.pureconst.cfe47148,"",%progbits
  33 0000 789C6366 		.ascii	"x\234cf``\340d\200\000\026\006)F)&)f)\000\002\305\000"
  33      6060E064 
  33      80001606 
  33      29462926 
  33      29662900 
  34 0017 7F       		.ascii	"\177"
  35              		.text
  36              		.section	.gnu.lto_nvicEnableVector.cfe47148,"",%progbits
  37 0000 789C9552 		.ascii	"x\234\225R\337K\223Q\030>\317\371\276\355\333\017\265"
  37      DF4B9351 
  37      183ECFF9 
  37      BEEDDB0F 
  37      B5
  38 0011 E8265844 		.ascii	"\350&XD\335\014\257\364C\002\351\"\250\010\272\023\244"
  38      DD0CAFF4 
  38      4302E922 
  38      A808BA13 
  38      A4
  39 0022 FFA076E3 		.ascii	"\377\240v\343 7\321\210\356<\233c^\024(\336(\311n\322"
  39      2037D188 
  39      EE3C9B63 
  39      5E1428DE 
  39      28C96ED2 
  40 0036 E8C772A6 		.ascii	"\350\307r\246e\345\232\360!X^\22462\222!J\264@\253\213"
  40      65E59AF0 
  40      21585E94 
  40      36329221 
  40      4AB440AB 
  41 004b 34610E2A 		.ascii	"4a\016*{\337\263E\027zQc;\347\274?\236\367y\236sf\210"
  41      7BDFB345 
  41      177A5163 
  41      3BE7BC3F 
  41      9EF7799E 
  42 0062 BD9F00FD 		.ascii	"\275\237\000\375N\033B\234\242\035\206\200\354_\020"
  42      4E1B429C 
  42      A21D8680 
  42      EC5F10
  43 0071 22E69100 		.ascii	"\"\346\221\000\037\004D\267D76\344\246D\277\223\036"
  43      1F0444B7 
  43      443736E4 
  43      A644BF93 
  43      1E
  44 0082 F2D7DF56 		.ascii	"\362\327\337VJ}\033X\214\265:(K!\276\313\312\034\334"
  44      4A7D1B58 
  44      8CB53A28 
  44      4B21BECB 
  44      CA1CDC
  45 0095 413DF52C 		.ascii	"A=\365,-\177L\232F3\004\235\2473\333\257\375\353\262"
  45      2D7F4C9A 
  45      4633049D 
  45      A733DBAF 
  45      FDEBB2
  46 00a8 2C719CC3 		.ascii	",q\234\303\354\300\374\220\233Cir85\223yq 8\242T\334"
ARM GAS  C:\Users\NICOLA~1\AppData\Local\Temp\ccD7eVy7.s 			page 3


  46      ECC0FC90 
  46      9B436972 
  46      38359379 
  46      712038A2 
  47 00be 999F5467 		.ascii	"\231\237Tg\314\2624p\027\006\315\303=\004p\037\001A"
  47      CCB23470 
  47      1706CDC3 
  47      3D04701F 
  47      0141
  48 00d0 29813482 		.ascii	")\2014\202\324\375\346\346\366\222i\234\324s\363\231"
  48      D4FDE6E6 
  48      F692699C 
  48      D473F399 
  49 00e0 574B55E4 		.ascii	"WKU\344\312\037\344\203}\220c\010r\373f\342\347{\277"
  49      CA1FE483 
  49      7D906308 
  49      72FB66E2 
  49      E77BBF
  50 00f3 3B41B20F 		.ascii	";A\262\017V\324\"\0037h\037?\344\250\335\335\221\251"
  50      56D42203 
  50      37681F3F 
  50      E4A8DDDD 
  50      91A9
  51 0105 DC84590B 		.ascii	"\334\204Y\013p\273$\240i\360\342\002\023[ttyhq{y\361"
  51      70BB24A0 
  51      69F0E202 
  51      135B7474 
  51      7968717B 
  52 011b D1620951 		.ascii	"\321b\011Q\244!|9\237\244\344\335( \276\334\373\253"
  52      A4217C39 
  52      9FA4E4DD 
  52      2820BEDC 
  52      FBAB
  53 012d 64F0DC92 		.ascii	"d\360\334\222\224%\011Q@\317\212\273\022\033\224\"\025"
  53      94250951 
  53      40CF8ABB 
  53      121B9422 
  53      15
  54 013e A3F9B5BC 		.ascii	"\243\371\265\274\301\356=\246\3008I,`v\000\334B\305"
  54      C1EE3DA6 
  54      C038492C 
  54      607600DC 
  54      42C5
  55 0150 AD2F2A65 		.ascii	"\255/*er\321\253f{T\035\253^+.\346=:%8\274\365n\347"
  55      72D1AB66 
  55      7B541DAB 
  55      5E2B2EE6 
  55      3D3A2538 
  56 0168 735D0AC3 		.ascii	"s]\012\3031\245\034\253,}xHN'h\014\027\313\2437\374"
  56      31A51CAB 
  56      2C7D7848 
  56      4E27680C 
  56      17CBA337 
  57 017d 0D6995A0 		.ascii	"\015i\225\240\007\361c\022)l\351G\241\312\365\301\374"
  57      07F16312 
  57      296CE947 
  57      A1CAF5C1 
ARM GAS  C:\Users\NICOLA~1\AppData\Local\Temp\ccD7eVy7.s 			page 4


  57      FC
  58 018e 8EC71E53 		.ascii	"\216\307\036S\211\230s\204\250\361\010\015%\351\322"
  58      89987384 
  58      A8F1080D 
  58      25E9D2
  59 019d EFF51836 		.ascii	"\357\365\0306\211c\245\253\311\205\241\326\212X\213"
  59      8963A5AB 
  59      C985A1D6 
  59      8A588B
  60 01ac AA04FBFA 		.ascii	"\252\004\373\372v8[\303\344n\227\300\224\026\033_\355"
  60      76385BC3 
  60      E46E97C0 
  60      94161B5F 
  60      ED
  61 01bd FD212B4D 		.ascii	"\375!+M\036\036A\270\235\252C/\245\010\224\353\353\233"
  61      1E1E41B8 
  61      9DAA432F 
  61      A50894EB 
  61      EB9B
  62 01cf B334E898 		.ascii	"\2634\350\230\300\023\015\352YI\026\253\327\342\243"
  62      C0130DEA 
  62      594916AB 
  62      D7E2A3
  63 01de 8E97A9F5 		.ascii	"\216\227\251\365Im\323\202\300S\004\010\252\257\341"
  63      496DD382 
  63      C0530408 
  63      AAAFE1
  64 01ed C3E1EA3D 		.ascii	"\303\341\352=\374\253\313\032<\323.\261\307\345\321"
  64      FCABCB1A 
  64      3CD32EB1 
  64      C7E5D1
  65 01fc B2ACC534 		.ascii	"\262\254\3054\273\264\264\313,\273\364i\226\211\271"
  65      BBB4B4CB 
  65      2CBBF469 
  65      9689B9
  66 020b 4DD77FF3 		.ascii	"M\327\177\363<\327<r\177\236\334_\236\231\012\317*b"
  66      3CD73C72 
  66      7F9EDC5F 
  66      9E990ACF 
  66      2A62
  67 021d CEE07966 		.ascii	"\316\340yf\341l\221\004\322\037\204\320'\032\033m\372"
  67      E16C9104 
  67      D21F84D0 
  67      271A1B6D 
  67      FA
  68 022e 86DAC297 		.ascii	"\206\332\302\227\302\321\256\246\346&;\332e\267]\274"
  68      C2D1AEA6 
  68      E6263BDA 
  68      65B75DBC 
  69 023e 6C77443B 		.ascii	"lwD;\257t\331\241h{{4b\237\275\320r\256\345\232\035"
  69      AF74D9A1 
  69      687B7B34 
  69      629FBDD0 
  69      72AEE59A 
  70 0253 B91A0E35 		.ascii	"\271\032\0165\206\004\"fGg8\372\033\245\0111\005"
  70      86042266 
  70      476738FA 
ARM GAS  C:\Users\NICOLA~1\AppData\Local\Temp\ccD7eVy7.s 			page 5


  70      1BA50931 
  70      05
  71              		.text
  72              		.section	.gnu.lto_nvicDisableVector.cfe47148,"",%progbits
  73 0000 789C8D51 		.ascii	"x\234\215QMk\023Q\024}\347\276\311$5\241\212\033KDt"
  73      4D6B1351 
  73      147DE7BE 
  73      C92435A1 
  73      8A1B4B44 
  74 0015 53BA6A1E 		.ascii	"S\272j\036E\250\333\212\340\256 \376\003\315\246\001"
  74      45A8DB8A 
  74      E0AE20FE 
  74      03CDA601 
  75 0025 9B1123E2 		.ascii	"\233\021#\342\256/ML\027\012-\335X)\331\264~\247Mkj"
  75      AE2F4D4C 
  75      170A2DDD 
  75      5829D9B4 
  75      7EA74D6B 
  76 003a FC280A43 		.ascii	"\374(\012C\301\257\205J\261E)\022\021\243\324\217ES"
  76      C1AF854A 
  76      B1452912 
  76      11A3D48F 
  76      4553
  77 004c 0BCD8052 		.ascii	"\013\315\200R\357\233q!t\3430s\337\273\367\235s\317"
  77      EF9B7121 
  77      74E33073 
  77      DFBBF79D 
  77      73CF
  78 005e B9F3A4D8 		.ascii	"\271\363\244\330\376\304\371K\221\020\207x\205\024\240"
  78      FEC4F94B 
  78      91108778 
  78      8514A0
  79 006d 91574264 		.ascii	"\221WBd#\004\230\215\200\030 \014\340+5\010#ni,\332"
  79      2304988D 
  79      8018200C 
  79      E02B3508 
  79      236E692C 
  80 0082 714D6BBD 		.ascii	"qMk\27561\327v\241\315c\332O\012\332\340\006:\030\262"
  80      3631D776 
  80      A1CD63DA 
  80      4F0ADAE0 
  80      063A18B2 
  81 0096 F4EE53C1 		.ascii	"\364\356S\301\222\335\020\274\177X\336x\031]%\217p\300"
  81      92DD10BC 
  81      7F58DE78 
  81      195D258F 
  81      70C0
  82 00a8 A4F3A3CF 		.ascii	"\244\363\243\317\307l\223\222e\322\352\343\362\323\235"
  82      C76C9392 
  82      65D2EAE3 
  82      F2D39D
  83 00b7 ED935A0F 		.ascii	"\355\223Z\017\272/*\272\307\362H\342&$\367\303-\304"
  83      BA2F2ABA 
  83      C7F248E2 
  83      2624F7C3 
  83      2DC4
  84 00c9 711B71C1 		.ascii	"q\033q\301%\201\022\332\015\274\221\377\3756j\347Y{"
ARM GAS  C:\Users\NICOLA~1\AppData\Local\Temp\ccD7eVy7.s 			page 6


  84      258112DA 
  84      0DBC91FF 
  84      FD366AE7 
  84      597B
  85 00db 57A08929 		.ascii	"W\240\211)\330\340uf\267\253\267\266&\257OU\255\026"
  85      D8E07566 
  85      B7ABB7B6 
  85      26AF4F55 
  85      AD16
  86 00ed C0C08989 		.ascii	"\300\300\211\211\226\344\020\262L\010q\260\205\2503"
  86      96E410B2 
  86      4C0871B0 
  86      85A833
  87 00fc C94CF499 		.ascii	"\311L\364\231\310\254r\005\271Z\341\313\225c\246\317"
  87      C8AC7205 
  87      B95AE1CB 
  87      9563A6CF 
  88 010c 26D1264B 		.ascii	"&\321&K\020~\274\031\237\217\031\217\314\3024[X\301"
  88      107EBC19 
  88      9F8F198F 
  88      CCC2345B 
  88      58C1
  89 011e 606DE817 		.ascii	"`m\350\027\005 \311 \256\344\232v\220[\\b\322\243\341"
  89      0520C920 
  89      AEE49A76 
  89      905B5C62 
  89      D2A3E1
  90 0131 E127619F 		.ascii	"\341'a\237\264_\240\354\223r\357\013u\031\200B\214x"
  90      B45FA0EC 
  90      9372EF0B 
  90      75198042 
  90      8C78
  91 0143 565CAD58 		.ascii	"V\\\255X\006\301\2161\2038S\031\2640\372q\217\3010`"
  91      06C18E31 
  91      83385319 
  91      B430FA71 
  91      8FC13060 
  92 0157 FDBB2EFA 		.ascii	"\375\273.\372\200\260^\310\351V3\360\207\372\353\305"
  92      80B05EC8 
  92      E95633F0 
  92      87FAEBC5 
  93 0167 885F1226 		.ascii	"\210_\022&\235Xn~k-b<\253\265\033\366(\202Y\376IwX\314"
  93      9D586E7E 
  93      6B2D623C 
  93      ABB51BF6 
  93      288259FE 
  94 017f 1C7A572F 		.ascii	"\034zW/E;K:\017\217ZPA\021\353\376\255\360\311\305\313"
  94      453B4B3A 
  94      0F8F5A50 
  94      4111EBFE 
  94      ADF0C9C5 
  95 0194 8BCD889A 		.ascii	"\213\315\210\232\326\371\254\273\317\243\035\230C'\017"
  95      D6F9ACBB 
  95      CFA31D98 
  95      43270F
  96 01a3 EB5FD85D 		.ascii	"\353_\330](vg|\254\315.5\344_'\377\253\023E\325\327"
  96      2876677C 
ARM GAS  C:\Users\NICOLA~1\AppData\Local\Temp\ccD7eVy7.s 			page 7


  96      ACCD2E35 
  96      E45F27FF 
  96      AB1345D5 
  97 01b8 C1369DBD 		.ascii	"\3016\235\275\036\305p\317\350\300\327\271\017\365\357"
  97      1EC570CF 
  97      E8C0D7B9 
  97      0FF5EF
  98 01c7 38312E3D 		.ascii	"81.=\340~5d\335\345\243F\325\240\352\014\346[ag\007"
  98      E07E3564 
  98      DDE5A346 
  98      D5A0EA0C 
  98      E65B6167 
  99 01dc 1309C56F 		.ascii	"\023\011\305o\262/u2\345d\272\272\273\224\223Q}'N\251"
  99      B22F7532 
  99      E564BABA 
  99      BB949351 
  99      7D274EA9 
 100 01f0 D3CE99B3 		.ascii	"\323\316\231\263\031\225t\372\373\235\264:|\274\367"
 100      199574FA 
 100      FB9DB43A 
 100      7CBCF7
 101 01ff 48EF7995 		.ascii	"H\357y\225>\227J&\222\002\351?\023\362\351\010"
 101      3E974A26 
 101      9202E93F 
 101      13F2E908 
 102              		.text
 103              		.section	.gnu.lto_nvicSetSystemHandlerPriority.cfe47148,"",%progbits
 104 0000 789C6D51 		.ascii	"x\234mQ=hSQ\024>\337\271//\321\250\025\247\022\027\227"
 104      3D685351 
 104      143EDFB9 
 104      2F2FD1A8 
 104      15A71217 
 105 0015 D0A97914 		.ascii	"\320\251y\024\241\243h\035\234\2728\272\325($\320\346"
 105      A1A3681D 
 105      9CBA38BA 
 105      D52824D0 
 105      E6
 106 0026 9544C4AD 		.ascii	"\225D\304\2557\355\023\027)\245S\251\006\301(V\323\246"
 106      37ED1317 
 106      29A553A9 
 106      06C12856 
 106      D3A6
 107 0038 B60AA2D3 		.ascii	"\266\012\242\323\323AJ\321j\240P\011\305P\210\242\270"
 107      D3414AD1 
 107      6AA05009 
 107      C55088A2 
 107      B8
 108 0049 D81F080F 		.ascii	"\330\037\010\017Z\343\271/t\322\313\375;?\337w\276s"
 108      5AE3B92F 
 108      74D2CBFD 
 108      3B3FDF77 
 108      BE73
 109 005b AFA27F47 		.ascii	"\257\242\177GB\326\026\210\006\344\204\"\360\324\032"
 109      42D61688 
 109      06E48422 
 109      F0D41A
 110 006a 5131C680 		.ascii	"Q1\306\200\271\020h\2141\206\237\274\315\230\362+3\361"
ARM GAS  C:\Users\NICOLA~1\AppData\Local\Temp\ccD7eVy7.s 			page 8


 110      B910688C 
 110      31869FBC 
 110      CD98F22B 
 110      33F1
 111 007c 9EC75AEB 		.ascii	"\236\307Z\353\337\017_u\337\356\016\230h\227;4x\202"
 111      DF0F5F75 
 111      DFEE0E98 
 111      68973B34 
 111      7882
 112 008e 1E497930 		.ascii	"\036Iy0\2671\337\245\372Ar\177]\335\373\030\377\301"
 112      B731DFA5 
 112      FA41727F 
 112      5DDDFB18 
 112      FFC1
 113 00a0 01E38C31 		.ascii	"\001\343\2141\337L\257\314\330\306d\313\230K\373\336"
 113      DF4CAFCC 
 113      D8C664CB 
 113      984BFBDE 
 114 00b0 3E9265AD 		.ascii	">\222e\255\307\375\315e}\336\012Xa\016J\370\360\024"
 114      C7FDCD65 
 114      7DDE0A58 
 114      610E4AF8 
 114      F014
 115 00c2 093C4382 		.ascii	"\011<C\202\304E\250 )\331\237g\367\326-u.\344\255U?"
 115      C445A820 
 115      29D99F67 
 115      F7D62D75 
 115      2EE4AD55 
 116 00d7 AC777590 		.ascii	"\254wu\220\177\016\221\363\377A. i\322\267\275\203\215"
 116      7F0E91F3 
 116      FF412E20 
 116      69D2B7BD 
 116      838D
 117 00e9 B8ED89EA 		.ascii	"\270\355\211\352\223\007\207\202Q\205-=\323\342)_\267"
 117      93078782 
 117      51852D3D 
 117      D3E2295F 
 117      B7
 118 00fa DBE5F76F 		.ascii	"\333\345\367oKQD\001\003a\001[\312l\021\230\342DMA\230"
 118      4B514401 
 118      0361015B 
 118      CA6C1198 
 118      E2444D41 
 119 010f B7F8C66C 		.ascii	"\267\370\306lNU\307\370\227;\337\357_1$-\346\026\203"
 119      4E55C7F8 
 119      973BDFEF 
 119      5F31242D 
 119      E61683
 120 0122 EA98D8B4 		.ascii	"\352\230\330\264;\266\022\227T}Tk\324\224\3516b\021"
 120      3BB61297 
 120      547D546B 
 120      D494E936 
 120      6211
 121 0134 1645521D 		.ascii	"\026ER\035\357\246aR$\370kg\262q\324\004m]\237\320'"
 121      EFA66152 
 121      24F86B67 
 121      B271D404 
ARM GAS  C:\Users\NICOLA~1\AppData\Local\Temp\ccD7eVy7.s 			page 9


 121      6D5D9FD0 
 122 0149 8CCA46F3 		.ascii	"\214\312F\363S-\026\272(|\235\325\366\352\261\022\356"
 122      532D16BA 
 122      287C9DD5 
 122      F6EAB112 
 122      EE
 123 015a 15B5F6ED 		.ascii	"\025\265\366\355\200\243x.\235-\011\215\011N\356\256"
 123      80A3782E 
 123      9D2D098D 
 123      094EEEAE 
 124 016a 6C1DE9AD 		.ascii	"l\035\351\255h\017\001\307\260\214\022v\302_\220Pu\255"
 124      680F01C7 
 124      B08C1276 
 124      C25F9050 
 124      75AD
 125 017c 7CF7B8B3 		.ascii	"|\367\270\263\240\275\242\177Zj\343\005z[\034\011?\350"
 125      A0BDA27F 
 125      5A6AE305 
 125      7A5B1C09 
 125      3FE8
 126 018e 251C5147 		.ascii	"%\034QG_Q\364K\227\214\020\343m\212x\351I\340gS)Gf:"
 126      5F51F44B 
 126      978C10E3 
 126      6D8A78E9 
 126      49E06753 
 127 01a6 93BD9A75 		.ascii	"\223\275\232u\013}\375}\216[p2C\303\316\250\233\277"
 127      0B7DFD7D 
 127      8E5B7032 
 127      43C3CEA8 
 127      9BBF
 128 01b8 5170D2EE 		.ascii	"Qp\322\356\310\210\233s.\\\036\2748x\313\311\335\314"
 128      C8889B73 
 128      2E5C1EBC 
 128      3878CBC9 
 128      DDCC
 129 01ca A653698A 		.ascii	"\246Si\212f\206r\327\206\257\347\255\321|\326\375\013"
 129      668672D7 
 129      86AFE7AD 
 129      D17CD6FD 
 129      0B
 130 01db FEE1BD31 		.ascii	"\376\341\2751"
 131              		.text
 132              		.section	.gnu.lto_nvicClearPending.cfe47148,"",%progbits
 133 0000 789C6551 		.ascii	"x\234eQMk\023Q\024\275\347\276\311$%R\245\253\022\020"
 133      4D6B1351 
 133      14BDE7BE 
 133      C9242552 
 133      A5AB1210 
 134 0014 5D58BA6A 		.ascii	"]X\272j\206\"\324\255\342\302UA\374\007\232M\0036#F"
 134      8622D4AD 
 134      E2C25541 
 134      FC079A4D 
 134      03362346 
 135 0028 C45D5F9A 		.ascii	"\304]_\232X\027\026Z\272i\241d\243\026?bS\255\270\260"
 135      5817165A 
 135      BA69A164 
 135      A3163F62 
ARM GAS  C:\Users\NICOLA~1\AppData\Local\Temp\ccD7eVy7.s 			page 10


 135      53ADB8B0 
 136 003c 5A180A4A 		.ascii	"Z\030\012J7*\321\212R$.\032\301\257\205\255\225f\026"
 136      372AD18A 
 136      52242E1A 
 136      C1AF85AD 
 136      956616
 137 004f B5DE3BE3 		.ascii	"\265\336;\343\316\341\315{\357\234w\316\375x\317\320"
 137      CEE1CD7B 
 137      EF9C77CE 
 137      FD78CFD0 
 138 005f FF5F46FE 		.ascii	"\377_F\376\337 :&+\014\201'_\021\225R\014\350\206@#"
 138      DF203A26 
 138      2B0C8127 
 138      5F119552 
 138      0CE88640 
 139 0074 8C117CE5 		.ascii	"\214\021|\345M\306dP\233I\367\316Yk\177\276y\332}\265"
 139      4DC66450 
 139      9B49F7CE 
 139      596B7FBE 
 139      79DA7DB5 
 140 0088 3B64A25F 		.ascii	";d\242_\034\207\301m\364\212d\355\303\306\230c\006@"
 140      1C87C16D 
 140      F48A64ED 
 140      C3C69863 
 140      0640
 141 009a B27F52DF 		.ascii	"\262\177R\337~\231\376\302!\343\260\302\245\251\325"
 141      7E99FEC2 
 141      21E3B0C2 
 141      A5A9D5
 142 00a9 1957213B 		.ascii	"\031W!;\012\037/\327_\354\357\271i\355h\260\272h\217"
 142      0A1F2FD7 
 142      5FECEFB9 
 142      69ED68B0 
 142      BA688F
 143 00bc 3B211BDC 		.ascii	";!\033\334\201\221x\270\213\014\356!CB\021j\350Q\371"
 143      819178B8 
 143      8B0CEE21 
 143      4342116A 
 143      E851F9
 144 00cf 6665F77D 		.ascii	"fe\367}\332\255H\356\003qN\334\207+e\323BW`\367\366"
 144      DAAD48EE 
 144      03714EDC 
 144      872B65D3 
 144      425760F7 
 145 00e4 36E6C697 		.ascii	"6\346\306\227\235\016@\345,F\307\310\224ptJ\350\344"
 145      9D0E40E5 
 145      2C46C7C8 
 145      9470744A 
 145      E8E4
 146 00f6 2A47D412 		.ascii	"*G\324\022\247\266\365\231YW\263\216rs\354O\365\264"
 146      A7B6F599 
 146      5957B38E 
 146      7273EC4F 
 146      F5B4
 147 0108 06DB61DE 		.ascii	"\006\333a\336\221<\214\037og\227\366i\241b\305\274\324"
 147      913C8C1F 
 147      6F6797F6 
ARM GAS  C:\Users\NICOLA~1\AppData\Local\Temp\ccD7eVy7.s 			page 11


 147      69A162C5 
 147      BCD4
 148 011a B18ED1E6 		.ascii	"\261\216\321\346\2655\023\213\214\210\204)\267\335\030"
 148      B535138B 
 148      8C888429 
 148      B7DD18
 149 0129 3B4289E9 		.ascii	";B\211\351\331\304\304\363dd:D\250G\246\362\307\177"
 149      D9C4C4F3 
 149      64643A44 
 149      A847A6F2 
 149      C77F
 150 013b 92048E64 		.ascii	"\222\004\216dD\030\307\331\346\230T^\230\225)(\226\010"
 150      4418C7D9 
 150      E698545E 
 150      98952928 
 150      9608
 151 014d 5BDF6DD5 		.ascii	"[\337m\325\321\010\256])\333Nm\372S\353u#\025Q\244\360"
 151      D108AE5D 
 151      29DB4E6D 
 151      FA53EB75 
 151      231551A4 
 152 0162 C6BBF6B7 		.ascii	"\306\273\366\267\316*fK\326\006\311\220\223X\220\213"
 152      CE2A664B 
 152      D606C990 
 152      9358908B 
 153 0172 7A20B9F4 		.ascii	"z \271\3640\2745\236\356\253\331\012BN\341!\252\330"
 153      30BC359E 
 153      EEABD90A 
 153      424EE121 
 153      AAD8
 154 0184 8A5E464E 		.ascii	"\212^FN\256O7\332)o\336VJ\301\301\220;\260\210>\351"
 154      AE4F37DA 
 154      296FDE56 
 154      4AC1C190 
 154      3BB0883E 
 155 0199 357AB447 		.ascii	"5z\264G\360\244\022j\242\0244Ni\035\312\266\244A\271"
 155      F0A4126A 
 155      A214344E 
 155      691DCAB6 
 155      A441B9
 156 01ac 1C511CCD 		.ascii	"\034Q\034\315f=\031\271\241\374\271\274_\354\037\350"
 156      663D19B9 
 156      A1FCB9BC 
 156      5FEC1FE8 
 157 01bc F7FCA237 		.ascii	"\367\374\2427t\366\274w\301\277x\251\350\345\374\341"
 157      74F6BC77 
 157      C1BF78A9 
 157      E8E5FCE1 
 158 01cc 61BFE09D 		.ascii	"a\277\340\23583xr\360\212W\270\234\317es\204\302_\333"
 158      38337872 
 158      F08A57B8 
 158      9CCF6573 
 158      84C25FDB 
 159 01e0 82BDE0   		.ascii	"\202\275\340"
 160              		.text
 161              		.section	.gnu.lto_.symbol_nodes.cfe47148,"",%progbits
 162 0000 789C55C8 		.ascii	"x\234U\310\273\025\000\020\024D\301k_\2422mm\013>\271"
ARM GAS  C:\Users\NICOLA~1\AppData\Local\Temp\ccD7eVy7.s 			page 12


 162      BB150010 
 162      1444C16B 
 162      5FA2326D 
 162      6D0B3EB9 
 163 0014 A3223549 		.ascii	"\243\"5I\004L8\001\024.U\031\352\006\233\2712jr\372"
 163      044C3801 
 163      142E5519 
 163      EA069BB9 
 163      326A72FA 
 164 0028 A2CBFA62 		.ascii	"\242\313\372b\310\361\006\007\260\022\023*"
 164      C8F10607 
 164      B012132A 
 165              		.text
 166              		.section	.gnu.lto_.refs.cfe47148,"",%progbits
 167 0000 789C6366 		.ascii	"x\234cf```d\200\002\000\000=\000\005"
 167      60606064 
 167      80020000 
 167      3D0005
 168              		.text
 169              		.section	.gnu.lto_.decls.cfe47148,"",%progbits
 170 0000 789CBD58 		.ascii	"x\234\275XkPTG\026\236\276=\274\206\001\\\335\325\224"
 170      6B505447 
 170      169EBE3D 
 170      BC86015C 
 170      DDD594
 171 0013 95AD654D 		.ascii	"\225\255eM\025\225lE\361\221l\262\373'!hVv\313\204\035"
 171      15956C45 
 171      F1916CB2 
 171      FB272168 
 171      5676CB84 
 172 0028 12FF842A 		.ascii	"\022\377\204*\2020\211T\361pa\334\212\377.\016\342 "
 172      82308954 
 172      F17061DC 
 172      8AFF2E0E 
 172      E220
 173 003a 88040141 		.ascii	"\210\004\001A\036\216\0022\202<\004\002\202\274\025"
 173      1E8E0232 
 173      823C0402 
 173      82BC15
 174 0049 441E028A 		.ascii	"D\036\002\212\002\2420>QAAE\201\340\302\236\356\276"
 174      02A2303E 
 174      51414145 
 174      81E0C29E 
 174      EEBE
 175 005b 7766B80E 		.ascii	"wf\270\016l~\244\366\026\347\316\234\333_\237\376\316"
 175      6C7EA4F6 
 175      16E7CE9C 
 175      DB5F9FFE 
 175      CE
 176 006c B9A74F1F 		.ascii	"\271\247O\037\006\313d\262\014$\223\315\303\025\277"
 176      06CB64B2 
 176      0C2493CD 
 176      C315BF
 177 007b 4A264BE1 		.ascii	"J&K\341d2\033x\346-3_r\220\012\220j\220\032\220:\331"
 177      64321B78 
 177      E62D335F 
 177      72900A90 
ARM GAS  C:\Users\NICOLA~1\AppData\Local\Temp\ccD7eVy7.s 			page 13


 177      6A901A90 
 178 0091 9B171977 		.ascii	"\233\027\031w\026\346\221O%H\011\310J\220?\202\374\035"
 178      16E6914F 
 178      254809C8 
 178      4A903F82 
 178      FC1D
 179 00a3 642BC845 		.ascii	"d+\310E\220e\260\2363\310\013\370\336\003\322\016\202"
 179      9065B09E 
 179      33C80BF8 
 179      DE03D20E 
 179      82
 180 00b4 411CE119 		.ascii	"A\034\341\031\007\"C\364\217\332\224^\204\203\223\225"
 180      072243F4 
 180      8FDA945E 
 180      84839395 
 181 00c4 752CD710 		.ascii	"u,\327\020\355\213\266_\010\353r\004\217\330:H\260%"
 181      ED8BB65F 
 181      08EB7204 
 181      8FD83A48 
 181      B025
 182 00d6 BD887F0E 		.ascii	"\275\210\177\016\213\370Al\370\303\304oA\326\0106\276"
 182      8BF8416C 
 182      F8C3C46F 
 182      41D60836 
 182      BE
 183 00e7 143E6B18 		.ascii	"\024>k\030m\331.\264\320\036\211\225b\011\276R\256d"
 183      6DD92EB4 
 183      D01E8995 
 183      6209BE52 
 183      AE64
 184 00f9 3A27D8B4 		.ascii	":'\330\264\026\347g\034\252*\232\354t|\310!g\205+Q\253"
 184      16E7671C 
 184      AA2A9AEC 
 184      747CC821 
 184      67852B51 
 185 010e 135B536D 		.ascii	"\023[SmAU*\344D\255\257\233nQ`0\001\337\263So\367*\336"
 185      41552AE4 
 185      44ADAF9B 
 185      6E516030 
 185      01DFB353 
 186 0126 CFE7795E 		.ascii	"\317\347y^\3077\364#\263\2118\235\361\222\002/\247\240"
 186      C737F423 
 186      B389389D 
 186      F192022F 
 186      A7A0
 187 0138 C893E7E2 		.ascii	"\310\223\347\342\354`\376\037\025th8}&\307\201\252$"
 187      EC60FE1F 
 187      15746838 
 187      7D26C781 
 187      AA24
 188 014a 255CE011 		.ascii	"%\\\340\021\327\372\200\317vFn\212\03404Q\233\330\362"
 188      D7FA80CF 
 188      76466E8A 
 188      1C303451 
 188      9BD8F2
 189 015d 36CFCB51 		.ascii	"6\317\313Q1R\240\002\204Q>z\237\320&\263\311\245\343"
 189      3152A002 
ARM GAS  C:\Users\NICOLA~1\AppData\Local\Temp\ccD7eVy7.s 			page 14


 189      84513E7A 
 189      9FD026B3 
 189      C9A5E3
 190 0170 F9BD7C82 		.ascii	"\371\275|\202\226whu\226\241<\264\032\031\320j\031*"
 190      96776875 
 190      96A13CB4 
 190      1A19D06A 
 190      192A
 191 0182 426E80A0 		.ascii	"Bn\200\240Xt\032\036\026\302C0\334\374\272.\312\006"
 191      58741A1E 
 191      16C24330 
 191      DCFCBA2E 
 191      CA06
 192 0194 29DCAC4F 		.ascii	")\334\254O:ce\022\245\020\267/q%\241P\002\024N\231)"
 192      3A636512 
 192      A510B72F 
 192      7125A150 
 192      02144E99 
 193 01a9 00239383 		.ascii	"\000#\223\203\272\302\222\032\0079\274p\012\372\206"
 193      BAC2921A 
 193      0739BC70 
 193      0AFA86
 194 01b8 46E668F7 		.ascii	"F\346h\367\351t\245\351Y)\242\017\013\017\275\274\240"
 194      E974A5E9 
 194      5929A20F 
 194      0B0FBDBC 
 194      A0
 195 01c9 5C950C66 		.ascii	"\\\225\014f\011\201er\344\275\322\304@\206\312\021l"
 195      09816572 
 195      E4BDD2C4 
 195      4086CA11 
 195      6C
 196 01da 095486E4 		.ascii	"\011T\206\344\314jioA\226\002\033\021\215[I\357@>v\315"
 196      CC6A696F 
 196      4196021B 
 196      118D5B49 
 196      EF403E76 
 197 01ef E2F52513 		.ascii	"\342\365%\023\217\362\262p\032\257\337\313\317\315\317"
 197      8FF2B270 
 197      1AAFDFCB 
 197      CFCDCF
 198 01fe 233A0BFD 		.ascii	"#:\013\375d\342%#\337)/T\201\\\027\3416X6\367\324eQ"
 198      64E22523 
 198      DF292F54 
 198      815C17E1 
 198      365836F7 
 199 0215 1A67298D 		.ascii	"\032g)\215J\221FG\334\376f%\316e\357\270\266\275\361"
 199      4A914647 
 199      DCFE6625 
 199      CE65EFB8 
 199      B6BDF1
 200 0228 950DA5A1 		.ascii	"\225\015\245\241?\232m\333\3127\314\317\177B&\240*\013"
 200      3F9A6DDB 
 200      CA37CCCF 
 200      7F4226A0 
 200      2A0B
 201 023a 06552283 		.ascii	"\006U\"\203j\312 \351l\225\326\011W2\003%OR\265v\314"
ARM GAS  C:\Users\NICOLA~1\AppData\Local\Temp\ccD7eVy7.s 			page 15


 201      6ACA20E9 
 201      6C95D609 
 201      57320325 
 201      4F52B576 
 202 024f 40B5C900 		.ascii	"@\265\311\000q\341\234\205\201s\242\201\032j` \216\237"
 202      71E19C85 
 202      8173A281 
 202      1A6A6020 
 202      8E9F
 203 0261 96E35E66 		.ascii	"\226\343^f`\246ajT0pk\001\203Z\013\003\265\242\201:"
 203      60A6616A 
 203      5430706B 
 203      01835A0B 
 203      03B5A281 
 204 0276 6A404CBA 		.ascii	"j@L\272\225,\351\342\333\2176b\252\316S\223Gz\372+\345"
 204      952CE9E2 
 204      DB8F3662 
 204      AACE5393 
 204      477AFA2B 
 205 028b F83EB37F 		.ascii	"\370>\263\177`\360T\207\035~B\025.\361\356d.\022Sf\""
 205      60F05487 
 205      1D7E4215 
 205      2EF1EE64 
 205      2E125366 
 206 02a0 91C76FC9 		.ascii	"\221\307o\311\320\373\253\321{\220/\027 _V\012\371R"
 206      D0FBABD1 
 206      7B902F17 
 206      205F560A 
 206      F952
 207 02b2 0FB16B10 		.ascii	"\017\261k\020\363\245\366g#\"\371r\036\302\335d\316"
 207      F3A5F667 
 207      2322F972 
 207      1EC2DD64 
 207      CE
 208 02c3 9795A674 		.ascii	"\227\225\246t\341\214}\271\377\264n\264e1\243q\373\332"
 208      E18C7DB9 
 208      FFB46EB4 
 208      6531A371 
 208      FBDA
 209 02d5 7F478C36 		.ascii	"\177G\2146\203\321F\263\321\363\026Ix=.\362\010V\200"
 209      83D146B3 
 209      D1F31649 
 209      783D2EF2 
 209      085680
 210 02e8 51ED2F30 		.ascii	"Q\355/0\212.\"\005\314\031\211\345'\345ts\353\215\324"
 210      8A2E2205 
 210      CC1989E5 
 210      27E57473 
 210      EB8DD4
 211 02fb FBAEB679 		.ascii	"\373\256\266y\2353\335\336Qo\023}\177[\337\200-\236"
 211      9D33DDDE 
 211      516F137D 
 211      7F5BDF80 
 211      2D9E
 212 030d 62A179D2 		.ascii	"b\241y\322\224\363\003[\340\027\355\036\230q\256\343"
 212      94F3035B 
 212      E017ED1E 
ARM GAS  C:\Users\NICOLA~1\AppData\Local\Temp\ccD7eVy7.s 			page 16


 212      9871AEE3 
 213 031d 543147ED 		.ascii	"T1G\355\363\234e1Q\262b2\225m\034ET\265#\252q.\201w"
 213      F39C6531 
 213      51B26232 
 213      956D1C45 
 213      54B523AA 
 214 0335 210BF0C2 		.ascii	"!\013\360\302\0020`\221\227]\304Y\364\356jt\231\031"
 214      02306091 
 214      975DC459 
 214      F4EE6A74 
 214      9919
 215 0347 2F2B9DEA 		.ascii	"/+\235\352r^\236@\341<\357\252\241\011\336\001\360N"
 215      725E9E40 
 215      E13CEFAA 
 215      A109DE01 
 215      F04E
 216 0359 0AEF46CB 		.ascii	"\012\357F\313\305I\264\010=\236|mc\211n_\012=\224_}"
 216      C549B408 
 216      3D9E7C6D 
 216      63896E5F 
 216      0A3D945F 
 217 036e C1114762 		.ascii	"\301\021Gb\352w\313\243\272x%\363\302\226\346p}A\214"
 217      EA77CBA3 
 217      BA7825F3 
 217      C296E670 
 217      7D418C
 218 0381 03A5FD2D 		.ascii	"\003\245\375-Qov_+`1[E\324\271\273\272\0276\213{q]\364"
 218      516F765F 
 218      2B60315B 
 218      45D4B9BB 
 218      BA17368B 
 219 0399 E21AF3A2 		.ascii	"\342\032\363\242\256d,\315V\352\305U\200\367Rx\037\345"
 219      AE642CCD 
 219      56EAC555 
 219      80F75278 
 219      1FE5
 220 03ab 755DE495 		.ascii	"u]\344\225\323\177(\003\343h\306k\177\306\374\011'\234"
 220      D37F2803 
 220      E368C66B 
 220      7FC6FC09 
 220      279C
 221 03bd C094E49A 		.ascii	"\300\224\344\232\214DF\212\247zgVf%\306\311l\360B\317"
 221      8C44468A 
 221      A77A6756 
 221      6625C6C9 
 221      6CF042CF 
 222 03d1 6001ABDA 		.ascii	"`\001\253\332z\252\353\232\247\273\3458\213\015\212"
 222      7AAAEB9A 
 222      A7BBE538 
 222      8B0D8A
 223 03e0 2F4929BC 		.ascii	"/I)\274\244\007\205-\331\3168[\360\275\263\347\036{"
 223      A407852D 
 223      D9CE385B 
 223      F0BDB3E7 
 223      1E7B
 224 03f2 457A3AF8 		.ascii	"Ez:\370\352Q\343I;\\\310\006g\016\307$3\263<&\372|E"
 224      EA51E349 
ARM GAS  C:\Users\NICOLA~1\AppData\Local\Temp\ccD7eVy7.s 			page 17


 224      3B5CC806 
 224      670EC724 
 224      33B33C26 
 225 0409 EA25275C 		.ascii	"\352%'\\\312\006;\322rr\224l&\035\034\354H\230U\342"
 225      CA063BD2 
 225      7272946C 
 225      261D1CEC 
 225      489855E2 
 226 041d 1A367868 		.ascii	"\0326xh\242\347\240\300\226V\244'\271\257\037\263D\344"
 226      A2E7A0C0 
 226      9656A427 
 226      B9AF1FB3 
 226      44E4
 227 042f 9D29A7E9 		.ascii	"\235)\247\351\212<\026S\226\227\374\317)B\310?\242\305"
 227      8A3C1653 
 227      9697FCCF 
 227      2942C83F 
 227      A2C5
 228 0441 B521A5DB 		.ascii	"\265!\245\333a\361\030?\026c\374\210\305\270\367rV\322"
 228      61F1183F 
 228      1663FC88 
 228      C5B8F772 
 228      56D2
 229 0453 1B993202 		.ascii	"\033\2312\002\360\207\024>Jc\374X\214\361\354\334\251"
 229      F087143E 
 229      4A63FC58 
 229      8CF1ECDC 
 229      A9
 230 0464 7127DCC8 		.ascii	"q'\334\310\210\3466L\305\262\340\350)QC}b\236@\324\205"
 230      88E6364C 
 230      C5B2E0E8 
 230      2951437D 
 230      629E40D4 
 231 0479 8639CD58 		.ascii	"\2069\315X\316\210NP|T\237\256\313\216\352\343T\317"
 231      CE884E50 
 231      7C549FAE 
 231      CB8EEAE3 
 231      54CF
 232 048b 7B7AB5C4 		.ascii	"{z\265\304~q\246\317D\246\023\214\351\364Pe\255\213"
 232      7E71A6CF 
 232      44A6138C 
 232      E9F45065 
 232      AD8B
 233 049d 9929A21B 		.ascii	"\231)\242\033\376)\300\307)\3749e\372Ld:W7\323\256\264"
 233      FE29C0C7 
 233      29FC3965 
 233      FA4C643A 
 233      5737D3AE 
 234 04b2 445F5C0A 		.ascii	"D_\\\012}\254\367Y\272\022\267/\314i\245\220\323\023"
 234      7DACF759 
 234      BA12B72F 
 234      CC69A590 
 234      D313
 235 04c4 FAB3B71D 		.ascii	"\372\263\267\035\230_\307)`>w\354\260=\005$\374\226"
 235      985FC729 
 235      603E77EC 
 235      B03D0524 
ARM GAS  C:\Users\NICOLA~1\AppData\Local\Temp\ccD7eVy7.s 			page 18


 235      FC96
 236 04d6 E827F656 		.ascii	"\350'\366V\2178Q]kC\364\202\331\253\243K\244\371\214"
 236      8F38515D 
 236      6B43F482 
 236      D9ABA34B 
 236      A4F98C
 237 04e9 E8D83473 		.ascii	"\350\3304s\354\340\2152\271\364\015\274\002\364\024"
 237      ECE08D32 
 237      B9F40DBC 
 237      02F414
 238 04f8 45FF4C99 		.ascii	"E\377L\231\316\210L\2577\337\270\351\204/3\246\206\362"
 238      CE884CAF 
 238      37DFB8E9 
 238      842F33A6 
 238      86F2
 239 050a 6B469681 		.ascii	"kF\226\201\023\264JLL\277\276\342\200\373\331\240\366"
 239      13B44A4C 
 239      4CBFBEE2 
 239      80FBD9A0 
 239      F6
 240 051b F4D08C82 		.ascii	"\364\320\214\202\271A\352\225\313\214!\366\017h\215"
 240      B941EA95 
 240      CB8C21F6 
 240      0F688D
 241 052a 78AD2037 		.ascii	"x\255 77=\255\312\305\225\377H\344\371\234\267\310Z"
 241      373DADCA 
 241      C595FF48 
 241      E4F99CB7 
 241      C85A
 242 053c 68164AA8 		.ascii	"h\026J\250\216[ab\200^S\032\177\202\233L\317GE\352\333"
 242      8E5B6162 
 242      805E531A 
 242      7F829B4C 
 242      CF4745EA 
 243 0551 D6B6AE47 		.ascii	"\326\266\256G=\200\274\" \305J\001.Y\000\265\372\241"
 243      3D80BC22 
 243      20C54A01 
 243      2E5900B5 
 243      FAA1
 244 0563 425B4092 		.ascii	"B[@\222Z\362\037\001i\252\211s\022\233\375\242\315\333"
 244      5AF21F01 
 244      69AA8973 
 244      129BFDA2 
 244      CDDB
 245 0575 529B772C 		.ascii	"R\233w,\221<\257o'H\330\371\250_@\212\365@(Vfd\227\210"
 245      913CAF6F 
 245      2748D8F9 
 245      A85F408A 
 245      F5402856 
 246 058d 1C96228D 		.ascii	"\034\226\"\215\022\344\200\210\274+E\336\223 ;E\344"
 246      12E48088 
 246      BC2B45DE 
 246      93203B45 
 246      E4
 247 059e A0147953 		.ascii	"\240\024yS\342\321\015\321\243\373R\217\036\230\221"
 247      E2D10DD1 
 247      A3FB528F 
ARM GAS  C:\Users\NICOLA~1\AppData\Local\Temp\ccD7eVy7.s 			page 19


 247      1E9891
 248 05ad 3F0A2FFD 		.ascii	"?\012/\375S\215\014\265\302\370%:D\320pZ\240\203\234"
 248      538D0CB5 
 248      C2F8253A 
 248      44D0705A 
 248      A0839C
 249 05c0 1BE2B935 		.ascii	"\033\342\2715H\013\022\007\022\015r\000$\012d/\310>"
 249      480B1207 
 249      120D7200 
 249      240A642F 
 249      C83E
 250 05d2 90FD2031 		.ascii	"\220\375 1 \261 \363h\015\212\344\326\320C\217\262\035"
 250      20B120F3 
 250      680D8AE4 
 250      D6D0438F 
 250      B21D
 251 05e4 241C6007 		.ascii	"$\034`\007\2431\201\203\270\257\321\023\011\333\313"
 251      A3318183 
 251      B8AFD113 
 251      09DBCB
 252 05f3 22DB5B52 		.ascii	"\"\333[R\266C\022\344\315\265\251\353\321\013@N\012"
 252      B64312E4 
 252      CDB5A9EB 
 252      D10B404E 
 252      0A
 253 0604 48714FA1 		.ascii	"HqO\241\227\022d\207hs@j\363\206\031INpck\241-\217\010"
 253      97126487 
 253      6873406A 
 253      F3861949 
 253      4E70636B 
 254 061c 44267629 		.ascii	"D&v)\246~`\354\345\353Yg\264\302\315Z\244\320!\010\320"
 254      A67E60EC 
 254      E5EB5967 
 254      B4C2CD5A 
 254      A4D02108 
 255 0631 AF112C4A 		.ascii	"\257\021,Jb\370 \262G\361`\255\315\334C\020Jb\017q\362"
 255      62F820B2 
 255      47F160AD 
 255      CDDC4310 
 255      4A620F71 
 256 0646 4783DE56 		.ascii	"G\203\336Vy\300\334 S\260yW'pJ\332V\301'\240k\206b\036"
 256      79C0DC20 
 256      53B07957 
 256      27704ADA 
 256      56C127A0 
 257 065e B39A61B4 		.ascii	"\263\232a\264'\263\333\346\017G\332\320\315\030G7g\351"
 257      27B3DBE6 
 257      0F47DAD0 
 257      CD184737 
 257      67E9
 258 0670 C8C16817 		.ascii	"\310\301h\027|H\316\372*\355\245|\205\330=\350~Q\367"
 258      7C48CEFA 
 258      2AEDA57C 
 258      85D83DE8 
 258      7E51F7
 259 0683 50DB55D4 		.ascii	"P\333U\324\344\202S\331\374\366\311\206\022\007\234"
 259      E48253D9 
ARM GAS  C:\Users\NICOLA~1\AppData\Local\Temp\ccD7eVy7.s 			page 20


 259      FCF6C986 
 259      12079C
 260 0692 C59497E3 		.ascii	"\305\224\227\343M\267\354q6Sr\222SN\263e)\213\362\016"
 260      4DB7EC71 
 260      36537292 
 260      534EB365 
 260      298BF20E 
 261 06a6 6D9D2D36 		.ascii	"m\235-6\260\261\362\230\237:mq\221`\342\316\364\013"
 261      B0B1F298 
 261      9F3A6D71 
 261      9160E2CE 
 261      F40B
 262 06b8 56F39651 		.ascii	"V\363\226QF)I-\010\227\2621\361Lwfg\372\324\276\211"
 262      4629492D 
 262      0897B231 
 262      F14C7766 
 262      67FAD4BE 
 263 06cd 18565794 		.ascii	"\030VW\224D\035I0\024\263\231\216\364\237\240gY)N\213"
 263      441D4930 
 263      14B3998E 
 263      F49FA067 
 263      59294E8B 
 264 06e1 D73E3D27 		.ascii	"\327>='\324\276c\034\365#\263\273/\335IZ\3243\271\325"
 264      D4BE631C 
 264      F523B3BB 
 264      2FDD495A 
 264      D433B9D5 
 265 06f5 288B23F0 		.ascii	"(\213#\360\343\334rq\022m\010f\207\2568J\213\372\242"
 265      E3DC7271 
 265      126D0866 
 265      87AE384A 
 265      8BFAA2
 266 0708 E8FAC9E7 		.ascii	"\350\372\311\347\363\216\270\2029\2216\325\321\342B"
 266      F38EB882 
 266      399136D5 
 266      D1E242
 267 0717 69BE45D4 		.ascii	"i\276E\324\356\226\363\203\216\270\232\215\351xm\241"
 267      EE96F383 
 267      8EB89A8D 
 267      E9786DA1 
 268 0727 023730C5 		.ascii	"\00270\305p\347r\"+\346\357\322\222zo4\335\0117\263"
 268      70E77222 
 268      2BE6EFD2 
 268      927A6F34 
 268      DD0937B3 
 269 073b B1C7270C 		.ascii	"\261\307'\014\375J\334\306\224\341\251\341&v\234\255"
 269      FD4ADCC6 
 269      94E1A9E1 
 269      26769CAD 
 270 074b 276AE3DE 		.ascii	"'j\343\336\314\012G\334\305\306F\306\022\307\345\370"
 270      CC0A47DC 
 270      C5C646C6 
 270      12C7E5F8 
 271 075b 1A53221B 		.ascii	"\032S\"\033\012\2572\340\307\364\254y~\"\332\036\337"
 271      0AAF32E0 
 271      C7F4AC79 
 271      7E22DA1E 
ARM GAS  C:\Users\NICOLA~1\AppData\Local\Temp\ccD7eVy7.s 			page 21


 271      DF
 272 076c 6063A5D9 		.ascii	"`c\245\331\271\025,\266\237\322\270\307\236\231\267"
 272      B9152CB6 
 272      9FD2B8C7 
 272      9E99B7
 273 077b 5B3C7A25 		.ascii	"[<z%b\364\336\243\301\213\314\3145b!\034z\361\344(\206"
 273      62F4DEA3 
 273      C18BCCCC 
 273      3562211C 
 273      7AF1E428 
 274 0790 70A4D270 		.ascii	"p\244\322p\234\241\341(\021\303q\351p\346\210\255%:"
 274      9CA1E128 
 274      11C371E9 
 274      70E688AD 
 274      253A
 275 07a2 895B025D 		.ascii	"\211[\002]\325\3247\347\210\207\027\262T2\226\257\265"
 275      D5D437E7 
 275      888717B2 
 275      543296AF 
 275      B5
 276 07b3 7C9903BE 		.ascii	"|\231\003\276\313\306\252\316$\314\260S~+Q\233t\374"
 276      CBC6AACE 
 276      24CCB053 
 276      7E2B519B 
 276      74FC
 277 07c5 71251E91 		.ascii	"q%\036\221/h\274\234\205\306+"
 277      2F68BC9C 
 277      85C62B
 278 07d0 BE28E705 		.ascii	"\276(\347\005{\011\264\3551\034\277\331\201\027\367"
 278      7B09B4ED 
 278      311CBFD9 
 278      8117F7
 279 07df B65AF4B6 		.ascii	"\266Z\364\266J\310\225\321\356|\027\351Ay\026\034H\247"
 279      4AC895D1 
 279      EE7C17E9 
 279      4179161C 
 279      48A7
 280 07f1 0E9CA30E 		.ascii	"\016\234\243\016T\213\016\034\2309S\217-\321\304\335"
 280      548B0E1C 
 280      9839538F 
 280      2DD1C4DD 
 281 0801 45D1E3A5 		.ascii	"E\321\343\245\006h\000F\205\267W7\306\263\306\306\333"
 281      06680046 
 281      85B75737 
 281      C6B3C6C6 
 281      DB
 282 0812 B2437416 		.ascii	"\262Ct\026:\304\344\366\263\267\330\006\240\247\177"
 282      3AC4E4F6 
 282      B3B7D806 
 282      A0A77F
 283 0821 FEBD330F 		.ascii	"\376\2753\017\227hc\032E/\014l\347V\237(\017\224:Q\017"
 283      9768631A 
 283      452F0C6C 
 283      E7569F28 
 283      0F943A51 
 284 0836 B41A28AD 		.ascii	"\264\032(\255&J\253Q\244\365j\266`\344\015'\026E\217"
 284      264AAB51 
ARM GAS  C:\Users\NICOLA~1\AppData\Local\Temp\ccD7eVy7.s 			page 22


 284      A4F56AB6 
 284      60E40D27 
 284      16458F
 285 0849 5D3F1FAB 		.ascii	"]?\037\253\304\023\314\211c\361\2453\254\001\335E\324"
 285      C413CC89 
 285      63F1A533 
 285      AC01DD45 
 285      D4
 286 085a E823519D 		.ascii	"\350#Q\235r\374R\330\372\365e\317\331\236\325\021}U"
 286      72FC52D8 
 286      FAF565CF 
 286      D99ED511 
 286      7D55
 287 086c D1F08372 		.ascii	"\321\360\203r{so\260\306\262Kp#g\271\361Pq\233\222\027"
 287      7B736FB0 
 287      C6B24B70 
 287      2367B9F1 
 287      50719B92 
 288 0881 4EF30C0E 		.ascii	"N\363\014\016\243A\313\323\234E4\017\231N\376\370b\361"
 288      A341CBD3 
 288      9C45340F 
 288      994EFEF8 
 288      62F1
 289 0893 E43F6A1D 		.ascii	"\344?j\035kn\022\212L\320\026)\364\242\004\032g\202"
 289      6B6E128A 
 289      4CD01629 
 289      F4A2041A 
 289      6782
 290 08a5 1E914253 		.ascii	"\036\221BS-\241I\221z\203; K\271\345\250L@\212y\216"
 290      2DA14991 
 290      7A833B20 
 290      4BB9E5A8 
 290      4C408A79 
 291 08ba CA25468F 		.ascii	"\312%F\217\231\214\026I\215\026.p+I\253\317\247X\362"
 291      998C1649 
 291      8D162E70 
 291      2B49ABCF 
 291      A758F2
 292 08cd 0A2AA5D8 		.ascii	"\012*\245\330\212\205!\210\324\247\272\3039y\002\030"
 292      8A852188 
 292      D4A7BAC3 
 292      39790218 
 293 08dd 640B50B1 		.ascii	"d\013P\261L\241\234\005\\\265\372\003&\253\311R\253"
 293      4CA19C05 
 293      5CB5FA03 
 293      26ABC952 
 293      AB
 294 08ee EF2E449E 		.ascii	"\357.D\2362!\177\262\276\276\331\255,\223[\247\255\273"
 294      32217FB2 
 294      BEBED9AD 
 294      2C935BA7 
 294      ADBB
 295 0900 6586C69A 		.ascii	"e\206\306\232\240)V\327\267x\257GM\320\223Rh\236\245"
 295      A02956D7 
 295      B778AF47 
 295      4DD09352 
 295      689EA5
ARM GAS  C:\Users\NICOLA~1\AppData\Local\Temp\ccD7eVy7.s 			page 23


 296 0913 55E83D0A 		.ascii	"U\350=\012\311\033\200\374\244}\032A\212Y\213\232\027"
 296      C91B80FC 
 296      A47D1A41 
 296      8A598B9A 
 296      17
 297 0924 8635527F 		.ascii	"\2065R\177\232@\317\003\364\002'\201\366\242\205T\017"
 297      9A40CF03 
 297      F4022781 
 297      F6A28554 
 297      0F
 298 0935 9AD64FB3 		.ascii	"\232\326O\263\236\001\026\\\323MX\203u\256\026\330L"
 298      9E01165C 
 298      D34D5883 
 298      75AE16D8 
 298      4C
 299 0946 13B6408A 		.ascii	"\023\266@\212\315\227b3L\330S\326\261otv?\202;\211t"
 299      CD976233 
 299      4CD853D6 
 299      B16F7476 
 299      3F823B89 
 300 095b 68506856 		.ascii	"hPhV\206\240Y\351\206&\344*H;H\037\310%\220V\220.\220"
 300      86A059E9 
 300      8626E42A 
 300      483B481F 
 300      C8259056 
 301 0972 5B20BD20 		.ascii	"[ \275 \375 7@\006@\256\200t\202t\200\364\200\\\006"
 301      FD203740 
 301      0640AE80 
 301      74827480 
 301      F4805C06 
 302 0986 B909721D 		.ascii	"\271\011r\035\344\032H\233\251\363\203\220\026\220\220"
 302      E41A489B 
 302      A9F38390 
 302      169090
 303 0995 D640486B 		.ascii	"\326@Hk\005\216b\341Cu\222\267\237fr'W\352\016k\250"
 303      058E62E1 
 303      437592B7 
 303      9F667227 
 303      57EA0E6B 
 304 09aa 99EBB445 		.ascii	"\231\353\264E\322\025\223>m\320Z\237\0265\220\251\267"
 304      D215933E 
 304      6DD05A9F 
 304      163590A9 
 304      B7
 305 09bb 456E2B28 		.ascii	"En+(\2568\314\036\031\301\322a\316\324I\015\212\235"
 305      AE38CC1E 
 305      19C1D261 
 305      CED4490D 
 305      8A9D
 306 09cd 94B5C0A0 		.ascii	"\224\265\300\240a\210\307\377#6P\372b\222\256\225;."
 306      6188C7FF 
 306      233650FA 
 306      6292AE95 
 306      3B2E
 307 09df 68E38C0B 		.ascii	"h\343\214\013\332\270\333B\033w\233\266q\255\005\231"
 307      DAB8DB42 
 307      1B779BB6 
ARM GAS  C:\Users\NICOLA~1\AppData\Local\Temp\ccD7eVy7.s 			page 24


 307      71AD0599 
 308 09ef DFE2595A 		.ascii	"\337\342YZ4\345w3J*\\\220\333\352\325\364\347W\035\377"
 308      34E57733 
 308      4A2A5C90 
 308      DBEAD5F4 
 308      E7571DFF 
 309 0a03 297A003B 		.ascii	")z\000;\361\016\207\315\201\220\245\302\363\351O\310"
 309      F10E87CD 
 309      8190A5C2 
 309      F3E94FC8 
 310 0a13 007CB5A7 		.ascii	"\000|\265\247\237V~\312\272\013.>\240\307\302}\210\300"
 310      9F567ECA 
 310      BA0B2E3E 
 310      A0C7C27D 
 310      88C0
 311 0a25 3D76BADD 		.ascii	"=v\272\3359\374,\206\376\323H\320\272\377\205\216\356"
 311      39FC2C86 
 311      FED348D0 
 311      BAFF858E 
 311      EE
 312 0a36 8BEEC3F4 		.ascii	"\213\356\303\364LzH+z\372\261\276\247\254k\371==\260"
 312      4C7A482B 
 312      7AFAB1BE 
 312      A7AC6BF9 
 312      3D3DB0
 313 0a49 6B1EBE64 		.ascii	"k\036\276d\007-\375\251J;\020\271w\211_\217F\305#\352"
 313      072DFDA9 
 313      4A3B10B9 
 313      77895F8F 
 313      46C523EA 
 314 0a5d 3133DEF9 		.ascii	"13\336\371\260\376\240\255e\233E\034}\010\213?\242\311"
 314      B0FEA0AD 
 314      659B451C 
 314      7D088B3F 
 314      A2C9
 315 0a6f 33464F9D 		.ascii	"3FO\235Q\361\3249\235\377\342\350\202\377\313G\226B"
 315      51F1D439 
 315      9DFFE2E8 
 315      82FFCB47 
 315      9642
 316 0a81 DF4F4C9E 		.ascii	"\337OL\236\300\230\267\241\254O\305\356\217\263\303"
 316      C098B7A1 
 316      AC4FC5EE 
 316      8FB3C3
 317 0a90 314C49D7 		.ascii	"1LI\327\227T)\3379\316w\353K\036\355\017\213L0\2029"
 317      975429DF 
 317      39CE77EB 
 317      4B1EED0F 
 317      8B4C3082 
 318 0aa5 F203267A 		.ascii	"\362\003&z\002y\374\024R\251\006\271Z\330\035'\201G"
 318      0279FC14 
 318      52A906B9 
 318      5AD81D27 
 318      8147
 319 0ab7 27112743 		.ascii	"'\021'C\023\334;2\373\335A\241\232M\033\3754\266\177"
 319      13DC3B32 
 319      FBDD41A1 
ARM GAS  C:\Users\NICOLA~1\AppData\Local\Temp\ccD7eVy7.s 			page 25


 319      9A4D1BFD 
 319      34B67F
 320 0aca FBE26B57 		.ascii	"\373\342kWO\231\302\317O|\362]\300_}\003v\006\355\010"
 320      4F99C2CF 
 320      4F7CF25D 
 320      C05F7D03 
 320      7606ED08 
 321 0ade 8AD0EC0E 		.ascii	"\212\320\354\016\014\012\363\325\204\205\005G\370~\037"
 321      0C0AF3D5 
 321      84850547 
 321      F87E1F
 322 0aed BADB957E 		.ascii	"\272\333\225~s\365\017\017qU\207\354P\007\006\252\003"
 322      73F50F0F 
 322      715587EC 
 322      500706AA 
 322      03
 323 0afe 7D3F58F7 		.ascii	"}?X\367\027\327\215\3537|\370\257M\276\360|mhX\250z"
 323      17D78DEB 
 323      377CF8AF 
 323      4DBEF07C 
 323      6D6858A8 
 324 0b13 ADDA7F47 		.ascii	"\255\332\177G\220oPh@\360\356@\265o\210?\330\012U\373"
 324      906F5068 
 324      40F0EE40 
 324      B56F883F 
 324      D80A55FB 
 325 0b27 FA05AABF 		.ascii	"\372\005\252\277\363\337\035\254\361\323\354\331\245"
 325      F3DF1DAC 
 325      F1D3ECD9 
 325      A5
 326 0b34 8E58B753 		.ascii	"\216X\267S\366\315\257\272L\304\236\010_\277\010M \370"
 326      F6CDAFBA 
 326      4CC49E08 
 326      5FBF084D 
 326      20F8
 327 0b46 00B69785 		.ascii	"\000\266\227\205\376;(`K\250\377\216`\365vu\200&,|\323"
 327      FE3B2860 
 327      4BA8FF8E 
 327      60F57675 
 327      80262C7C 
 328 0b5b BA75EEF0 		.ascii	"\272u\356\360G\327\013\213\330\360\347\015\356a\021"
 328      47D70B8B 
 328      D8F0E70D 
 328      EE6111
 329 0b6a EE3BFD83 		.ascii	"\356;\375\203\335w\205\205k\"\334\003\302BB\302B\335"
 329      DD778585 
 329      6B22DC03 
 329      C24242C2 
 329      42DD
 330 0b7c 3D54DB3C 		.ascii	"=T\333<\267\375\340N&\257\013\220\375\206|n\016\212"
 330      B7FDE04E 
 330      26AF0B90 
 330      FD867C6E 
 330      0E8A
 331 0b8e 305B799B 		.ascii	"0[y\233<\361Qk|\366Dh\324![\375C\003\203\325\341\336"
 331      3CF1516B 
 331      7CF64468 
ARM GAS  C:\Users\NICOLA~1\AppData\Local\Temp\ccD7eVy7.s 			page 26


 331      D4215BFD 
 331      430383D5 
 332 0ba4 E14161E1 		.ascii	"\341Aa\341A\232=tM\317`\265\177\270\267:\024x|oG\002"
 332      419A3D74 
 332      4DCF60B5 
 332      7FB8B73A 
 332      14787C6F 
 333 0bba FAB19FC6 		.ascii	"\372\261\237\306\201\205\226|\373b\273\227\247\337W"
 333      8185967C 
 333      FB62BB97 
 333      A7DF57
 334 0bc9 1000B997 		.ascii	"\020\000\271\227\317\026\225\203j\013\334\267o\331\274"
 334      CF169583 
 334      6A0BDCB7 
 334      6FD9BC
 335 0bd8 5EEEE5B9 		.ascii	"^\356\345\271Ee\257b\332\006\030\3646\017n\204A\013"
 335      4565AF62 
 335      DA0618F4 
 335      360F6E84 
 335      410B
 336 0bea 7593DCCB 		.ascii	"u\223\334\313\3433\263\372\001\347\345mR>\224\373|\345"
 336      E333B3FA 
 336      01E7E56D 
 336      523E94FB 
 336      7CE5
 337 0bfc A5DA60CD 		.ascii	"\245\332`\315W\365\017\032w\317m>^>\356B\304\300\347"
 337      57F50F1A 
 337      77CF6D3E 
 337      5E3EEE42 
 337      C4C0E7
 338 0c0f 70B55F40 		.ascii	"p\265_@\310\007\020.{\037\317\317(-\033O\357\257\275"
 338      C807102E 
 338      7B1FCFCF 
 338      282D1B4F 
 338      EFAFBD
 339 0c22 36C3823E 		.ascii	"6\303\202>*\371\366\257\276T\331xx\251<U\330\007\304"
 339      2AF9F6AF 
 339      BE54D978 
 339      78A93C55 
 339      D807C4
 340 0c35 937C6EF5 		.ascii	"\223|n\365\266\361\331J\006=?\207\333Vr\333\0147\233"
 340      B6F1D94A 
 340      063D3F87 
 340      DB5672DB 
 340      0C379B
 341 0c48 6DDB3EF7 		.ascii	"m\333>\367P\311?#7\017\320\261\367\347*\274\031\304"
 341      50C93F23 
 341      370FD0B1 
 341      F7E72ABC 
 341      19C4
 342 0c5a 63B34A0E 		.ascii	"c\263J\016c*\360\310C\005\306=<U\362\200\235\376\341"
 342      632AF0C8 
 342      4305C63D 
 342      3C55F280 
 342      9DFEE1
 343 0c6d F67E7EDF 		.ascii	"\366~~\337\355\016\015\360\363s\022\277\254\373h\303"
 343      ED0E0DF0 
ARM GAS  C:\Users\NICOLA~1\AppData\Local\Temp\ccD7eVy7.s 			page 27


 343      F37312BF 
 343      ACFB68C3 
 344 0c7d C68FFE0B 		.ascii	"\306\217\376\013\353\020\236\212"
 344      EB109E8A 
 345              		.text
 346              		.section	.gnu.lto_.symtab.cfe47148,"",%progbits
 347 0000 6E766963 		.ascii	"nvicEnableVector\000\000\000\000\000\000\000\000\000"
 347      456E6162 
 347      6C655665 
 347      63746F72 
 347      00000000 
 348 0019 000000B6 		.ascii	"\000\000\000\266\000\000\000nvicDisableVector\000\000"
 348      0000006E 
 348      76696344 
 348      69736162 
 348      6C655665 
 349 0033 00000000 		.ascii	"\000\000\000\000\000\000\000\000\000\000\272\000\000"
 349      00000000 
 349      0000BA00 
 349      00
 350 0040 006E7669 		.ascii	"\000nvicSetSystemHandlerPriority\000\000\000\000\000"
 350      63536574 
 350      53797374 
 350      656D4861 
 350      6E646C65 
 351 0062 00000000 		.ascii	"\000\000\000\000\000\000\000\274\000\000\000nvicCle"
 351      000000BC 
 351      0000006E 
 351      76696343 
 351      6C65
 352 0074 61725065 		.ascii	"arPending\000\000\000\000\000\000\000\000\000\000\000"
 352      6E64696E 
 352      67000000 
 352      00000000 
 352      00000000 
 353 0088 00BE0000 		.ascii	"\000\276\000\000\000"
 353      00
 354              		.text
 355              		.section	.gnu.lto_.opts,"",%progbits
 356 0000 272D666E 		.ascii	"'-fno-trapv' '-mcpu=cortex-m4' '-mno-thumb-interwor"
 356      6F2D7472 
 356      61707627 
 356      20272D6D 
 356      6370753D 
 357 0033 6B272027 		.ascii	"k' '-mthumb' '-ggdb' '-O2' '-fomit-frame-pointer' '"
 357      2D6D7468 
 357      756D6227 
 357      20272D67 
 357      67646227 
 358 0066 2D66616C 		.ascii	"-falign-functions=16' '-ffunction-sections' '-fdata"
 358      69676E2D 
 358      66756E63 
 358      74696F6E 
 358      733D3136 
 359 0099 2D736563 		.ascii	"-sections' '-fno-common' '-flto'\000"
 359      74696F6E 
 359      73272027 
ARM GAS  C:\Users\NICOLA~1\AppData\Local\Temp\ccD7eVy7.s 			page 28


 359      2D666E6F 
 359      2D636F6D 
 360              		.text
 361              		.comm	__gnu_lto_v1,1,1
 362              		.comm	__gnu_lto_slim,1,1
 363              		.ident	"GCC: (GNU Tools for ARM Embedded Processors) 4.9.3 20150529 (release) [ARM/embedded-4_9-br
ARM GAS  C:\Users\NICOLA~1\AppData\Local\Temp\ccD7eVy7.s 			page 29


DEFINED SYMBOLS
                            *ABS*:00000000 nvic.c
                            *COM*:00000001 __gnu_lto_v1
                            *COM*:00000001 __gnu_lto_slim

NO UNDEFINED SYMBOLS
