ARM GAS  C:\Users\NICOLA~1\AppData\Local\Temp\ccvl3HTJ.s 			page 1


   1              		.syntax unified
   2              		.cpu cortex-m4
   3              		.fpu softvfp
   4              		.eabi_attribute 20, 1
   5              		.eabi_attribute 21, 1
   6              		.eabi_attribute 23, 3
   7              		.eabi_attribute 24, 1
   8              		.eabi_attribute 25, 1
   9              		.eabi_attribute 26, 1
  10              		.eabi_attribute 30, 2
  11              		.eabi_attribute 34, 1
  12              		.eabi_attribute 18, 4
  13              		.thumb
  14              		.file	"pal.c"
  15              		.text
  16              	.Ltext0:
  17              		.section	.gnu.lto_.profile.cfe46146,"",%progbits
  18 0000 789C6366 		.ascii	"x\234cf```a\200\000F\006\015\031\000\000\340\000M"
  18      60606061 
  18      80004606 
  18      0D190000 
  18      E0004D
  19              		.text
  20              		.section	.gnu.lto_.jmpfuncs.cfe46146,"",%progbits
  21 0000 789C6366 		.ascii	"x\234cf\300\016\344\24143\003##c=#\023##s}=\023\230"
  21      C00EE4A1 
  21      34330323 
  21      23633D23 
  21      13232373 
  22 0018 6264064B 		.ascii	"bd\006K\2243\002I\0000\362\002\265"
  22      94330249 
  22      0030F202 
  22      B5
  23              		.text
  24              		.section	.gnu.lto_.inline.cfe46146,"",%progbits
  25 0000 789C6366 		.ascii	"x\234cf\300\016\336Bif\006\006N\016Ff\006F\020\013H"
  25      C00EDE42 
  25      69660606 
  25      4E0E4666 
  25      0646100B 
  26 0015 38800805 		.ascii	"8\200\010\005\016\266\017z\014l\013\344\231\030\030"
  26      0EB60F7A 
  26      0C6C0BE4 
  26      991818
  27 0024 5FB0B340 		.ascii	"_\260\263@H\020\301\001fr\200\010\0010S\000d\006#\003"
  27      4810C101 
  27      66728008 
  27      01305300 
  27      64062303 
  28 0038 1F2F230B 		.ascii	"\037/#\013\330\010FF0\237Y\001l\0267\323\005~\014c\200"
  28      D8084646 
  28      309F5901 
  28      6C1637D3 
  28      057E0C63 
  29 004d 622806B0 		.ascii	"b(\006\260,\220\227\000\261\024\230\030\230w\210+0\000"
  29      2C909700 
  29      B1149818 
ARM GAS  C:\Users\NICOLA~1\AppData\Local\Temp\ccvl3HTJ.s 			page 2


  29      9877882B 
  29      3000
  30 005f ADB60099 		.ascii	"\255\266\000\231\312\304\300-\214\3440\210\211\234@"
  30      CAC4C02D 
  30      8CE43088 
  30      899C40
  31 006e 09E2DC05 		.ascii	"\011\342\334\005\264F\002d\014\013/\320\223\023\374"
  31      B4460264 
  31      0C0B2FD0 
  31      9313FC
  32 007d 40900100 		.ascii	"@\220\001\000\311\250\037}"
  32      C9A81F7D 
  33              		.text
  34              		.section	.gnu.lto_.pureconst.cfe46146,"",%progbits
  35 0000 789C6366 		.ascii	"x\234cf```g\200\000f\006)F)&I\000\001\273\000^"
  35      60606067 
  35      80006606 
  35      29462926 
  35      490001BB 
  36              		.text
  37              		.section	.gnu.lto_palReadBus.cfe46146,"",%progbits
  38 0000 789C8D90 		.ascii	"x\234\215\220\313K\033Q\024\306\317w\357d\036Fiq)]\210"
  38      CB4B1B51 
  38      14C6CF77 
  38      EF641E46 
  38      6971295D 
  39 0015 10144A32 		.ascii	"\020\024J2\270q\335\177%f\243 X\032\004w\2161\270\351"
  39      B871DD7F 
  39      2566A320 
  39      581A0477 
  39      8E31B8E9 
  40 0029 46D485A5 		.ascii	"F\324\205\245\212\025\321\372\326\370\010\324\225\270"
  40      8A15D1FA 
  40      D6F808D4 
  40      95B8
  41 0037 10173E10 		.ascii	"\020\027>\020\301\020\027qa\004\005\005\323\012\232"
  41      C1101771 
  41      61040505 
  41      D30A9A
  42 0046 85E83933 		.ascii	"\205\35093\012\241n\034f\316\235s\3579\277\357;W\323"
  42      0AA16E1C 
  42      66CE9D73 
  42      EF39BFEF 
  42      3B57D3
  43 0059 DBA78EBF 		.ascii	"\333\247\216\277\270\"j\342\025\232\240\006\016\210"
  43      B8226AE2 
  43      159AA006 
  43      0E88
  44 0067 7A6D05C8 		.ascii	"zm\005\310\017\201z\024zp\245J\012\177\226\356\366\303"
  44      0F817A14 
  44      7A70A54A 
  44      0A7F96EE 
  44      F6C3
  45 0079 97AAACA8 		.ascii	"\227\252\254\250\2368\335\034\334\0351%\205!i\356d$"
  45      9E38DD1C 
  45      DC1D3125 
  45      852169EE 
ARM GAS  C:\Users\NICOLA~1\AppData\Local\Temp\ccvl3HTJ.s 			page 3


  45      6424
  46 008b E7344E79 		.ascii	"\3474Ny^\352v0\323\375c\370\027\237(\372\247\010\277"
  46      5EEA7630 
  46      D3FD63F8 
  46      179F28FA 
  46      A708BF
  47 009e 51871988 		.ascii	"Q\207\031\210\020f\321\310\245\267\275\371\242\245#"
  47      1066D1C8 
  47      A5B7BDF9 
  47      A2A523
  48 00ad 90B6937C 		.ascii	"\220\266\223|\376\330\214Lr\333\326\356\252\367\305"
  48      FED88C4C 
  48      72DBD6EE 
  48      AAF7C5
  49 00bc 282B8D39 		.ascii	"(+\2159\350\312>\336\"\314#\"\345\245\364c.l\246=\317"
  49      E8CA3EDE 
  49      22CC2322 
  49      E5A5F463 
  49      2E6CA63D 
  50 00d1 FBF8C8AE 		.ascii	"\373\370\310\256\271\214\251\0130\301\353r\355\226\367"
  50      B98CA90B 
  50      30C1EB72 
  50      ED96F7
  51 00e0 F4743E7D 		.ascii	"\364t>}\2351\252\330?wh\3565\014\016\241\020\007\323"
  51      9D31AAD8 
  51      3F7768EE 
  51      350C0EA1 
  51      1007D3
  52 00f3 E4605992 		.ascii	"\344`Y\222\332\022\034\022\207T\344Of\275\340\204W}"
  52      DA121C12 
  52      8754E44F 
  52      66BDE084 
  52      577D
  53 0105 8A54B6B4 		.ascii	"\212T\266\2643\241\005{\2574\213\236\025\017\217l\231"
  53      33A1057B 
  53      AF348B9E 
  53      150F8F6C 
  53      99
  54 0116 549378D8 		.ascii	"T\223x\330x\030\277\251\031\303O\224\225}\257\024\026"
  54      7818BFA9 
  54      19C34F94 
  54      957DAF14 
  54      16
  55 0127 6536DE1F 		.ascii	"e6\336\037\275\033\312\177\210~.+\007K\030\303_\361"
  55      BD1BCA7F 
  55      887E2E2B 
  55      074B18C3 
  55      5FF1
  56 0139 46584694 		.ascii	"FXF\224N\261\235E\3003*y\316\377\274*\026\304\312\013"
  56      4EB19D45 
  56      C0332A79 
  56      CEFFBC2A 
  56      16C4CA0B 
  57 014d AFB8F73D 		.ascii	"\257\270\367=kG\347\2754\037\204\221\361\2212'V}d\352"
  57      6B47E7BD 
  57      341F8491 
  57      F1913227 
ARM GAS  C:\Users\NICOLA~1\AppData\Local\Temp\ccvl3HTJ.s 			page 4


  57      567D64EA 
  58 0161 15197A8F 		.ascii	"\025\031z\217\247j\254\371\000\377\302\326\003@\301"
  58      A76AACF9 
  58      00FFC2D6 
  58      0340C1
  59 0170 0A00C2E0 		.ascii	"\012\000\302\340\274\257`\006\271\3056y\267R\303~\217"
  59      BCAF6006 
  59      B9C53679 
  59      B752C37E 
  59      8F
  60 0181 0697F81A 		.ascii	"\006\227\370\032Z4\262\276F\337C\377\247\200\340\370"
  60      5A34B2BE 
  60      46DF43FF 
  60      A780E0F8 
  61 0191 5C9B0A78 		.ascii	"\\\233\012xA\362\360|\367\220;gS\015\261\230\313o\242"
  61      41F2F07C 
  61      F7903B67 
  61      530DB198 
  61      CB6FA2
  62 01a4 ADBDB5BD 		.ascii	"\255\275\265\2753\331\334\322\354v&\335\266x\207\233"
  62      33D9DCD2 
  62      EC7626DD 
  62      B678879B 
  63 01b4 FC9670BF 		.ascii	"\374\226p\277\306;b\011\322\255]\311g\207W\326\222"
  63      C63B6209 
  63      D2AD5DC9 
  63      678757D6 
  63      92
  64              		.text
  65              		.section	.gnu.lto_palWriteBus.cfe46146,"",%progbits
  66 0000 789C8D52 		.ascii	"x\234\215R\317k\023Q\020~\337\333\315\356&\233M\252"
  66      CF6B1351 
  66      107EDFDB 
  66      CDEE269B 
  66      4DAA
  67 0012 A7929308 		.ascii	"\247\222\223\010\241\210lB.\236\305C\377\217&\227\006"
  67      A1886C42 
  67      2E9EC543 
  67      FF8F2697 
  67      06
  68 0023 0A15A3E7 		.ascii	"\012\025\243\347nj=y)\361RR\213\240\210\326hkk\233\230"
  68      6E6A3D79 
  68      29F15252 
  68      8BA088D6 
  68      686B6B9B 
  69 0038 E2217812 		.ascii	"\342!x\022\374Q\252\240D\245\005\215\240\007\241?\002"
  69      FC51AAA0 
  69      44A5058D 
  69      A007A13F 
  69      02
  70 0049 49C41267 		.ascii	"I\304\022g\336n!\324KC2\357\315\274\371\276\231o&\232"
  70      DE6E21D4 
  70      4B4332EF 
  70      CDBCF9BE 
  70      996F269A 
  71 005d F8FF93A0 		.ascii	"\370\377\223\240\337\250&\204K'4\0019\373N\210\242%"
  71      DFA82684 
ARM GAS  C:\Users\NICOLA~1\AppData\Local\Temp\ccvl3HTJ.s 			page 5


  71      4B273401 
  71      39FB4E88 
  71      A225
  72 006f 01BE0888 		.ascii	"\001\276\010\210)\211)\374\222{\022\263\215\312\234"
  72      298929FC 
  72      927B12B3 
  72      8DCA9C
  73 007e 3D72DFF3 		.ascii	"=r\337\363\274\335\273\265\341\033\303=)\304\201\364"
  73      BCDDBBB5 
  73      E11BC33D 
  73      29C481F4 
  74 008e 69F00023 		.ascii	"i\360\000#\224\262[l\266L-\011A\367\372R\373\255\375"
  74      94B25B6C 
  74      B64C2D09 
  74      41F7FA52 
  74      FBADFD
  75 00a1 53F624CE 		.ascii	"S\366$\316\260\273Qz5g\260+uv?6\233\037\214\344=\317"
  75      B0BB517A 
  75      3567B02B 
  75      75763F36 
  75      9B1F8CE4 
  76 00b7 9B6ED457 		.ascii	"\233n\324W\275\213zOjx\010\215\370\260\210\004\036!"
  76      BD8B7A4F 
  76      6A78088D 
  76      F8B08804 
  76      1E21
  77 00c9 21282450 		.ascii	"!($PA\222\262\227\253[eG;\247x_\314\227/\371\300/>P"
  77      4192B297 
  77      AB5B6547 
  77      3BA7785F 
  77      CC972FF9 
  78 00e1 C7E3E340 		.ascii	"\307\343\343@]\340\011\222\234\2757s\370\3116f\250\351"
  78      5DE00992 
  78      9CBD3773 
  78      F8C93666 
  78      A8E9
  79 00f3 A1C3A37E 		.ascii	"\241\303\243~\261\004\003t.\237nx\375\376\367\265\277"
  79      B1040374 
  79      2E9F6E78 
  79      FDFEF7B5 
  79      BF
  80 0104 35FD1409 		.ascii	"5\375\024\011\246R\032aC:\030\034\242\253a\2601\331"
  80      A6521A61 
  80      433A181C 
  80      A2AB61B0 
  80      31D9
  81 0116 5864CC30 		.ascii	"Xd\3140\233\010\031\313\346X\224\215\303n\214oq6B\264"
  81      9B0819CB 
  81      E658948D 
  81      C36E8C6F 
  81      713642B4 
  82 012a A804CFEE 		.ascii	"\250\004\317\356\207\224|j\2371]]\331\311p\321\216\324"
  82      87947C6A 
  82      9F315D5D 
  82      D9C970D1 
  82      8ED4
  83 013c A8A59DD6 		.ascii	"\250\245\235\326\346\226\305\223\240\261\223\273\336"
ARM GAS  C:\Users\NICOLA~1\AppData\Local\Temp\ccvl3HTJ.s 			page 6


  83      E696C593 
  83      A0B193BB 
  83      DE
  84 0149 BDF3DB59 		.ascii	"\275\363\333Y\300<z2\334\221\244\225\024p\374v\373V"
  84      C03C7A32 
  84      DC91A495 
  84      1470FC76 
  84      FB56
  85 015b 33EE9EEF 		.ascii	"3\356\236\357\311\010\236b\001\373j\322X\201+\210\361"
  85      C9089E62 
  85      01FB6AD2 
  85      58812B88 
  85      F1
  86 016c 8FE1F385 		.ascii	"\217\341\363\205:\244\225+\300\367\215\223\020\352X"
  86      3AA4952B 
  86      C0F78D93 
  86      10EA58
  87 017b 55843C03 		.ascii	"U\204<\003<S\204\327\273\001\241\2518\215AN\353$\234"
  87      3C5384D7 
  87      BB01A1A9 
  87      388D414E 
  87      EB249C
  88 018e 36D614A7 		.ascii	"6\326\024\247\232\357\272\317Y\0128\303>\307\353o\335"
  88      9AEFBACF 
  88      590A38C3 
  88      3EC7EB6F 
  88      DD
  89 019f 8328EB36 		.ascii	"\203(\3536\207\004\252D@5\266M?%BY\014\371\032@l\325"
  89      8704AA44 
  89      4035B64D 
  89      3F254259 
  89      0CF91A40 
  90 01b5 4964B0B3 		.ascii	"Id\260\263(I\015:;B9D<\210\212\251,\207C\355 \024W\\"
  90      28490D3A 
  90      3B423944 
  90      3C888AA9 
  90      2C8743ED 
  91 01cd 310ABD2C 		.ascii	"1\012\275,)=\203\013\210\034_\000\2415\324\002m\255"
  91      293D830B 
  91      881C5F00 
  91      A135D402 
  91      6DAD
  92 01df 3737AB96 		.ascii	"77\253\226[\361f\350\301\301s%\217V\306O\357\0277\313"
  92      5BF166E8 
  92      C1C17325 
  92      8F56C64F 
  92      EF1737CB 
  93 01f3 D1E02986 		.ascii	"\321\340)\206:\334}Z\003\011\337\200K%\3056\212\215"
  93      3ADC7D5A 
  93      0309DF80 
  93      4B25C536 
  93      8A8D
  94 0205 FE2857E3 		.ascii	"\376(W\343\235\265h\320\364G\240\311\234M\245\322\364"
  94      9DB568D0 
  94      F447A0C9 
  94      9C4DA5D2 
  94      F4
ARM GAS  C:\Users\NICOLA~1\AppData\Local\Temp\ccvl3HTJ.s 			page 7


  95 0216 CD8DE7B3 		.ascii	"\315\215\347\263\371\311B\346B&=YH\217\217M\244\013"
  95      F9C942E6 
  95      42263D59 
  95      488F8F4D 
  95      A40B
  96 0228 5772E9CB 		.ascii	"Wr\351\313c\023\251\234\320\262\327\012z6\177\265\360"
  96      6313A99C 
  96      D0B2D70A 
  96      7A367FB5 
  96      F0
  97 0239 0FAF5A1F 		.ascii	"\017\257Z\037\007"
  97      07
  98              		.text
  99              		.section	.gnu.lto_palSetBusMode.cfe46146,"",%progbits
 100 0000 789C8D90 		.ascii	"x\234\215\220\317k\023Q\020\307\347;o\263\273&F\213"
 100      CF6B1351 
 100      10C7E73B 
 100      6FB3BB26 
 100      468B
 101 0012 A7929308 		.ascii	"\247\222\223\010\241\210$K.\236\275\371/xm\243\320B"
 101      A188244B 
 101      2E9EBDF9 
 101      2F786DA3 
 101      D042
 102 0024 2562F058 		.ascii	"%b\360X\272\251\025<I\255\227B\177\035\212\264\266\232"
 102      BAA9153C 
 102      49AD9742 
 102      7F1D8AB4 
 102      B69A
 103 0036 68B50595 		.ascii	"h\265\005\225B\216^T\244\240\254\324z0\242\005\205\306"
 103      428E5E54 
 103      A4A0ACD4 
 103      7A30A205 
 103      85C6
 104 0048 16EB22A1 		.ascii	"\026\353\"\241\316\274\305\203\365\322\345\355\314\233"
 104      CEBCC583 
 104      F5D2E5ED 
 104      CC9B
 105 0056 61BE9F99 		.ascii	"a\276\237\2317\206\376\377r\362_`\242\202x\030\002\217"
 105      3786FEFF 
 105      72F25F60 
 105      A2827818 
 105      028F
 106 0068 BD22AAF9 		.ascii	"\275\"\252\371\014\350\205@\303\214alq\2331\326\\\232"
 106      0CE88540 
 106      C38C616C 
 106      719B31D6 
 106      5C9A
 107 007a C8F4DC0D 		.ascii	"\310\364\334\015\303p{|\255\373Fw,\262\035N0\230G\217"
 107      C3707B7C 
 107      ADFB4677 
 107      2CB21D4E 
 107      3098478F 
 108 008e 946CD7A2 		.ascii	"\224l\327\242\226g\362 \271?\255\357\276\314|\345\230"
 108      9667F220 
 108      B93FADEF 
 108      BECC7CE5 
ARM GAS  C:\Users\NICOLA~1\AppData\Local\Temp\ccvl3HTJ.s 			page 8


 108      98
 109 009f 7152C367 		.ascii	"qR\303g\343/&\\\015\331\321\360m\024\255\273\371\271"
 109      E32F265C 
 109      0DD9D1F0 
 109      6D14ADBB 
 109      F9B9
 110 00b1 301C693E 		.ascii	"0\034i>_\016\31791\033,\300\010\017\367\220\303\"r$"
 110      5F0ECF39 
 110      311B2CC0 
 110      080FF790 
 110      C3227224 
 111 00c5 29C212F2 		.ascii	")\302\022\362R\375%\336\232\317\232\323\226\333Y\274"
 111      52FD25DE 
 111      9ACF9AD3 
 111      96DB59BC 
 112 00d5 3D954E94 		.ascii	"=\225N\224Q\242tp\377\240\322!<@^\313\333\243\235w\031"
 112      51A27470 
 112      FFA0D221 
 112      3C405ECB 
 112      DBA39D77 
 113 00ea 7754A6EE 		.ascii	"wT\246\356\352\374\035\030u\270\020\3378\321\014\367"
 113      EAFC1D18 
 113      75B810DF 
 113      38D10CF7 
 114 00fa F73F35BE 		.ascii	"\367?5\276\2559iy\261\3642\242M9b\334\224\030\317\025"
 114      AD396979 
 114      B1F432A2 
 114      4D3962DC 
 114      9418CF15 
 115 010e E37B1AFA 		.ascii	"\343{\032\372\260@j\211^7\363\231Y\275y\217\221\325"
 115      B0406A89 
 115      5E37F399 
 115      59BD798F 
 115      91D5
 116 0120 F6CF9212 		.ascii	"\366\317\222\022\367\330H\277\217\255\327o|}\247!m\277"
 116      F7D848BF 
 116      8FADD76F 
 116      7C7DA721 
 116      6DBF
 117 0132 F26BF67B 		.ascii	"\362k\366{v\032\223\210\371\310\0363\0322\236\346\247"
 117      761A9388 
 117      F9C81E33 
 117      1A329EE6 
 117      A7
 118 0143 76EF44C7 		.ascii	"v\357D\307\013gbN\343!\246\361\303\356\021\217P %\""
 118      0B67624E 
 118      E321A6F1 
 118      C3EE118F 
 118      50202522 
 119 0157 E1398701 		.ascii	"\3419\207\001d\260l\001\372 <\376\027\220:\014\340("
 119      64B06C01 
 119      FA203CFE 
 119      17903A0C 
 119      E028
 120 0169 9E5880DD 		.ascii	"\236X\200\335\314J\002\330\364\022\2002$\276\276\341"
 120      CC4A02D8 
 120      F4128032 
ARM GAS  C:\Users\NICOLA~1\AppData\Local\Temp\ccvl3HTJ.s 			page 9


 120      24BEBEE1 
 121 0179 26B12743 		.ascii	"&\261'CI\2266`\023\312\231Y\277U\347\241\337\341\315"
 121      49963660 
 121      13CA9959 
 121      BF55E7A1 
 121      DFE1CD
 122 018c D08F39BB 		.ascii	"\320\2179\273\243s`\025C$\353\260\365\222=F\233\250"
 122      A3736015 
 122      4324EBB0 
 122      F5923D46 
 122      9BA8
 123 019e 353F9CB7 		.ascii	"5?\234\267\022\322%B\227'\015O\025\213\201\234r\377"
 123      12D22542 
 123      97270D4F 
 123      158B819C 
 123      72FF
 124 01b0 40DF40A5 		.ascii	"@\337@\245Z:[\012*\325\240\277w0\250^-\007Wz\007\213"
 124      5A3A5B0A 
 124      2AD5A0BF 
 124      7730A85E 
 124      2D07577A 
 125 01c6 65327DD7 		.ascii	"e2}\327\252\316\345\312\305K\177\0009\345\324\305"
 125      AACEE5CA 
 125      C54B7F00 
 125      39E5D4C5 
 126              		.text
 127              		.section	.gnu.lto_.symbol_nodes.cfe46146,"",%progbits
 128 0000 789C55C8 		.ascii	"x\234U\310\261\015\2000\020\004\301\375\373\304\315"
 128      B10D8030 
 128      1004C1FD 
 128      FBC4CD
 129 000f 51D3B904 		.ascii	"Q\323\271\004\033\211\024Q\014\261{\240\021\344\000"
 129      1B891451 
 129      0CB17BA0 
 129      11E400
 130 001e 02987012 		.ascii	"\002\230p\022Xx\251\311\320\006\330\354GA]\216_\254"
 130      5878A9C9 
 130      D006D8EC 
 130      47415D8E 
 130      5FAC
 131 0030 B2BE119B 		.ascii	"\262\276\021\233\234OPk!\225\234\327\035L:\223\025!"
 131      9C4F506B 
 131      21959CD7 
 131      1D4C3A93 
 131      1521
 132              		.text
 133              		.section	.gnu.lto_.refs.cfe46146,"",%progbits
 134 0000 789C6366 		.ascii	"x\234cf```d\200\002\000\000=\000\005"
 134      60606064 
 134      80020000 
 134      3D0005
 135              		.text
 136              		.section	.gnu.lto_.decls.cfe46146,"",%progbits
 137 0000 789CAD57 		.ascii	"x\234\255W{P\024G\032\237\236\336]\226e\027\0225\306"
 137      7B501447 
 137      1A9F9EDE 
 137      5D966517 
ARM GAS  C:\Users\NICOLA~1\AppData\Local\Temp\ccvl3HTJ.s 			page 10


 137      1235C6
 138 0013 A25225C1 		.ascii	"\242R%\301*\312\2733\"\232\313\035\367O<\243\027\274"
 138      2ACABB33 
 138      229ACB1D 
 138      F74F3CA3 
 138      17BC
 139 0025 D348ADC9 		.ascii	"\323H\255\311\345\256B\325\006aQ\352\200\345\330\345"
 139      E5AE42D5 
 139      066151EA 
 139      80E5D8E5 
 140 0035 EAF2DFF0 		.ascii	"\352\362\337\360PPQ\020\004\361\205\200\274E\345\341"
 140      50505110 
 140      04F18580 
 140      BC45E5E1 
 141 0045 5B1494C8 		.ascii	"[\024\224\310\303\007\020D\243\"\002rD\003>\360\201"
 141      C3071044 
 141      A3220272 
 141      44033EF0 
 141      81
 142 0056 222A7B5F 		.ascii	"\"*{_w\317\354,\233]/U\227\251\355\355\371z~\375}\277"
 142      77CFEC2C 
 142      9B5D2F55 
 142      97A9EDED 
 142      F97A7EFD 
 143 006c EFD13D3D 		.ascii	"\357\321==\230\343\2704\304qV\270\256\274\315q\267x"
 143      98E3B834 
 143      C47156B8 
 143      AEBCCD71 
 143      B778
 144 007e 8E53C058 		.ascii	"\216S\300X0'_Dv\007\214'\264\351\320\336C\334O.\362"
 144      30275F44 
 144      76078C27 
 144      B4E9D0DE 
 144      43DC4F2E 
 145 0093 5C07BD27 		.ascii	"\\\007\275'4-\264C\320\2240\366\004\372\367\241\005"
 145      342DB443 
 145      D09430F6 
 145      04FAF7A1 
 145      05
 146 00a4 41FB33D1 		.ascii	"A\3733\321\005c\243\320?\202v\022\332KQ\277\025\332"
 146      0563A3D0 
 146      3F827612 
 146      DA4B51BF 
 146      15DA
 147 00b6 205104CF 		.ascii	" Q\004\317\021\242\035\325I\372\3378\330#<\274D\216"
 147      11A21DD5 
 147      49FADF38 
 147      D8233CBC 
 147      448E
 148 00c8 923D628B 		.ascii	"\222=b\213\330te\357\245h\363\206hW)\332$\266\210\221"
 148      D87465EF 
 148      A568F386 
 148      685729DA 
 148      24B68891 
 149 00dc FBD05D65 		.ascii	"\373\320]e\267T?\351\3479\330\235\356\302\356\333o\360"
 149      B7543FE9 
 149      E739D89D 
ARM GAS  C:\Users\NICOLA~1\AppData\Local\Temp\ccvl3HTJ.s 			page 11


 149      EEC2EEDB 
 149      6FF0
 150 00ee F390683B 		.ascii	"\363\220h;\000doh\330\301.\317\3111%C\201\0166\037\361"
 150      00646F68 
 150      D8C12ECF 
 150      C9312543 
 150      810E361F 
 151 0103 E8F881A7 		.ascii	"\350\370\201\247\227<\356\362\310S\343C\304\023\231"
 151      973CEEF2 
 151      C853E343 
 151      C41399
 152 0112 2DB92A10 		.ascii	"-\271*\020\265\032\005\0213;/\326z`\036\221\373\275"
 152      B51A0511 
 152      333B2FD6 
 152      7A601E91 
 152      FBBD
 153 0124 B9FD5D9A 		.ascii	"\271\375]\2329\025\202 \244\012\015cHVQ\177z\254I\203"
 153      39158220 
 153      A40A0D63 
 153      4856517F 
 153      7AAC4983 
 154 0138 A753505A 		.ascii	"\247SPZj_\253\006\317\244\367\011%'\323\334@\327\373"
 154      6A5FAB06 
 154      CFA4F709 
 154      2527D3DC 
 154      40D7FB
 155 014b 1A0AEBDD 		.ascii	"\032\012\353\335\371\242\310\235\212\244\034\274`\210"
 155      F9A2C89D 
 155      8AA41CBC 
 155      6088
 156 0159 6FF941D8 		.ascii	"o\371A\330\353\211\3744E\240t\344Ff\323{\202\240@UH"
 156      EB89FC34 
 156      45A074E4 
 156      4666D37B 
 156      82A04055 
 157 016e 832A1146 		.ascii	"\203*\021F\025h\016\361\202\314&W\252 $\012\031I\202"
 157      15680EF1 
 157      82CC2657 
 157      AA20240A 
 157      194982
 158 0181 7B8B2787 		.ascii	"{\213'\207J\2217*C\336\034:\210\374\000A\261h?\014\036"
 158      4A91372A 
 158      43DE1C3A 
 158      88FC0041 
 158      B1683F0C 
 159 0196 8041507C 		.ascii	"\200AP|\356\325\351d%\322\3709\237T\343d\022\245P\276"
 159      EED5E964 
 159      25D2F839 
 159      9F54E364 
 159      12A550BE 
 160 01aa 36733AA1 		.ascii	"6s:\241P\015\024\366\311\024\200\221\344,\177\340X\357"
 160      500D14F6 
 160      C9148091 
 160      E42C7FE0 
 160      58EF
 161 01bc 43B544B9 		.ascii	"C\265D\271\347N\275>QX\210\016\001\276\\\306W\2437r"
 161      E74EBD3E 
ARM GAS  C:\Users\NICOLA~1\AppData\Local\Temp\ccvl3HTJ.s 			page 12


 161      5158880E 
 161      01BE5CC6 
 161      57A33772 
 162 01d0 AE75CA19 		.ascii	"\256u\312\031U\325\357[\357N3\3615\021\237\257\035Y"
 162      55D5EF5B 
 162      EF4E33F1 
 162      35119FAF 
 162      1D59
 163 01e2 AFA199D0 		.ascii	"\257\241\231\320\022\361\352\315\352^%.e\251hl)\350"
 163      12F1EACD 
 163      EA5E252E 
 163      65A9686C 
 163      29E8
 164 01f4 5652681F 		.ascii	"VRh\037O\344\033\355\325\375\236\024;\207\2109\025w"
 164      4FE41BED 
 164      D5FD9E14 
 164      3B878839 
 164      1577
 165 0206 C3F17E06 		.ascii	"\303\361~\006\275\177\266\350\337\032\340\221\364\363"
 165      BD7FB6E8 
 165      DF1AE091 
 165      F4F3
 166 0214 C2003326 		.ascii	"\302\0003&\272\327%k\361\0116}S\355\216\035j\334\300"
 166      BAD7256B 
 166      F109367D 
 166      53ED8E1D 
 166      6ADCC0
 167 0227 84B18CE2 		.ascii	"\204\261\214\342b\005nfBQvN\245\222\332T\023\361dA\371"
 167      62056E66 
 167      4251764E 
 167      A592DA54 
 167      13F16441 
 168 023c 43356E67 		.ascii	"C5ng\317\352[\023.i\360\025&\\\270=\366DK\201o\021\261"
 168      CFEA5B13 
 168      2E69F015 
 168      265CB83D 
 168      F6444B81 
 169 0253 3BB3A0D4 		.ascii	";\263\240\324\023_g\317\332&2\036\273\341\236\311@O"
 169      135F67CF 
 169      DA26321E 
 169      BBE19EC9 
 169      404F
 170 0265 06DCF1FD 		.ascii	"\006\334\361\375\340SL\347Q\037\263\317\357LW\342^\006"
 170      E0534CE7 
 170      511FB3CF 
 170      EF4C57E2 
 170      5E06
 171 0277 CDE8CFBC 		.ascii	"\315\350\317\274\254 \017\355\353\314\207\325\331\266"
 171      AC200FED 
 171      EBCC87D5 
 171      D9B6
 172 0285 E1B1436A 		.ascii	"\341\261Cj*Z\255\230\244\254\260\247\243\337\335VeG"
 172      2A5AAD98 
 172      A4ACB0A7 
 172      A3DFDD56 
 172      6547
 173 0297 061149F1 		.ascii	"\006\021I\361EHY\213\2342\037\373\214A\260\224e\020"
ARM GAS  C:\Users\NICOLA~1\AppData\Local\Temp\ccvl3HTJ.s 			page 13


 173      4548598B 
 173      9C321FFB 
 173      8C41B094 
 173      6510
 174 02a9 A9731094 		.ascii	"\251s\020\224&\022\251\013\020)\0371R\2550x\236UY\355"
 174      2612A90B 
 174      10291F31 
 174      52AD3078 
 174      9E5559ED 
 175 02bd ED071B35 		.ascii	"\355\007\0335\222\342\362s\233i\355\264\201\342fY\361"
 175      92E2F273 
 175      9B69EDB4 
 175      81E26659 
 175      F1
 176 02ce 45F446CD 		.ascii	"E\364F\315\227\234jFG\037\246\337F\370\011\363o\343"
 176      979C6A46 
 176      471FA6DF 
 176      46F809F3 
 176      6FE3
 177 02e0 D6A7AD3C 		.ascii	"\326\247\255<~N\005\305\206\372\272i\310w\252\257_>"
 177      7E4E05C5 
 177      86FABA69 
 177      C877AAAF 
 177      5F3E
 178 02f2 E81BE949 		.ascii	"\350\033\351Iy\2664)I\330:\203\232m\007\263\235h\252"
 178      79B63429 
 178      49D83A83 
 178      9A6D07B3 
 178      9D68AA
 179 0305 AC7DB637 		.ascii	"\254}\26670\3705\374q[\200\242\220\221/,\214\223\013"
 179      30F835FC 
 179      715B80A2 
 179      90912F2C 
 179      8C930B
 180 0318 80A36030 		.ascii	"\200\243`0\215\272\200\305w\310\027]F\276\224+\321\235"
 180      8DBA80C5 
 180      77C8175D 
 180      46BE942B 
 180      D19D
 181 032a 7F3D4555 		.ascii	"\177=EU6\217\352\355p\252\367\034QA\327M_{)R\023\004"
 181      368FEAED 
 181      70AAF71C 
 181      5141D74D 
 181      5F7B2952 
 182 0340 277A2DEF 		.ascii	"'z-\357\015\347\207\232\356\253\360k\306=m\364h\267"
 182      0DE7879A 
 182      EEABF06B 
 182      C63D6DF4 
 182      68B7
 183 0352 16F9FA4E 		.ascii	"\026\371\372N\243\344\373\332J\333\264B\313<\272\332"
 183      A3E4FBDA 
 183      4ADBB442 
 183      CB3CBADA 
 184 0362 BE0513D7 		.ascii	"\276\005\023\327\3204\2718e\352\371\304\302\215;\312"
 184      D034B938 
 184      65EAF9C4 
 184      C28D3BCA 
ARM GAS  C:\Users\NICOLA~1\AppData\Local\Temp\ccvl3HTJ.s 			page 14


 185 0372 8644C6E2 		.ascii	"\206D\306\342\212kh&\3652IXh\261\367\222\200\211\227"
 185      8A6B6826 
 185      F5324958 
 185      68B1F792 
 185      808997
 186 0385 D7C1CBAB 		.ascii	"\327\301\313\253\340\345\367\242\227\224\372\245\024"
 186      E0E5F7A2 
 186      9794FAA5 
 186      14
 187 0392 370111C8 		.ascii	"7\001\021\310O\271\027\246?\334\3505\015t&\270\324\311"
 187      4FB917A6 
 187      3FDCE835 
 187      0D7426B8 
 187      D4C9
 188 03a4 4D520873 		.ascii	"MR\010s\262\256\025Nh\260\225%n\373\363\213M^\264\202"
 188      B2AE154E 
 188      68B09525 
 188      6EFBF38B 
 188      4D5EB482 
 189 03b8 6710B1FA 		.ascii	"g\020\261\372\333\323I\0368\031\323g\302D\313k\035^"
 189      DBD3491E 
 189      3819D367 
 189      C244CB6B 
 189      1D5E
 190 03ca CF046913 		.ascii	"\317\004i\023\326\262Mxw\317\345{:\274\231=\253=\235"
 190      D6B24D78 
 190      77CFE57B 
 190      3ABC993D 
 190      AB3D9D
 191 03dd 9AA5C159 		.ascii	"\232\245\301YL(\273\335\226\251\243\300\331 \352\012"
 191      4C28BBDD 
 191      96A9A3C0 
 191      D920EA0A 
 192 03ed 0B478754 		.ascii	"\013G\207Th\252\257|\371\261D\013\224\3561\240{\234"
 192      68AAAF7C 
 192      F9B1440B 
 192      94EE31A0 
 192      7B9C
 193 03ff D21D1013 		.ascii	"\322\035\020\023\375\020Bp\027\030?\200\366#\264\377"
 193      FD104270 
 193      17183F80 
 193      F623B4FF 
 194 040f 401B8476 		.ascii	"@\033\204v\007\332}h?@\033\2026\014\355\236\255\030"
 194      07DA7D68 
 194      3F401B82 
 194      360CED9E 
 194      AD18
 195 0421 9293FACE 		.ascii	"\222\223\372\316\213\271:\011\271j\200\004\020\205\266"
 195      8BB93A09 
 195      B96A8004 
 195      1085B6
 196 0430 04D4531B 		.ascii	"\004\324S\033\245\310[D\347_(U\211\3303\216\330\263"
 196      A5C85B44 
 196      E75F2855 
 196      89D8338E 
 196      D8B3
 197 0442 C82EB100 		.ascii	"\310.\261\000\275i\203\3668Bo:\252\275h\3036:Wk\207"
ARM GAS  C:\Users\NICOLA~1\AppData\Local\Temp\ccvl3HTJ.s 			page 15


 197      BD6983F6 
 197      38426F3A 
 197      AABD68C3 
 197      363A576B 
 198 0457 ADB761EB 		.ascii	"\255\267a\353\034\261\263'3h\265!O;wL\206\366\330\240"
 198      1CB1B327 
 198      3368B521 
 198      4F3B774C 
 198      86F6D8A0 
 199 046b B71CA1BD 		.ascii	"\267\034\241\275\016\320[6h\237s\250\035\327^\033\266"
 199      0ED05B36 
 199      689F73A8 
 199      1DD75E1B 
 199      B6
 200 047c DF117B7B 		.ascii	"\337\021{{\222\332\204\276\356Rc\003T\320\015(\277n"
 200      92DA84BE 
 200      EE526303 
 200      54D00D28 
 200      BF6E
 201 048e E7F1B251 		.ascii	"\347\361\262Q\350k\261\313\331)\247A(\225\227\360\251"
 201      E86BB1CB 
 201      D929A741 
 201      289597F0 
 201      A9
 202 049f 5215AC83 		.ascii	"R\025\254\203\001'k\230\317+y:\354\201\374\246R\334"
 202      01276B98 
 202      CF2B793A 
 202      EC81FCA6 
 202      52DC
 203 04b1 DDD56AF4 		.ascii	"\335\325j\364\010\024\235\220\26782\211^\316j\017\215"
 203      08149D90 
 203      B7383289 
 203      5ECE6A0F 
 203      8D
 204 04c2 40C9FD3F 		.ascii	"@\311\375?\345\007U\377\342\374\272\024\035\336\306"
 204      E50755FF 
 204      E2FCBA14 
 204      1DDEC6
 205 04d1 96C0A6BA 		.ascii	"\226\300\246\272=\217\335\265\033\3447+\245#\257\314"
 205      3D8FDDB5 
 205      1BE4372B 
 205      A523AFCC 
 206 04e1 27482B12 		.ascii	"'H+\022\003\352\267\326\016\247\301\016\255\245\324"
 206      03EAB7D6 
 206      0EA7C10E 
 206      ADA5D4
 207 04f0 CB377A82 		.ascii	"\3137z\202\213\243\360\374\261L\036\340\214\274+\215"
 207      8BA3F0FC 
 207      B14C1EE0 
 207      8CBC2B8D 
 208 0500 E82990B6 		.ascii	"\350)\220\266W\212^\246\265\327 \\\310\350\024\336\034"
 208      578A5EA6 
 208      B5D7205C 
 208      C8E814DE 
 208      1C
 209 0511 7C8E7139 		.ascii	"|\216q9\023\256\376X\271\317\003\037\300\223^KA\223"
 209      13AEFE58 
ARM GAS  C:\Users\NICOLA~1\AppData\Local\Temp\ccvl3HTJ.s 			page 16


 209      B9CF031F 
 209      C0935E4B 
 209      4193
 210 0523 8F3F41F2 		.ascii	"\217?A\362\361\247<o\327\033N)\257\300n\220\370jx\001"
 210      F1A73C6F 
 210      D71B4E29 
 210      AFC06E90 
 210      F86A7801 
 211 0537 83E3D229 		.ascii	"\203\343\322)\345\345\246\356\231\344M\363\022\362:"
 211      E5E5A6EE 
 211      99E44DF3 
 211      12F23A
 212 0546 267B1264 		.ascii	"&{\022d;\244\240\312;\26570\316T\020\036\312\375%cE"
 212      3BA4A0CA 
 212      3BB53730 
 212      CE54101E 
 212      CAFD2563 
 213 055b 886E1293 		.ascii	"\210n\022\2236\207\303\240\362\010\215\330\204\230\235"
 213      3687C3A0 
 213      F2088DD8 
 213      84989D
 214 056a 44DE0F59 		.ascii	"D\336\017Y!\362\011\274/\022x\371M0r\274z\314\353x\215"
 214      21F209BC 
 214      2F1278F9 
 214      4D3072BC 
 214      7ACCEB78 
 215 057f 400A8F44 		.ascii	"@\012\217D\357\031\330\234p\265\240\340\305\221[L\312"
 215      EF19D89C 
 215      70B5A0E0 
 215      C5915B4C 
 215      CA
 216 0590 99B07BED 		.ascii	"\231\260{\355\210\234\264\240\000\232F\241\344\370\364"
 216      889CB4A0 
 216      009A46A1 
 216      E4F8F4
 217 059f DCA952BB 		.ascii	"\334\251R\273\002\035\337K\012t\302Y\201V\224\275Z\347"
 217      021DDF4B 
 217      0A74C259 
 217      815694BD 
 217      5AE7
 218 05b1 2E15E876 		.ascii	".\025\350v\243\032%\363S\321Q92\023\316\012T\362\037"
 218      A31A25F3 
 218      53D15139 
 218      3213CE0A 
 218      54F21F
 219 05c4 2581DB6F 		.ascii	"%\201\333o\012\001\304\263\377\365P\233\307\244\232"
 219      0A01C4B3 
 219      FFF5509B 
 219      C7A49A
 220 05d3 2316E49A 		.ascii	"#\026\344\232[\313kE\344\305\236\255Yj\005\317\306\320"
 220      5BCB6B45 
 220      E4C59EAD 
 220      596A05CF 
 220      C6D0
 221 05e5 57F4109D 		.ascii	"W\364\020\235t2\375\224\356\335l\361\335\364\226\202"
 221      7432FD94 
 221      EEDD6CF1 
ARM GAS  C:\Users\NICOLA~1\AppData\Local\Temp\ccvl3HTJ.s 			page 17


 221      DDF49682 
 222 05f5 FA2B4F4E 		.ascii	"\372+ON\341\337\205\377u\274\202i\350z\262!\0207\320"
 222      E1DF85FF 
 222      75BC8269 
 222      E87AB221 
 222      1037D0
 223 0608 D4A1CB9D 		.ascii	"\324\241\313\2355\327\220O\236\220_5\262\263\266H\233"
 223      35D7904F 
 223      9E905F35 
 223      B2B3B648 
 223      9B
 224 0619 477220BC 		.ascii	"Gr \274\262Z\021\"\263P*/\271\310\221{\312\026\255\347"
 224      B25A1122 
 224      B3502A2F 
 224      B9C8917B 
 224      CA16ADE7 
 225 062d 7D606653 		.ascii	"}`fSw\326]\306\203\030c<\036\014\227\016\310\3346\360"
 225      77D65DC6 
 225      8318633C 
 225      1E0C970E 
 225      C8DC36F0 
 226 0641 7470F854 		.ascii	"tp\370Tz\236\326\236\\\360t;ni\224\333F\211[Qq]\227"
 226      7A9ED69E 
 226      5CF0743B 
 226      6E6994DB 
 226      46895B51 
 227 0658 0A3F60E4 		.ascii	"\012?`\344\022:3\266i(\271\276\023\215FF\014\323)h\223"
 227      123A33B6 
 227      6928B9BE 
 227      138D4646 
 227      0CD32968 
 228 066d 1DB14D12 		.ascii	"\035\261M\022\261\315\224X\325\331\263\357\340q\252"
 228      B1CD9458 
 228      D5D9B3EF 
 228      E071AA
 229 067c 815F57F0 		.ascii	"\201_W\360\252\\g;K\247\014\320\263\364\026^\203\322"
 229      AA5C673B 
 229      4BA70CD0 
 229      B3F4165E 
 229      83D2
 230 068e F99F7B96 		.ascii	"\371\237{\226\316\340\235\236a\273\272\306\0331u\225"
 230      CEE09D9E 
 230      61BBBAC6 
 230      1B317595 
 231 069e A863EE1F 		.ascii	"\250c\356\037\354\274\376Bks?\223\271\277=\261d\310"
 231      ECBCFE42 
 231      6B733F93 
 231      B9BF3DB1 
 231      64C8
 232 06b0 B5FB5BA9 		.ascii	"\265\373[\251\373Y\222\373[\032Z\313\275p\222\222\272"
 232      FB5992FB 
 232      5B1A5ACB 
 232      BD709292 
 232      BA
 233 06c1 9F7F73E4 		.ascii	"\237\177s\3443[j\274r\222\204\"\241\317j\235I'\241l"
 233      335B6ABC 
 233      72928422 
ARM GAS  C:\Users\NICOLA~1\AppData\Local\Temp\ccvl3HTJ.s 			page 18


 233      A1CF6A9D 
 233      4927A16C 
 234 06d5 BB00644B 		.ascii	"\273\000dK\001\310\241\001pF-=\375\301)7[\266\2661j"
 234      01C8A101 
 234      70462D3D 
 234      FDC12937 
 234      5BB6B631 
 235 06ea FDB736E6 		.ascii	"\375\2676\346)\351 Yt\271lp\374\310\356\016\215K\276"
 235      29E92059 
 235      74B96C70 
 235      FCC8EE0E 
 235      8D4BBE
 236 06fd 3B28DFED 		.ascii	";(\337\355\022\337\3663u\331^x\013\343[\3279\360T\013"
 236      12DFF633 
 236      75D95E78 
 236      0BE35BD7 
 236      39F0540B 
 237 0711 84FB48A8 		.ascii	"\204\373H\250k\265\2715\302Y\251\226`\032\332i\307x"
 237      6BB5B935 
 237      C259A996 
 237      601ADA69 
 237      C778
 238 0723 A7C47817 		.ascii	"\247\304x\027e\334\262o\367\327\270\224jQ\014\354\252"
 238      65DCB26F 
 238      F7D7B894 
 238      6A510CEC 
 238      AA
 239 0734 3AE285FC 		.ascii	":\342\205\374\274\275i\322R!_\005\340\305nq\002\273"
 239      BCBD69D2 
 239      52215F05 
 239      E0C56E71 
 239      02BB
 240 0746 72617CEC 		.ascii	"ra|\354c\362\000n\325\264\247\311\033\311\024\360\014"
 240      63F2006E 
 240      D5B4A7C9 
 240      1BC914F0 
 240      0C
 241 0757 0ECDF146 		.ascii	"\016\315\361F\277\202\314\345A\346\310#\016\345\363"
 241      BF82CCE5 
 241      41E6C823 
 241      0EE5F3
 242 0766 DE680F4F 		.ascii	"\336h\017O\363v;\353\321z\245FD\247\376/tj\335\326\022"
 242      F3763BEB 
 242      D17AA546 
 242      44A7FE2F 
 242      746ADDD6 
 243 077b F6C5F437 		.ascii	"\366\305\3647\"\336\311(;\310>4<\350\213b\374\321%\366"
 243      22DEC928 
 243      3BC83E34 
 243      3CE88B62 
 243      FCD125F6 
 244 078f 51A4A191 		.ascii	"Q\244\241\221{\321\234\240\"\252\005i\015k\355Wa\011"
 244      7BD19CA0 
 244      22AA0569 
 244      0D6BED57 
 244      6109
 245 07a1 553EDB1B 		.ascii	"U>\333\033\0253\335-\311\025\355\272)\031\342\206\341"
ARM GAS  C:\Users\NICOLA~1\AppData\Local\Temp\ccvl3HTJ.s 			page 19


 245      1533DD2D 
 245      C915EDBA 
 245      2919E286 
 245      E1
 246 07b2 83A89F7B 		.ascii	"\203\250\237{\301v\021O7&~\2124\211~3\335\263\266z\331"
 246      C176114F 
 246      37267E8A 
 246      34897E33 
 246      DDB3B67A 
 247 07c7 A30BDF84 		.ascii	"\243\013\337\204\036\314\314\036\301"
 247      1ECCCC1E 
 247      C1
 248 07d0 B892E5A5 		.ascii	"\270\222\345\245bt\375\230\026\037fB\363\316B\253rV"
 248      6274FD98 
 248      161F6642 
 248      F3CE42AB 
 248      7256
 249 07e2 81D0910F 		.ascii	"\201\320\221\017UU\251\315\022\022\323`\377\265~<\023"
 249      5555A9CD 
 249      1212D360 
 249      FFB57E3C 
 249      13
 250 07f3 95F15350 		.ascii	"\225\361SP9\344\010\226\267\235\342\012\022xT\202x\016"
 250      39E40896 
 250      B79DE20A 
 250      12785482 
 250      780E
 251 0805 EDE36791 		.ascii	"\355\343g\221\357\367Gy9:\327^VJ^\0261/\233\257$4\271"
 251      EFF74779 
 251      393AD75E 
 251      564A5E16 
 251      312F9BAF 
 252 081c 3B7A29BF 		.ascii	";z)\277\031\366S\336\225\022\357\222\316g{\224\216^"
 252      19F653DE 
 252      9512EF92 
 252      CE677B94 
 252      8E5E
 253 082e BA44F78C 		.ascii	"\272D\367\214\226\334\302\270\22196t\260\270\321\223"
 253      96DCC2B8 
 253      91393674 
 253      B0B8D193 
 254 083e 3A965FB7 		.ascii	":\226_\267WP\344\012\311d\261\240\003\242W\2607\330"
 254      5750E40A 
 254      C964B1A0 
 254      03A257B0 
 254      37D8
 255 0850 293A287B 		.ascii	"):({UE\275\032\036\255IQO\332\177I\311\312nU\263\375"
 255      5545BD1A 
 255      1EAD4951 
 255      4FDA7F49 
 255      C9CA6E55 
 256 0866 97F480DE 		.ascii	"\227\364\200\336\263\271\346\205\212\226E,=v\027t?g"
 256      B3B9E685 
 256      8A96452C 
 256      3D761774 
 256      3F67
 257 0878 DF919E44 		.ascii	"\337\221\236D\274W\223\337\244\246\242\216\210\035k"
ARM GAS  C:\Users\NICOLA~1\AppData\Local\Temp\ccvl3HTJ.s 			page 20


 257      BC5793DF 
 257      A4A6A28E 
 257      881D6B
 258 0887 27D4AEE3 		.ascii	"'\324\256\343uX\212\327!\026\257\342\312]c\036\216\361"
 258      75588AD7 
 258      2116AFE2 
 258      CA5D631E 
 258      8EF1
 259 0899 AA8174D4 		.ascii	"\252\201t\324\322t\034\241\0218,E \247\357u\232\312"
 259      D2741CA1 
 259      11382C45 
 259      20A7EF75 
 259      9ACA
 260 08ab 315E2ED1 		.ascii	"1^.\321\315\023g\372\335\360w,^\035I\235C\356,^\303"
 260      CD1367FA 
 260      DDF0772C 
 260      5E1D499D 
 260      43EE2C5E 
 261 08c0 76F13A2A 		.ascii	"v\361:*\306\013\266\022;E\307\344x\035\347gq\332HS\254"
 261      C60BB612 
 261      3B45C7E4 
 261      781DE767 
 261      71DA4853 
 262 08d5 29CE121D 		.ascii	")\316\022\035j\376\207\301\242\372\364\263/|>\341\324"
 262      6AFE87C1 
 262      A2FAF4B3 
 262      2F7C3EE1 
 262      D4
 263 08e6 F1913196 		.ascii	"\361\2211\226\005\363\015\026\215\301 \335F\204\375"
 263      05F30D16 
 263      8DC120DD 
 263      4684FD
 264 08f5 21246C4D 		.ascii	"!$lM\344\252H\263%><\322\024b1\231\242\314!\253c\342"
 264      E4AA48B3 
 264      253E3CD2 
 264      14623199 
 264      A2CC21AB 
 265 090b 7DE89D4F 		.ascii	"}\350\235Oh\\\264\2171z\2251<\334\030\036\362\341\334"
 265      685CB48F 
 265      317A9531 
 265      3CDC181E 
 265      F2E1DC
 266 091e 409FF9F3 		.ascii	"@\237\371\363\002~\373\317\005!0\376A\214)\306\370\201"
 266      027EFBCF 
 266      052130FE 
 266      418C29C6 
 266      F881
 267 0930 31745564 		.ascii	"1tUdHdLXT|\2701$:\024t\305\030C\014\341\306\210\320"
 267      48644C58 
 267      547CB831 
 267      243A1474 
 267      C518430C 
 268 0948 F8288BC1 		.ascii	"\370(\213\301\362M\254\321<w\015\367\325/j\306\374\215"
 268      F24DACD1 
 268      3C770DF7 
 268      D52F6AC6 
 268      FC8D
ARM GAS  C:\Users\NICOLA~1\AppData\Local\Temp\ccvl3HTJ.s 			page 21


 269 095a 39C460B6 		.ascii	"9\304`\266\204\203\017\240;p\356\\\177\370Q\365&s\300"
 269      84830FA0 
 269      3B70EE5C 
 269      7FF851F5 
 269      2673C0
 270 096d 4701FE26 		.ascii	"G\001\376&\263\377\232\320(\177\022\000\263\377\312"
 270      B3FF9AD0 
 270      287F1200 
 270      B3FFCA
 271 097c CF972F98 		.ascii	"\317\227/\230\357\277l\331b\377O\203\227\256\370\327"
 271      EFBF6CD9 
 271      62FF4F83 
 271      97AEF8D7 
 272 098c 7CFFD8D0 		.ascii	"|\377\330\320(CTT8\314T.]\261(\336\2545[\242!\024\253"
 272      28435454 
 272      38CC542E 
 272      5DB128DE 
 272      AC355BA2 
 273 09a3 63234D06 		.ascii	"c#M\006\213r\371\212\305K\364\252\025\237\377=x\211"
 273      8B72F98A 
 273      C54BF4AA 
 273      159FFF3D 
 273      7889
 274 09b5 DE6DC5CA 		.ascii	"\336m\305\312\340%K\026\353\225\301_\004/\326\343\245"
 274      E0254B16 
 274      EB95C15F 
 274      042FD6E3 
 274      A5
 275 09c6 D0562CD6 		.ascii	"\320V,\326\243/i \003>\262\005\222\334b\263\321\242"
 275      A32F6920 
 275      033EB205 
 275      92DC62B3 
 275      D1A2
 276 09d8 0C8B3286 		.ascii	"\014\2132\206\306\241 \305\242\225z\275b\331'\177\321"
 276      C6A120C5 
 276      A2957ABD 
 276      62D9277F 
 276      D1
 277 09e9 2BFEF827 		.ascii	"+\376\370'\3752\362\027\204\027\351\365\032\226\224"
 277      FD32F217 
 277      8417E9F5 
 277      1A9694
 278 09f8 C8704809 		.ascii	"\310pH\011\273Q\220\004i\211\016CD\250\331\362{\203"
 278      BB519004 
 278      69890E43 
 278      44A8D9F2 
 278      7B83
 279 0a0a E5AFBF6C 		.ascii	"\345\257\277l\244\244 \251L\021\021\300\320\317U\254"
 279      A4A420A9 
 279      4C1111C0 
 279      D0CF55AC 
 280 0a1a C4092438 		.ascii	"\304\011$8\200\326@\2477\206\206Ct|]\3150\307\205Qt"
 280      80D640A7 
 280      37868643 
 280      747C5DCD 
 280      30C78551 
 281 0a2f 18E701DD 		.ascii	"\030\347\001\335\227q\221\026#\300\325\221\246hS\270"
ARM GAS  C:\Users\NICOLA~1\AppData\Local\Temp\ccvl3HTJ.s 			page 22


 281      97719116 
 281      23C0D591 
 281      A66853B8 
 282 0a3f D160D1C1 		.ascii	"\321`\321\301\340J\243\005\206\226\203\374\216A\214"
 282      E04AA305 
 282      869683FC 
 282      8E418C
 283 0a4e BA0148AC 		.ascii	"\272\001H\254\2163\305\307\022\224\"lMh\234\332`\210"
 283      8E33C5C7 
 283      1294226C 
 283      4D689CDA 
 283      6088
 284 0a60 888F0933 		.ascii	"\210\217\0113\030t\322\315\334\337\005\004\004\332K"
 284      1874D2CD 
 284      DCDF0504 
 284      04DA4B
 285 0a6f F33F9C24 		.ascii	"\363?\234$\005\376\027t\320-w"
 285      05FE1774 
 285      D02D77
 286              		.text
 287              		.section	.gnu.lto_.symtab.cfe46146,"",%progbits
 288 0000 70616C52 		.ascii	"palReadBus\000\000\000\000\000\000\000\000\000\000\000"
 288      65616442 
 288      75730000 
 288      00000000 
 288      00000000 
 289 0015 00090100 		.ascii	"\000\011\001\000\000palWriteBus\000\000\000\000\000"
 289      0070616C 
 289      57726974 
 289      65427573 
 289      00000000 
 290 002a 00000000 		.ascii	"\000\000\000\000\000\000\000\016\001\000\000palSetB"
 290      0000000E 
 290      01000070 
 290      616C5365 
 290      7442
 291 003c 75734D6F 		.ascii	"usMode\000\000\000\000\000\000\000\000\000\000\000\000"
 291      64650000 
 291      00000000 
 291      00000000 
 291      0000
 292 004e 16010000 		.ascii	"\026\001\000\000_pal_lld_setgroupmode\000\000\002\000"
 292      5F70616C 
 292      5F6C6C64 
 292      5F736574 
 292      67726F75 
 293 006b 00000000 		.ascii	"\000\000\000\000\000\000\000\000\034\001\000\000"
 293      00000000 
 293      1C010000 
 294              		.text
 295              		.section	.gnu.lto_.opts,"",%progbits
 296 0000 272D666E 		.ascii	"'-fno-trapv' '-mcpu=cortex-m4' '-mno-thumb-interwor"
 296      6F2D7472 
 296      61707627 
 296      20272D6D 
 296      6370753D 
 297 0033 6B272027 		.ascii	"k' '-mthumb' '-ggdb' '-O2' '-fomit-frame-pointer' '"
ARM GAS  C:\Users\NICOLA~1\AppData\Local\Temp\ccvl3HTJ.s 			page 23


 297      2D6D7468 
 297      756D6227 
 297      20272D67 
 297      67646227 
 298 0066 2D66616C 		.ascii	"-falign-functions=16' '-ffunction-sections' '-fdata"
 298      69676E2D 
 298      66756E63 
 298      74696F6E 
 298      733D3136 
 299 0099 2D736563 		.ascii	"-sections' '-fno-common' '-flto'\000"
 299      74696F6E 
 299      73272027 
 299      2D666E6F 
 299      2D636F6D 
 300              		.text
 301              		.comm	__gnu_lto_v1,1,1
 302              		.comm	__gnu_lto_slim,1,1
 303              		.ident	"GCC: (GNU Tools for ARM Embedded Processors) 4.9.3 20150529 (release) [ARM/embedded-4_9-br
ARM GAS  C:\Users\NICOLA~1\AppData\Local\Temp\ccvl3HTJ.s 			page 24


DEFINED SYMBOLS
                            *ABS*:00000000 pal.c
                            *COM*:00000001 __gnu_lto_v1
                            *COM*:00000001 __gnu_lto_slim

NO UNDEFINED SYMBOLS
