ARM GAS  C:\Users\NICOLA~1\AppData\Local\Temp\ccQZyExl.s 			page 1


   1              		.syntax unified
   2              		.cpu cortex-m4
   3              		.fpu softvfp
   4              		.eabi_attribute 20, 1
   5              		.eabi_attribute 21, 1
   6              		.eabi_attribute 23, 3
   7              		.eabi_attribute 24, 1
   8              		.eabi_attribute 25, 1
   9              		.eabi_attribute 26, 1
  10              		.eabi_attribute 30, 2
  11              		.eabi_attribute 34, 1
  12              		.eabi_attribute 18, 4
  13              		.thumb
  14              		.file	"pal_lld.c"
  15              		.text
  16              	.Ltext0:
  17              		.section	.gnu.lto_.profile.cfe44ad9,"",%progbits
  18 0000 789C6366 		.ascii	"x\234cf```c\200\000F\206e\214K\030\001\004\206\001W"
  18      60606063 
  18      80004686 
  18      658C4B18 
  18      01048601 
  19              		.text
  20              		.section	.gnu.lto_.jmpfuncs.cfe44ad9,"",%progbits
  21 0000 789C6366 		.ascii	"x\234cf\300\016\004\2404\023\003##c=#3\220d\257\257"
  21      C00E04A0 
  21      34130323 
  21      23633D23 
  21      339064AF 
  22 0015 AF670000 		.ascii	"\257g\000\000\014\320\002#"
  22      0CD00223 
  23              		.text
  24              		.section	.gnu.lto_.inline.cfe44ad9,"",%progbits
  25 0000 789C6DCE 		.ascii	"x\234m\316\261\015\0021\024\003P\373\347\244\\\031]"
  25      B10D0231 
  25      140350FB 
  25      E7A45C19 
  25      5D
  26 0011 45194AB6 		.ascii	"E\031J\266\310(\314p=R\006`\204+\030\001\006@\242\244"
  26      C828CC70 
  26      3D520660 
  26      842B1801 
  26      0640A2A4 
  27 0025 42A10326 		.ascii	"B\241\003&`\010\012\344\037J~\361\354\352\313\001\377"
  27      60080AE4 
  27      1F4A7EF1 
  27      ECEACB01 
  27      FF
  28 0036 EFF44B03 		.ascii	"\357\364K\003^x\202\021D\310\242\210\255\250\224\007"
  28      5E788211 
  28      44C8A288 
  28      ADA89407 
  29 0046 F7E222ED 		.ascii	"\367\342\"\355\256-b\3638\232\201\3578t\305\350u\024"
  29      AE2D62F3 
  29      389A81EF 
  29      3874C5E8 
  29      7514
ARM GAS  C:\Users\NICOLA~1\AppData\Local\Temp\ccQZyExl.s 			page 2


  30 0058 C96B12D9 		.ascii	"\311k\022\331k\026\305k\021\225\326\303\355\257\252"
  30      6B16C56B 
  30      1195D6C3 
  30      EDAFAA
  31 0067 690E71C3 		.ascii	"i\016q\303\331H#\020\346\366Yc\265\334\203aj{\016>\370"
  31      D9482310 
  31      E6F65963 
  31      B5DC8361 
  31      6A7B0E3E 
  32 007c 0B822A20 		.ascii	"\013\202* 0"
  32      30
  33              		.text
  34              		.section	.gnu.lto_.pureconst.cfe44ad9,"",%progbits
  35 0000 789C6366 		.ascii	"x\234cf```e\200\000&\006)F)\000\000\371\000@"
  35      60606065 
  35      80002606 
  35      29462900 
  35      00F90040 
  36              		.text
  37              		.section	.gnu.lto__pal_lld_init.cfe44ad9,"",%progbits
  38 0000 789CA59A 		.ascii	"x\234\245\232{LT\331\035\307\3579w\200\201\341%\276"
  38      7B4C54D9 
  38      1DC7EF39 
  38      778081E1 
  38      25BE
  39 0012 10DF2282 		.ascii	"\020\337\"\202\017\030\335&M\333\354\037\233\264I\333"
  39      0F18DD26 
  39      4DDBEC1F 
  39      9BB449DB 
  40 0022 CD366DD2 		.ascii	"\3156m\322M\223\366\237fk\333]\033SM\335\364\277\315"
  40      4D93F69F 
  40      666BDB5D 
  40      1B534DDD 
  40      F4BFCD
  41 0035 0E88AEAB 		.ascii	"\016\210\256\253\242\210+\213Z\252h\025|\200\342\373"
  41      A2882B8B 
  41      5AAA6815 
  41      7C80E2FB 
  42 0045 C5320BF2 		.ascii	"\3052\013\362PV\024_\254\370\026T\324\005E|0\010\322"
  42      5056145F 
  42      ACF81654 
  42      D405457C 
  42      3008D2
  43 0058 F3FBCE39 		.ascii	"\363\373\3169\334\013\002\231\353%\360\233\031\356\271"
  43      DC0B0299 
  43      EB25F09B 
  43      19EEB9
  44 0067 DFF339E7 		.ascii	"\337\3639\347\374\346\223\360\320\2657?\342\304\327"
  44      FCE693F0 
  44      D0B5373F 
  44      E2C4D7
  45 0076 1FA66ADA 		.ascii	"\037\246j\332\257\304#\3235\3063k5-\325\311\031\243"
  45      AFC423D3 
  45      35C6336B 
  45      352DD5C9 
  45      19A3
  46 0088 271AD33E 		.ascii	"'\032\323>\347\354s\366\200\267q\226\351\335\225\343"
ARM GAS  C:\Users\NICOLA~1\AppData\Local\Temp\ccQZyExl.s 			page 3


  46      E7EC73F6 
  46      80B77196 
  46      E9DD95E3 
  47 0098 4ADCE6F1 		.ascii	"J\334\346\361x\236\244\035\216]\022\353\343\232\326"
  47      789EA41D 
  47      8E5D12EB 
  47      E39AD6
  48 00a7 CEFD312C 		.ascii	"\316\3751,\237%\212!Kw_\257r\350\3572M<?Z\364\354\214"
  48      9F258A21 
  48      4B775FAF 
  48      72E8EF32 
  48      4D3C3F5A 
  49 00be AB99FB38 		.ascii	"\253\231\3738\233D/\217eU\347\004\323K\356\240\227\245"
  49      9B442F8F 
  49      6555E704 
  49      D34BEEA0 
  49      97A5
  50 00d0 BE9D758E 		.ascii	"\276\235u\216\204\255\036O\232\367\314>\317{\016\037"
  50      84AD1E4F 
  50      9AF7CC3E 
  50      CF7B0E1F 
  51 00e0 D75901D3 		.ascii	"\327Y\001\323E\036\333\301\342\330N\026\247\211oil\027"
  51      451EDBC1 
  51      E2D84E16 
  51      A7896F69 
  51      6C17
  52 00f2 4BA0E16D 		.ascii	"K\240\341m\351\335\365\256\340t1w\264\177N\266\233\005"
  52      E9DDF5AE 
  52      E0743177 
  52      B47F4EB6 
  52      9B05
  53 0104 33F1B827 		.ascii	"3\361\270'\306\353\351\351i,Zy\311\361'.nq\350T\202"
  53      C6EBE9E9 
  53      692C5A79 
  53      C9F1272E 
  53      6E71E854 
  54 0119 18DD184C 		.ascii	"\030\335\030LOC\2508\251\204R\011\243\022N%\202J$\225"
  54      4F43A838 
  54      A9845209 
  54      A3124E25 
  54      824A2495 
  55 012d 282AD154 		.ascii	"(*\321T\206Q\211\2412\234\312\010*#\251\214\2422\232"
  55      865189A1 
  55      329CCA08 
  55      2A23A98C 
  55      A2329A
  56 0140 4A2C9531 		.ascii	"J,\2251T\210\3201\226\3128*\343\251L\2402\221\312$*"
  56      5488D031 
  56      96CA382A 
  56      E3A94CA0 
  56      3291CA24 
  57 0155 93A94CA1 		.ascii	"\223\251L\241\022Oe*\225\004*\323\250$RI\2422\235\312"
  57      124F652A 
  57      95042AD3 
  57      A8245249 
  57      A2329DCA 
  58 0169 0C2A33A9 		.ascii	"\014*3\251\314\242\222L%\205\212\233\312l*\232\326$"
ARM GAS  C:\Users\NICOLA~1\AppData\Local\Temp\ccQZyExl.s 			page 4


  58      CCA2924C 
  58      25858A9B 
  58      CA6C2A9A 
  58      D624
  59 017b 164F2773 		.ascii	"\026O's\227sz\324\033X\331\241\342\373sh;^r:\245\323"
  59      97737AD4 
  59      1B58D9A1 
  59      E2FB7368 
  59      3B5E723A 
  60 0191 D5DB8E86 		.ascii	"\325\333\216\206\322>\007y6/\363`\257o6\235\255s\342"
  60      D23E0779 
  60      362FF360 
  60      AF6F369D 
  60      AD73E2
  61 01a4 5B1ABD4C 		.ascii	"[\032\275L\333\236w\314\231\31362\037\017f\205b\263"
  61      DB9E77CC 
  61      99CB3632 
  61      1F0F6685 
  61      62B3
  62 01b6 8BC466D3 		.ascii	"\213\304f\323\205\306\316\015w]\311\273<\351\251N\037"
  62      85C6CE0D 
  62      775DC9BB 
  62      3CE9A94E 
  62      1F
  63 01c7 0F617B58 		.ascii	"\017a{X.{\212\363e{Y\262\326\300\026?\013\366\317\243"
  63      2E7B8AF3 
  63      657B59B2 
  63      D6C0163F 
  63      0BF6CFA3 
  64 01db FBA7BA52 		.ascii	"\373\247\272R\326|\200Q\256\303\343\351\020gU,r\004"
  64      D67C8051 
  64      AEC3E3E9 
  64      1067552C 
  64      7204
  65 01ed 4F16A351 		.ascii	"O\026\243Q\026&\332gL\264\237%\213x\3552K\363\236\013"
  65      1626DA67 
  65      4CB49F25 
  65      8B78ED32 
  65      4BF39E0B 
  66 0201 9131572A 		.ascii	"\2211W*O\356t%m\027g\177\253 \277\351=q\213S6/;\300"
  66      4FEE7425 
  66      6D17677F 
  66      AB20BFE9 
  66      3D718B53 
  67 0219 92CCEBD3 		.ascii	"\222\314\353\323\221~\260cSK\204\2306U\334\320\\\036"
  67      917EB063 
  67      534B8498 
  67      3655DCD0 
  67      5C1E
  68 022b E9E3A12F 		.ascii	"\351\343\241/y\020;(\347n-[\325\031%\346\216\366\361"
  68      79103B28 
  68      E76E2D5B 
  68      D51925E6 
  68      8EF6F1
  69 023e 30760833 		.ascii	"0v\0103S\037\211+;KZ\256E}\366\312\223\351\361\352b"
  69      531F892B 
  69      3B4B5AAE 
ARM GAS  C:\Users\NICOLA~1\AppData\Local\Temp\ccQZyExl.s 			page 5


  69      457DF6CA 
  69      93E9F1EA 
  70 0253 0E769825 		.ascii	"\016v\230%\023\201\306\216\260\317\004\021\2278\015"
  70      1381C68E 
  70      B0CF0411 
  70      97380D
  71 0262 A7CADED5 		.ascii	"\247\312\336\325\177\216\026\257\271\362x\223\036\237"
  71      7F8E16AF 
  71      B9F27893 
  71      1E9F
  72 0270 279AF8D6 		.ascii	"'\232\370\326\221\362\277y\3237{^\367\364\210\325\272"
  72      91F2BF79 
  72      D3377B5E 
  72      F7F488D5 
  72      BA
  73 0281 D8D1BEAD 		.ascii	"\330\321\276\255,q\217\261xqWI\311\272\343:\341\272"
  73      2C718FB1 
  73      78715749 
  73      C9BAE33A 
  73      E1BA
  74 0293 C492BC0E 		.ascii	"\304\222\274\016\215\035\027#h\305uUj\347\036\034\252"
  74      8D1D1723 
  74      68C57555 
  74      6AE71E1C 
  74      AA
  75 02a4 EA620304 		.ascii	"\352b\003\004;\373\277Gd\360\011\026O{!v?\355P[\351"
  75      3BFBBF47 
  75      64F00916 
  75      4F7B2176 
  75      3FED505B 
  76 02b9 CFFABC61 		.ascii	"\317\372\274a\020K\003\304\354x\333\264s\326\377-\305"
  76      104B03C4 
  76      EC78DBB4 
  76      73D6FF2D 
  76      C5
  77 02ca 4AC43A35 		.ascii	"J\304:5\366\015\035n\270yG\235\375wT\354~8mgi\277\355"
  77      F60D1D6E 
  77      B879479D 
  77      FD7754EC 
  77      7E386D67 
  78 02e1 CCF4DCEA 		.ascii	"\314\364\334\352\371\324\307#\230\027[\312\375\221\354"
  78      F9D4C723 
  78      98175BCA 
  78      FD91EC
  79 02f0 5B344E59 		.ascii	"[4NYV\336H\0127'\273p{q\326\212N\027%gRr$m\005+\223"
  79      56DE480A 
  79      3727BB70 
  79      7B71D68A 
  79      4E172567 
  80 030b D1AFD61E 		.ascii	"\321\257\326\036\255\342\350\022o,\265I9\222u\231|\222"
  80      ADE2E812 
  80      6F2CB549 
  80      39927599 
  80      7C92
  81 031d 3A251C2B 		.ascii	":%\034+.>\231\027\342g\217\010\0146\232@+\020\347\220"
  81      2E3E9917 
  81      E2678F08 
ARM GAS  C:\Users\NICOLA~1\AppData\Local\Temp\ccQZyExl.s 			page 6


  81      0C369A40 
  81      2B10E790 
  82 0331 7195FD41 		.ascii	"q\225\375A\255\220U!*HFU\023Y\204\377,z\311\"-\220\235"
  82      AD905521 
  82      2A484655 
  82      135984FF 
  82      2C7AC922 
  83 0348 425CB08C 		.ascii	"B\\\260\214;m\207\254\006Q!2\352;\"\213\364\357Y\205"
  83      3B6D87AC 
  83      06512132 
  83      EA3B228B 
  83      F4EF5985 
  84 035c 228BB240 		.ascii	"\"\213\262@v\006qN\031Wk\207\354,\242Be\3249\"\213\362"
  84      7606714E 
  84      19576B87 
  84      EC2CA242 
  84      65D43922 
  85 0372 EF592F59 		.ascii	"\357Y/Y\264\005\262:\304\205\311\270\363v\310. \312"
  85      B405B23A 
  85      C485C9B8 
  85      F376C82E 
  85      20CA
  86 0384 25A32E12 		.ascii	"%\243.\022Y\264\177\317*\025\3310\013d\227\020\027."
  86      59B47FCF 
  86      2A15D930 
  86      0B649710 
  86      172E
  87 0396 E32EDB21 		.ascii	"\343.\333!\253GT\204\214\372\236\310\206\371\367\254"
  87      AB475484 
  87      8CFA9EC8 
  87      86F9F7AC 
  88 03a6 972CC602 		.ascii	"\227,\306\002\331\025\304E\312\270\006;dW\021\025%\243"
  88      D915C445 
  88      CAB8063B 
  88      64571115 
  88      25A3
  89 03b8 AE11590C 		.ascii	"\256\021Y\014\234V\337\353\264!4~\035\0327{\373\321"
  89      9C56DFEB 
  89      B421347E 
  89      1D1A377B 
  89      FBD1
  90 03ca D0DEBE81 		.ascii	"\320\336\276\201\351\242\007\366\366M\345\355[}\274"
  90      E9A207F6 
  90      F64DE5ED 
  90      5B7DBC
  91 03d9 6D55D6B7 		.ascii	"mU\326\267!\353\266}[2\374\276\362,\203\254\357HY\327"
  91      21EBB67D 
  91      5B32FCBE 
  91      F22C83AC 
  91      EF4859D7 
  92 03ed BFB5AC1B 		.ascii	"\277\265\254\033\205\213\257\017&k\212\245\001\267\207"
  92      858BAF0F 
  92      266B8AA5 
  92      01B787
  93 03fc 90751364 		.ascii	"\220u\023d}\227\216\233\346?\362\264eS\030d=\016\262"
  93      7D978E9B 
  93      E63FF2B4 
ARM GAS  C:\Users\NICOLA~1\AppData\Local\Temp\ccQZyExl.s 			page 7


  93      65531864 
  93      3D0EB2
  94 040f 6E7D90ED 		.ascii	"n}\220\355\352{\372\367\344\036>,,\252\325\315\262\276"
  94      EA7BFAF7 
  94      E41E3E2C 
  94      2CAAD5CD 
  94      B2BE
  95 0421 AF644D91 		.ascii	"\257dM\221\254\331\350\200\273XYAc\315>s\007\3341u\200"
  95      ACD9E880 
  95      BB585941 
  95      63CD3E73 
  95      07DC3175 
  96 0436 B7F2C23D 		.ascii	"\267\362\302=s\007<PvF\324C\352\200`\303\316\200\035"
  96      73073C50 
  96      7646D443 
  96      EA8060C3 
  96      CE801D
  97 0449 1E181D7A 		.ascii	"\036\030\035z\363\221\2623\342~\260C\326\242\354\214"
  97      F391B233 
  97      E27EB043 
  97      D6A2EC8C 
  98 0459 A856221B 		.ascii	"\250V\"\033n\330\031d#,\220=VvF\334\023;dm\312\316\210"
  98      6ED81964 
  98      232C903D 
  98      567646DC 
  98      133B646D 
  99 0470 7A4A6423 		.ascii	"zJd#\014;\203l\244\005\262veg\304=\263C\366\\\331\031"
  99      0C3B836C 
  99      A405B276 
  99      6567C43D 
  99      B343F65C 
 100 0486 512F886C 		.ascii	"Q/\210l\244ag\220\215\262@\366R\331\031q\035v\310|\312"
 100      A4616790 
 100      8DB240F6 
 100      52D91971 
 100      1D76C87C 
 101 049b CE88EA24 		.ascii	"\316\210\352$\262Q\206\235A6\332\002\331+eg\304u\331"
 101      B251869D 
 101      4136DA02 
 101      D92B6567 
 101      C475D9
 102 04ae 21EB5676 		.ascii	"!\353VvF\324k\"\033m\330\031d\261\026\310z\224\235\021"
 102      46D46B22 
 102      1B6DD819 
 102      64B116C8 
 102      7A949D11 
 103 04c2 E7E136C8 		.ascii	"\347\3416\310R\271\2643\242\322\270 \213\205\304\256"
 103      52B9B433 
 103      A2D2B820 
 103      8B85C4AE 
 104 04d2 0762E7C5 		.ascii	"\007b\347\305\274\277\235[\207\266s:\246\0336\260\235"
 104      BCBF9D5B 
 104      87B6733A 
 104      A61B36B0 
 104      9D
 105 04e3 977069E7 		.ascii	"\227pi\347\245\334\216\235\277\340d\347\302\342\305"
 105      A5DC8E9D 
ARM GAS  C:\Users\NICOLA~1\AppData\Local\Temp\ccQZyExl.s 			page 8


 105      BFE064E7 
 105      C2E2C5
 106 04f2 6D917E3B 		.ascii	"m\221~;g\302\316\313x\\\277\205Y\265\363\227<\236V<"
 106      67C2CECB 
 106      785CBF85 
 106      59B5F397 
 106      3C9E563C 
 107 0506 B09D2996 		.ascii	"\260\235)\226\006\210\331\007\265\363rNv^\301\305q\207"
 107      0688D907 
 107      B5F3724E 
 107      765EC1C5 
 107      7187
 108 0518 886B2DAB 		.ascii	"\210k-\253\217?\302\317\275\316\237\320\320\027\025"
 108      8F3FC2CF 
 108      BDCE9FD0 
 108      D01715
 109 0527 6BAEF63B 		.ascii	"k\256\366;\375\225\334\277\207K\323\312\323\230\331"
 109      FD95DCBF 
 109      874BD3CA 
 109      D398D9
 110 0536 CE195CDA 		.ascii	"\316\031\\\332\231\"\331*\243\003V\300\373[\316\266"
 110      9922D92A 
 110      A30356C0 
 110      FB5BCEB6 
 111 0546 5E0B3375 		.ascii	"^\0133u\200X{o\007l\\\234q.\334\324\001\253\271\264"
 111      80587B6F 
 111      076C5C9C 
 111      712EDCD4 
 111      01ABB9B4 
 112 055a 33A232A9 		.ascii	"3\2422\251\003B\014;\003vL`t\350\3155\\\332\031qYv\310"
 112      03420C3B 
 112      03764C60 
 112      74E8CD35 
 112      5CDA1971 
 113 0571 D6726967 		.ascii	"\326rigD}Edc\014;\203,\316\002\331:.\355\214\270l;d"
 113      447D4564 
 113      630C3B83 
 113      2CCE02D9 
 113      3A2EED8C 
 114 0589 5F736967 		.ascii	"_sigD\345\020Y\234ag\220\215\265@\266\236K;#n\203\035"
 114      44E51059 
 114      9C616790 
 114      8DB540B6 
 114      9E4B3B23 
 115 05a0 B28D5CDA 		.ascii	"\262\215\\\332\031Q\377!\262\261\206\235A6\316\002Y"
 115      1951FF21 
 115      B2B1869D 
 115      4136CE02 
 115      59
 116 05b1 2E977646 		.ascii	".\227vF\334\177\355\220m\342\322\316\210\332Ld\343\014"
 116      DC7FED90 
 116      6DE2D2CE 
 116      88DA4C64 
 116      E30C
 117 05c3 3B836CBC 		.ascii	";\203l\274\005\262<.\355\214\270-v\310\266rigD\375\217"
 117      05B23C2E 
 117      ED8CB82D 
ARM GAS  C:\Users\NICOLA~1\AppData\Local\Temp\ccQZyExl.s 			page 9


 117      76C8B672 
 117      696744FD 
 118 05d8 C8C61B76 		.ascii	"\310\306\033v\006\331\004\013d\333\270\2643\342\266"
 118      06D9040B 
 118      64DBB8B4 
 118      33E2B6
 119 05e7 DB21CB57 		.ascii	"\333!\313WvFT\001\221M\200\304\332\003\261\363\2167"
 119      76465401 
 119      914D80C4 
 119      DA03B1F3 
 119      8E37
 120 05f9 ECEC1BDA 		.ascii	"\354\354\033\332\316;1]\314\300v\336\245\354\274\333"
 120      CE3B315D 
 120      CCC076DE 
 120      A5ECBCDB 
 121 0609 969D0B61 		.ascii	"\226\235\013a\347\216\275w2\243\374v\316\201\235\213"
 121      E78EBD77 
 121      32A3FC76 
 121      CE819D8B 
 122 0619 A49DDBDF 		.ascii	"\244\235\333\337\332\316{\204|w\014fg\212\245\001\205"
 122      DACE7B84 
 122      7C770C66 
 122      678AA501 
 122      85
 123 062a 43D8792F 		.ascii	"C\330y/\354\\L\307\355\244\365\357O{\025\002;\177HC"
 123      EC5C4CC7 
 123      EDA4F5EF 
 123      4F7B1502 
 123      3B7F4843 
 124 063e F72ECFFA 		.ascii	"\367.\317\372G\337\303\337'\017?;usI\204Y\316\373\225"
 124      47DFC3DF 
 124      270F3F3B 
 124      75734984 
 124      59CEFB95 
 125 0652 9C29911D 		.ascii	"\234)\221\0350\032\240\030\015P\355=\330\34605@\221"
 125      301AA018 
 125      0D50ED3D 
 125      D8E63035 
 125      4091
 126 0664 A9015EAE 		.ascii	"\251\001^\256\336\332\035ej\200\203J\316\210:D\015\340"
 126      DEDA1D65 
 126      6A80834A 
 126      CE883A44 
 126      0DE0
 127 0676 34E40CD6 		.ascii	"4\344\014\326\211\001\301\2413\017+7#\355\210\035\260"
 127      8901C1A1 
 127      330F2B37 
 127      23ED881D 
 127      B0
 128 0687 A3CACD88 		.ascii	"\243\312\315\210:F`\023\0157\003lR\340`\307\225\232"
 128      3A466013 
 128      0D37036C 
 128      52E060C7 
 128      959A
 129 0699 9176C20E 		.ascii	"\221v\302\016X\211R3\242\276!\260I\206\232\00169p\260"
 129      58895233 
 129      A2BE21B0 
ARM GAS  C:\Users\NICOLA~1\AppData\Local\Temp\ccQZyExl.s 			page 10


 129      49869A01 
 129      363970B0 
 130 06ad 526566A4 		.ascii	"Ref\244y\355\200}\253\314\214\2502\002\233l\230\031"
 130      79ED807D 
 130      ABCC8CA8 
 130      32029B6C 
 130      9819
 131 06bf 60530207 		.ascii	"`S\002\007+WbF\332I;`\025J\314\210\252$\260)\206\230"
 131      2B576246 
 131      DA493B60 
 131      154ACC88 
 131      AA24B029 
 132 06d5 01161F38 		.ascii	"\001\026\0378X\225\3622\322\252\355\200\235R^F\324i"
 132      5895F232 
 132      D2AAED80 
 132      9D525E46 
 132      D469
 133 06e7 028B37BC 		.ascii	"\002\2137\274\014\260\251\201\203\325(-#\355;;`g\224"
 133      0CB0A981 
 133      83D5282D 
 133      23ED3B3B 
 133      606794
 134 06fa 9611554B 		.ascii	"\226\021UK`Sa/_ Z>\373\206\226\273\206\326\3629L7|`"
 134      6053612F 
 134      5F205A3E 
 134      FB8696BB 
 134      86D6F239 
 135 0712 2DD7292D 		.ascii	"-\327)-\237\267\245\345\0138\343;\031\255\335a~-o\206"
 135      9FB7A5E5 
 135      0B38E33B 
 135      19ADDD61 
 135      7E2D6F86 
 136 0726 962F4A2D 		.ascii	"\226/J-\373\336Z\313\227\204u\317\016\246e\212\245\001"
 136      FBDE5ACB 
 136      978475CF 
 136      0EA6658A 
 136      A501
 137 0738 1786D0F2 		.ascii	"\027\206\320\362eh\271\236N;T\\+m\350Z\305\241\345\205"
 137      6568B99E 
 137      4E3B545C 
 137      2B6DE85A 
 137      C5A1E585 
 138 074c 34F49C67 		.ascii	"4\364\234gG\227\336\367\364\277\227\247\237S\320\234"
 138      4797DEF7 
 138      F4BF97A7 
 138      9F53D09C 
 139 075c 1F64F6F2 		.ascii	"\037d\366\362\025\345e\212d\015F\007\324\243\003\226"
 139      15E5658A 
 139      640D4607 
 139      D4A30396 
 140 076c 5577D444 		.ascii	"Uw\324D\230:\340\242\251\003Ne\034>\025b\376\245\226"
 140      983AE0A2 
 140      A9034E65 
 140      1C3E1562 
 140      FEA596
 141 077f F232A2AE 		.ascii	"\3622\242\256Q\007\204\032^\006lB`t\350\315\353J\314"
 141      5107841A 
ARM GAS  C:\Users\NICOLA~1\AppData\Local\Temp\ccQZyExl.s 			page 11


 141      5E066C42 
 141      6074E8CD 
 141      EB4ACC
 142 0792 88BB6187 		.ascii	"\210\273a\207\354\246\0223\242n\021Y\202!f\220M\263"
 142      ECA61233 
 142      A26E1159 
 142      82216690 
 142      4DB3
 143 07a4 40765B99 		.ascii	"@v[\231\031qw\354\2205*3#\252\211\310\246\031f\006Y"
 143      197177EC 
 143      90352A33 
 143      23AA89C8 
 143      A6196606 
 144 07b9 A205B2BB 		.ascii	"\242\005\262\273J\315\210\273g\207\354\276R3\242\232"
 144      4ACD88BB 
 144      6787ECBE 
 144      5233A29A 
 145 07c9 892CD150 		.ascii	"\211,\321P3\310\222"
 145      33C892
 146 07d0 2C903D50 		.ascii	",\220=PnF\334C;d\217\224\233\021\365\003\221%\031n\006"
 146      6E46DC43 
 146      3B648F94 
 146      9B11F503 
 146      9125196E 
 147 07e5 D9740B64 		.ascii	"\331t\013d-J\316\210k\265C\366X\311\031QO\210l\272!"
 147      2D4ACE88 
 147      6BB543F6 
 147      58C91951 
 147      4F886CBA 
 148 07fa 6790CDB0 		.ascii	"g\220\315\260@\326\246\354\214\270\247v\310\332\225"
 148      40D6A6EC 
 148      8CB8A776 
 148      C8DA95
 149 0809 9D11F58C 		.ascii	"\235\021\365\214\310f@b=\201\330\371\371\033v\356\031"
 149      C8664062 
 149      3D81D8F9 
 149      F91B76EE 
 149      19
 150 081a DACE2F30 		.ascii	"\332\316/0\335\210\201\355\374R\331\271\303\226\235"
 150      DD8881ED 
 150      FC52D9B9 
 150      C3969D
 151 0829 7DB073F7 		.ascii	"}\260s\367\371\335+\034~;\027\300\316\235\322\316=o"
 151      F9DD2B1C 
 151      7E3B17C0 
 151      CE9DD2CE 
 151      3D6F
 152 083b 6DE75742 		.ascii	"m\347WB\276\317\007\2633\305\322\000\337\020v\356\202"
 152      BECF07B3 
 152      33C5D200 
 152      DF1076EE 
 152      82
 153 084c 9DBBE9B8 		.ascii	"\235\273\351\270\303\304\265\023\017\237U\372\355\274"
 153      C3C4B513 
 153      0F9F55FA 
 153      EDBC
 154 085a 126377AF 		.ascii	"\022cw\257_\371\307\276\247\377Z\236~namv\237\277\016"
ARM GAS  C:\Users\NICOLA~1\AppData\Local\Temp\ccQZyExl.s 			page 12


 154      5FF9C7BE 
 154      A7FF5A9E 
 154      7E6E616D 
 154      769FBF0E 
 155 086e F6283B53 		.ascii	"\366(;S$\363\350\275\035\320\215\016(\317\277z\304\374"
 155      24F3E8BD 
 155      1DD08D0E 
 155      28CFBF7A 
 155      C4FC
 156 0880 6353A7A9 		.ascii	"cS\247\251\003*\312s\267\232; U\227vFT\232.: \314\260"
 156      032ACA73 
 156      B79A3B20 
 156      55977646 
 156      549A2E3A 
 157 0897 33606706 		.ascii	"3`g\006\004\207\326\\\254K9#-\335\016\330\022]\312\031"
 157      0487D65C 
 157      AC4B3923 
 157      2DDD0ED8 
 157      125DCA19 
 158 08ab 514B096C 		.ascii	"QK\011l\246!g\200\315\012\034\354\013]\272\031i\313"
 158      A6216780 
 158      CD0A1CEC 
 158      0B5DBA19 
 158      69CB
 159 08bd EC807DA9 		.ascii	"\354\200}\251K7#j9\201\3152\334\014\260\344\300\301"
 159      4B37236A 
 159      3981CD32 
 159      DC0CB0E4 
 159      C0C1
 160 08cf 56E852CD 		.ascii	"V\350R\315H[i\007,C\227jF\324*\002K6\324\014\260\224"
 160      485B6907 
 160      2C43976A 
 160      46D42A02 
 160      4B36D40C 
 161 08e5 C0C156EB 		.ascii	"\300\301V\353\322\314H\313\264\003\266F\227fFT\026\201"
 161      D2CC48CB 
 161      B403B646 
 161      97664654 
 161      1681
 162 08f7 A5186606 		.ascii	"\245\030f\006\230;p\260\265\272\0243\322\276\262\003"
 162      983B70B0 
 162      B5BA1433 
 162      D2BEB203 
 163 0907 B64E9762 		.ascii	"\266N\227bFT6\201\271\0151\003lv\340`_\353\322\313H"
 163      46543681 
 163      B90D3103 
 163      6C76E060 
 163      5FEBD2CB 
 164 091c CBB103B6 		.ascii	"\313\261\003\266^\227^F\324\006\002\233\255\335`\251"
 164      5E975E46 
 164      D406029B 
 164      ADDD60A9 
 165 092c DEBAF7E1 		.ascii	"\336\272\367\341H\215\376\205\205\321\277\256pM\373"
 165      488DFE85 
 165      85D1BFAE 
 165      704DFB
 166 093b 694A8A5B 		.ascii	"iJ\212[|\316\375d\336_\346-X4\347\307s\334\013\026\271"
ARM GAS  C:\Users\NICOLA~1\AppData\Local\Temp\ccQZyExl.s 			page 13


 166      7CCEFD64 
 166      DE5FE62D 
 166      5834E7C7 
 166      73DC0B16 
 167 0950 3FF968BE 		.ascii	"?\371h\276{\341\202\177}\272\310\375\373\017\177\363"
 167      7BE1827F 
 167      7DBAC8FD 
 167      FB0F7FF3 
 168 0960 A377DC1F 		.ascii	"\243w\334\037|\360\013\367/\177\367\353\337\376\373"
 168      7CF00BF7 
 168      2F7FF7EB 
 168      DFFEFB
 169 096f 1DF7C28F 		.ascii	"\035\367\302\217\346\377y\376\374\277\246\314\325\202"
 169      E6FF79FE 
 169      FCBFA6CC 
 169      D582
 170 097d E72EF8E7 		.ascii	"\347.\370\347\337\347}\034\364\361\302y\013\026\376"
 170      DFE77D1C 
 170      F4F1C279 
 170      0B16FE
 171 098c 1FE47DB5 		.ascii	"\037\344}\265\032"
 171      1A
 172              		.text
 173              		.section	.gnu.lto__pal_lld_setgroupmode.cfe44ad9,"",%progbits
 174 0000 789C9D57 		.ascii	"x\234\235W\013P\225\327\021\376\367\374\367\305}\200"
 174      0B5095D7 
 174      11FEF7FC 
 174      F7C57D80 
 175 0010 8F541135 		.ascii	"\217T\0215>\220\220&\301+j\030\037QkL\324F\035@\350"
 175      3E909026 
 175      C12B6A18 
 175      1F516B4C 
 175      D4461D40 
 176 0025 B49DE94C 		.ascii	"\264\235\351L\325hG'00@;\351t\246\275\362\212il\207"
 176      D5684727 
 176      3030403B 
 176      E974A6BD 
 176      F28A696C 
 177 003a D2699318 		.ascii	"\322i\223\030\234\230\030\305\210\210\021\037\271\304"
 177      9C9818C5 
 177      8888111F 
 177      B9C4
 178 0048 28A14490 		.ascii	"(\241D\220\240\206`\360E\010\211\200\030\011\021A.8"
 178      A08660F0 
 178      45088980 
 178      18091141 
 178      2E38
 179 005a 08DDDDF3 		.ascii	"\010\335\335\363\337\027\202\303\300p\367\236\263\377"
 179      DF1782C3 
 179      C070F79E 
 179      B3FF
 180 0068 EE77F6DB 		.ascii	"\356w\366\333\335s\376sU\345\341\277b\374$\216S\024"
 180      DD73FE73 
 180      55E5E1BF 
 180      62FC248E 
 180      5314
 181 007a 077E4390 		.ascii	"\007~C\220\002\"\347\202\242l7\011P\345@\025\272\035"
ARM GAS  C:\Users\NICOLA~1\AppData\Local\Temp\ccQZyExl.s 			page 14


 181      0222E782 
 181      A26C3709 
 181      50E54015 
 181      BA1D
 182 008c E18AC36C 		.ascii	"\341\212\303l%i\325\011\375\235\237\341,`\317\002\234"
 182      2569D509 
 182      FD9D9FE1 
 182      2C60CF02 
 182      9C
 183 009d E985819F 		.ascii	"\351\205\201\237\031\371\231\001L\322\305\350\036\230"
 183      19F99901 
 183      4CD2C5E8 
 183      1E98
 184 00ab C02A0701 		.ascii	"\300*\007\001\302\314\206\02664\273\325\026\367\300"
 184      C2CC8616 
 184      3634BBD5 
 184      16F7C0
 185 00ba 2A02338D 		.ascii	"*\0023\215\370\334\266\263\002#\261\332\344\342\237"
 185      F8DCB6B3 
 185      0223B1DA 
 185      E4E29F
 186 00c9 99020168 		.ascii	"\231\002\001h\240\200\3627\241\352\364\006\243)\300"
 186      A080F237 
 186      A1EAF406 
 186      A329C0
 187 00d8 6CB1DA02 		.ascii	"l\261\332\002\001\2472\374[\242C@Ni\301[\226\360}\016"
 187      01A732FC 
 187      5BA24340 
 187      4E69C15B 
 187      96F07D0E 
 188 00ec 87E3CEDD 		.ascii	"\207\343\316\335\313\301Y\301\275BQ:\2054\200|\010G"
 188      CBC159C1 
 188      BD42513A 
 188      8534807C 
 188      0847
 189 00fe 936F5C27 		.ascii	"\223o\\'w\332\324\347@\301\261\363p\327yK\253\350\025"
 189      77DAD4E7 
 189      40C1B1F3 
 189      70D7794B 
 189      ABE815
 190 0111 309DA625 		.ascii	"0\235\246%\271\225o\031h*t4\255+\272vU\204\355u8\322"
 190      B9956F19 
 190      682A7434 
 190      AD2BBA76 
 190      5584ED75 
 191 0127 4B2F1E75 		.ascii	"K/\036u\374B\327+T8\000*\342\301\207\020\002\007!DA"
 191      FC42D72B 
 191      5438002A 
 191      E2C18710 
 191      02072144 
 192 013c 95020510 		.ascii	"\225\002\005\020\206\326\357\3277\273Tu9\343\036,s\376"
 192      86D6EFD7 
 192      37BB5475 
 192      39E31E2C 
 192      73FE
 193 014e 9C1D1B2B 		.ascii	"\234\035\033+\367\325Y\035\253{\205\016\016\015\366"
 193      F7D5591D 
ARM GAS  C:\Users\NICOLA~1\AppData\Local\Temp\ccQZyExl.s 			page 15


 193      AB7B850E 
 193      0E0DF6
 194 015d D42950C8 		.ascii	"\324)P\310\2367{o\345\333\324\225\354\371\340\340\277"
 194      9E377B6F 
 194      E5DBD495 
 194      ECF9E0E0 
 194      BF
 195 016e F2CCD2F5 		.ascii	"\362\314\322\365\334\276Zv\325\303\341\301\256z\005"
 195      DCBE5A76 
 195      D5C3E1C1 
 195      AE7A05
 196 017d 8A208CEC 		.ascii	"\212 \214\354\373\252v9\255\352\032\366\315>r\277^\037"
 196      FBAA7639 
 196      ADEA1AF6 
 196      CD3E72BF 
 196      5E1F
 197 018f FA1EF97E 		.ascii	"\372\036\371~\221UauT:2\033\007\006\246\365\012\003"
 197      91556175 
 197      543A321B 
 197      0706A6F5 
 197      0A03
 198 01a1 1CF14790 		.ascii	"\034\361G\220\177\350\362nN\336=\275\032\313\356\267"
 198      7FE8F26E 
 198      4EDE3DBD 
 198      1ACBEEB7 
 199 01b1 EF1DF88F 		.ascii	"\357\035\370\217\205\335\367T\3573\3708\037\035\306"
 199      85DDF754 
 199      EF33F838 
 199      1F1DC6
 200 01c0 796FD797 		.ascii	"yo\327\227\035&\3657\354\\\236\377\323\356 \351|\336"
 200      1D26F537 
 200      EC5C9EFF 
 200      D3EE20E9 
 200      7CDE
 201 01d2 CFF9D830 		.ascii	"\317\371\3300\316\357\0279\177\255n`\337\232c\335\015"
 201      CEEF1739 
 201      7FAD6E60 
 201      DF9A63DD 
 201      0D
 202 01e3 81D2F782 		.ascii	"\201\322\367\202\237\357\211a|k\332n\026\005\250\177"
 202      9FEF8961 
 202      7C6BDA6E 
 202      1605A87F 
 203 01f3 6067C7B1 		.ascii	"`g\307\261\334\376\000\351|\321\317\371\343a\234\317"
 203      DCFE00E9 
 203      7CD1CFF9 
 203      E3619CCF 
 204 0203 E5D59E36 		.ascii	"\345\325\2366\253\257\260\363\255c\351N\215\362\025"
 204      ABAFB0F3 
 204      AD63E94E 
 204      8DF215
 205 0212 3FE79261 		.ascii	"?\347\222a\234;2\037\\\266\0302\261\277\306\300G\020"
 205      9C3B321F 
 205      5CB61832 
 205      B1BFC6C0 
 205      4710
 206 0224 0AC5F839 		.ascii	"\012\305\3709\216\237\223\370q\342\347\023\010\225\375"
ARM GAS  C:\Users\NICOLA~1\AppData\Local\Temp\ccQZyExl.s 			page 16


 206      8E9F93F8 
 206      71E2E713 
 206      0895FD
 207 0233 06A7C000 		.ascii	"\006\247\300\000\212b\036\316\012\261\\\037\036z]\250"
 207      8A621ECE 
 207      0AB15C1F 
 207      1E7A5DA8 
 208 0243 499245F1 		.ascii	"I\222E\361k\351\222E\343\365\254*\277\322}:T(p\232!"
 208      6BE99245 
 208      E3F5AC2A 
 208      BFD27D3A 
 208      5428709A 
 209 0258 4EB71754 		.ascii	"N\267\027T\006\252\2572Dkk\311\034F(-\301f\315\334\343"
 209      06AAAF32 
 209      446B6BC9 
 209      1C46282D 
 209      C166CDDC 
 210 026d E81F1800 		.ascii	"\350\037\030\000\00283$@)\003\374\303Q\360oP\377\302"
 210      02383324 
 210      402903FC 
 210      C351F06F 
 210      50FFC2
 211 0280 00FB3A76 		.ascii	"\000\373:v\177j\223\010\247\375\021>\033\022\241\214"
 211      7F6A9308 
 211      A7FD113E 
 211      1B12A18C 
 212 0290 119AF6B7 		.ascii	"\021\232\366\267g\201\372WF\370\373\301\254\\\220\010"
 212      6781FA57 
 212      46F8FBC1 
 212      AC5C9008 
 213 02a0 55FE08FF 		.ascii	"U\376\010\377\033\022\241\034B\213\306\225:\006\006"
 213      1B12A11C 
 213      428BC695 
 213      3A0606
 214 02af 3A9B8EBE 		.ascii	":\233\216\276\021Z\"~\005\274%\320\020\263\206\033\013"
 214      115A227E 
 214      05BC25D0 
 214      10B3861B 
 214      0B
 215 02c0 F3869B04 		.ascii	"\363\206\233\0043\207\375\216\2713(\22493P\357[\330"
 215      3387FD8E 
 215      B9332894 
 215      393350EF 
 215      5BD8
 216 02d2 C68A7BC1 		.ascii	"\306\212{\301hc\303@\032\006\261\365\030\032\216e\227"
 216      6863C340 
 216      1A06B1F5 
 216      181A8E65 
 216      97
 217 02e3 71341CAF 		.ascii	"q4\034\257P\326\037\003\302\236@\212\211$\202ILBa\012"
 217      50D61F03 
 217      C29E408A 
 217      89248249 
 217      4C42610A 
 218 02f7 E1744EA6 		.ascii	"\341tN\246\341\024\022S9;\217\323\363i4\237Nb\006\023"
 218      E1141253 
 218      393B8FD3 
ARM GAS  C:\Users\NICOLA~1\AppData\Local\Temp\ccQZyExl.s 			page 17


 218      F369349F 
 218      4E620613 
 219 030b 9E49C350 		.ascii	"\236I\303P\216|\026\320\306\017#\253'H\204\223x\222"
 219      8E7C16D0 
 219      C60F23AB 
 219      27488493 
 219      7892
 220 031d C453249E 		.ascii	"\304S$\236&\361\014\211\010\022v\022sHD\222\230Gb>\211"
 220      26F10C89 
 220      08127612 
 220      73484492 
 220      9847623E 
 221 0332 67494491 		.ascii	"gID\221X@b!\211E$\026\223XBb)\211e$\226\223x\236\304"
 221      58406221 
 221      89452416 
 221      93584262 
 221      29896524 
 222 034b 0A122F92 		.ascii	"\012\022/\222XIb\025\211\325$^\"\261\206\304Z\022\353"
 222      58496215 
 222      89D5245E 
 222      22B186C4 
 222      5A12EB
 223 035e 4844735A 		.ascii	"HDsZc8O\261\234\242\365\234\2358Nb<\247UQ\232\260o\361"
 223      63384FB1 
 223      9CA2F59C 
 223      9D384E62 
 223      3CA75551 
 224 0376 EC6D1602 		.ascii	"\354m\026\002\277\324k\220\321\223\335ph\0015\262KX"
 224      BFD46B90 
 224      D193DD70 
 224      680135B2 
 224      4B58
 225 0388 5CC28C05 		.ascii	"\\\302\214\005\376\347\341\017:\203\350\2004bu>\307"
 225      FEE7E10F 
 225      3A83E880 
 225      3462753E 
 225      C7
 226 0399 42D681E0 		.ascii	"B\326\201\340NG\0304R\330\251\345\320\253\322\311*\235"
 226      4E471834 
 226      52D8A9E5 
 226      D0ABD2C9 
 226      2A9D
 227 03ab 3CA7AA11 		.ascii	"<\247\252\021\213y\026\235\320\252!\273\011\244\221"
 227      8B79169D 
 227      D0AA21BB 
 227      09A491
 228 03ba 0DEDD068 		.ascii	"\015\355\320h\327\345\346.\225\214LX\375\012\037\344"
 228      D7E5E62E 
 228      958C4C58 
 228      FD0A1FE4 
 229 03ca 6242B649 		.ascii	"bB\266I\344v7r\240D~\333U}V\206\023\254@\345`\344 \264"
 229      E4763772 
 229      A0447EDB 
 229      557D5686 
 229      13AC40E5 
 230 03e2 83302FD2 		.ascii	"\2030/\322qB\012\222H\335n\2441\022\351\310\231\202"
 230      71420A92 
ARM GAS  C:\Users\NICOLA~1\AppData\Local\Temp\ccQZyExl.s 			page 18


 230      48DD6EA4 
 230      3112E9C8 
 230      9982
 231 03f4 D7031869 		.ascii	"\327\003\030i\203\002\347\006#\215E;4j\253}\247\304"
 231      8302E706 
 231      238D453B 
 231      346AAB7D 
 231      A7C4
 232 0406 CA31623F 		.ascii	"\3121b?V\371\304x\222\220\307J\344~7\3628\211|\340L"
 232      56F9C478 
 232      9290C74A 
 232      E47E37F2 
 232      38897CE0 
 233 041b 6EBE8E91 		.ascii	"n\276\216\221\035\330\235_\014\206\036\217\206t\026"
 233      1DD89D5F 
 233      0C861E8F 
 233      867416
 234 042a EC6DBC0D 		.ascii	"\354m\274\015\014mT\240\332\007\332I\320\343q\232^z"
 234      0C6D54A0 
 234      DA07DA49 
 234      D0E3719A 
 234      5E7A
 235 043c C4C21A79 		.ascii	"\304\302\032yx|\333t\261\306D\016\006\334G\347yK5\343"
 235      787CDB74 
 235      B1C6440E 
 235      06DC47E7 
 235      794B35E3 
 236 0450 BB08DF91 		.ascii	"\273\010\337\221*\332\216\341\222\272\360\241\234p\200"
 236      2ADA8EE1 
 236      92BAF0A1 
 236      9C7080
 237 045f 7A6DC279 		.ascii	"zm\302y\320i\023N\257\252M\270\212B\233`\307\270\004"
 237      D069134E 
 237      AFAA4DB8 
 237      8A429B60 
 237      C7B804
 238 0472 48527585 		.ascii	"HRu\205Ke\270\023P\205\253W\354n=*I\341\216\275\200"
 238      4B65B813 
 238      5085AB57 
 238      EC6E3D2A 
 238      49E18EBD 
 239 0487 AB7F0D99 		.ascii	"\253\177\015\231W36i6h\260}\377';\215l\200\341]\224"
 239      57333669 
 239      3668B07D 
 239      FF273B8D 
 239      6C80E15D 
 240 049c 3BBE05C0 		.ascii	";\276\005\300%\036C\256\"\332\326\327\261\265\005\004"
 240      251E43AE 
 240      22DAD6D7 
 240      B1B50504 
 241 04ac B68C3875 		.ascii	"\266\2148u5\331%\342l\365\235\011-\240b\245E5)bl\037"
 241      35D925E2 
 241      6CF59D09 
 241      2DA062A5 
 241      45352962 
 242 04c2 A4B6800E 		.ascii	"\244\266\200\016\353%.\375\326%bm\247:\323Z@\217Y\026"
 242      EB252EFD 
ARM GAS  C:\Users\NICOLA~1\AppData\Local\Temp\ccQZyExl.s 			page 19


 242      D625626D 
 242      A73AD35A 
 242      408F5916 
 243 04d6 6DF47CBD 		.ascii	"m\364|\275\255\232\034\014D]\354\274\216\232x[[\347"
 243      AD9A1C0C 
 243      445DECBC 
 243      8E9A785B 
 243      5BE7
 244 04e8 06CC814E 		.ascii	"\006\314\201N\331\021.\233\267\2750\007\006\035\331"
 244      D9112E9B 
 244      B7BD3007 
 244      061DD9
 245 04f7 B8CD696B 		.ascii	"\270\315ik\323N\246-\314\2474\006\370%\205=\021\323"
 245      D34EA62D 
 245      CCA73406 
 245      F825853D 
 245      11D3
 246 0509 E55B0923 		.ascii	"\345[\011#V\242F\226\353\277\331m:i\024\214vZ\017\247"
 246      56A24696 
 246      EBBFD96D 
 246      3A69148C 
 246      765A0FA7 
 247 051d 37BCD627 		.ascii	"7\274\326'\244v\022> \273\372\354rM\023\302\225\235"
 247      A476123E 
 247      20BBFAEC 
 247      724D13C2 
 247      959D
 248 052f C4654405 		.ascii	"\304eD\005-\214J\351\325]\370\2344\232L\005\"7\203\234"
 248      2D8C4AE9 
 248      D55DF89C 
 248      349A4C05 
 248      2237839C 
 249 0543 4F8159E8 		.ascii	"O\201Y\3507YZ]\002\251\234\212z\017L)\301L\225!\365"
 249      37595A5D 
 249      02A99C8A 
 249      7A0F4C29 
 249      C14C9521 
 250 0558 17FE4E5A 		.ascii	"\027\376NZ<.\003\367\354 #\356\240\257\334!vi0\323\320"
 250      3C2E03F7 
 250      EC2023EE 
 250      A0AFDC21 
 250      766930D3 
 251 056d CE77ADE9 		.ascii	"\316w\255\351\2703P\353\277\326\014\324{\326*\243\265"
 251      B83350EB 
 251      BFD60CD4 
 251      7BD62AA3 
 251      B5
 252 057e 66485A67 		.ascii	"fHZg\017/\225\0263q\241+\215\351U|i2aC\327B\010\361"
 252      0F2F9516 
 252      3371A12B 
 252      8DE9557C 
 252      69326143 
 253 0596 F48341BF 		.ascii	"\364\203A\277\231\036\230r\202\011E\203\262\023\035"
 253      991E9872 
 253      82094583 
 253      B2131D
 254 05a5 5D654669 		.ascii	"]eFi\021\346\333\301*\277Y\217\367\274\373\243m7\274"
ARM GAS  C:\Users\NICOLA~1\AppData\Local\Temp\ccQZyExl.s 			page 20


 254      11E6DBC1 
 254      2ABF598F 
 254      F7BCFBA3 
 254      6D37BC
 255 05b8 83AF8B00 		.ascii	"\203\257\213\000\227\230\005\227\250i\350\375R\375\306"
 255      97980597 
 255      A869E8FD 
 255      52FDC6
 256 05c7 09534481 		.ascii	"\011SD\201#\023\037\230\341k\330\015w\371>\007u\020"
 256      23131F98 
 256      E16BD80D 
 256      77F93E07 
 256      7510
 257 05d9 41CBDECF 		.ascii	"A\313\336\317\356\323j\363\204\226\232\036O\265\302"
 257      EED36AF3 
 257      84969A1E 
 257      4FB5C2
 258 05e8 7125D493 		.ascii	"q%\324\223\262+\273I/\225O\262^\245\210r\277\233@:\237"
 258      B22BBB49 
 258      2F954FB2 
 258      5EA58872 
 258      BF9B403A 
 259 05fd D5B73B1C 		.ascii	"\325\267;\034\245\223\037\031\301eo\004W \002\341\230"
 259      A5931F19 
 259      C1656F04 
 259      572002E1 
 259      98
 260 060e DA47F7DC 		.ascii	"\332G\367\334\324\236\0321\227\253\214\004\204t\315"
 260      D49E1A31 
 260      97AB8C04 
 260      8474CD
 261 061d CDA55C0B 		.ascii	"\315\245\\\013\362i-\365=\331]\032\227g\020\032\365"
 261      F2692DF5 
 261      3DD95D1A 
 261      9767101A 
 261      F5
 262 062e 924B9B66 		.ascii	"\222K\233f\026\301z\335h\271\\\367FPO\\\"d\231<\\\354"
 262      16C17ADD 
 262      68B95CF7 
 262      46504F5C 
 262      2264993C 
 263 0644 23E6F20D 		.ascii	"#\346\362\015#\361\305\247\201\271`\344MZ\344s\230\216"
 263      23F1C5A7 
 263      81B960E4 
 263      4D5AE473 
 263      988E
 264 0656 5D465EAF 		.ascii	"]F^\257E\036\311z\375h#\377\326\273^#E\036I'\320\225"
 264      451EC97A 
 264      FD6823FF 
 264      D6BB5E23 
 264      451E4927 
 265 066c 8CE23743 		.ascii	"\214\3427C$\274\340\035\240\360\251\250Wz\314*>>\237"
 265      24BCE01D 
 265      A0F0A9A8 
 265      577ACC2A 
 265      3E3E9F
 266 067f 71E6CD29 		.ascii	"q\346\315)\3621o\364\276\212,~y\030p\243\177\347\261"
ARM GAS  C:\Users\NICOLA~1\AppData\Local\Temp\ccQZyExl.s 			page 21


 266      F2316FF4 
 266      BE8A2C7E 
 266      791870A3 
 266      7FE7B1
 267 0692 3628A7F4 		.ascii	"6(\247\364*\227\264\357+-\015\363F\234\206\3579,\372"
 267      2A97B4EF 
 267      2B2D0DF3 
 267      469C86EF 
 267      392CFA
 268 06a5 410237DC 		.ascii	"A\0027\334%u\027p\276\334\006>\211y\026\241Q\357\237"
 268      25751770 
 268      BEDC063E 
 268      897916A1 
 268      51EF9F
 269 06b8 9828D687 		.ascii	"\230(\326\207pb\336\2338Db\246=2\202&o\004\315\224\230"
 269      7062DE9B 
 269      384462A6 
 269      3D328226 
 269      6F04CD94 
 270 06cd 282665F4 		.ascii	"(&e\364\220z\340&\265`\304\244Z\030RG\2207\007\223Z"
 270      907AE026 
 270      B560C4A4 
 270      5A185247 
 270      90370793 
 271 06e2 F810A945 		.ascii	"\370\020\251E\010\215z\177R\213Y?jR\255\336\010n\021"
 271      088D7A7F 
 271      528B593F 
 271      6A52ADDE 
 271      086E11
 272 06f5 A9C54CCA 		.ascii	"\251\305L\312Du\345\206}\360\275Fj\311\210I\375\300"
 272      4475E586 
 272      7DF0BD46 
 272      6AC98849 
 272      FDC0
 273 0707 907A82BC 		.ascii	"\220z\202\274\355nX7\251\245\334\260K\374\267\3322\326"
 273      ED6E5837 
 273      A9A5DCB0 
 273      4BFCB7DA 
 273      32D6
 274 0719 0BD9B043 		.ascii	"\013\331\260CQ\230\372\310\365\332\274\353\375H\024"
 274      5198FAC8 
 274      F5DABCEB 
 274      FD4814
 275 0728 96318500 		.ascii	"\2261\205\000%g\212\254K\371\015\215\302\362\021Sh\367"
 275      25678AAC 
 275      4BF90D8D 
 275      C2F21153 
 275      68F7
 276 073a 42FE3498 		.ascii	"B\3764\230\302\363La\271?\205\025\254\0375\205;\336"
 276      C2F34C61 
 276      B93F8515 
 276      AC1F3585 
 276      3BDE
 277 074c F53A88C2 		.ascii	"\365:\210\302\012\2057U~\236{S\371\354\"\263\262#P\022"
 277      0A853755 
 277      7E9E7B53 
 277      F9EC22B3 
ARM GAS  C:\Users\NICOLA~1\AppData\Local\Temp\ccQZyExl.s 			page 22


 277      B2235012 
 278 0760 FBBC5623 		.ascii	"\373\274V#\366\342\210\211\335\365\366p\347\340\206"
 278      F6E28889 
 278      DDF5F670 
 278      E7E086
 279 076f 5BF950C3 		.ascii	"[\371P\303\255Bh\324\3737\334j\326\217\272\341\272\274"
 279      AD4268D4 
 279      FB37DC6A 
 279      D68FBAE1 
 279      BABC
 280 0781 11DC23AA 		.ascii	"\021\334#\252\253\231\224\305C\352\254\233\324K#&\325"
 280      AB9994C5 
 280      43EAAC9B 
 280      D44B2326 
 280      D5
 281 0792 EDED61D7 		.ascii	"\355\355a\327`Rk\036\"\265\026\241Q\357Oj\035\353GM"
 281      60526B1E 
 281      22B516A1 
 281      51EF4F6A 
 281      1DEB474D 
 282 07a6 AAC71B41 		.ascii	"\252\307\033A/\221Z\307\244\254|g\344;i\377\307\363"
 282      2F915AC7 
 282      A4AC7C67 
 282      E43B69FF 
 282      C7F3
 283 07b8 E50D2E1A 		.ascii	"\345\015.\032oyx\027\361\\B\371*\030-\217\330\033y\301"
 283      6F797817 
 283      F15C42F9 
 283      2A182D8F 
 283      D81B79C1 
 284 07cc 9A91FB5E 		.ascii	"\232\221\373^"
 285 07d0 87203665 		.ascii	"\207 6eg\005\203\324g\3279\265\237\0141\370\222\365"
 285      670583D4 
 285      67D739B5 
 285      9F0C31F8 
 285      92F5
 286 07e2 05E19B66 		.ascii	"\005\341\233f\214\274O48\027I\243X|{\371]\367\371r\032"
 286      8CBC4F34 
 286      381749A3 
 286      587C7BF9 
 286      5DF7F972 
 287 07f7 2BAD5A9C 		.ascii	"+\255Z\234Q\322j=\276)\374\254\370>\273^Z\375\260P\032"
 287      51D26A3D 
 287      BE29FCAC 
 287      F83EBB5E 
 287      5AFDB050 
 288 080c C5D1A9EF 		.ascii	"\305\321\251\357k\304\267\33182\312\315\356v\316\221"
 288      6BC4B7D9 
 288      3832CACD 
 288      EE76CE91 
 289 081c 56F1F2F0 		.ascii	"V\361\362\360\257\331\265?C\036\376x\201\275\357\343"
 289      AFD9B53F 
 289      431EFE78 
 289      81BDEFE3 
 290 082c C4D7E678 		.ascii	"\304\327\346x&\025H?\203\032`{i\361\005U^\024\3517\022"
 290      2615483F 
 290      831A607B 
ARM GAS  C:\Users\NICOLA~1\AppData\Local\Temp\ccQZyExl.s 			page 23


 290      69F10555 
 290      5E14E937 
 291 0841 A016DF3B 		.ascii	"\240\026\337;\013g\317\266\343\377\313[\267m\332\226"
 291      0B67CFB6 
 291      E3FFCB5B 
 291      B76DDA96 
 292 0851 941A1915 		.ascii	"\224\032\031\025iOJ\265o\335\230`ONJIK\265\307\305\257"
 292      694F4AB5 
 292      6FDD9860 
 292      4F4E4A49 
 292      4BB5C7C5 
 293 0866 9B37D7BE 		.ascii	"\2337\327\276v\355\013\366U1\277\214\376\323\\{\362"
 293      76ED0BF6 
 293      5531BF8C 
 293      FED35C7B 
 293      F2
 294 0877 C684DF27 		.ascii	"\306\204\337'$l\236\375\262\242#\013]\342\306\324Wt"
 294      246C9EFD 
 294      B2A2230B 
 294      5DE2C6D4 
 294      5774
 295 0889 89499BB7 		.ascii	"\211I\233\267\350I\244\030\222\322\376\234\274%\305"
 295      E849A418 
 295      92D2FE9C 
 295      BC25C5
 296 0898 98949ABC 		.ascii	"\230\224\232\274e\313\346\024}\362\037\2237\247\350"
 296      65CBE614 
 296      7DF21F93 
 296      37A7E8
 297 08a7 3626A4A5 		.ascii	"6&\244\245\250\233\266\245\231h@\036\"1R$\316\025\211"
 297      A89BB6A5 
 297      9968401E 
 297      22315224 
 297      CE1589
 298 08ba F3FF0F8F 		.ascii	"\363\377\017\2171\203\351"
 298      3183E9
 299              		.text
 300              		.section	.gnu.lto_.symbol_nodes.cfe44ad9,"",%progbits
 301 0000 789C6366 		.ascii	"x\234cf``Pa\200\002\246\211L\365\014\014\023\31610\324"
 301      60605061 
 301      8002A689 
 301      4CF50C0C 
 301      13CE3130 
 302 0015 D733CC5B 		.ascii	"\3273\314[\300\301\3004\211\251\236\021Y\200\001\000"
 302      C0C1C034 
 302      89A99E11 
 302      59800100 
 303 0025 B3430996 		.ascii	"\263C\011\226"
 304              		.text
 305              		.section	.gnu.lto_.refs.cfe44ad9,"",%progbits
 306 0000 789C6366 		.ascii	"x\234cf```d\200\002\000\000=\000\005"
 306      60606064 
 306      80020000 
 306      3D0005
 307              		.text
 308              		.section	.gnu.lto_.decls.cfe44ad9,"",%progbits
 309 0000 789CAD58 		.ascii	"x\234\255X{TT\307\031\277sgwY\226e\361\02459\236\264"
ARM GAS  C:\Users\NICOLA~1\AppData\Local\Temp\ccQZyExl.s 			page 24


 309      7B5454C7 
 309      19BF7367 
 309      77599665 
 309      F1143539 
 310 0016 259C96DA 		.ascii	"%\234\226\332\236DD\322\234\246\3774\002\032m\215\322"
 310      9E4444D2 
 310      9CA6FF34 
 310      021A6D8D 
 310      D2
 311 0027 C5342727 		.ascii	"\3054''\234C\211\273\352\236\"Ka\3511\377]\036\021\220"
 311      9C4389BB 
 311      EA9E224B 
 311      61E931FF 
 311      5D1E1190 
 312 003b A7F87E2F 		.ascii	"\247\370~/\210\002\006E\004E\303S\220\247\274D\002*"
 312      88020645 
 312      0445C353 
 312      90A7BC44 
 312      022A
 313 004d 511E51F1 		.ascii	"Q\036Q\361\005\030\004\025\243\320ofv\367\356.\213\265"
 313      05180415 
 313      A3D06F66 
 313      76F7EE2E 
 313      8BB5
 314 005f 6DEEE1DB 		.ascii	"m\356\341\333\271\337\314o\276\327|3\337\\0\307q\253"
 314      B9DFCC6F 
 314      BED77C33 
 314      DF5C30C7 
 314      71AB
 315 0071 10C74DC3 		.ascii	"\020\307M\303\363\341|\216s\307\034\007\177\\ '><\320"
 315      F3E17C8E 
 315      73C71C07 
 315      7F5C2027 
 315      3E3CD0
 316 0084 1DA07711 		.ascii	"\035\240w\0217\343!\375n&\274\012H\0114\010\3646\351"
 316      37E321FD 
 316      6E26BC0A 
 316      48093408 
 316      F436E9
 317 0097 03FC6AA0 		.ascii	"\003\374j\240\373\360\256\206v\000\332 h\177\011\364"
 317      FBF0AE86 
 317      7600DA20 
 317      687F09F4 
 318 00a7 57A0B540 		.ascii	"W\240\265@?\007\232\007\375~\320\366@{\001h\001\274"
 318      3F079A07 
 318      FD7ED0F6 
 318      407B0168 
 318      01BC
 319 00b9 D7433B0F 		.ascii	"\327C;\017\332\213\320\316\201\266\006Zwh\353\240\235"
 319      DA8BD0CE 
 319      81B6065A 
 319      7768EBA0 
 319      9D
 320 00ca 0F6D03B4 		.ascii	"\017m\003\264o@[\013\355\\h\257C{\025\350;\240k@\275"
 320      6F405B0B 
 320      ED5C68AF 
 320      437B15E8 
ARM GAS  C:\Users\NICOLA~1\AppData\Local\Temp\ccQZyExl.s 			page 25


 320      3BA06B40 
 321 00df 56767FE6 		.ascii	"Vv\177\346\300n\342\213\213\235\335oC\337\257\200~\003"
 321      C06EE28B 
 321      8B9DDD6F 
 321      43DFAF80 
 321      7E03
 322 00f1 74C6E4C3 		.ascii	"t\306\344\303\2379f#\361Af\262\215\330El\"v\020\033"
 322      9F396623 
 322      F14166B2 
 322      8DD8456C 
 322      2276101B 
 323 0105 887E344B 		.ascii	"\210~4K|~\340\321\371\223\343\255.wy\244Rx\020\366\233"
 323      7C7EE0D1 
 323      F993E3AD 
 323      2E7779A4 
 323      527810F6 
 324 011a CCC63D32 		.ascii	"\314\306=2`\225\012\011a\313GS.\313\351h\265\202\360"
 324      60950A09 
 324      61CB4753 
 324      2ECBE968 
 324      B582F0
 325 012d 399732F6 		.ascii	"9\2272\366\":\234\207\010\177d\317@\227\342\235\343"
 325      223A9C87 
 325      087F64CF 
 325      4097E29D 
 325      E3
 326 013e 8220240A 		.ascii	"\202 $\012\325sD\251e\317\316\346\252\350\274~\212;"
 326      D57344A9 
 326      65CFCEE6 
 326      AAE8BC7E 
 326      8A3B
 327 0150 5D7E77C2 		.ascii	"]~w\302\215\316{\213\260}\225ewd\330\231\016UU>\253"
 327      8DCE7B8B 
 327      B07D9565 
 327      7764D899 
 327      0E55553E 
 328 0165 57E0B7E8 		.ascii	"W\340\267\350{Jb\177\223\002\377\232\276\307\034+Kq"
 328      7B4A627F 
 328      9302FF9A 
 328      BEC71C2B 
 328      4B71
 329 0177 82296F2B 		.ascii	"\202)o+\250\304\276\375\2239\316\224%\311\340\006]|"
 329      A8C4BEFD 
 329      9339CE94 
 329      25C9E006 
 329      5D7C
 330 0189 E31DE188 		.ascii	"\343\035\341\210\012y)r@\375\243\273\231\365o\011\202"
 330      0A792972 
 330      40FDA3BB 
 330      99F56F09 
 330      82
 331 019a 04952005 		.ascii	"\004\225 \005:\2050\372\032\275\003\246\320\331\344"
 331      3A8530FA 
 331      1ABD03A6 
 331      D0D9E4
 332 01a9 49148458 		.ascii	"I\024\204X!#NpnTq(\027-@yh\001\207\212\221\027 (\026"
 332      21234E70 
ARM GAS  C:\Users\NICOLA~1\AppData\Local\Temp\ccQZyExl.s 			page 26


 332      6E547128 
 332      172D4079 
 332      6801878A 
 333 01c2 1541E769 		.ascii	"\025A\347i\350\004\301u/*\343\245H\341\345x\322Y\007"
 333      E804C175 
 333      2F2AE3A5 
 333      48E1E578 
 333      D25907
 334 01d5 93A80985 		.ascii	"\223\250\011\205_e\316'&\234\001\023\012E\023\300\""
 334      5F65CE27 
 334      269C0113 
 334      0A4513C0 
 334      22
 335 01e6 4B5C5E34 		.ascii	"K\\^4\357;\257\304\217\021\365\360p\306\201\011)\236"
 335      EF3BAFC4 
 335      8F11F5F0 
 335      70C68109 
 335      299E
 336 01f8 64CC91F1 		.ascii	"d\314\221\361\216\037\344X\340)\223\263sW\201\224\206"
 336      8E1FE458 
 336      E02993B3 
 336      73578194 
 336      86
 337 0209 4B4ED8EC 		.ascii	"KN\330\354\302\363\237\342D6Tb,h\3008\2151\227\006\237"
 337      C2F39FE2 
 337      44365462 
 337      2C68C038 
 337      8D319706 
 338 021e 3D5652DC 		.ascii	"=VR\334\034\302\326\014\177\235\254\302\231l,\357h\352"
 338      1CC2D60C 
 338      7F9DACC2 
 338      996C2CEF 
 338      68EA
 339 0230 10C6BB19 		.ascii	"\020\306\273\031\263\367iK=\213\377\233\300:']\210\277"
 339      B3F7694B 
 339      3D8BFF9B 
 339      C03A275D 
 339      88BF
 340 0242 A3449EEC 		.ascii	"\243D\236\354q\3672\202\237\217\312\363\247Vn\217\023"
 340      71F73282 
 340      9F8FCAF3 
 340      A7566E8F 
 340      13
 341 0253 72DEA4F6 		.ascii	"r\336\244\366\237\003\373\033\221\273\350\365\302\005"
 341      9F03FB1B 
 341      91BBE8F5 
 341      C205
 342 0261 1C8D01F8 		.ascii	"\034\215\001\370A\340\306\351\\Y\343b\012-\267\207V"
 342      41E0C6E9 
 342      5C59E362 
 342      0A2DB787 
 342      56
 343 0272 1014FA9D 		.ascii	"\020\024\372\235\005:j\201\226:\224*\"_Z\220e\366\310"
 343      053A6A81 
 343      963A942A 
 343      225F5A90 
 343      65F6C8
ARM GAS  C:\Users\NICOLA~1\AppData\Local\Temp\ccQZyExl.s 			page 27


 344 0285 6F909D01 		.ascii	"o\220\235\001I\371fl\245c\003\254\260?Z\344\236w,W4"
 344      49F9666C 
 344      A56303AC 
 344      B03F5AE4 
 344      9E772C57 
 345 029a 21D922B6 		.ascii	"!\331\"\266\312\036Z-B\267\301z\013\031\202\360\241"
 345      CA1E5A2D 
 345      42B7C17A 
 345      0B1982F0 
 345      A1
 346 02ab 81430530 		.ascii	"\201C\0050~\202\016\0214,:j\202\014\251E\236\350\002"
 346      7E820E11 
 346      342C3A6A 
 346      820CA945 
 346      9EE802
 347 02be 503DD045 		.ascii	"P=\320E\240\032\240:\240\006\344I\223\201dL\377p\256"
 347      A01AA03A 
 347      A006E449 
 347      9381644C 
 347      FF70AE
 348 02d1 4C40641A 		.ascii	"L@d\032gJ\026\313\016\342SZw\245\270\"w/G\232\320%P"
 348      674A16CB 
 348      0EE2535A 
 348      77A5B822 
 348      772F479A 
 349 02e8 F05F2B4B 		.ascii	"\360_+K\321\311Q3L:)\246&\321lN\315o_\266\376\002w\263"
 349      D1C95133 
 349      4C3A29A6 
 349      26D16C4E 
 349      CD6F5FB6 
 350 0300 74E97F99 		.ascii	"t\351\177\231Q\"\3057\030\263\243y\333\337\361-\366"
 350      5122C537 
 350      18B3A379 
 350      DBDFF12D 
 350      F6
 351 0311 1E537DE2 		.ascii	"\036S}\342\212\023\315\243?\020\266\240 c\227\023~\300"
 351      8A13CDA3 
 351      3F10B6A0 
 351      20639713 
 351      7EC0
 352 0323 C6862A1F 		.ascii	"\306\206*\037\012<\035\013$\354\275\252{\345.x\214\215"
 352      0A3C1D0B 
 352      24ECBDAA 
 352      7BE52E78 
 352      8C8D
 353 0335 1D4E3B3D 		.ascii	"\035N;=\311\216\225\010\302\016\327<It\302\223\246\214"
 353      C98E9508 
 353      C20ED73C 
 353      4974C293 
 353      A68C
 354 0347 AE2A1E63 		.ascii	"\256*\036cI\234Hx\2711{\242_\202\334Yr\332\370\237\017"
 354      499C4878 
 354      B9317BA2 
 354      5F82DC59 
 354      72DAF89F 
 355 035c FE1FA791 		.ascii	"\376\037\247\221\35669\177\003\234\357\001G\257\003"
 355      EE36397F 
ARM GAS  C:\Users\NICOLA~1\AppData\Local\Temp\ccQZyExl.s 			page 28


 355      039CEF01 
 355      47AF03
 356 036b 5D05FA0E 		.ascii	"]\005\372\016\350\032P\257\311q#q</\177\265\000kJ|o"
 356      E81A50AF 
 356      C9712371 
 356      3C2F7FB5 
 356      006B4A7C 
 357 0380 01DFC95C 		.ascii	"\001\337\311\\K$m\022P0\236\373\255\011\330f\017lG\266"
 357      4B246D12 
 357      50309EFB 
 357      AD09D866 
 357      0F6C47B6 
 358 0394 C84633B2 		.ascii	"\310F3\262\323\036y\305\016Y`F\266\332#\253m\363T0\266"
 358      D31E79C5 
 358      0E596046 
 358      B6DA23AB 
 358      6DF35430 
 359 03a9 98A15DF6 		.ascii	"\230\241]\366\320o\355\241\345fh\207=\364\262\025\224"
 359      D06FEDA1 
 359      E5666887 
 359      3DF4B215 
 359      94
 360 03ba 2EFCC17C 		.ascii	".\374\301|\222e\335\016\262\014e\215\027\224:a\001\223"
 360      9265DD0E 
 360      B20C658D 
 360      17943A61 
 360      0193
 361 03cc C0F3B569 		.ascii	"\300\363\265i\315\345*\273\2243\207\034\365C\244_7\352"
 361      CDE52ABB 
 361      9433871C 
 361      F543A45F 
 361      37EA
 362 03de 54EB7348 		.ascii	"T\353sH\267>\230pSL\267n\353t+9\026\203\334M\252\214"
 362      B73E9870 
 362      534CB76E 
 362      EB742B39 
 362      1683DC4D 
 363 03f4 B3A9E25E 		.ascii	"\263\251\342^\251\007\304<\035\031\337\243Rn\025\017"
 363      A907C43C 
 363      1D19DFA3 
 363      526E150F 
 364 0404 6A3460B5 		.ascii	"j4`\265e94\210\224&\344HE\361v\251\204g}\350sZ\336\022"
 364      65393488 
 364      9426E448 
 364      45F176A9 
 364      84677DE8 
 365 041c 9A5E5E70 		.ascii	"\232^^p}c'5\"N\230#A\201\363\255\346\336Bo\300\357\367"
 365      7D632735 
 365      224E9823 
 365      4181F3AD 
 365      E6DE426F 
 366 0433 48C2040C 		.ascii	"H\302\004\014\346\365\2249\341\2554Vh\354\305\256\373"
 366      E6F59439 
 366      E1AD3456 
 366      68ECC5AE 
 366      FB
 367 0444 2E1E8704 		.ascii	".\036\207\004\343\251G\347RG\026\357\025\214\261\302"
ARM GAS  C:\Users\NICOLA~1\AppData\Local\Temp\ccQZyExl.s 			page 29


 367      E3A947E7 
 367      524716EF 
 367      158CB1C2 
 368 0454 D4F434A2 		.ascii	"\324\3644\242\263\320m\213\317\034y\247\306\242;\310"
 368      B3D06D8B 
 368      CF1C79A7 
 368      C6A23BC8 
 369 0464 0326D636 		.ascii	"\003&\3266f\365JYe\344\211\240\353\355E\003*\232\375"
 369      66F54A59 
 369      65E489A0 
 369      EBED4503 
 369      2A9AFD
 370 0477 EF1076D7 		.ascii	"\357\020v\327\361\273\032\334\311t\014\327\344lV@\015"
 370      F1BB1ADC 
 370      C9740CD7 
 370      E46C5640 
 370      0D
 371 0488 8A7BBD1A 		.ascii	"\212{\275\032\0043\246z\267\304+q\037\233\236Z\274o"
 371      0433A67A 
 371      B7C42B71 
 371      1F9B9E5A 
 371      BC6F
 372 049a 9F1CDF66 		.ascii	"\237\034\337f\314\263\214\243G%\370!c\312\262\362G\345"
 372      CCB38CA3 
 372      4725F821 
 372      63CAB2F2 
 372      47E5
 373 04ac 789C3155 		.ascii	"x\2341UM1\255\012\374\2341\275\231Y\271*<\305\230\266"
 373      4D31AD0A 
 373      FC9C31BD 
 373      9959B92A 
 373      3CC598B6 
 374 04c0 A98C3127 		.ascii	"\251\2141'\034+\261)5*Vj\366\365\334\036\307\324l\352"
 374      1C2BB129 
 374      352A566A 
 374      F6F5DC1E 
 374      C7D46CEA 
 375 04d4 C5CEE6FD 		.ascii	"\305\316\346\375\351R\034\317\240\031\003\231W$8UbS"
 375      E9521CCF 
 375      A0190399 
 375      57243855 
 375      6253
 376 04e6 C63D5819 		.ascii	"\306=X\031\337\375\340Y\211\234\262\323\323\230$]\366"
 376      DFFDE059 
 376      899CB2D3 
 376      D398245D 
 376      F6
 377 04f7 8D8E0167 		.ascii	"\215\216\001gK\021?{\033\221\012:\011\307\357\204\230"
 377      4B113F7B 
 377      1B910A3A 
 377      09C7EF84 
 377      98
 378 0508 371ED645 		.ascii	"7\036\326E\034\302!\315\203X\214\201\333\217I,\236A"
 378      1CC221CD 
 378      83588C81 
 378      DB8F492C 
 378      9E41
ARM GAS  C:\Users\NICOLA~1\AppData\Local\Temp\ccQZyExl.s 			page 30


 379 051a 2C3C4CB1 		.ascii	",<L\261x\002\235OY\021/\036\034IV\230\005\027\326\245"
 379      78029D4F 
 379      59112F1E 
 379      1C495698 
 379      0517D6A5 
 380 052e D1D2FC23 		.ascii	"\321\322\374#\010\036\027\005O\242WJ~\356P2*\035M\037"
 380      081E1705 
 380      4FA2574A 
 380      7EEE5032 
 380      2A1D4D1F 
 381 0542 44780FF3 		.ascii	"Dx\017\363/y\307x\023\217\017PF\262\265\252|.\362t\367"
 381      2F79C778 
 381      138F0F50 
 381      46B2B5AA 
 381      7C2EF274 
 382 0557 3455D4A4 		.ascii	"4U\324\244'+\343\342\204\035oR\265/@\3554\344\246E\372"
 382      272BE3E2 
 382      841D6F52 
 382      B52F40ED 
 382      34E4A645 
 383 056c 42BB6A62 		.ascii	"B\273jb\024>\214\344\254\322o\332\264\333bx/4\005Y/"
 383      143E8CE4 
 383      ACD26FDA 
 383      B4DB6278 
 383      2F340559 
 384 0581 F096332D 		.ascii	"\360\2263-\326x-A\226\267\230\312}\351P\356\230\270"
 384      D6782D41 
 384      96B798CA 
 384      7DE950EE 
 384      98B8
 385 0593 FDDB7391 		.ascii	"\375\333s\221\234 f\356\376\346\373\365\3032\234\315"
 385      9C2066EE 
 385      FEE6FBF5 
 385      C3329CCD 
 386 05a3 6C4F9928 		.ascii	"lO\231(\355%w\202\271\324\370\376\266\3346\245`\252"
 386      ED257782 
 386      B9D4F8FE 
 386      B6DC36A5 
 386      60AA
 387 05b5 843F808A 		.ascii	"\204?\200\212\257\370\271\263\224m\241\377\372\220\264"
 387      AFF8B9B3 
 387      946DA1FF 
 387      FA90B4
 388 05c4 3A965911 		.ascii	":\226Y\021\313\317\012\3154m3\262\327E/\011\230x\271"
 388      CBCF0ACD 
 388      346D33B2 
 388      D7452F09 
 388      9878B9
 389 05d7 05BC8CE3 		.ascii	"\005\274\214\343=Q<ou\206\264&8\301\311\005\220\231"
 389      3D513C6F 
 389      7586B426 
 389      38C1C905 
 389      9099
 390 05e9 B667A78F 		.ascii	"\266g\247\217&\273\315\005\2311\263\312\344l\004\302"
 390      26BBCD05 
 390      9931B3CA 
 390      E46C04C2 
ARM GAS  C:\Users\NICOLA~1\AppData\Local\Temp\ccQZyExl.s 			page 31


 391 05f9 9CED57B3 		.ascii	"\234\355W\263\247\0248\207-\\\321\305\3128\027\234\317"
 391      A7143887 
 391      2D5CD1C5 
 391      CA38179C 
 391      CF
 392 060a 1861AAF1 		.ascii	"\030a\252\361\245+>\311\030\363\225X\311\256\304\007"
 392      A52B3EC9 
 392      18F39558 
 392      C9AEC407 
 393 061a 6F5C79E8 		.ascii	"o\\y\350\212\213\331Xqe\342v\005>\307\230\274\301\266"
 393      8A8BD958 
 393      7165E276 
 393      053EC798 
 393      BCC1B6
 394 062d 4C570A5C 		.ascii	"LW\012\\\010\254kv\366\304}\231\271p\315\254^C`\337"
 394      08AC6B76 
 394      F6C47D99 
 394      B970CDAC 
 394      5E4360DF 
 395 0641 5D6A5F3A 		.ascii	"]j_:\317Vv?\370\274\003L\334\007\264\023(\003h\033\320"
 395      CF56763F 
 395      F8BC034C 
 395      DC07B413 
 395      2803681B 
 396 0656 76A0BD40 		.ascii	"v\240\275@\231@\273\200v\003\355\261\254~|\\\177\263"
 396      9940BB80 
 396      7603EDB1 
 396      AC7E7C5C 
 396      7FB3
 397 0668 6971EEC3 		.ascii	"iq\356\303\342\214\300\342\020\201\263\334\224\342\343"
 397      E28CC0E2 
 397      1081B3DC 
 397      94E2E3
 398 0677 8C97E8ED 		.ascii	"\214\227\350\355\207`G\355\2616W5\200~g\201&\361v\320"
 398      876047ED 
 398      B1365735 
 398      807E6781 
 398      26F176D0 
 399 068b 6A7BB12D 		.ascii	"j{\261-\026\354#\307b\255\260U\026\354\003{\354B[\013"
 399      16EC23C7 
 399      62ADB055 
 399      16EC037B 
 399      EC425B0B 
 400 069f 9A2CC861 		.ascii	"\232,\310a\307\216\211\320\033\026\350V{c\223y[\350"
 400      C78E89D0 
 400      1B16E856 
 400      7B639379 
 400      5BE8
 401 06b1 4D0B34C5 		.ascii	"M\0134\3051\324\312\326>\0136\325\036\233f#6\246\277"
 401      31D4CAD6 
 401      3E0B36D5 
 401      1E9B6623 
 401      36A6BF
 402 06c4 37575B1D 		.ascii	"7W[\035\217Q\002\344[\242\343xYL\350o\264Z\263\207\016"
 402      8F5102E4 
 402      5BA2E378 
 402      594CE86F 
ARM GAS  C:\Users\NICOLA~1\AppData\Local\Temp\ccQZyExl.s 			page 32


 402      B45AB387 
 403 06d9 836055B2 		.ascii	"\203`U\262+\350\305\020 3/\206\207\216\215?pA^\356\024"
 403      2BE8C510 
 403      20332F86 
 403      878E8D3F 
 403      70415EEE 
 404 06ee 7777831C 		.ascii	"ww\203\034\035\004A\367\3043\215L\242\217\243\334C\007"
 404      1D0441F7 
 404      C4338D4C 
 404      A28FA3DC 
 404      4307
 405 0700 20E5FE9F 		.ascii	" \345\376\237\364\203\254\237l\336\222\340\212\313\331"
 405      F483AC9F 
 405      6CDE92E0 
 405      8ACBD9
 406 070f 16482D3F 		.ascii	"\026H-?<\346lS\177\017\362\326\365\3670\2574\031\006"
 406      3CE66C53 
 406      7F0FF2D6 
 406      F5F730AF 
 406      341906
 407 0722 A6DFFCEA 		.ascii	"\246\337\374\352A\012\034\311Jjz~\262\012\\\314\202"
 407      410A1CC9 
 407      4A6A7A7E 
 407      B20A5CCC 
 407      82
 408 0733 F143BCC5 		.ascii	"\361C\274\305x\2003\343g\223\210\214`\264\265P\224\331"
 408      788033E3 
 408      6793888C 
 408      60B4B550 
 408      94D9
 409 0745 D952EC82 		.ascii	"\331R\354\202\033\2509\374\311s}\243r\323\241\337?\335"
 409      1BA839FC 
 409      C9737DA3 
 409      72D3A1DF 
 409      3FDD
 410 0757 A4000D39 		.ascii	"\244\000\0159\274\002e\213\032\316\240W~\021\036\341"
 410      BC02658B 
 410      1ACEA057 
 410      7E111EE1 
 411 0767 1D16D653 		.ascii	"\035\026\326S55\363p\027\323\261%\353E\276\253I\207"
 411      3535F370 
 411      17D3B125 
 411      EB45BEAB 
 411      4987
 412 0779 31C505A1 		.ascii	"1\305\005\241\\\320p\364\2655\034s\254\241\253\353y"
 412      5CD070F4 
 412      B5351C73 
 412      ACA1ABEB 
 412      79
 413 078a 2DA6D713 		.ascii	"-\246\327\023\"\216]O\322\323G*\234h\037q\"\217\247"
 413      228E5D4F 
 413      D2D3472A 
 413      9C681F71 
 413      228FA7
 414 079d 9D033793 		.ascii	"\235\0037\223\017\261{\014\211]>\353|~\366`\207b\326"
 414      0FB17B0C 
 414      895D3EEB 
ARM GAS  C:\Users\NICOLA~1\AppData\Local\Temp\ccQZyExl.s 			page 33


 414      7C7EF660 
 414      8762D6
 415 07b0 8BCCD73C 		.ascii	"\213\314\327<\271\310\034\347M\027\231\366\013\345;"
 415      B9C81CE7 
 415      4D1799F6 
 415      0BE53B
 416 07bf DDF00DB6 		.ascii	"\335\360\015\266\200\247\363\332\217\270\232.2\303\205"
 416      80A7F3DA 
 416      8FB89A2E 
 416      32C385
 417 07ce 3E56     		.ascii	">V"
 418 07d0 17199885 		.ascii	"\027\031\230\205\012x\361\"\003\357\354\"s\202'\027"
 418      0A78F122 
 418      03EFEC22 
 418      73822717 
 419 07e0 9996BD39 		.ascii	"\231\226\27599\354B`$\205\034M\237\355\031`\377\032"
 419      39EC4260 
 419      24851C4D 
 419      9FED1960 
 419      FF1A
 420 07f2 788F5E10 		.ascii	"x\217^\020\332z\222\244\3701S\022\333\361\360{7<m:k"
 420      DA7A92A4 
 420      F8315312 
 420      DBF1F07B 
 420      373C6D3A 
 421 0807 D387E231 		.ascii	"\323\207\3421\216\225R&)3nH\216\023\030s%/#Q\216\223"
 421      8E955226 
 421      29336E48 
 421      8E131873 
 421      252F2351 
 422 081d 1933D936 		.ascii	"\0313\3316t\006\343\035\2149\223>tX\202\0172\246\256"
 422      7406E31D 
 422      8C39933E 
 422      7458820F 
 422      32A6AE
 423 0830 67CB3D19 		.ascii	"g\313=\031\316a\314\265\334\204\355r\\\300\230mGwl\341"
 423      CE61CCB5 
 423      DC84ED72 
 423      5CC0986D 
 423      47776CE1 
 424 0844 710963AA 		.ascii	"q\011c\252\352\333\262\235\361y\306LL\244Ci\252`LS\316"
 424      EADBB29D 
 424      F179C64C 
 424      4CA44369 
 424      AA604C53 
 425 0859 FE4915AE 		.ascii	"\376I\025\256c\314\223\241\366j\204/1\246\357i_\015"
 425      63CC93A1 
 425      F66A842F 
 425      31A6EF69 
 425      5F0D
 426 086b FBBE590C 		.ascii	"\373\276Y\014\254\333\344\203[\235\316\346\357dOz\262"
 426      ACDBE483 
 426      5B9DCEE6 
 426      EF644F7A 
 426      B2
 427 087c 7B7992DD 		.ascii	"{y\222\335\374(\277t\374O\371\247\005\262\373\311\206"
 427      FC28BF74 
ARM GAS  C:\Users\NICOLA~1\AppData\Local\Temp\ccQZyExl.s 			page 34


 427      FC4FF9A7 
 427      05B2FBC9 
 427      86
 428 088d 2E823835 		.ascii	".\20285\274\342T\233*4\237)\247\035\"\255\216\237=E"
 428      BCE2549B 
 428      2A349F29 
 428      A71D22AD 
 428      8E9F3D45 
 429 08a1 1AB3D472 		.ascii	"\032\263\324r{l\232\375Y\265U\004\237\265\007\3178\204"
 429      7B6C9AFD 
 429      59B55504 
 429      9FB507CF 
 429      3884
 430 08b3 D344F037 		.ascii	"\323D\3607\366\340\031\247`\242\010.\261\007\317\250"
 430      F6E019A7 
 430      60A2082E 
 430      B107CFA8 
 431 08c3 304922F8 		.ascii	"0I\"\370\214c3\304P\244\212\330\363\216\255\230\361"
 431      8C6333C4 
 431      50A48AD8 
 431      F38EAD98 
 431      F1
 432 08d4 857D925F 		.ascii	"\205}\222_\200\012\351P\203\351\350j\201MT\005\307R"
 432      800AE950 
 432      83E9E86A 
 432      814D5405 
 432      C752
 433 08e6 355023D0 		.ascii	"5P#\320E\240:\240\032\240V\240f\240z\240Z\240&\240\013"
 433      45A03AA0 
 433      1AA056A0 
 433      66A07AA0 
 433      5AA026A0 
 434 08fb 4097AC2A 		.ascii	"@\227\254*\250q\332\262 \305\216\275\023\015N\027\015"
 434      A871DAB2 
 434      20C58EBD 
 434      130D4E17 
 434      0D
 435 090c 2E73BC20 		.ascii	".s\274 \"6E\304\236\263\307\316(\240{Ep\205=\270R\024"
 435      223645C4 
 435      9EB3C7CE 
 435      28A07B45 
 435      70853DB8 
 436 0922 4CCFB21F 		.ascii	"L\317\262\037\013IAh\230Q\020hiI.\312A\260qk\020\225"
 436      0B494168 
 436      98511068 
 436      69492ECA 
 436      41B0716B 
 437 0938 55EA5831 		.ascii	"U\352X1\225E.\334\327kK\261\335W\2369\300\250\035\342"
 437      95452EDC 
 437      D76B4BB1 
 437      DD579E39 
 437      C0A81DE2 
 438 094c FA53C498 		.ascii	"\372S\304\230\332\274\257H\0116\267\201\270S\342\351"
 438      DABCAF48 
 438      0936B781 
 438      B853E2E9 
 439 095c D8C08BDF 		.ascii	"\330\300\213\337\200\323Y\235\177\263\251\035m6\265"
ARM GAS  C:\Users\NICOLA~1\AppData\Local\Temp\ccQZyExl.s 			page 35


 439      80D3599D 
 439      7FB3A91D 
 439      6D36B5
 440 096b A3831503 		.ascii	"\243\203\025\003\322\002\370D_U7\266\371`t\364\357\020"
 440      D202F844 
 440      5F5537B6 
 440      F96074F4 
 440      EF10
 441 097d EE3FFE2F 		.ascii	"\356?\376/\204\234\346E\335\303\274\215\342\3136\212"
 441      849CE645 
 441      DDC3BC8D 
 441      E2CB368A 
 442 098d 3B4D8A3B 		.ascii	";M\212;\251\342\316\352\370F\225C\305\334\353kEWxw\220"
 442      A9E2CEEA 
 442      F8469543 
 442      C5DCEB6B 
 442      45577877 
 443 09a2 B5DFD8B1 		.ascii	"\265\337\330\261[\2510\025\206\304\377\374M\207\272"
 443      5BA93015 
 443      86C4FFFC 
 443      4D87BA
 444 09b1 780539E4 		.ascii	"x\0059\344F\232+\335\350\231\017&\231\212\303\275'\202"
 444      469A2BDD 
 444      E8990F26 
 444      998AC3BD 
 444      2782
 445 09c3 9276916A 		.ascii	"\222v\221j\370-+\003E\007N\024;\317Z\006zh\031\3506"
 445      F82D2B03 
 445      45074E14 
 445      3BCF5A06 
 445      7A6819E8 
 446 09d8 97818ADA 		.ascii	"\227\201\212\332\211\313\2568YF\017\276\206\307]\267"
 446      89CBAE38 
 446      59460FBE 
 446      86C75DB7 
 447 09e8 782803D5 		.ascii	"x(\003\325P\006N\364\251,e\200'\263\320U\2532p\325\\"
 447      50064EF4 
 447      A92C6580 
 447      27B3D055 
 447      AB3270D5 
 448 09fd 06AEF11E 		.ascii	"\006\256\361\036\234\354\243\325\237x\370s?\2132l\362"
 448      9CECA3D5 
 448      9F78F873 
 448      3F8B326C 
 448      F2
 449 0a0e 5D12B221 		.ascii	"]\022\262!B\247\017\211\322\032\242#B\014\362h]\270"
 449      42A70F89 
 449      D21AA223 
 449      420CF268 
 449      5DB8
 450 0a20 01FA0C8A 		.ascii	"\001\372\014\212\220\020\363\353\372u\177\014^\267Q"
 450      9010F3EB 
 450      FA757F0C 
 450      5EB751
 451 0a2f F7852ECA 		.ascii	"\367\205.\312\020\255\321\351\203\015z}XT\360\206\360"
 451      10ADD1E9 
 451      830D7A7D 
ARM GAS  C:\Users\NICOLA~1\AppData\Local\Temp\ccQZyExl.s 			page 36


 451      5854F086 
 451      F0
 452 0a40 680FFAE6 		.ascii	"h\017\372\346\021\032\271\311C\273\351\013\255F\243"
 452      111AB9C9 
 452      43BBE90B 
 452      AD46A3
 453 0a4f D504BFB7 		.ascii	"\325\004\277\267\350\003\217%\213}~\377O\337`\350\177"
 453      E8038F25 
 453      8B7D7EFF 
 453      4FDF60E8 
 453      7F
 454 0a60 375C1FAE 		.ascii	"7\\\037\256}W\033\372\205.X\027\276.,Z\243\015\336\024"
 454      7D571BFA 
 454      852E5817 
 454      BE2E2C5A 
 454      A30DDE14 
 455 0a74 0AB2C2B5 		.ascii	"\012\262\302\265\301!\032\355\372\320\3500C\210\341"
 455      C1211AED 
 455      FAD0E830 
 455      4388E1
 456 0a83 CB086DD4 		.ascii	"\313\010m\324\242\215\334\347?\251\232\250/\243\202"
 456      A28DDCE7 
 456      3FA99AA8 
 456      2FA382
 457 0a92 43A20C1A 		.ascii	"C\242\014\032\360\001dK7\3515\332H\231\236\350\212t"
 457      F001644B 
 457      37E935DA 
 457      48999EE8 
 457      8A74
 458 0aa4 D2474568 		.ascii	"\322GEh\265\232HiDt\204&\022\3535\221\222\320\365\221"
 458      B59A4869 
 458      44748426 
 458      12EB3591 
 458      92D0F591 
 459 0ab8 61E467E3 		.ascii	"a\344g\343\007\213\026y\303\037\265C\037\345\363\276"
 459      078B1679 
 459      C31FB543 
 459      1FE5F3BE 
 460 0ac8 8FB73ECA 		.ascii	"\217\267>\312{ch\230w\204>\322\020\345\035\264\366c"
 460      7B636898 
 460      77843ED2 
 460      10E51DB4 
 460      F663
 461 0ada DF25DEAB 		.ascii	"\337%\336\253V\005x\177\024\270r\315\277\226xG\204\206"
 461      5605787F 
 461      14B872CD 
 461      BF967847 
 461      8486
 462 0aec 85848569 		.ascii	"\205\204\205i@\205,pi@\250!T\026\350\307\032\177\326"
 462      40852C70 
 462      6940A821 
 462      5416E8C7 
 462      1A7FD6
 463 0aff 04B06619 		.ascii	"\004\260f\031k\226\223\3069p\351*\177}\370z\335\006"
 463      6B9693C6 
 463      3970E92A 
 463      7F7DF87A 
ARM GAS  C:\Users\NICOLA~1\AppData\Local\Temp\ccQZyExl.s 			page 37


 463      DD06
 464 0b11 D710D3FC 		.ascii	"\327\020\323\374\020]\270\316\360\277\352^\307)\255"
 464      105DB8CE 
 464      F0BFEA5E 
 464      C729AD
 465 0b20 16D220FD 		.ascii	"\026\322 \375xM\3002\265l\315\332\317\002\227\251\235"
 465      784DC032 
 465      B56CCDDA 
 465      CF0297A9 
 465      9D
 466 0b31 D604052E 		.ascii	"\326\004\005.[\026\240\226\006~\022\030\240\306+\201"
 466      5B16A096 
 466      067E1218 
 466      A0C62B81 
 467 0b41 D604A8D1 		.ascii	"\326\004\250\321\247t\235}\336\267\2543y\305\220\003"
 467      A7749D7D 
 467      DEB7AC33 
 467      79C59003 
 468 0b51 D27561DA 		.ascii	"\322ua\332\320H\264B\342\027\244VKV\371\377E-Y\272\\"
 468      D048B442 
 468      E217A456 
 468      4B56F9FF 
 468      452D59BA 
 469 0b66 BD8AFCAC 		.ascii	"\275\212\374\254\300~j\265B\247'\326\3504!\006%{\335"
 469      C07E6AB5 
 469      42A727D6 
 469      E8342106 
 469      257BDD
 470 0b79 141AF50F 		.ascii	"\024\032\365\017\310\033\235\236\2048\3040\317\342\022"
 470      C81B9D9E 
 470      8438C430 
 470      CFE212
 471 0b88 48DB10A9 		.ascii	"H\333\020\251\217\216 \375.j\177\377\220\265\020\374"
 471      8F8E20FD 
 471      2E6A7FFF 
 471      90B510FC 
 472 0b98 00ED7ADE 		.ascii	"\000\355z\336_-\361_\376\221\032\373\257T\313\227\006"
 472      5F2DF15F 
 472      FE911AFB 
 472      AF54CB97 
 472      06
 473 0ba9 FA2D5107 		.ascii	"\372-Q\007\255\245/>\344E\266t\205\337\262\325j'2`j"
 473      ADA52F3E 
 473      E445B674 
 473      85DFB2D5 
 473      6A273260 
 474 0bbe 7DA095F8 		.ascii	"}\240\225\370\005\370\303\214 \350X\341GpR\"b\011\375"
 474      05F8C38C 
 474      20E858E1 
 474      47705222 
 474      6209FD
 475 0bd1 F5751838 		.ascii	"\365u\0308\355f\203\267\377\307A+\203 p,v\313}7o\366"
 475      ED6683B7 
 475      FFC7412B 
 475      8320702C 
 475      76CB7D37 
 476 0be7 A6915AEF 		.ascii	"\246\221Z\357\273\330w\363:X49\211;\011\333\277\001"
ARM GAS  C:\Users\NICOLA~1\AppData\Local\Temp\ccQZyExl.s 			page 38


 476      BBD877F3 
 476      3A583439 
 476      893B09DB 
 476      BF01
 477 0bf9 A3323EAB 		.ascii	"\2432>\253"
 478              		.text
 479              		.section	.gnu.lto_.symtab.cfe44ad9,"",%progbits
 480 0000 5F70616C 		.ascii	"_pal_lld_init\000\000\000\000\000\000\000\000\000\000"
 480      5F6C6C64 
 480      5F696E69 
 480      74000000 
 480      00000000 
 481 0017 0000E600 		.ascii	"\000\000\346\000\000\000_pal_lld_setgroupmode\000\000"
 481      00005F70 
 481      616C5F6C 
 481      6C645F73 
 481      65746772 
 482 0034 00000000 		.ascii	"\000\000\000\000\000\000\000\000\000\000-\001\000\000"
 482      00000000 
 482      00002D01 
 482      0000
 483              		.text
 484              		.section	.gnu.lto_.opts,"",%progbits
 485 0000 272D666E 		.ascii	"'-fno-trapv' '-mcpu=cortex-m4' '-mno-thumb-interwor"
 485      6F2D7472 
 485      61707627 
 485      20272D6D 
 485      6370753D 
 486 0033 6B272027 		.ascii	"k' '-mthumb' '-ggdb' '-O2' '-fomit-frame-pointer' '"
 486      2D6D7468 
 486      756D6227 
 486      20272D67 
 486      67646227 
 487 0066 2D66616C 		.ascii	"-falign-functions=16' '-ffunction-sections' '-fdata"
 487      69676E2D 
 487      66756E63 
 487      74696F6E 
 487      733D3136 
 488 0099 2D736563 		.ascii	"-sections' '-fno-common' '-flto'\000"
 488      74696F6E 
 488      73272027 
 488      2D666E6F 
 488      2D636F6D 
 489              		.text
 490              		.comm	__gnu_lto_v1,1,1
 491              		.comm	__gnu_lto_slim,1,1
 492              		.ident	"GCC: (GNU Tools for ARM Embedded Processors) 4.9.3 20150529 (release) [ARM/embedded-4_9-br
ARM GAS  C:\Users\NICOLA~1\AppData\Local\Temp\ccQZyExl.s 			page 39


DEFINED SYMBOLS
                            *ABS*:00000000 pal_lld.c
                            *COM*:00000001 __gnu_lto_v1
                            *COM*:00000001 __gnu_lto_slim

NO UNDEFINED SYMBOLS
