ARM GAS  C:\Users\NICOLA~1\AppData\Local\Temp\ccXhAq1X.s 			page 1


   1              		.syntax unified
   2              		.cpu cortex-m4
   3              		.fpu softvfp
   4              		.eabi_attribute 20, 1
   5              		.eabi_attribute 21, 1
   6              		.eabi_attribute 23, 3
   7              		.eabi_attribute 24, 1
   8              		.eabi_attribute 25, 1
   9              		.eabi_attribute 26, 1
  10              		.eabi_attribute 30, 2
  11              		.eabi_attribute 34, 1
  12              		.eabi_attribute 18, 4
  13              		.thumb
  14              		.file	"rfidcodes.c"
  15              		.text
  16              	.Ltext0:
  17              		.section	.gnu.lto_.profile.e0a7139c,"",%progbits
  18 0000 789C6366 		.ascii	"x\234cf```a\200\000F\006\025%\000\000\336\000O"
  18      60606061 
  18      80004606 
  18      15250000 
  18      DE004F
  19              		.text
  20              		.section	.gnu.lto_.jmpfuncs.e0a7139c,"",%progbits
  21 0000 789C6366 		.ascii	"x\234cf\300\016\004\2404\023\003\023##s}=#\204b\000"
  21      C00E04A0 
  21      34130313 
  21      2323737D 
  21      3D238462 
  22 0015 000ECB02 		.ascii	"\000\016\313\002!"
  22      21
  23              		.text
  24              		.section	.gnu.lto_.inline.e0a7139c,"",%progbits
  25 0000 789C6366 		.ascii	"x\234cf\300\016J\2404\023\003\203\330TfF&\006F\006\346"
  25      C00E4AA0 
  25      34130383 
  25      D8546646 
  25      26064606 
  26 0015 07BC8C40 		.ascii	"\007\274\214@\222\201M\376\374\017M\006\316\205\017"
  26      92814DFE 
  26      FC0F4D06 
  26      CE850F
  27 0024 5980A23F 		.ascii	"Y\200\242?\"\240$\003\343\367\020\016&0\311\300\001"
  27      22A02403 
  27      E3F7100E 
  27      2630C9C0 
  27      01
  28 0035 D4C8C820 		.ascii	"\324\310\310 \240\005\321\306\000\326\305.p\34173\003"
  28      A005D1C6 
  28      00D6C52E 
  28      70E13733 
  28      03
  29 0046 C78118A0 		.ascii	"\307\201\030\240\330\013v\026\010\011\"8\300L\016\006"
  29      D80B7616 
  29      08092238 
  29      C04C0E06 
  30 0056 9605F23C 		.ascii	"\226\005\362<\014, ;\001\263\262\023&"
ARM GAS  C:\Users\NICOLA~1\AppData\Local\Temp\ccXhAq1X.s 			page 2


  30      0C2C203B 
  30      01B3B213 
  30      26
  31              		.text
  32              		.section	.gnu.lto_.pureconst.e0a7139c,"",%progbits
  33 0000 789C6366 		.ascii	"x\234cf```e\200\000&\006SFV\000\0015\000F"
  33      60606065 
  33      80002606 
  33      53465600 
  33      01350046 
  34              		.text
  35              		.section	.gnu.lto_codeIndex.e0a7139c,"",%progbits
  36 0000 789C9555 		.ascii	"x\234\225U\353oTE\024\2373s_\273w\037m\201\245]EL*\202"
  36      EB6F5445 
  36      149F3373 
  36      5FBB771F 
  36      6D81A55D 
  37 0018 91B251F9 		.ascii	"\221\262Q\371@\374\242\321\317&\376\001\304X\012\230"
  37      40FCA2D1 
  37      CF26FE01 
  37      C4580A98 
  38 0028 264D3410 		.ascii	"&M4\020\375$\341\266\333\320\220\010\321JHSJlE\250\224"
  38      FD24E1B6 
  38      DBD09008 
  38      D14A4853 
  38      4A6C45A8 
  39 003d 4781D20A 		.ascii	"G\201\322\012\224\342\266E\212P\266\266\345\021*`\021"
  39      94E2B645 
  39      8A50B6B6 
  39      E5112A60 
  39      11
  40 004e A8A8282D 		.ascii	"\250\250(-\255\271lhY\317\231\271\205myDovg\357\234"
  40      ADB96C68 
  40      59CF99B9 
  40      856D7944 
  40      6F7667EF 
  41 0063 39BFDF9C 		.ascii	"9\277\337\234\363;gg\004{\364\351\301o\256\217\2617"
  41      F33B6767 
  41      047BF4E9 
  41      C16FAE8F 
  41      B137
  42 0075 F017B218 		.ascii	"\360\027\262\030\360\317\223\214\225Z\034B\352Ep\273"
  42      F0CF938C 
  42      955A1C42 
  42      EA4570BB 
  43 0085 760973FC 		.ascii	"v\011s\374\332\360,\346\0044\260\310\014:7\244\325\224"
  43      DAF02CE6 
  43      0434B0C8 
  43      0C3A37A4 
  43      D594
  44 0097 56034CE5 		.ascii	"V\003L\345l\252\345v\313\342\276\344)\206\016\376\016"
  44      6CAAE576 
  44      CBE2BEE4 
  44      29860EFE 
  44      0E
  45 00a8 810E3EAE 		.ascii	"\201\016>\256gN\375`+\177\233\007\310\340\017\312\325"
  45      674EFD60 
ARM GAS  C:\Users\NICOLA~1\AppData\Local\Temp\ccXhAq1X.s 			page 3


  45      2B7F9B07 
  45      C8E00FCA 
  45      D5
  46 00b9 4000C2CA 		.ascii	"@\000\302\312\036T\273\267[!.\0240,\201a\000\2623`k"
  46      1E54BBB7 
  46      5B212E14 
  46      302C8161 
  46      00B23360 
  47 00ce B9D074C3 		.ascii	"\271\320t\303\264|~;\020\014\205a\255\010\251|,\006"
  47      B47C7E3B 
  47      100C8561 
  47      AD08A97C 
  47      2C06
  48 00e0 7EFAE0F3 		.ascii	"~\372\340\363;\037\341Pqf\254\335\230\277\335q\234\341"
  48      3B1FE150 
  48      7166ACDD 
  48      98BFDD71 
  48      9CE1
  49 00f2 5FF75D7A 		.ascii	"_\367]z7\001)\316\330(g\2600\012/E\211\253\036\346\243"
  49      370129CE 
  49      D82867B0 
  49      300A2F45 
  49      89AB1EE6 
  50 0107 DFC14B5D 		.ascii	"\337\301K]\035\206\230\003\014\337\017\357\035;c\337"
  50      1D869803 
  50      0CDF0FEF 
  50      1D3B63DF 
  51 0117 E4290ECF 		.ascii	"\344)\016\317\323\364H\345\311*\203\246\\\243\351\346"
  51      D3F448E5 
  51      C92A83A6 
  51      5CA3E9E6 
  52 0127 86D6317B 		.ascii	"\206\3261{\3366\307)K\264\035p\336\324R\\\300\267 \210"
  52      DE36C729 
  52      4BB41D70 
  52      DED4525C 
  52      C0B72088 
  53 013b 732744A1 		.ascii	"s'D\241\001\242\014M\014v\301<\364\376\354\366\372\231"
  53      01A20C4D 
  53      0C76C13C 
  53      F4FEECF6 
  53      FA99
  54 014d 6281A43D 		.ascii	"b\201\244=\264e\244JW\300[\012\250\301\356\351@\215"
  54      B465A44A 
  54      57C05B0A 
  54      A8C1EEE9 
  54      408D
  55 015f C11E9847 		.ascii	"\301\036\230G\356c\025\215?\233\242@B\373\272o\2376"
  55      EE63158D 
  55      3F9BA240 
  55      42FBBA6F 
  55      9F36
  56 0171 F3EB308B 		.ascii	"\363\3530\213\301\372kz\225S>\230N\317\305L`\257\302"
  56      C1FA6B7A 
  56      95533E98 
  56      4ECFC54C 
  56      60AFC2
  57 0184 4F26430F 		.ascii	"O&C\017\272\217\224O\\\260\215rt\317\202F\310\247|1"
ARM GAS  C:\Users\NICOLA~1\AppData\Local\Temp\ccXhAq1X.s 			page 4


  57      BA8F944F 
  57      5CB08D72 
  57      74CF8246 
  57      C8A77C31 
  58 0198 D17D6000 		.ascii	"\321}`\000c\202,\350\263q\323\266V\237\210I\372\312"
  58      63822CE8 
  58      B371D3B6 
  58      569F8849 
  58      FACA
  59 01aa BE3D0340 		.ascii	"\276=\003@\364e\203\215\373\226&Jk\235\373\3514*\245"
  59      F465838D 
  59      FB96264A 
  59      6B9DFBE9 
  59      342AA5
  60 01bd C3FE47F9 		.ascii	"\303\376G\371\341\200\304\357*s\033l\205\331\333\222"
  60      E180C4EF 
  60      2A731B6C 
  60      85D9DB92 
  61 01cd 81311E17 		.ascii	"\2011\036\027\0234A~cN\302I\247\233Nw\365kQ`\024\005"
  61      1334417E 
  61      634EC249 
  61      A79B4E77 
  61      F56B5160 
  62 01e3 C77C99C0 		.ascii	"\307|\231\300\301\324\201\3442\360\3252in\001\251\340"
  62      C1D481E4 
  62      32F0D532 
  62      696E01A9 
  62      E0
  63 01f4 937BF9D1 		.ascii	"\223{\371\321\340\263i\010HTP\216!\311\031&D\026\015"
  63      E0B36908 
  63      4854508E 
  63      21C91926 
  63      44160D
  64 0207 D9729E43 		.ascii	"\331r\236C\340\0314\237I\303,i\214H\232\331r\314E\263"
  64      E019349F 
  64      49C32C69 
  64      8C489AD9 
  64      72CC45B3 
  65 021b 9E275F19 		.ascii	"\236'_\031\273\216\262\324qv\203s\374\021\347\241,\321"
  65      BB8EB2D4 
  65      71768373 
  65      FC11E7A1 
  65      2CD1
  66 022d 63489594 		.ascii	"cH\225\224B\277\\\357\351\265\250\356\224\300A\240\\"
  66      42BF5CEF 
  66      E9B5A8EE 
  66      94C041A0 
  66      5C
  67 023e 6E60614F 		.ascii	"n`aO\344J\327\346\367\311\025\335.\2368\336`/\330A\265"
  67      E44AD7E6 
  67      F7C915DD 
  67      2E9E38DE 
  67      602FD841 
  68 0253 497EBD4E 		.ascii	"I~\275N\003\252\241\227u3,\310\344\021\2628\315w\277"
  68      03AAA197 
  68      75332CC8 
  68      E411B238 
ARM GAS  C:\Users\NICOLA~1\AppData\Local\Temp\ccXhAq1X.s 			page 5


  68      CD77BF
  69 0266 FA2BB815 		.ascii	"\372+\270\025\266\224\"\240z3\272\373]\024\272\205\370"
  69      B69422A0 
  69      7A33BAFB 
  69      5D14BA85 
  69      F8
  70 0277 71B566EC 		.ascii	"q\265f\354\313\213\341\202\227S\334\206\357`+\334\341"
  70      CB8BE182 
  70      9753DC86 
  70      EF602BDC 
  70      E1
  71 0288 5E49FFD8 		.ascii	"^I\377\330}\317\321b{p\227\304\322\024\017\300!(p\211"
  71      7DCFD162 
  71      7B7097C4 
  71      D2140FC0 
  71      21287089 
  72 029c 502EB6F6 		.ascii	"P.\266\366o\254\366\255\271G\213\271\324U\207!F\301"
  72      6FACF6AD 
  72      B9478BB9 
  72      D4558721 
  72      46C1
  73 02ae 3138026B 		.ascii	"18\002k\330y\340^\244\311\013\353\307\203b\261,\371"
  73      D879E05E 
  73      A4C90BEB 
  73      C78362B1 
  73      2CF9
  74 02c0 C0CEF29B 		.ascii	"\300\316\362\233aY\276\332\315q\347\005\247\364n:m\022"
  74      6159BEDA 
  74      CD71E705 
  74      A7F46E3A 
  74      6D12
  75 02d2 B6756A47 		.ascii	"\266ujGz\231\034\205|\227[\214\022_\354\261\335i\236"
  75      7A991C85 
  75      7C975B8C 
  75      125FECB1 
  75      DD699E
  76 02e5 F84213AF 		.ascii	"\370B\023\257K\266\177\306\312\336z\034Y\333c\311\216"
  76      4BB67FC6 
  76      CADE7A1C 
  76      59DB63C9 
  76      8E
  77 02f6 413E4923 		.ascii	"A>I#\331.\227L\351W\222\225\226q?\331\260\243\034\246"
  77      D92E974C 
  77      E9579295 
  77      96713FD9 
  77      B0A31CA6 
  78 030a 37345654 		.ascii	"74VT\226\017\276\307\014\031$\260^MS\353E\346v\334\216"
  78      960FBEC7 
  78      0C1924B0 
  78      5E4D53EB 
  78      45E676DC 
  79 031f F8DF930E 		.ascii	"\370\337\223\016\252e{\253w\304\303\344\240c\377u\240"
  79      AA657BAB 
  79      77C4C3E4 
  79      A063FF75 
  79      A0
  80 0330 C30094B5 		.ascii	"\303\000\224\265\354\257y\206\\\\\036\316\244\320\246"
ARM GAS  C:\Users\NICOLA~1\AppData\Local\Temp\ccXhAq1X.s 			page 6


  80      ECAF7986 
  80      5C5C1ECE 
  80      A4D0A6
  81 033f 97CA42D1 		.ascii	"\227\312B\321Q\001\350\234^'\003\216\313:\201\012\010"
  81      5101E89C 
  81      5E27038E 
  81      CB3A810A 
  81      08
  82 0350 7E8002C9 		.ascii	"~\200\002\311[\367\254\242\315z\204G\326{*\317.g\262"
  82      5BF7ACA2 
  82      CD7A8447 
  82      D67B2ACF 
  82      2E67B2
  83 0363 196C38F1 		.ascii	"\031l8\361\264\262we\226\375\362\235\236cBa\017}D\221"
  83      B4B27765 
  83      96FDF29D 
  83      9E634261 
  83      0F7D4491 
  84 0377 9C84D8C3 		.ascii	"\234\204\330\303@~\304@\316A\371\305x\304\313\017c\221"
  84      407EC440 
  84      CE41F9C5 
  84      78C4CB0F 
  84      6391
  85 0389 FADFC0EC 		.ascii	"\372\337\300\354\206\015\301\206 D2\011\030\002\037"
  85      860DC186 
  85      20443209 
  85      18021F
  86 0398 C9210097 		.ascii	"\311!\000\227tV\333\305\004&p\245\342\357N]!s\\\236"
  86      7456DBC5 
  86      042670A5 
  86      E2EF4E5D 
  86      21735C9E 
  87 03ac 4D391D01 		.ascii	"M9\035\0015\237\361_\244\241\260\022sR<\010\247dB\\"
  87      359FF15F 
  87      A4A1B012 
  87      73523C08 
  87      A764425C 
  88 03c0 853535A7 		.ascii	"\20555\247\205\024\365i\312)\207yawCL\356u\365E\265"
  88      8514F569 
  88      CA298779 
  88      6177434C 
  88      EE75F545 
  89 03d5 D9CCFFAB 		.ascii	"\331\314\377\253\337\231\247\351\227|\202~m\237R\244"
  89      DF99A7E9 
  89      977C827E 
  89      6D9F52A4 
  90 03e5 3DA4DFC3 		.ascii	"=\244\337\303@\353\343\035\023\240\300\357P\240?M\011"
  90      40EBE31D 
  90      13A0C0EF 
  90      50A03F4D 
  90      09
  91 03f6 B4170395 		.ascii	"\264\027\003\225\372>\347\251\202\261z\372\032\254\376"
  91      FA3EE7A9 
  91      82B17AFA 
  91      1AACFE
  92 0405 3579484C 		.ascii	"5yHL\224d\264\337\203\346\322\221\242\317;OL\2517\372"
  92      9464B4DF 
ARM GAS  C:\Users\NICOLA~1\AppData\Local\Temp\ccXhAq1X.s 			page 7


  92      83E6D291 
  92      A2CF3B4F 
  92      4CA937FA 
  93 0419 66C943C9 		.ascii	"f\311C\311\345y\230}\274r\335\375\"\305:\013\265\317"
  93      E579987D 
  93      BC72DDFD 
  93      22C53A0B 
  93      B5CF
  94 042b 6C5D3CC2 		.ascii	"l]<\302\241_\3666\237l}tbX\314<\227G\360\034Eb\343\326"
  94      A15FF636 
  94      9F6C7D74 
  94      6258CC3C 
  94      9747F01C 
  95 0443 6F06525B 		.ascii	"o\006R[\014/K\310\240\21605\221\230l\012>\031\037m\207"
  95      0C2F4BC8 
  95      A08E3035 
  95      91986C0A 
  95      3E191F6D 
  96 0458 07ED914D 		.ascii	"\007\355\221M\321\017A\266\313C\032 \2539\336\205\275"
  96      D10F41B6 
  96      CB431A20 
  96      AB39DE85 
  96      BD
  97 0469 1171B98F 		.ascii	"\021q\271\217\246y&\365\207\217\341\205,d\336\243)\256"
  97      A67926F5 
  97      878FE185 
  97      2C64DEA3 
  97      29AE
  98 047b A0112F1B 		.ascii	"\240\021/\033\312\307O\255\205\365\253\034\371F\250"
  98      CAC74FAD 
  98      85F5AB1C 
  98      F946A8
  99 048a D5D9B431 		.ascii	"\325\331\2641-\331ttJ\344\237K\350\277\355\362\334I"
  99      2DD97474 
  99      4AE49F4B 
  99      E8BFEDF2 
  99      DC49
 100 049c E010C857 		.ascii	"\340\020\310W\261\311D\177\177M1z\007\330\006PD\033"
 100      B1C9447F 
 100      7F4D317A 
 100      07D80650 
 100      441B
 101 04ae 4CE51D74 		.ascii	"L\345\035t\261\267\211(\310\016\317V-:T\250\226\374"
 101      B1B78928 
 101      C80ECF56 
 101      2D3A54A8 
 101      96FC
 102 04c0 B444BA19 		.ascii	"\264D\272\031jn\243)S5\037\252vV\375\341\257xl\330\262"
 102      6A6EA329 
 102      53351FAA 
 102      7656FDE1 
 102      AF786CD8 
 103 04d5 F6E4D948 		.ascii	"\366\344\331H\007>Z$y\210\015\344y\365\220V\220\240"
 103      073E5A24 
 103      79880DE4 
 103      79F59056 
 103      90A0
ARM GAS  C:\Users\NICOLA~1\AppData\Local\Temp\ccXhAq1X.s 			page 8


 104 04e7 8A649D50 		.ascii	"\212d\235P8\341\231Z\256F\224\301\310h\320'\236\346"
 104      38E1995A 
 104      AE4694C1 
 104      C868D027 
 104      9EE6
 105 04f9 069C936D 		.ascii	"\006\234\223mI\255\207%)P\244gAQ`\326\006\225\243;\276"
 105      49AD8725 
 105      2950A467 
 105      415160D6 
 105      0695A33B 
 106 050e ECC126A6 		.ascii	"\354\301&\246\322\005\350\346\341\343\2131\274`w'U "
 106      D205E8E6 
 106      E1E38B31 
 106      BC607727 
 106      5520
 107 0520 4C97D515 		.ascii	"L\227\325\025(\315b.\366*\272p\224&p\364\032\340~\035"
 107      28CD622E 
 107      F62ABA70 
 107      942670F4 
 107      1AE07E1D 
 108 0534 DB5AB607 		.ascii	"\333Z\266\007\344\225\225\236|`-\\\200hh\274\010\257"
 108      E495959E 
 108      7C602D5C 
 108      806868BC 
 108      08AF
 109 0546 3B402842 		.ascii	";@(B\242\213b\037\257^\261\252\244xYl\365\252\242\330"
 109      A28B621F 
 109      AF5EB1AA 
 109      A478596C 
 109      F5AAA2D8 
 110 055a AA95C5CB 		.ascii	"\252\225\305\313\213>\\\276b\365\242\"\346\377\244\260"
 110      8B3E5CBE 
 110      62F5A222 
 110      E6FFA4B0 
 111 056a A478F9DB 		.ascii	"\244x\371\3334\323\310\006\305\332\312\222\302\017t"
 111      34D3C806 
 111      C5DACA92 
 111      C20F74
 112 0579 7A7F458E 		.ascii	"z\177E\216\257\376\013\35170\337"
 112      AFFE0BE9 
 112      3730DF
 113              		.text
 114              		.section	.gnu.lto_equalCodes.e0a7139c,"",%progbits
 115 0000 789C7554 		.ascii	"x\234uT[oTU\024^\337\332\347\2349s\246\355\214(<\214"
 115      5B6F5455 
 115      145EDFDA 
 115      E79C3973 
 115      A6ED8C28 
 116 0016 D6983495 		.ascii	"\326\2304\225\020(\243\362\342\023\361\017\220\360\003"
 116      1028A3F2 
 116      E213F10F 
 116      90F003
 117 0025 7840CA25 		.ascii	"x@\312%M\232\230\264\361\231\323\213\022bb\264\032B"
 117      4D9A98B4 
 117      F199D38B 
 117      126262B4 
 117      1A42
ARM GAS  C:\Users\NICOLA~1\AppData\Local\Temp\ccXhAq1X.s 			page 9


 118 0037 B484126E 		.ascii	"\264\204\022nriK\201VZP\247\020E\011T\221@\241\204\202"
 118      72694B81 
 118      565A50A7 
 118      10450954 
 118      9140A184 
 119 004c 091DD454 		.ascii	"\011\035\324T\323\322&C\265\355\270\326>S\230H;\311"
 119      D3D22643 
 119      B5EDB8D6 
 119      3E539848 
 119      3BC9
 120 005e ECB3D6DE 		.ascii	"\354\263\326\336\337\367\255\313^\347\030z\376\367\221"
 120      DFF7ADCB 
 120      5EE7187A 
 120      FEF791
 121 006d FC5F7289 		.ascii	"\374_r\2112\362D\202\300\237\014\0215\371\314\361+o"
 121      32F24482 
 121      C09F0C11 
 121      35F9CCF1 
 121      2B6F
 122 007f 5018783F 		.ascii	"P\030x?TRX\346!\320m\030v:\336\226]wb\271\354:p#\260"
 122      545258E6 
 122      21D06D18 
 122      763ADE96 
 122      5D7762B9 
 123 0098 1B1D0FFA 		.ascii	"\033\035\017\372\001\307\206\256\220\000\374\213F\000"
 123      01C786AE 
 123      9000FC8B 
 123      4600
 124 00a6 3136A5AE 		.ascii	"16\245\256\217x\204\217\003j\020h'{\306q\203\230l\355"
 124      8F78848F 
 124      036A1068 
 124      277BC671 
 124      83986CED 
 125 00ba E4805000 		.ascii	"\344\200P\000!\320\264\376\340I\306\325\376\371\033"
 125      21D0B4FE 
 125      E049C6D5 
 125      FEF91B
 126 00c9 5879380C 		.ascii	"Xy8\014\233'.~\177oc\0263L4\305\2045i\254J\253\300Q"
 126      9B272E7E 
 126      7F6F6316 
 126      334C34C5 
 126      843569AC 
 127 00e1 AC14DCD0 		.ascii	"\254\024\334\320\360\356\331rS\011\022\273\277k\372"
 127      F0EED972 
 127      530912BB 
 127      BF6BFA
 128 00f0 5AE2779E 		.ascii	"Z\342w\236a\274\246\356@\333\217{=u\331Q\367\356p\317"
 128      61BCA6EE 
 128      40DB8F7B 
 128      3D75D951 
 128      F7EE70CF 
 129 0104 2F41F541 		.ascii	"/A\365AQ\314^8\035\276\343\314\260\301W0\252y\014i\034"
 129      51CC5E38 
 129      1DBEE3CC 
 129      B0C15730 
 129      AA790C69 
 130 0119 479A648B 		.ascii	"G\232d\213p\002\325\202~\334;\367\251c\252\254\356\360"
ARM GAS  C:\Users\NICOLA~1\AppData\Local\Temp\ccXhAq1X.s 			page 10


 130      7002D582 
 130      7EDC3BF7 
 130      A963AAAC 
 130      EEF0
 131 012b 3F3F5DE2 		.ascii	"??]\342\2109\272\300<\271\010\263\023\325\012\237\336"
 131      8839BAC0 
 131      3CB908B3 
 131      13D50A9F 
 131      DE
 132 013c D57D3766 		.ascii	"\325}7fVY\352\211\346\374\361D\325\001\241>\350\352"
 132      5659EA89 
 132      E6FCF144 
 132      D501A13E 
 132      E8EA
 133 014e DB946DEA 		.ascii	"\333\224m\352\010\347\013\005\251\305AW$\260P\216\376"
 133      08E70B05 
 133      A9C54157 
 133      24B0508E 
 133      FE
 134 015f 04FFF1E7 		.ascii	"\004\377\361\347\007\317\307\315j\313m\373\265s\004"
 134      07CFC7CD 
 134      6ACB6DFB 
 134      B57304
 135 016e 11B7FB54 		.ascii	"\021\267\373T\011\227pjQ\356d\353\334p\302k\015\303"
 135      0997706A 
 135      51EE64EB 
 135      DC70C26B 
 135      0DC3
 136 0180 30856E54 		.ascii	"0\205nT\241\007U\3321i\325ix \342\205\335\356e\331\260"
 136      A10755DA 
 136      3169D569 
 136      7820E285 
 136      DDEE65D9 
 137 0195 5038B367 		.ascii	"P8\263g\374\366\213xA\272.\333\242&\007\306\256\216"
 137      FCF68B78 
 137      41BA2EDB 
 137      A22607C6 
 137      AE8E
 138 01a7 54431EB4 		.ascii	"TC\036\264\02111]\037ZY\\\315\300\202\023bze\352\227"
 138      1131315D 
 138      1F5A595C 
 138      CDC08213 
 138      627A65EA 
 139 01bc EB526159 		.ascii	"\353RaYI{\224\2626\321C\211\273g\031\2151\313\303\334"
 139      497B94B2 
 139      36D14389 
 139      BB67198D 
 139      31CBC3DC 
 140 01d0 4273F65E 		.ascii	"Bs\366^\275MC0\222\352\375\207?_\367\365j\034\311\356"
 140      BD4D4330 
 140      92EAFD87 
 140      3F5FF7F5 
 140      6A1CC9EE 
 141 01e4 8CF44F11 		.ascii	"\214\364O\021\3677[D\217E\\\377\342HKR\0212)8+\210\021"
 141      F7375B44 
 141      8F455CFF 
 141      E2484B52 
ARM GAS  C:\Users\NICOLA~1\AppData\Local\Temp\ccXhAq1X.s 			page 11


 141      11322938 
 142 01fb 34F7F5B4 		.ascii	"4\367\365\264\277\254\220<\307J5\214\255\276\367\311"
 142      BFAC903C 
 142      C74A358C 
 142      ADBEF7C9 
 143 020b FEBFCAF7 		.ascii	"\376\277\312\367\341KiP,\317\036z\205\243\373\355\323"
 143      E14B6950 
 143      2CCF1E7A 
 143      85A3FBED 
 143      D3
 144 021c 9FDD49D6 		.ascii	"\237\335I\326\254\326\226\367a\037\036kC\010_\243\306"
 144      ACD696F7 
 144      611F1E6B 
 144      43085FA3 
 144      C6
 145 022d 2A1E7825 		.ascii	"*\036x%\022\214?\247\340/\246p\356\231B\277(\334D\353"
 145      128C3FA7 
 145      E02FA670 
 145      EE9942BF 
 145      28DC44EB 
 146 0241 9D9615C5 		.ascii	"\235\226\025\305\224D\304\336\304\030{4\341\031\312"
 146      9444C4DE 
 146      C4187B34 
 146      E119CA
 147 0250 21D0D278 		.ascii	"!\320\322x|\314\313\241Bk\340\331\017<96\324q\231\214"
 147      7CCCCBA1 
 147      426BE0D9 
 147      0F3C3936 
 147      D471998C 
 148 0264 441FDDF5 		.ascii	"D\037\335\365\367%7b'\362\014Mh\000\221_V\222OS\030"
 148      F7253762 
 148      27F20C4D 
 148      6800915F 
 148      56924F53 
 149 0279 662B97AA 		.ascii	"f+\227\252\312\307\200\315\011\321\014\374y\362\337"
 149      CAC780CD 
 149      09D10CFC 
 149      79F2DF
 150 0288 D0C974CA 		.ascii	"\320\311t\312\014d\327h\302\347Q#\3426\341\013\310\330"
 150      0C64D768 
 150      C2E75123 
 150      E236E10B 
 150      C8D8
 151 029a 08BFBD1E 		.ascii	"\010\277\275\036\205(\377_\210\365K\225\355\343\233"
 151      8528FF5F 
 151      88F54B95 
 151      EDE39B
 152 02a9 25426CD0 		.ascii	"%Bl\320\020\337>\013\361\235\204\260=y\265X\205D)\366"
 152      10DF3E0B 
 152      F19D84B0 
 152      3D79B558 
 152      854429F6 
 153 02bd C4A1A3EB 		.ascii	"\304\241\243\353\354\034\314\325\227\334\362\323;Tv"
 153      EC1CCCD5 
 153      97DCF2D3 
 153      3B5476
 154 02cc 56030BD4 		.ascii	"V\003\013\324\265\375\021l4Ly\231\241\021\264\264}8"
ARM GAS  C:\Users\NICOLA~1\AppData\Local\Temp\ccXhAq1X.s 			page 12


 154      B5FD116C 
 154      344C7999 
 154      A111B4B4 
 154      7D38
 155 02de 5F1BA926 		.ascii	"_\033\251&\245W\245\023\342\310\204\014\332\031\342"
 155      A557A513 
 155      E2C8840C 
 155      DA19E2
 156 02ed 85111310 		.ascii	"\205\021\023\020\311\005p\236\215\201\012;\343\217\264"
 156      C905709E 
 156      8D810A3B 
 156      E38FB4
 157 02fc F501C9C7 		.ascii	"\365\001\311\307\007%\322\206\"\307r\240\311_m\231\032"
 157      0725D286 
 157      22C772A0 
 157      C95F6D99 
 157      1A
 158 030d 2C5E02E4 		.ascii	",^\002\344V5\373\034\304\012<Y\222\356\354e\344`\362"
 158      5635FB1C 
 158      C40A3C59 
 158      92EEEC65 
 158      E460F2
 159 0320 5CA12EBB 		.ascii	"\\\241.\273\020\321\030\311\227\316\330\272\247f8\242"
 159      10D118C9 
 159      97CED8BA 
 159      A76638A2 
 160 0330 9A62355A 		.ascii	"\232b5Z\217\257\343 \235o\233<d\242\323\224\006\326"
 160      8FAFE320 
 160      9D6F9B3C 
 160      64A2D394 
 160      06D6
 161 0342 A3B8BE1D 		.ascii	"\243\270\276\035\243hJQ^_\205\034\034\345q\373#\021"
 161      A3684A51 
 161      5E5F851C 
 161      1CE571FB 
 161      2311
 162 0354 4FF9ED75 		.ascii	"O\371\355u\362\036A \322\236\364\332\314\373\215\333"
 162      F21E4120 
 162      D29EF4DA 
 162      CCFB8DDB 
 163 0364 1AEAEBB6 		.ascii	"\032\352\353\266d\032\033j3\015\333\353\266\326\276"
 163      641A1B6A 
 163      330DDBEB 
 163      B6D6BE
 164 0373 B7755BE3 		.ascii	"\267u[\343\332Zr\325x\323\256o\241\316\331^\377\356"
 164      DA5A72D5 
 164      78D3AE6F 
 164      A1CED95E 
 164      FFEE
 165 0385 8EFF007F 		.ascii	"\216\377\000\177z\302X"
 165      7AC258
 166              		.text
 167              		.section	.gnu.lto_.symbol_nodes.e0a7139c,"",%progbits
 168 0000 789C6366 		.ascii	"x\234cf``Pa\200\002\246\011L\365\014\014\023\31610\324"
 168      60605061 
 168      8002A609 
 168      4CF50C0C 
ARM GAS  C:\Users\NICOLA~1\AppData\Local\Temp\ccXhAq1X.s 			page 13


 168      13CE3130 
 169 0015 D733CC5B 		.ascii	"\3273\314[\300\301\3004\221\251\236\021Y\200\001\000"
 169      C0C1C034 
 169      91A99E11 
 169      59800100 
 170 0025 B3100994 		.ascii	"\263\020\011\224"
 171              		.text
 172              		.section	.gnu.lto_.refs.e0a7139c,"",%progbits
 173 0000 789C6366 		.ascii	"x\234cf```d\200\002\000\000=\000\005"
 173      60606064 
 173      80020000 
 173      3D0005
 174              		.text
 175              		.section	.gnu.lto_.decls.e0a7139c,"",%progbits
 176 0000 789CAD55 		.ascii	"x\234\255UmLSg\024~O\357\205\366\326\256\242d\2704\313"
 176      6D4C5367 
 176      147E4FEF 
 176      85F6D6AE 
 176      A264B834 
 177 0015 D2F083B8 		.ascii	"\322\360\203\270\005?\346f\262\355\317\314\\\262\270"
 177      053FE666 
 177      B2EDCFCC 
 177      5CB2B8
 178 0024 648B5B66 		.ascii	"d\213[fbb\223\256\264\227\331\014\312\240\3552\367\307"
 178      626293AE 
 178      B497D90C 
 178      CAA0ED32 
 178      F7C7
 179 0036 0B4E2D30 		.ascii	"\013N-0\014\022\035\260l\302\374\376@e\242V\004\001"
 179      0C121DB0 
 179      6CC2FCFE 
 179      4065A256 
 179      0401
 180 0048 4567B1A0 		.ascii	"Eg\261\240\2408>\212\254\016\301/\234\230\250sb`\347"
 180      A0383E8A 
 180      AC0EC12F 
 180      9C98A873 
 180      6260E7
 181 005b 7DEF6D6F 		.ascii	"}\357moU\232\375\331M\316\355=\347}\356s\316y\316{\337"
 181      559AFDD9 
 181      4DCEED3D 
 181      E77DEE73 
 181      CE79CE7B 
 182 0070 72849051 		.ascii	"r\204\220Q\264I\274\210\216\220u@\010\207\376R\242^"
 182      B449BC88 
 182      8E907540 
 182      0887FE52 
 182      A25E
 183 0082 1AB430DA 		.ascii	"\032\2640\332-\362\374E\343F\264\003\312\257\001\255"
 183      2DF2FC45 
 183      E346B403 
 183      CAAF01AD 
 184 0092 1F2D8436 		.ascii	"\037-\2046\204\326\204\366!Z\012\332\035\264>\264.\264"
 184      84D684F6 
 184      215A0ADA 
 184      1DB43EB4 
 184      2EB4
ARM GAS  C:\Users\NICOLA~1\AppData\Local\Temp\ccXhAq1X.s 			page 14


 185 00a4 76B43368 		.ascii	"v\2643h<Z\017\332Y\264\000\332\345\377\310Gc\202\302"
 185      3C5A0FDA 
 185      59B400DA 
 185      E5FFC847 
 185      6382C2
 186 00b7 1DC91752 		.ascii	"\035\311\027R\362\244(\271\"\334\232\030^\210\303wO"
 186      F2A428B9 
 186      22DC9A18 
 186      5E88C377 
 186      4F
 187 00c8 0355DF8D 		.ascii	"\003U\337\215\267$r\032\240\317\333*\256v\353\323\367"
 187      B724721A 
 187      A0CFDB2A 
 187      AE76EBD3 
 187      F7
 188 00d9 4A92E493 		.ascii	"J\222\344\223Z\002\240\202NN\226w\360\\\022\003\235"
 188      5A02A082 
 188      4E4E9677 
 188      F05C1203 
 188      9D
 189 00ea 1A6EDEAC 		.ascii	"\032n\336\254\273\241\201\031ziR\271`5\306/M\234o\005"
 189      BBA18119 
 189      7A6952B9 
 189      6035C62F 
 189      4D9C6F05 
 190 00fe 165F8D30 		.ascii	"\026_\2150M\341\355\216/A\237\346C2i\254L\342^\"\220"
 190      4DE1ED8E 
 190      2F419FE6 
 190      433269AC 
 190      4CE25E22 
 191 0113 6E82574D 		.ascii	"n\202WM\004\366C\032\202`7\244\023\330\013&\330\007"
 191      04F6431A 
 191      826037A4 
 191      13D80B26 
 191      D807
 192 0125 26B29DA2 		.ascii	"&\262\235\242\352\0376\202$\361P\003z\330\003\034C`"
 192      EA1F3682 
 192      24F15003 
 192      7AD8031C 
 192      4360
 193 0137 ED33F491 		.ascii	"\3553\364\221:47\333\327.\237\232\364`<R\337p\321\213"
 193      3A3437DB 
 193      D72E9F9A 
 193      F4603C52 
 193      DF70D18B 
 194 014b 94F40092 		.ascii	"\224\364\000\222\356RI1G\264\273\372\003\367;\246a\345"
 194      EE524931 
 194      47B4BBFA 
 194      03F73BA6 
 194      61E5
 195 015d 46BD99BA 		.ascii	"F\275\231\272\307\313\002\025\211\350\032\364<u\037"
 195      C7CB0215 
 195      89E81AF4 
 195      3C751F
 196 016c 4ED46DE2 		.ascii	"N\324m\342\331\352\215\027\250\357;\352\337b`\313W\230"
 196      D9EA8D17 
 196      A8EF3BEA 
ARM GAS  C:\Users\NICOLA~1\AppData\Local\Temp\ccXhAq1X.s 			page 15


 196      DF6260CB 
 196      5798
 197 017e 1EC5ADF5 		.ascii	"\036\305\255\365#\006n\000\230\343k\334\264S`\340\345"
 197      23066E00 
 197      98E36BDC 
 197      B45360E0 
 197      E5
 198 018f D4BD5EBA 		.ascii	"\324\275^\272\373\240\214\235F\335'U\273*5\334\210\014"
 198      FBA08C9D 
 198      46DD2755 
 198      BB2A35DC 
 198      880C
 199 01a1 2DEFEAF5 		.ascii	"-\357\352\365\363\334\230\354\024\205\366\264k\271G"
 199      F3DC98EC 
 199      1485F6B4 
 199      6BB947
 200 01b0 B293BFB3 		.ascii	"\262\223\277\263\341{-\276\225\242g\345m\010\376x\222"
 200      E17B2DBE 
 200      95A267E5 
 200      6D08FE78 
 200      92
 201 01c1 63EE245D 		.ascii	"c\356$]\326\224\015\335\337\001\262\012\005\317\250"
 201      D6940DDD 
 201      DF01B20A 
 201      05CFA8
 202 01d0 70025548 		.ascii	"p\002UHQT8\216*4D\245}\034f\3226\242\012\365\252\012"
 202      5154388E 
 202      2A3444A5 
 202      7D1C66D2 
 202      36A20AF5 
 203 01e6 29AAB4E1 		.ascii	")\252\264\341\236\035\237LM\332\034\217\324\2676\310"
 203      9E1D9F4C 
 203      4DDA1C8F 
 203      D4B736C8 
 204 01f6 A46D42D2 		.ascii	"\244mB\322c*ic\214\264\235m\371\241\351\\\201\274\275"
 204      632A6963 
 204      8CB49D6D 
 204      F9A1E95C 
 204      81BCBD
 205 0209 AE378D4A 		.ascii	"\2567\215J\032&\316R\352\226<\276\327ad\342\350\251"
 205      1A26CE52 
 205      EA963CBE 
 205      D76164E2 
 205      E8A9
 206 021b DB1B285F 		.ascii	"\333\033(_\310<\201\015\341\301\272\006N\317\006]\272"
 206      C83C810D 
 206      E1C1BA06 
 206      4ECF065D 
 206      BA
 207 022c 46120246 		.ascii	"F\022\002F\\\200Z\314\376+f'p\232\346\200\331&hE\227"
 207      5C805ACC 
 207      FE2B6627 
 207      709AE680 
 207      D9266845 
 208 0241 2ADBB975 		.ascii	"*\333\271uX\230Y\312\340\222d\006V\323I\204\237b\360"
 208      589859CA 
 208      E0926406 
ARM GAS  C:\Users\NICOLA~1\AppData\Local\Temp\ccXhAq1X.s 			page 16


 208      56D34984 
 208      9F62F0
 209 0254 333033F2 		.ascii	"303\362\022E\377\265\241\367\330tn=\253\212?\323\334"
 209      1245FFB5 
 209      A1F7D874 
 209      6E3DAB8A 
 209      3FD3DC
 210 0267 333E0D52 		.ascii	"3>\015RS\223\323\252\261\367\261\237\333B\306r)\334"
 210      5393D3AA 
 210      B1F7B19F 
 210      DB42C672 
 210      29DC
 211 0279 2253B460 		.ascii	"\"S\264`[m\220\034\221b6%{\015o\004\261R\365\335\002"
 211      5B6D901C 
 211      91623625 
 211      7B0D6F04 
 211      B152F5DD 
 212 028e 69513E47 		.ascii	"iQ>G\331\3417\005\030\311)C\323)t\243R\325\242\\\002"
 212      D9E13705 
 212      18C92943 
 212      D32974A3 
 212      52D5A25C 
 213 02a3 4770F928 		.ascii	"Gp\371(]\366+x\324\014\316\241\300g!\025\002\220\312"
 213      5DF62B78 
 213      D40CCEA1 
 213      C0672115 
 213      0290CA
 214 02b6 74A3E286 		.ascii	"t\243\342\206G\347\353(\200(\252F\277EM\211\264c\243"
 214      47E7EB28 
 214      8028AA46 
 214      BF454D89 
 214      B463A3
 215 02c9 0ED29219 		.ascii	"\016\322\222\031j\334\243\203v\244\361\253\362\323\227"
 215      6ADCA383 
 215      76A4F1AB 
 215      F2D397
 216 02d8 D83565DE 		.ascii	"\3305e\336 \346\212\227\027\225\271}1\360D\036Q\230"
 216      20E68A97 
 216      1795B97D 
 216      31F0441E 
 216      5198
 217 02ea 6DF6812B 		.ascii	"m\366\201+\027\037i\331T\006\330\010+\203\345\312\314"
 217      171F69D9 
 217      5406D808 
 217      2B83E5CA 
 217      CC
 218 02fb 92A97BAD 		.ascii	"\222\251{\255$\344\347\343O\25132\245\013\362\224\352"
 218      24E4E7E3 
 218      4FA93332 
 218      A50BF294 
 218      EA
 219 030c 068B8E24 		.ascii	"\006\213\216$\250S\312e\245w \374<\203w\261)uF\246T"
 219      A853CA65 
 219      A57720FC 
 219      3C8377B1 
 219      297546A6 
 220 0321 14DCE517 		.ascii	"\024\334\345\027\270\275\362\336\011\025n\\#'\356eS"
ARM GAS  C:\Users\NICOLA~1\AppData\Local\Temp\ccXhAq1X.s 			page 17


 220      B8BDF2DE 
 220      09156E5C 
 220      2327EE65 
 220      53
 221 0332 3BD1505C 		.ascii	";\321P\\\227\000\311\251i\251\261m\036B\256:\332\346"
 221      9700C9A9 
 221      69A9B16D 
 221      1E42AE3A 
 221      DAE6
 222 0344 61D4A35B 		.ascii	"a\324\243[i\363wl\263\007\333\274\254\264\311\306|\253"
 222      69F3776C 
 222      B307DBBC 
 222      ACB4C9C6 
 222      7CAB
 223 0356 2DF8CC98 		.ascii	"-\370\314\230\273\3251_b\345\324\322\273<\214\232\245"
 223      BBD5315F 
 223      62E5D4D2 
 223      BB3C8C9A 
 223      A5
 224 0367 3ABAFECC 		.ascii	":\272\376\3140\350\036\010\357o\342[p\017`\355pQa\211"
 224      30E81E08 
 224      EF6FE25B 
 224      700F60ED 
 224      70516189 
 225 037b 7414B35D 		.ascii	"t\024\263]pn}\207\266~\026\031\333A\036\240\017\221"
 225      706E7D87 
 225      B67E1619 
 225      DB411EA0 
 225      0F91
 226 038d 87D5B175 		.ascii	"\207\325\261uO5\266h?\275\330C\274~P\235\253\333\212"
 226      4F35B668 
 226      3FBDD843 
 226      BC7E509D 
 226      ABDB8A
 227 03a0 8B130C45 		.ascii	"\213\023\014E\364\333U\346@\331\325A\364\203AA\376\322"
 227      F4DB55E6 
 227      40D9D541 
 227      F4834141 
 227      FED2
 228 03b2 31D12F3C 		.ascii	"1\321/<\205l\177\012\031\212\"\007\372\266W\361\274"
 228      856C7F0A 
 228      198A2207 
 228      FAB657F1 
 228      BC
 229 03c3 468EC10A 		.ascii	"F\216\301\012v\026\026\326\337=-\260\0302\302\000\260"
 229      761616D6 
 229      DF3D2DB0 
 229      1832C200 
 229      B0
 230 03d4 E003DF48 		.ascii	"\340\003\337H\362\254\315\312\036H\222OZ\225p\020f\341"
 230      F2ACCDCA 
 230      1E48924F 
 230      5A957010 
 230      66E1
 231 03e6 FD0AF032 		.ascii	"\375\012\3602\353!\177\315\220\221\353\222\207\332^"
 231      EB217FCD 
 231      9091EB92 
ARM GAS  C:\Users\NICOLA~1\AppData\Local\Temp\ccXhAq1X.s 			page 18


 231      87DA5E
 232 03f5 3A9E6F34 		.ascii	":\236o4o\221\252k\307\032\202\266J\251\272@\232\300"
 232      6F91AA6B 
 232      C71A82B6 
 232      4AA9BA40 
 232      9AC0
 233 0407 7F13E973 		.ascii	"\177\023\351s\372\026\374\021\025\207\320g\326+\204"
 233      FA16FC11 
 233      1587D067 
 233      D62B84
 234 0416 C14CCFCE 		.ascii	"\301L\317\316\037\202?i\271\207\362\007|\355\237\301"
 234      1F823F69 
 234      B987F207 
 234      7CED9FC1 
 235 0426 BFB56012 		.ascii	"\277\265`\022\322L\025\222\016\206@ \353\331!VP\232"
 235      D24C1592 
 235      0E864020 
 235      EBD92156 
 235      509A
 236 0438 941B3DC4 		.ascii	"\224\033=\304\256\241ht\211\300\237X\332\260r\204\371"
 236      AEA16874 
 236      89C09F58 
 236      DAB07284 
 236      F9
 237 0449 A445340A 		.ascii	"\244E4\012W\025z\371\252\300\270L\024G\206\252\302\306"
 237      57157AF9 
 237      AAC0B84C 
 237      144786AA 
 237      C2C6
 238 045b F2E9D1D8 		.ascii	"\362\351\321\330\210,Ck\377\340>}\254\016\224X\325\341"
 238      882C436B 
 238      FFE03E7D 
 238      AC0E9458 
 238      D5E1
 239 046d 06D3E17A 		.ascii	"\006\323\341zD\207\222\312\015k\004\356\211r0J\376\013"
 239      448792CA 
 239      0D6B04EE 
 239      8972304A 
 239      FE0B
 240 047f 1CEA10AE 		.ascii	"\034\352\020\256\015\327\324$\006\244\226\311\311f)"
 240      0DD7D424 
 240      06A496C9 
 240      C96629
 241 048e 3F89BE03 		.ascii	"?\211\276\0037cT\270\031Q\341\026U\201+\313\337v\316"
 241      376354B8 
 241      1951E116 
 241      55812BCB 
 241      DF76CE
 242 04a1 0026939E 		.ascii	"\000&\223\236\026\374\350]\270\203_\016\225\200\376"
 242      16FCE85D 
 242      B8835F0E 
 242      9580FE
 243 04b0 CAE77841 		.ascii	"\312\347xA\3149NX\234\300(\226t\233\356)\352&:]\236"
 243      CC394E58 
 243      9CC02896 
 243      749BEE29 
 243      EA263A5D 
ARM GAS  C:\Users\NICOLA~1\AppData\Local\Temp\ccXhAq1X.s 			page 19


 244 04c5 B7AC9EC4 		.ascii	"\267\254\236\304\017>^f^LtV\253\354g\332\337\261\330"
 244      0F3E5E66 
 244      5E4C7456 
 244      ABEC67DA 
 244      DFB1D8
 245 04d8 573A339C 		.ascii	"W:3\234n\217\327\341\314\261xrr\262\334\226/\\^3{2\333"
 245      6E8FD7E1 
 245      CCB17872 
 245      72B2DC96 
 245      2F5C5E33 
 246 04ef F2B2CD62 		.ascii	"\362\262\315bv\206\350p\210\016\313\233s\3376/\230\377"
 246      7686E870 
 246      880ECB9B 
 246      73DF362F 
 246      98FF
 247 0501 FAC2DC37 		.ascii	"\372\302\3347,\030\237\343\312q\211sD[\206\323\342t"
 247      2C189FE3 
 247      CA718973 
 247      445B86D3 
 247      E274
 248 0513 D9B3BC0E 		.ascii	"\331\263\274\016\321\222mC.\227h\261:\304L\2337\313"
 248      D1926D43 
 248      2E9768B1 
 248      3AC44C9B 
 248      37CB
 249 0525 63F5ACFA 		.ascii	"c\365\254\372Jt\317]IV\374\257i\334\253\334\026\253"
 249      4A74CF5D 
 249      4956FCAF 
 249      69DCABDC 
 249      16AB
 250 0537 DBE3C016 		.ascii	"\333\343\300\026\220[\3704\323\351X\234\343\020\335"
 250      905BF834 
 250      D3E9589C 
 250      E310DD
 251 0546 C247CE4C 		.ascii	"\302G\316L[\236\270l\311\373Z\257\334\236`\265*O\274"
 251      5B9EB86C 
 251      C9FB5AAF 
 251      DC9E60B5 
 251      2A4FBC
 252 0559 DBF9AD98 		.ascii	"\333\371\255\230\220\261\312#\272_\236;\317\353\026"
 252      90B1CA23 
 252      BA5F9E3B 
 252      CFEB16
 253 0568 F3B29C19 		.ascii	"\363\262\234\031\363\024\306y\331\231y\366\205\013\026"
 253      F314C679 
 253      D99979F6 
 253      850B16
 254 0577 209BF66B 		.ascii	" \233\366k[\226\323\261\304\361\312\363\240<\314c\247"
 254      5B96D3B1 
 254      C4F1CAF3 
 254      A03CCC63 
 254      A7
 255 0588 796852FA 		.ascii	"yhR\372\260\304\345\020\2771\251@w\236=\006d'\011\326"
 255      B0C4E510 
 255      BF31A940 
 255      779E3D06 
 255      642709D6 
ARM GAS  C:\Users\NICOLA~1\AppData\Local\Temp\ccXhAq1X.s 			page 20


 256 059c F7B03BBD 		.ascii	"\367\260;\275\230\353\265e\261\002\377\005;\305\367"
 256      98EBB565 
 256      B102FF05 
 256      3BC5F7
 257 05ab 6F       		.ascii	"o"
 258              		.text
 259              		.section	.gnu.lto_.symtab.e0a7139c,"",%progbits
 260 0000 636F6465 		.ascii	"codeIndex\000\000\000\000\000\000\000\000\000\000\000"
 260      496E6465 
 260      78000000 
 260      00000000 
 260      00000000 
 261 0014 00E00000 		.ascii	"\000\340\000\000\000equalCodes\000\000\000\000\000\000"
 261      00657175 
 261      616C436F 
 261      64657300 
 261      00000000 
 262 0029 00000000 		.ascii	"\000\000\000\000\000\000\352\000\000\000"
 262      0000EA00 
 262      0000
 263              		.text
 264              		.section	.gnu.lto_.opts,"",%progbits
 265 0000 272D666E 		.ascii	"'-fno-trapv' '-mcpu=cortex-m4' '-mno-thumb-interwor"
 265      6F2D7472 
 265      61707627 
 265      20272D6D 
 265      6370753D 
 266 0033 6B272027 		.ascii	"k' '-mthumb' '-ggdb' '-O2' '-fomit-frame-pointer' '"
 266      2D6D7468 
 266      756D6227 
 266      20272D67 
 266      67646227 
 267 0066 2D66616C 		.ascii	"-falign-functions=16' '-ffunction-sections' '-fdata"
 267      69676E2D 
 267      66756E63 
 267      74696F6E 
 267      733D3136 
 268 0099 2D736563 		.ascii	"-sections' '-fno-common' '-flto'\000"
 268      74696F6E 
 268      73272027 
 268      2D666E6F 
 268      2D636F6D 
 269              		.text
 270              		.comm	__gnu_lto_v1,1,1
 271              		.comm	__gnu_lto_slim,1,1
 272              		.ident	"GCC: (GNU Tools for ARM Embedded Processors) 4.9.3 20150529 (release) [ARM/embedded-4_9-br
ARM GAS  C:\Users\NICOLA~1\AppData\Local\Temp\ccXhAq1X.s 			page 21


DEFINED SYMBOLS
                            *ABS*:00000000 rfidcodes.c
                            *COM*:00000001 __gnu_lto_v1
                            *COM*:00000001 __gnu_lto_slim

NO UNDEFINED SYMBOLS
