ARM GAS  C:\Users\NICOLA~1\AppData\Local\Temp\ccAqnp3m.s 			page 1


   1              		.syntax unified
   2              		.cpu cortex-m4
   3              		.fpu softvfp
   4              		.eabi_attribute 20, 1
   5              		.eabi_attribute 21, 1
   6              		.eabi_attribute 23, 3
   7              		.eabi_attribute 24, 1
   8              		.eabi_attribute 25, 1
   9              		.eabi_attribute 26, 1
  10              		.eabi_attribute 30, 2
  11              		.eabi_attribute 34, 1
  12              		.eabi_attribute 18, 4
  13              		.thumb
  14              		.file	"sevensegment.c"
  15              		.text
  16              	.Ltext0:
  17              		.section	.gnu.lto_.profile.cfe469b2,"",%progbits
  18 0000 789C6366 		.ascii	"x\234cf```e\200\000F\206\035\214u\000\0032\001A"
  18      60606065 
  18      80004686 
  18      1D8C7500 
  18      03320141 
  19              		.text
  20              		.section	.gnu.lto_.jmpfuncs.cfe469b2,"",%progbits
  21 0000 789C6366 		.ascii	"x\234cf\300\016l\031!4\023\02033}db\374\261\341\321"
  21      C00E6C19 
  21      21341310 
  21      33337D64 
  21      62FCB1E1 
  22 0015 04FE174C 		.ascii	"\004\376\027L?\231\030\032f4\034`a`\\\316(\305\000\222"
  22      3F99181A 
  22      66341C60 
  22      61605CCE 
  22      28C50092 
  23 0029 98BA67CE 		.ascii	"\230\272g\316$N\220\004c\003#\003\343\012\250\350\226"
  23      244E9004 
  23      63032303 
  23      E30AA8E8 
  23      96
  24 003a 85CBBFB3 		.ascii	"\205\313\277\263\203D\231$\031\030W\002\005\231\231"
  24      83449924 
  24      19185702 
  24      059999
  25 0049 E03A362D 		.ascii	"\340:6-^\272\015\242\303\201\201q\025H\020]\305\316"
  25      5EBA0DA2 
  25      C3818171 
  25      1548105D 
  25      C5CE
  26 005b 755FCE72 		.ascii	"u_\316r\203U(00\256\306\246\342\364\243\037\237y\300"
  26      83552830 
  26      30AEC6A6 
  26      E2F4A31F 
  26      9F79C0
  27 006e 2A041818 		.ascii	"*\004\030\030\327`S\261d\352\2645\254`\025\034\014\214"
  27      D76053B1 
  27      64EAB435 
  27      AC60151C 
ARM GAS  C:\Users\NICOLA~1\AppData\Local\Temp\ccAqnp3m.s 			page 2


  27      0C8C
  28 0080 6BB1A9D8 		.ascii	"k\261\251\3305\351\304\0146\260\012\240w\326aS1\353"
  28      35E9C40C 
  28      36B00AA0 
  28      77D66153 
  28      31EB
  29 0092 FAD32FCC 		.ascii	"\372\323/\314`\025L\014\214\353\261\2518>\367\305&\026"
  29      60154C0C 
  29      8CEBB1A9 
  29      383EF7C5 
  29      2616
  30 00a4 B00AA0E7 		.ascii	"\260\012\240\3477\300U0\002A=\003\000\003\002QG"
  30      37C05530 
  30      02413D03 
  30      00030251 
  30      47
  31              		.text
  32              		.section	.gnu.lto_.inline.cfe469b2,"",%progbits
  33 0000 789CA590 		.ascii	"x\234\245\220\273\016\001a\024\204g\376\275\260\301"
  33      BB0E0161 
  33      148467FE 
  33      BDB0C1
  34 000f 46AD2141 		.ascii	"F\255!A\247\325{\010\255\336ch\274\200\304%($$n\253"
  34      A7D57B08 
  34      ADDE6368 
  34      BC80C425 
  34      2824246E 
  35 0024 977D82ED 		.ascii	"\227}\202\355\025t4\022A#\221\210\316\376\307n\247s"
  35      15743412 
  35      41239188 
  35      CEFEC76E 
  35      A773
  36 0036 8A6F926F 		.ascii	"\212o\222oN5\006~_\235\337T@\361\012\352\204=\311\353"
  36      4E35067E 
  36      5F9DDF54 
  36      40F10AEA 
  36      843DC9EB 
  37 004a 8099018C 		.ascii	"\200\231\001\214?\2228\302e\012M\026s\010Y\322|(\016"
  37      3F9238C2 
  37      650A4D16 
  37      730859D2 
  37      7C280E
  38 005d F7E7A771 		.ascii	"\367\347\247qQoe(pN\351\312Q\347w\202\201-\235\011."
  38      516F6528 
  38      704EE9CA 
  38      51E77782 
  38      812D9D09 
  39 0072 18D9FB6E 		.ascii	"\030\331\373n\344\247\305Z\3402\266\235\366v\353\212"
  39      E4A7C55A 
  39      E032B69D 
  39      F676EB8A 
  40 0082 B5C1556C 		.ascii	"\265\301Ul_\323\323\215b\023\340:\266\263n\317\263\304"
  40      5FD3D38D 
  40      6213E03A 
  40      B6B36ECF 
  40      B3C4
  41 0094 26412FB6 		.ascii	"&A/\266\207\240_\025\351\200\033-\30352z\201q\270@\345"
ARM GAS  C:\Users\NICOLA~1\AppData\Local\Temp\ccAqnp3m.s 			page 3


  41      87A05F15 
  41      E9801B2D 
  41      C335327A 
  41      8171B840 
  42 00a9 D46815E0 		.ascii	"\324h\025\340\336\235VV\230\024\232B%\244fMC\376\344"
  42      DE9D5656 
  42      98149A42 
  42      25A4664D 
  42      43FEE4
  43 00bc 4DBE4CD9 		.ascii	"M\276L\331\364\003\352\200FI"
  43      F403EA80 
  43      4649
  44              		.text
  45              		.section	.gnu.lto_.pureconst.cfe469b2,"",%progbits
  46 0000 789C6366 		.ascii	"x\234cf```e\200\000&\006\011F)\000\000\363\000>"
  46      60606065 
  46      80002606 
  46      09462900 
  46      00F3003E 
  47              		.text
  48              		.section	.gnu.lto_sevensegmentInit.cfe469b2,"",%progbits
  49 0000 789C7DD2 		.ascii	"x\234}\322\337+Ca\030\007\360\347\373\234m\306\210\334"
  49      DF2B4361 
  49      1807F0E7 
  49      FB9C6DC6 
  49      88DC
  50 0012 59893B77 		.ascii	"Y\211;w\366/\370\023\374\015t\222\302\205\341nyW\222"
  50      F62FF813 
  50      FC0D7492 
  50      C285E16E 
  50      795792
  51 0025 0B69295A 		.ascii	"\013i)ZB\011\3715\033\303\330rqrC\211\362#$\271\300"
  51      4209F935 
  51      1BC3D872 
  51      71724389 
  51      F22324B9 
  52 003a 6AEECC14 		.ascii	"j\356\314\024K\342}\317\324qR\347\324\351y{\236\347"
  52      4BE27DCF 
  52      D47152E7 
  52      D4E9797B 
  52      9EE7
  53 004c FD3CA7CE 		.ascii	"\375<\247\316\243\321\377\307/\337\003&j\220\021\032"
  53      A3D1FFC7 
  53      2FDF0326 
  53      6A90111A 
  54 005c 8123A744 		.ascii	"\201#\247Da/\003\352@\240A\306 \2369\317\210\030kQ_"
  54      612F03EA 
  54      40A041C6 
  54      209E39CF 
  54      88186B51 
  55 0071 D3A210E2 		.ascii	"\323\242\020\342\345\3658\334j\240(\357\025\270\344"
  55      E5F538DC 
  55      6AA028EF 
  55      15B8E4
  56 0080 60094D24 		.ascii	"`\011M$\233\362C_\327>\317\220l\252)\325\260\014\017"
  56      9BF2435F 
  56      D73ECF90 
ARM GAS  C:\Users\NICOLA~1\AppData\Local\Temp\ccAqnp3m.s 			page 4


  56      6CAA29D5 
  56      B00C0F
  57 0093 644CD41A 		.ascii	"dL\324\032\342\373\373qv4PA\364$+\312\3172\253\250\335"
  57      E2FBFB71 
  57      76345041 
  57      F4242BCA 
  57      CF32ABA8 
  58 00a8 61D838AB 		.ascii	"a\3308\253R\255\312\230\275\030\213s\350S\214\010o\221"
  58      52ADCA98 
  58      BD188B73 
  58      E8538C08 
  58      6F91
  59 00ba 5160791D 		.ascii	"Q`y\035+\010\251\322\307\306C\244:\307Ef\021\025\206"
  59      2B08A9D2 
  59      C7C643A4 
  59      3AC74566 
  59      111586
  60 00cd 8BB00ABF 		.ascii	"\213\260\012\277L\037\316\344\222.\225\326@X3S\333s"
  60      4C1FCEE4 
  60      922E95D6 
  60      40583353 
  60      DB73
  61 00df 4BEF652A 		.ascii	"K\357e*\345\252#\304\340/\262\233\324\230s8\215Y\227"
  61      E5AA23C4 
  61      E02FB29B 
  61      D4987338 
  61      8D5997
  62 00f2 637ECDA9 		.ascii	"c~\315\251\353\354\233f\232L\210\303\377\027\271tD\022"
  62      EBEC9B66 
  62      9A4C88C3 
  62      FF17B974 
  62      4412
  63 0104 1692193F 		.ascii	"\026\222\031?\212zLD~\353\206\035\271rD6-dab2\3466\021"
  63      8A7A4C44 
  63      7EEB861D 
  63      B9724436 
  63      2D646162 
  64 011c 2F216947 		.ascii	"/!iGn\034\221-\0139~\370(T\232H\015a\333\216\334:\""
  64      6E1C912D 
  64      0B397EF8 
  64      28549A48 
  64      0D61DB8E 
  65 0133 3B16928E 		.ascii	";\026\222\216\277\235\370L\244\221\220\262#w\216\310"
  65      BF9DF84C 
  65      A49190B2 
  65      23778EC8 
  66 0143 AE8524E7 		.ascii	"\256\205$\347\027S\345&\322B\330\263#\367\216H\332B"
  66      1753E526 
  66      D242D8B3 
  66      23F78E48 
  66      DA42
  67 0155 26F6A7C7 		.ascii	"&\366\247\307K\210\220\277<c)\367\010\033y\267\251\220"
  67      4B8890BF 
  67      3C6329F7 
  67      081B79B7 
  67      A990
  68 0167 5A34A805 		.ascii	"Z4\250\005\223\353V\337\034\350\017\352\275]\235m\201"
ARM GAS  C:\Users\NICOLA~1\AppData\Local\Temp\ccAqnp3m.s 			page 5


  68      93EB56DF 
  68      1CE80FEA 
  68      BD5D9D6D 
  68      81
  69 0178 606F7B20 		.ascii	"`o{ \250\017\350=A\275\243[\357\351kn\247\037\213\313"
  69      A80FE83D 
  69      41BDA35B 
  69      EFE96B6E 
  69      A71F8BCB 
  70 018c FB42     		.ascii	"\373B"
  71              		.text
  72              		.section	.gnu.lto_writeonsegments.cfe469b2,"",%progbits
  73 0000 789C95D8 		.ascii	"x\234\225\330\331S\024W\024\006\360\276\335\2632`\254"
  73      D9531457 
  73      1406F0BE 
  73      DDB33260 
  73      AC
  74 0011 3C5A958A 		.ascii	"<Z\225\212\251\304\370\022\343S\362\354s\362\222\277"
  74      A9C4F812 
  74      E353F2EC 
  74      73F292BF 
  75 0021 2116954A 		.ascii	"!\026\225JU\342\203&yu0\210+\212;.\340\202;(\010\212"
  75      55E28326 
  75      79753088 
  75      2B8A3B2E 
  75      E0823B28 
  76 0037 8020A320 		.ascii	"\200 \243 \240\262\310> \233\012\012\356\013\012\250"
  76      A0B2C83E 
  76      209B0A0A 
  76      EE0B0AA8 
  77 0047 48EEBD3D 		.ascii	"H\356\275=}\274S\326W\225c\225M\017}\317\374\276\356"
  77      7DBC53D6 
  77      57956395 
  77      4D0F7DCF 
  77      FCBEEE
  78 005a E96FAA1A 		.ascii	"\351o\252\032\307\372\364_\235\374\377\335\267\226\365"
  78      C7FAF45F 
  78      9DFCFFDD 
  78      B796F5
  79 0069 95FC29E6 		.ascii	"\225\374)\346Y\302\316i\265\254\214\220\035I\313\016"
  79      59C2CE69 
  79      B5AC8C90 
  79      1D49CB0E 
  80 0079 5AD190A3 		.ascii	"Z\321\220\243\267>\275\365\353m@o\203z\033\322\333\260"
  80      B73EBDF5 
  80      EB6D406F 
  80      837A1BD2 
  80      DBB0
  81 008b DEA6E86D 		.ascii	"\336\246\350mDoS\335Y\221\346\276\231\317\333\361{;"
  81      446F53DD 
  81      5991E6BE 
  81      99CFDBF1 
  81      7B3B
  82 009d 016F27E8 		.ascii	"\001o'\350\355\204\274\235\260\267\223\342\355D\274"
  82      ED84BC9D 
  82      B0B793E2 
  82      ED44BC
ARM GAS  C:\Users\NICOLA~1\AppData\Local\Temp\ccAqnp3m.s 			page 6


  83 00ac 9D546F27 		.ascii	"\235To'M\010\265c\011k\265\355\370\374\201`(\234\022"
  83      4D08B563 
  83      096BB5ED 
  83      F8FC8160 
  83      289C12
  84 00bf 494D13AB 		.ascii	"IM\023\253\305\204\375\302\0269\261\302\334\310\342"
  84      C584FDC2 
  84      1639B1C2 
  84      DCC8E2
  85 00ce 63D168F4 		.ascii	"c\321h\364\371\221\266\214_bb\306\266\254W\266{\302"
  85      F991B68C 
  85      5F6262C6 
  85      B6AC57B6 
  85      7BC2
  86 00e0 E284582C 		.ascii	"\342\204X,\327t\305\357e\371\234\205\302\222\373\225"
  86      D774C5EF 
  86      65F99C85 
  86      C292FB95 
  87 00f0 67275B22 		.ascii	"g'[\"\343\366\214-\026\252\227U\333\233r\003\352\245"
  87      E3F68C2D 
  87      16AA9755 
  87      DB9B7203 
  87      EAA5
  88 0102 ED532FFB 		.ascii	"\355S/\373k\257<\362-*\220\357\026\253*\215.\363\315"
  88      6BAF3CF2 
  88      2D2A90EF 
  88      16AB2A8D 
  88      2EF3CD
  89 0115 D88E3829 		.ascii	"\330\2168)\034\371~\342\224X N\213\005\226\374\225%"
  89      1CF97EE2 
  89      9458204E 
  89      8B0596FC 
  89      9525
  90 0127 0AC522B5 		.ascii	"\012\305\"\265\374E\346lo$\220)\227\317wMQ$\002B\376"
  90      FC45E66C 
  90      6F249029 
  90      97CF774D 
  90      51240242 
  91 013c 2CFE3C16 		.ascii	",\376<\026\235\233+\310\257\356\363\375d\013\275\334"
  91      9D9B2BC8 
  91      AFEEF3FD 
  91      640BBDDC 
  92 014c 1A950BD4 		.ascii	"\032\225\013\324\231\214\331\266\372\351\364\211\003"
  92      998CD9B6 
  92      FAE9F489 
  92      03
  93 0159 D1DC61A1 		.ascii	"\321\334a\241F\246lu*\035\357\337\237\024[EvFf4\244"
  93      46A66C75 
  93      2A1DEFDF 
  93      9F145B45 
  93      76466634 
  94 016e CEC29AD4 		.ascii	"\316\302\232\324\247!\316\310_\312\303k\316\324\344"
  94      A721CEC8 
  94      5FCAC36B 
  94      CED4E4
  95 017d CF730F8F 		.ascii	"\317s\017\217|\370Q.\020_/\220K\024'\316~\262\344P\256"
  95      7CF8512E 
ARM GAS  C:\Users\NICOLA~1\AppData\Local\Temp\ccAqnp3m.s 			page 7


  95      105F2F90 
  95      4B1427CE 
  95      7EB2E450 
  96 0192 A3967CA3 		.ascii	"\243\226|\243\226\350d\305\356\222}\275c\223\216:a\307"
  96      96E864C5 
  96      EE927DBD 
  96      63938E3A 
  96      61C7
  97 01a4 5667B0AD 		.ascii	"Vg\260\255<\3766\234\2308\255'J\204\032q\324\310\271"
  97      3CFE369C 
  97      9838AD27 
  97      4A841A71 
  97      D4C8B9
  98 01b7 4FDFB55A 		.ascii	"O\337\265Z\257Y\244\226\370\324\222Rw\011]FG_\306\262"
  98      AF59A496 
  98      F8D49252 
  98      77095D46 
  98      475FC6B2 
  99 01cb 785D6F24 		.ascii	"x]o$1\321\252'\312\364\273\372\325\310yw\344q\347\376"
  99      31D1AA27 
  99      CAF4BBFA 
  99      D5C87977 
  99      E471E7FE 
 100 01df AA543DE2 		.ascii	"\252T=\342W#\257\033+\032|\211\221q=rA\217\004\324H"
 100      5723AF1B 
 100      2B1A7C89 
 100      91713D72 
 100      418F04D4 
 101 01f4 B93BB27D 		.ascii	"\271;\262}mE\305<=\022P#\335%Y\307=\345\255\036\271"
 101      6D45C53C 
 101      3D125023 
 101      DD2559C7 
 101      3DE5AD1E 
 102 0209 A847826A 		.ascii	"\250G\202j\244\302\035\231*\030y$\364HP\215t\325\\\030"
 102      A4C21D99 
 102      2A187924 
 102      F448508D 
 102      74D55C18 
 103 021d B413239B 		.ascii	"\264\023#\233\375j\244R\217\204\324H\225;rt\327\356"
 103      FD6AA452 
 103      8F84D448 
 103      953B7274 
 103      D7EE
 104 022f 22BF1E09 		.ascii	"\"\277\036\011\251\221\254\351}\033\022\237\312\241"
 104      A991ACE9 
 104      7D1B129F 
 104      CAA1
 105 023d 7C3D7249 		.ascii	"|=rI\217\204\325H\265;\022o\332\363\203\236\010\253"
 105      8F84D548 
 105      B53B126F 
 105      DAF3839E 
 105      08AB
 106 024f 89E27865 		.ascii	"\211\342xem 1Q\241'j\364D\212\232\270,',u\0238Vv\320"
 106      6D203151 
 106      A1276AF4 
 106      448A9AB8 
 106      2C272C75 
ARM GAS  C:\Users\NICOLA~1\AppData\Local\Temp\ccAqnp3m.s 			page 8


 107 0268 898B8CF9 		.ascii	"\211\213\214\371\352\006P\037c\277\270\372\374y\355"
 107      EA06501F 
 107      63BFB8FA 
 107      FC79ED
 108 0277 97EAA57C 		.ascii	"\227\352\245|\223\351\222\2739\237\251\367\364Es\243"
 108      93E992BB 
 108      399FA9F7 
 108      F44573A3 
 109 0287 317D5587 		.ascii	"1}U\207G\333\332C\372W\226z\371\376\300\304y;O\354\227"
 109      47DBDA43 
 109      FA57967A 
 109      F9FEC0C4 
 109      793B4FEC 
 110 029c 77BC5FD4 		.ascii	"w\274_\324\312\2733&\025u`CUvQdIa4S\036\011\210+\"O"
 110      CABB3326 
 110      15756043 
 110      55765164 
 110      49613453 
 111 02b6 BCD43792 		.ascii	"\274\3247\222<T=:]\026L\034\012\212\253b\311K}\377\310"
 111      3C543D3A 
 111      5D164C1C 
 111      0A8AAB62 
 111      C94B7DFF 
 112 02cb 23B33B73 		.ascii	"#\263;s:R\022GB\242N\035\321\267M\275X\"\2176\346\215"
 112      3A521247 
 112      42A24E1D 
 112      D1B74DBD 
 112      58228F36 
 113 02e1 97FA141D 		.ascii	"\227\372\024\035\026\226\270&\035\0256\247^$\302\376"
 113      1696B826 
 113      1D1536A7 
 113      5E24C2FE 
 114 02f1 CF280D38 		.ascii	"\317(\0158J#\214\322DQ\256\353(t\003\207\345\205\275"
 114      4A238CD2 
 114      4451AEEB 
 114      28740387 
 114      E585BD
 115 0304 9188728B 		.ascii	"\221\210r\213\033\345&\216\322\014\243\264P\224V\035"
 115      1BE5268E 
 115      D20CA3B4 
 115      5094561D 
 116 0314 85EEFAB0 		.ascii	"\205\356\372\260\317\022m\336U\271\306\214r\013Gi\207"
 116      CF126DDE 
 116      55B9C68C 
 116      720B4769 
 116      87
 117 0325 513A284A 		.ascii	"Q:(J\247\216B7m8d\211.\357\252p\243t\343(=0J/E\211\353"
 117      A78E4237 
 117      6D386489 
 117      2EEFAA70 
 117      A374E328 
 118 0340 2837EF4E 		.ascii	"(7\357N\277\322\305\016\317\267D\237wU\032\230Q\372"
 118      BFD2C50E 
 118      CFB7449F 
 118      77551A98 
 118      51FA
 119 0352 7194DB30 		.ascii	"q\224\3330\312\000E\031\324Q\350\313>\274\320\022C\336"
ARM GAS  C:\Users\NICOLA~1\AppData\Local\Temp\ccAqnp3m.s 			page 9


 119      CA004519 
 119      D451E8CB 
 119      3EBCD012 
 119      43DE
 120 0364 55E14619 		.ascii	"U\341F\031\306QF`\224;\352\210\376\026\275\253\243\224"
 120      C6514660 
 120      943BEA88 
 120      FE16BDAB 
 120      A394
 121 0376 161C2B0F 		.ascii	"\026\034+\017\353(\313,qO9\362;\300\227\374\035`\273"
 121      EB28CB2C 
 121      714F39F2 
 121      3BC097FC 
 121      1D60BB
 122 0389 F99A99F9 		.ascii	"\371\232\231\371Fq\2761\230\357>\345{ \226|\254t\013"
 122      4671BE31 
 122      98EF3EE5 
 122      7B20967C 
 122      AC740B
 123 039c D31EC7F6 		.ascii	"\323\036\307\366\004\264\037\322\307\364H\332\324a\256"
 123      04B41FD2 
 123      C7F448DA 
 123      D461AE
 124 03ab FD18DB4F 		.ascii	"\375\030\333O\240\375\224\354g\322\246\322\2662\355"
 124      A0FD94EC 
 124      67D2A6D2 
 124      B632ED
 125 03ba E7D87E01 		.ascii	"\347\330~\001\355\227t\315_I\233Z\312\265'\261\375\032"
 125      ED9774CD 
 125      5F499B5A 
 125      CAB527B1 
 125      FD1A
 126 03cc DA6FC89E 		.ascii	"\332o\310\236\2226\325\262\215iOc{\006\332o\311~'m\352"
 126      9236D5B2 
 126      8D694F63 
 126      7B06DA6F 
 126      C97E276D 
 127 03e1 21D77E8F 		.ascii	"!\327~\217\355Yh\177 {N\332^\361\374\311\305s\334@\335"
 127      ED59687F 
 127      207B4EDA 
 127      5EF1FCC9 
 127      C573DC40 
 128 03f6 CC40511B 		.ascii	"\314@Q\033\006\312\260Q\2405\266w\003\376k\033\305\353"
 128      06CAB051 
 128      A035B677 
 128      03FE6B1B 
 128      C5EB
 129 0408 61DA99D8 		.ascii	"a\332\231\330^\013\355,\262\327\331F\361\270\366zlo"
 129      5E0BED2C 
 129      B2D7D946 
 129      F1B8F67A 
 129      6C6F
 130 041a 80F646DB 		.ascii	"\200\366F\333\373 6\331F\361z\231\366flgC{\013\235\367"
 130      FB2036D9 
 130      46F17A99 
 130      F6666C67 
 130      437B0B9D 
ARM GAS  C:\Users\NICOLA~1\AppData\Local\Temp\ccAqnp3m.s 			page 10


 131 042f 56DB281E 		.ascii	"V\333(\036\327\316\301\3666ho'{\207m\024o\200i\357\304"
 131      D7CEC1F6 
 131      36686F27 
 131      7B876D14 
 131      6F8069EF 
 132 0444 F62E68EF 		.ascii	"\366.h\357\246k\276\3076\212\307\265s\261\275\027\332"
 132      A66BBEC7 
 132      368AC7B5 
 132      73B1BD17 
 132      DA
 133 0455 FBE8BCF7 		.ascii	"\373\350\274\367\333\037\213\027H.\236\317\0154\304"
 133      DB1F8B17 
 133      482E9ECF 
 133      0D34C4
 134 0464 0C740007 		.ascii	"\014t\000\007\312\203\201\362)\320A\263x\303L\373\020"
 134      CA8381F2 
 134      29D041B3 
 134      78C34CFB 
 134      10
 135 0475 B60F43FB 		.ascii	"\266\017C\373\010\331\005f\361\270\366Ql\037\203\366"
 135      08D90566 
 135      F1B8F651 
 135      6C1F83F6 
 136 0485 71B24F98 		.ascii	"q\262O\230\305\033e\332'\261}\012\332\247\311.4\213"
 136      C51B65DA 
 136      27B17D0A 
 136      DAA7C92E 
 136      348B
 137 0497 C7B58BB0 		.ascii	"\307\265\213\260}\006\332g\351\346/6\2137\306\264K\260"
 137      7D06DA67 
 137      E9E62F36 
 137      8B37C6B4 
 137      4BB0
 138 04a9 7D0EDAA5 		.ascii	"}\016\332\245d\227\231\305\343\332\347\261}\001\332"
 138      649799C5 
 138      E3DAE7B1 
 138      7D01DA
 139 04b8 E574CD2F 		.ascii	"\345t\315/\032\305\013&\027\317\357\006z\300\014T\201"
 139      1AC50B26 
 139      17CFEF06 
 139      7AC00C54 
 139      81
 140 04c9 0355C240 		.ascii	"\003U\302@Ut1.\231\305{\314\264\253\261]\003\355\313"
 140      5574312E 
 140      99C57BCC 
 140      B4ABB15D 
 140      03EDCB
 141 04dc 74316ACD 		.ascii	"t1j\315\342q\355\030\266\257@\373*\331uf\361\2360\355"
 141      E271ED18 
 141      B6AF40FB 
 141      2AD97566 
 141      F19E30ED 
 142 04f0 7A6C5F83 		.ascii	"zl_\203v\003]\363F\263x\\\273\011\333\327\241}\203\354"
 142      76035DF3 
 142      46B3785C 
 142      BB09DBD7 
 142      A17D83EC 
ARM GAS  C:\Users\NICOLA~1\AppData\Local\Temp\ccAqnp3m.s 			page 11


 143 0504 9B66F19E 		.ascii	"\233f\361\2362\355fl\267@\273\225\256y\233Y<\256}\013"
 143      32ED666C 
 143      B740BB95 
 143      AE799B59 
 143      3CAE7D0B 
 144 0518 DBEDD0EE 		.ascii	"\333\355\320\356 \273\323(^(\271x\0017\320$3P\027\016"
 144      20BBD328 
 144      5E28B978 
 144      0137D024 
 144      3350170E 
 145 052c D40D03F5 		.ascii	"\324\015\003\365P\240^\263x\257\231v\034\333}\320\356"
 145      50A05EB3 
 145      78AF9976 
 145      1CDB7DD0 
 145      EE
 146 053d A79BE0B6 		.ascii	"\247\233\340\266Y<\256=\200\355Ah\017\321y\017\233\305"
 146      593CAE3D 
 146      80ED4168 
 146      0FD1790F 
 146      9BC5
 147 054f 7BC3B447 		.ascii	"{\303\264G\260}\007\332w\311\276g\026\217k\217b{\014"
 147      B07D07DA 
 147      77C9BE67 
 147      168F6B8F 
 147      627B0C
 148 0562 DAF7E99A 		.ascii	"\332\367\351\232?0\2137\305}\246\307\366\004\264\037"
 148      3F308B37 
 148      C57DA6C7 
 148      F604B41F 
 149 0572 D2793F32 		.ascii	"\322y?2\213\307\265\037c\373\011\264\237\222\375\314"
 149      8BC7B51F 
 149      63FB09B4 
 149      9F92FDCC 
 150 0582 285E38B9 		.ascii	"(^8\271xA7\320,\367A\037\007z\001\003\275\244@\257\314"
 150      784137D0 
 150      2CF7411F 
 150      077A0103 
 150      BDA440AF 
 151 0597 E27DE03E 		.ascii	"\342}\340>\350c\3735\264\337\320M0e\026\217kOc{\006"
 151      E863FB35 
 151      B4DFD04D 
 151      3065168F 
 151      6B4F637B 
 152 05ac DA6FE9BC 		.ascii	"\332o\351\274\337\231\305\233\343>\350c{\026\332\037"
 152      DF99C59B 
 152      E33EE863 
 152      7B16DA1F 
 153 05bc C89E338B 		.ascii	"\310\2363\213\307\265\243\016~\246w\3403\275C\317\364"
 153      C7B5A30E 
 153      7EA677E0 
 153      33BD43CF 
 153      F4
 154 05cd 8E51BC7A 		.ascii	"\216Q\274z\233\371L\217\355\265\320\316\"{\235c\024"
 154      9BF94C8F 
 154      EDB5D0CE 
 154      227B9D63 
 154      14
ARM GAS  C:\Users\NICOLA~1\AppData\Local\Temp\ccAqnp3m.s 			page 12


 155 05de 8F6BAFC7 		.ascii	"\217k\257\307\366\006ho${\223\363\261x)\311\305\013"
 155      F606686F 
 155      247B93F3 
 155      B17829C9 
 155      C50B
 156 05f0 25FEEACA 		.ascii	"%\376\352\312\014\264\031\007\312\206\201\266P\240\255"
 156      0CB41907 
 156      CA8681B6 
 156      50A0AD
 157 05ff 8E51BC46 		.ascii	"\216Q\274F\246\235\203\355m\320\336N\366\016\307(\036"
 157      A69D83ED 
 157      6DD0DE4E 
 157      F60EC728 
 157      1E
 158 0610 D7DE89ED 		.ascii	"\327\336\211\355]\320\336M\366\036\307(^3\323\316\305"
 158      5DD0DE4D 
 158      F61EC728 
 158      5E33D3CE 
 158      C5
 159 0621 F65E68EF 		.ascii	"\366^h\357s\274/\234\375\216Q<\256}\000\333y\320\316"
 159      73BC2F9C 
 159      FD8E513C 
 159      AE7D00DB 
 159      79D0CE
 160 0634 27FBA059 		.ascii	"'\373\240Y\274\026\246}\010\333\207\241}\204\354\002"
 160      BC16A67D 
 160      08DB87A1 
 160      7D84EC02 
 161 0644 B3785CFB 		.ascii	"\263x\\\373(\266\217A\3738\331'\214\342E\222\213\027"
 161      28B68F41 
 161      FB38D927 
 161      8CE24592 
 161      8B17
 162 0656 4EFC9995 		.ascii	"N\374\231\225\031\350$\016t\012\006:M7`\241Y\274.\246"
 162      19E8240E 
 162      740A063A 
 162      4D3760A1 
 162      59BC2EA6 
 163 066a 5D84ED33 		.ascii	"]\204\3553\320>Kv\261Y<\256]\202\355s\320.%\273\314"
 163      D03E4B76 
 163      B1593CAE 
 163      5D82ED73 
 163      D02E25BB 
 164 067f 2C5E37D3 		.ascii	",^7\323>\217\355\013\320.'\373\242Y<\256]\201\355Jh"
 164      3E8FED0B 
 164      D02E27FB 
 164      A2593CAE 
 164      5D81ED4A 
 165 0694 57917DC9 		.ascii	"W\221}\311,^\017\323\256\306v\015\264/\223]k\026\217"
 165      2C5E0FD3 
 165      AEC6760D 
 165      B42F935D 
 165      6B168F
 166 06a7 6BC7B07D 		.ascii	"k\307\260}\005\332W\311\2563\212\227\232\\\274\224\304"
 166      05DA57C9 
 166      AE338A97 
 166      9A5CBC94 
ARM GAS  C:\Users\NICOLA~1\AppData\Local\Temp\ccAqnp3m.s 			page 13


 166      C4
 167 06b8 9F599981 		.ascii	"\237Y\231\201\352q\240k0P\003\005j4\2137\310\264\233"
 167      EA71A06B 
 167      30500305 
 167      6A348B37 
 167      C8B49B
 168 06cb B07D1DDA 		.ascii	"\260}\035\3327\310\276i\026\217k7c\273\005\332\255d"
 168      37C8BE69 
 168      168F6B37 
 168      63BB05DA 
 168      AD64
 169 06dd B799C51B 		.ascii	"\267\231\305\033b\332\267\260\335\016\355\016\262;\315"
 169      62DAB7B0 
 169      DD0EED0E 
 169      B23BCD
 170 06ec E271ED2E 		.ascii	"\342q\355.lwC\273\207\276\371{\315\342\0153\3558\266"
 170      6C7743BB 
 170      87BEF97B 
 170      CDE20D33 
 170      ED38B6
 171 06ff FBA0DD4F 		.ascii	"\373\240\335O\347}\333,\036\327\036\300\366 \264\207"
 171      E77DDB2C 
 171      1ED71EC0 
 171      F620B487 
 172 070f C81E368A 		.ascii	"\310\0366\212\227fmm\265\214\346Y\326\220\310\210\355"
 172      97666D6D 
 172      B58CE659 
 172      D690C888 
 172      ED
 173 0720 F959BD52 		.ascii	"\371Y\275R\300\250|3\271B\376\376\213\357\227\376\275"
 173      C0A87C33 
 173      B942FEFE 
 173      8BEF97FE 
 173      BD
 174 0731 2A7DE51F 		.ascii	"*}\345\037\277\377\272t\325\312\345KW\245\377\223\276"
 174      BFFFBA74 
 174      D5CAE54B 
 174      57A5FF93 
 174      BE
 175 0742 6255FA6F 		.ascii	"bU\372o\177\246\257\370\353\373\345\226X\361\037>\304"
 175      7FA6AFF8 
 175      EBFBE596 
 175      58F11F3E 
 175      C4
 176 0753 DBA1     		.ascii	"\333\241"
 177              		.text
 178              		.section	.gnu.lto_.symbol_nodes.cfe469b2,"",%progbits
 179 0000 789C4DC8 		.ascii	"x\234M\310\261\015\200 \020@\321\317\321\260\205K\332"
 179      B10D8020 
 179      1040D1CF 
 179      D1B0854B 
 179      DA
 180 0011 1F05B146 		.ascii	"\037\005\261F\0070\024\214B\355\014\232P:\2031\206+"
 180      0730148C 
 180      42ED0C9A 
 180      503A8331 
 180      862B
ARM GAS  C:\Users\NICOLA~1\AppData\Local\Temp\ccAqnp3m.s 			page 14


 181 0023 FCCD4BBE 		.ascii	"\374\315K\276\007f,\311\242\220\017Pe/\001YE\335\177"
 181      07662CC9 
 181      A2900F50 
 181      652F0159 
 181      45DD7F
 182 0036 B84D54C6 		.ascii	"\270MT\306 \306\200G\250\347\343>\233\331\315t\015\253"
 182      20C68047 
 182      A8E7E33E 
 182      9BD9CD74 
 182      0DAB
 183 0048 D9CC6EA6 		.ascii	"\331\314n\246\345\236x\001\225'\"U"
 183      E59E7801 
 183      95272255 
 184              		.text
 185              		.section	.gnu.lto_.refs.cfe469b2,"",%progbits
 186 0000 789C6366 		.ascii	"x\234cf```d\200\002\000\000=\000\005"
 186      60606064 
 186      80020000 
 186      3D0005
 187              		.text
 188              		.section	.gnu.lto_.decls.cfe469b2,"",%progbits
 189 0000 789CAD56 		.ascii	"x\234\255V}PT\327\025\177w\357\356\262<v\027g0&\343"
 189      7D5054D7 
 189      157F77EF 
 189      EEB23C76 
 189      17673026 
 190 0015 B4D3853F 		.ascii	"\264\323\205?\030\247cX?\332\314\244\377\324\032lbj"
 190      18A76358 
 190      3FDACCA4 
 190      FFD41A6C 
 190      626A
 191 0027 0AB326D3 		.ascii	"\012\263&\323\351\204\311\026\331\027\334)\260\224]"
 191      E984C916 
 191      D917DC29 
 191      B0945D
 192 0036 D2E6BFC7 		.ascii	"\322\346\277\307\227\240\240\020\242\306\217\250\013"
 192      97A0A010 
 192      A2C68FA8 
 192      0B
 193 0043 1AF93025 		.ascii	"\032\3710%\"\251\022E \0306|c\224\326\004D\026\324H"
 193      22A91245 
 193      2018367C 
 193      6394D604 
 193      4416D448 
 194 0057 40041114 		.ascii	"@\004\021\024\220@\317\275\367\355>`\227\2143\355\033"
 194      9040CFBD 
 194      F7ED3E60 
 194      978C33ED 
 194      1B
 195 0068 CE72CF7D 		.ascii	"\316r\317}\277\373;\277s\316}\357>\314q\234\006q\334"
 195      BFFB3BBF 
 195      73CE7DEF 
 195      3ECC719C 
 195      0671DC
 196 007b 3C5CBFD5 		.ascii	"<\\\277\325q\3344\2141\314E\203)\301\356\203\205\202"
 196      71DC348C 
 196      31CC4583 
ARM GAS  C:\Users\NICOLA~1\AppData\Local\Temp\ccAqnp3m.s 			page 15


 196      29C1EE83 
 196      8582
 197 008d 8D82BDCE 		.ascii	"\215\202\275\316\261\213\334\037\007{\014\246@\234\317"
 197      B18BDC1F 
 197      077B0CA6 
 197      409CCF
 198 009c 45EEA925 		.ascii	"E\356\251%\016\214\026sp\022^!\341\374\255'\274\274"
 198      0E8C1673 
 198      70125E21 
 198      E1FCAD27 
 198      BCBC
 199 00ae B45E0FA6 		.ascii	"\264^\017\246\225b\023\236a\260.\242\015\326\251\300"
 199      9562139E 
 199      61B02EA2 
 199      0DD6A9C0 
 200 00be 0C92CE7B 		.ascii	"\014\222\316{`\337\200\265\202\265Ka\010O\020\321\002"
 200      60DF80B5 
 200      82B54B61 
 200      084F10D1 
 200      02
 201 00cf 4E006279 		.ascii	"N\000by\006\202\361`A`Z0\035\230\036,\030l\305\022-"
 201      0682F160 
 201      41605A30 
 201      1D981E2C 
 201      186CC512 
 202 00e4 0F15E84A 		.ascii	"\017\025\350JSQ\217jP\201\364\274[A\374\356\316\312"
 202      53518F6A 
 202      5081F4BC 
 202      5B41FCEE 
 202      CECA
 203 00f6 7E3DF85A 		.ascii	"~=\370Z~-q\017\226\017Z0\244\000\303\223\207\372\273"
 203      7E2D710F 
 203      960F5A30 
 203      A400C393 
 203      87FABB
 204 0109 F8B5E5A2 		.ascii	"\370\265\345\242(\346\210\365SH\246\370\242b\242=\210"
 204      28E688F5 
 204      5348A6F8 
 204      A262A23D 
 204      88
 205 011a 5218887B 		.ascii	"R\030\210{\261\260\351\220\2322(\211\233v\372R^\000"
 205      B1B0E990 
 205      9A322889 
 205      9B76FA52 
 205      5E00
 206 012c B8A13C05 		.ascii	"\270\241<\005\367\035\235>\025H]\322\220`2UW;\345\342"
 206      F71D9D3E 
 206      15485DD2 
 206      90603255 
 206      573BE5E2 
 207 0140 F12A1A24 		.ascii	"\361*\032$/\307\335\314\343_\220\261\242\351{\361\244"
 207      2FC7DDCC 
 207      E35F90B1 
 207      A2E97BF1 
 207      A4
 208 0151 1E85F3A7 		.ascii	"\036\205\363\247 \344Xw\241\353g\242\250D\347\020\217"
 208      20E45877 
ARM GAS  C:\Users\NICOLA~1\AppData\Local\Temp\ccAqnp3m.s 			page 16


 208      A1EB67A2 
 208      A844E710 
 208      8F
 209 0162 CE228CCA 		.ascii	"\316\"\214\312\321ZR\004\302J\256\034QL\027\0132\304"
 209      D15A5204 
 209      C24AAE1C 
 209      514C170B 
 209      32C4
 210 0174 C0263D87 		.ascii	"\300&=\207\316\240\325\350S\264\232C\225(\034\020\024"
 210      CEA0D5E8 
 210      53B49A43 
 210      95281C10 
 210      14
 211 0185 8BFE0993 		.ascii	"\213\376\011\223\0250\011\304\215\263\265\231*\304\207"
 211      153009C4 
 211      8DB3B599 
 211      2AC487
 212 0194 FB5FF4B9 		.ascii	"\373_\364\271\237ETBYV\341*\"\241\012$|&K\000E\336R"
 212      9F455442 
 212      5956E12A 
 212      22A10A24 
 212      7C264B00 
 213 01ab 8C349CFA 		.ascii	"\2144\234\372\007\017\264\031\317F\013+\346zvej\361"
 213      070FB419 
 213      CF460B2B 
 213      E67A7665 
 213      6AF1
 214 01bd 08A2D9EF 		.ascii	"\010\242\331\357\255:rD\203\0371g\252\340\223O\224x"
 214      AD3A7244 
 214      831F3167 
 214      AAE0934F 
 214      9478
 215 01cf 8639A70E 		.ascii	"\2069\247\016\034\374TE\213\252!\356\245\242\262Q\015"
 215      1CFC5445 
 215      8BAA21EE 
 215      A5A2B251 
 215      0D
 216 01e0 4E678DA9 		.ascii	"Ng\215\251kNk\347q\016sZ\007\246\036i)p\005q{\012\213"
 216      6B4E6BE7 
 216      710E735A 
 216      07A61E69 
 216      29700571 
 217 01f7 4AF4388F 		.ascii	"J\3648\217\335\353\230+\030\017\300\005\213\201z\006"
 217      DDEB982B 
 217      180FC005 
 217      8B817A06 
 218 0207 3C72E3EE 		.ascii	"<r\343\356\004\246\353\35068\320r4_\205\013\031\264"
 218      04A6EBE8 
 218      3638D072 
 218      345F850B 
 218      19B4
 219 0219 A0BFF0BA 		.ascii	"\240\277\360\272\022\037e\216\247\237\006\326\317\217"
 219      121F658E 
 219      A79F06D6 
 219      CF8F
 220 0227 86A73ED7 		.ascii	"\206\247>\327Pw~\036\223\342\026\367^\355\017\364v\355"
 220      50777E1E 
ARM GAS  C:\Users\NICOLA~1\AppData\Local\Temp\ccAqnp3m.s 			page 17


 220      93E216F7 
 220      5EED0FF4 
 220      76ED
 221 0239 FC5D444A 		.ascii	"\374]DJ\346\202\2225\310%3,\354\032\024KU\012\225\252"
 221      E6829235 
 221      C825332C 
 221      EC1A144B 
 221      550A95AA 
 222 024d 83A2D493 		.ascii	"\203\242\324\223J5B\245\014R\245\256\300\344W\254kU"
 222      4A3542A5 
 222      0C52A5AE 
 222      C0E457AC 
 222      6B55
 223 025f 030F7279 		.ascii	"\003\017ry\017qY\343>\332\213& \376R&v\241\237d\376"
 223      0F7159E3 
 223      3EDA8B26 
 223      20FE5226 
 223      76A19F64 
 224 0274 DA2F33BA 		.ascii	"\332/3\2720\232?\200\360i\226_\356\376\211f\005.\247"
 224      309A3F80 
 224      F069965F 
 224      EEFE8966 
 224      052EA7
 225 0287 8E724F5D 		.ascii	"\216rO]\315J\024\026\022\026\356\004\276\261\301\335"
 225      CD4A1416 
 225      1216EE04 
 225      BEB1C1DD 
 226 0297 8FB76664 		.ascii	"\217\267fd\210\373_\240a\233!l\033\012\221\331\327\254"
 226      88FB5FA0 
 226      619B216C 
 226      1B0A91D9 
 226      D7AC
 227 02a9 0605BF84 		.ascii	"\006\005\277\204\037\356\003\220(\0268\305M)\362\006"
 227      1FEE0390 
 227      281638C5 
 227      4D29F206 
 228 02b9 E0281842 		.ascii	"\340(\030B\243\016P\321\212\302P;\012\243Z\011\267\363"
 228      A30E50D1 
 228      8AC2503B 
 228      0AA35A09 
 228      B7F3
 229 02cb BB6C75E9 		.ascii	"\273lu\351:\312\333\342\227\267\216P\320}\350\356,A"
 229      3ACADBE2 
 229      97B78E50 
 229      D07DE8EE 
 229      2C41
 230 02dd 1A82E0A4 		.ascii	"\032\202\340\244\254\345'\261e\3105\242\306CL{\336\344"
 230      ACE527B1 
 230      65C835A2 
 230      C6434C7B 
 230      DEE4
 231 02ef 851E2D0A 		.ascii	"\205\036-\012\013[I\305\273;J:\264b\323:\272{k!\304"
 231      0B5B49C5 
 231      BB3B4A3A 
 231      B462D33A 
 231      BA7B6B21 
 232 0304 35B452DE 		.ascii	"5\264R\336\234\262t'\211\320}OU\237\316Tt.\017-\244"
ARM GAS  C:\Users\NICOLA~1\AppData\Local\Temp\ccAqnp3m.s 			page 18


 232      9CB27427 
 232      89D07D4F 
 232      559FCE54 
 232      742E0F2D 
 233 0319 5966889B 		.ascii	"Yf\210\233\034\013\263$`\222\345u\310\362*d\371\215"
 233      1C0BB324 
 233      6092E575 
 233      C8F22A64 
 233      F98D
 234 032b 942595DE 		.ascii	"\224%\225\336\236\035 \"\002\361\325^\234?\232\033\274"
 234      9E1D2022 
 234      02F1D55E 
 234      9C3F9A1B 
 234      BC
 235 033c 1238D396 		.ascii	"\0228\323\226\345\344\026\021\302\232\017\277-\236\343"
 235      E5E41611 
 235      C29A0FBF 
 235      2D9EE3
 236 034b F17DD6B8 		.ascii	"\361}\326\270\303O\332\\\301t\007\277@\334\312\257j"
 236      C34FDA5C 
 236      C17407BF 
 236      40DCCAAF 
 236      6A
 237 035c 3382F043 		.ascii	"3\202\360CvO\234k\372Q\207\0373\307\363\276\322\262"
 237      764F9C6B 
 237      FA51871F 
 237      33C7F3BE 
 237      D2B2
 238 036e F7D5B1DE 		.ascii	"\367\325\261\336\353\367u\370)\273WU\233\363!\217EL"
 238      EBF775F8 
 238      29BB5755 
 238      9BF3218F 
 238      454C
 239 0380 9DD2818E 		.ascii	"\235\322\201\216B\035\005\256\001WW\\<9\244F!a\362\025"
 239      421D05AE 
 239      0157575C 
 239      3C39A446 
 239      2161F215 
 240 0394 CE1A2D52 		.ascii	"\316\032-R\271% \267\224\312\355\225\032\375\003\224"
 240      B92520B7 
 240      94CAED95 
 240      1AFD0394 
 241 03a4 6000140F 		.ascii	"`\000\024\017\202\335\006\273\005\326\007\326\017v\017"
 241      82DD06BB 
 241      05D607D6 
 241      0F760F
 242 03b3 CC0D7607 		.ascii	"\314\015v\007\354.\330\367\336\315\220\231\341n\221"
 242      EC2ED8F7 
 242      DECD9099 
 242      E16E91
 243 03c2 7AF52FE8 		.ascii	"z\365/\350\325Eh\000!\3646\340\013\032\343\014Z-\241"
 243      D5456800 
 243      21F436E0 
 243      0B1AE30C 
 243      5A2DA1
 244 03d5 9DAD256A 		.ascii	"\235\255%j\011{i)\266\006-h,@oz\2417\226B\377\263\224"
 244      097B6929 
ARM GAS  C:\Users\NICOLA~1\AppData\Local\Temp\ccAqnp3m.s 			page 19


 244      B6062D68 
 244      2C406F7A 
 244      A1379642 
 245 03ec B6CD8BBD 		.ascii	"\266\315\213\275\354\237v\001\266\316\213=\277\024\273"
 245      EC9F7601 
 245      B6CE8B3D 
 245      BF14BB
 246 03fb 66B18266 		.ascii	"f\261\202f/\262\332\177b2\264\327\013\375v)\364\273"
 246      2FB2DA7F 
 246      6232B4D7 
 246      0BFD7629 
 246      F4BB
 247 040d 25D05B5E 		.ascii	"%\320[^h\267\177\350\002\255}^l\317R\354\315E\264i\356"
 247      68B77FE8 
 247      02AD7D5E 
 247      6CCF52EC 
 247      CD45B469 
 248 0422 9E12A13E 		.ascii	"\236\022\241>\023\243.\330~\377\366_/\257\004w\323\202"
 248      13A32ED8 
 248      7EFFF65F 
 248      2FAF0477 
 248      D382
 249 0434 9E5DF05B 		.ascii	"\236]\360[\2043\362#|\271D\015\317A\257\237gXq\374\364"
 249      8433F223 
 249      7CB9440D 
 249      CF41AF9F 
 249      675871FC 
 250 0449 C470100A 		.ascii	"\304p\020\012\017\241\270\301x\015\032\006\2422\371"
 250      0FA1B8C1 
 250      780D1A06 
 250      A232F9
 251 0458 154716D1 		.ascii	"\025G\026\321\313\337\336CC\260\345\376\227\355G\016"
 251      CBDFDE43 
 251      43B0E5FE 
 251      97ED470E 
 252 0468 A19A13E3 		.ascii	"\241\232\023\343\201\332=\362\331H\025\310\017\343}"
 252      81DA3DF2 
 252      D94815C8 
 252      0FE37D
 253 0477 A4F56881 		.ascii	"\244\365h\201!,8\333\320\360\034\316\244\217\214bW\321"
 253      212C38DB 
 253      D0F01CCE 
 253      A48F8C62 
 253      57D1
 254 0489 6C994E7A 		.ascii	"l\231NzI\273\363Zy\310r\024\0122\"\353\257B?yd?\360"
 254      49BBF35A 
 254      79C87214 
 254      0A3222EB 
 254      AF423F79 
 255 04a0 734C120A 		.ascii	"sL\022\012r\350=\035\350R>\177@z\353\254P\242\350U\013"
 255      72E83D1D 
 255      E8523E7F 
 255      407AEBAC 
 255      50A2E855 
 256 04b5 648DA1E7 		.ascii	"d\215\241\347\341\367m%K\342\272+\257B\203\367\262\347"
 256      E1F76D25 
 256      4BE2BA2B 
ARM GAS  C:\Users\NICOLA~1\AppData\Local\Temp\ccAqnp3m.s 			page 20


 256      AF4283F7 
 256      B2E7
 257 04c7 B8BBB977 		.ascii	"\270\273\271wHe8.:\317\216\325\216|\204\017\213\316"
 257      4865382E 
 257      3ACF8ED5 
 257      8E7C840F 
 257      8BCE
 258 04d9 74716E7E 		.ascii	"tqn~\036\321E\350\241W\033G\306T\033\032G\006X\330\320"
 258      1ED145E8 
 258      A1571B47 
 258      C6541B1A 
 258      470658D8 
 259 04ee 597D1029 		.ascii	"Y}\020)\341K\016\275\316\023j\230zR\327\370P\275\254"
 259      E14B0EBD 
 259      CE136A98 
 259      7A52D7F8 
 259      50BDAC
 260 0501 88092AE2 		.ascii	"\210\011*\342\021\222T\354\311\256\316\322\343\032\246"
 260      119254EC 
 260      C9AECED2 
 260      E31AA6
 261 0510 62BA74DF 		.ascii	"b\272t\337D U\341\2349'n\312\024g\341\304$+\320\344"
 261      442055E1 
 261      9C39276E 
 261      CA1467E1 
 261      C4242BD0 
 262 0525 0205931E 		.ascii	"\002\005\223\036\005\217\251\202\351\226]\331:\334\306"
 262      058FA982 
 262      E9965DD9 
 262      3ADCC6
 263 0534 8A7B2B6B 		.ascii	"\212{+k8\017N@-=\001\007\313\2066\303{\022MC;\236\310"
 263      380F4E40 
 263      2D3D0107 
 263      CB8636C3 
 263      7B124D43 
 264 054b E58596B0 		.ascii	"\345\205\226\260\362.\327@4\005\025\226{\0101\012\257"
 264      F22ED740 
 264      34051596 
 264      7B08310A 
 264      AF
 265 055c B55505E1 		.ascii	"\265U\005\341\033,FEu\337\250\306\323\300\371f\322\300"
 265      1B2C4645 
 265      75DFA8C6 
 265      D3C0F966 
 265      D2C0
 266 056e 5968E0CC 		.ascii	"Yh\340\31437\360\251\377\357\234\256\256\231+\230\226"
 266      3337F0A9 
 266      FFEF9CAE 
 266      AE992B98 
 266      96
 267 057f 92EC0756 		.ascii	"\222\354\007V\313\374\374\007\227\003\350\034\011\361"
 267      CBFCFC07 
 267      9703E81C 
 267      09F1
 268 058d 23A293FD 		.ascii	"#\242\223\375\267r\217\253\350$\311l\216M\316\234?v"
 268      B7728FAB 
 268      E824C96C 
ARM GAS  C:\Users\NICOLA~1\AppData\Local\Temp\ccAqnp3m.s 			page 21


 268      8E4DCE9C 
 268      3F76
 269 059f 955FB6EA 		.ascii	"\225_\266\352\242\202T}\336S\365\316/k\016\004\343;"
 269      A282547D 
 269      DE53F5CE 
 269      2F6B0E04 
 269      E33B
 270 05b1 ACEA35D7 		.ascii	"\254\3525\327nOh\241\352n\321\335V\371\227\303b\221"
 270      6E4F68A1 
 270      EA6ED1DD 
 270      56F997C3 
 270      6291
 271 05c3 A7F5B008 		.ascii	"\247\365\260\010\245)\344\302\303\230\025>]A\012?<y"
 271      A529E4C2 
 271      C398153E 
 271      5D410A3F 
 271      3C79
 272 05d5 2E5BB3E8 		.ascii	".[\263\350) \013\344\230\031\012Zg\362\237|L\035it\253"
 272      29200BE4 
 272      98190A5A 
 272      67F29F7C 
 272      4C1D6974 
 273 05ea 423EA087 		.ascii	"B>\240\207\3272\307>\267\350\314G\231\212\020Xwn\362"
 273      D732C73E 
 273      B7E8CC47 
 273      998A1058 
 273      776EF2
 274 05fd 6429CF3E 		.ascii	"d)\317>\030\237\351c\005e)\310\223p\370dW]@\350\011"
 274      189FE963 
 274      056529C8 
 274      9370F864 
 274      575D40E8 
 275 0612 F2295EBF 		.ascii	"\362)^\277\031jAw\013\343\335\245\010%E\254s\215\353"
 275      196A4177 
 275      0BE3DDA5 
 275      082545AC 
 275      738DEB
 276 0625 2960ACB6 		.ascii	")`\254\266\275O'\356W.FeST\305\276\313.\015E9\017At"
 276      BD4F27EE 
 276      572E4665 
 276      5354C5BE 
 276      CB2E0D45 
 277 063d B4189343 		.ascii	"\264\030\223C1\273o\270\253\030\223\263\334\027\263"
 277      31BB6FB8 
 277      AB1893B3 
 277      DC17B3
 278 064c 9B62A66E 		.ascii	"\233b\246n\267\336\22105\276\230=\024\3235rsN\3010\035"
 278      B7DE9130 
 278      35BE983D 
 278      14D33572 
 278      734EC130 
 279 0661 BE985C8A 		.ascii	"\276\230\\\212\351\234\356\230\3211\314\240/&\217b\352"
 279      E99CEE98 
 279      D131CCA0 
 279      2F268F62 
 279      EA
 280 0672 2B5DB36A 		.ascii	"+]\263j\206\231\361\305\354\245\230\257O\3740\"\351"
ARM GAS  C:\Users\NICOLA~1\AppData\Local\Temp\ccAqnp3m.s 			page 22


 280      8699F1C5 
 280      ECA598AF 
 280      4FFC3022 
 280      E9
 281 0683 C9CBF2C1 		.ascii	"\311\313\362\301\354\243\230\007\037\037{\207A\216\373"
 281      ECA39807 
 281      1F1F7B87 
 281      418EFB
 282 0692 42F229E4 		.ascii	"B\362)\344\242x\241L\222S\355\213)P\204rZ\273#q\343"
 282      A278A14C 
 282      9253ED8B 
 282      29508472 
 282      5ABB2371 
 283 06a7 06737CB2 		.ascii	"\006s|\262\325fv\250_\375\343[\206W8M\2525\311\001\223"
 283      D56676A8 
 283      5FFDE35B 
 283      8657384D 
 283      AA35C901 
 284 06bc 0EDE6CF6 		.ascii	"\016\336l\366\014\337\215\373ML\334N\353\016\253\335"
 284      0CDF8DFB 
 284      4D4CDC4E 
 284      EB0EABDD 
 285 06cc 916AB1DA 		.ascii	"\221j\261\332b\0346[\202=&>)\325@G\206\330\224D\203"
 285      621C365B 
 285      823D263E 
 285      29D54047 
 285      86D89444 
 286 06e1 90B843B0 		.ascii	"\220\270C\260X\004K\314\257\"^6lX\267\376\327\177\333"
 286      58044BCC 
 286      AF225E36 
 286      6C58B7FE 
 286      D77FDB
 287 06f4 1803F32F 		.ascii	"\030\003\363/&\331\222\204\027\205\330\035\326\030k"
 287      26D99284 
 287      1785D81D 
 287      D6186B
 288 0703 525C42AA 		.ascii	"R\\B\252E\210I\214\005\256$!\306l\021\336\215MMp\230"
 288      4588498C 
 288      05AE2421 
 288      C66C11DE 
 288      8D4D4D70 
 289 0718 1DEF270B 		.ascii	"\035\357'\013\366\210\235\334\333\377\3270\366\367\355"
 289      F6889DDC 
 289      DBFFD730 
 289      F6F7ED
 290 0727 3166BBC3 		.ascii	"1f\273\303\0029\000\267\352\215\250\310-&u\324\233\177"
 290      023900B7 
 290      EA8DA8C8 
 290      2D2675D4 
 290      9B7F
 291 0739 8EDE620A 		.ascii	"\216\336b\012\210\332\036\275eK\244I\025\375Vt\244\011"
 291      88DA1EBD 
 291      654BA449 
 291      15FD5674 
 291      A409
 292 074b 6F058B8A 		.ascii	"o\005\213\2124\241?\321\334\327\277\344\315\235\014"
 292      34A13FD1 
ARM GAS  C:\Users\NICOLA~1\AppData\Local\Temp\ccAqnp3m.s 			page 23


 292      DCD7BFE4 
 292      CD9D0C
 293 075a B15D70A8 		.ascii	"\261]p\250\342\022\204\330\224\227#\"\214\360G\025\332"
 293      E21284D8 
 293      94972322 
 293      8CF04715 
 293      DA
 294 076b ECEB5F5A 		.ascii	"\354\353_Zo\264\331\215;c\023\214\311\266\024\207\335"
 294      6FB4D98D 
 294      3B63138C 
 294      C9B61487 
 294      DD
 295 077c B8FDCD37 		.ascii	"\270\375\31576n0n\333\026i|5zk\324{\033\214\311\261"
 295      366E306E 
 295      DB16697C 
 295      357A6BD4 
 295      7B1B8CC9 
 296 0791 09E68404 		.ascii	"\011\346\204\004\013\004G\257)7o7\231\224\333^\371\203"
 296      0B0447AF 
 296      29376F37 
 296      9994DB5E 
 296      F983
 297 07a3 49F9BBDF 		.ascii	"I\371\273\337\233\266\221\237\327\360f\223Ic\265%\332"
 297      9BB6919F 
 297      D7F06693 
 297      4963B525 
 297      DA
 298 07b4 2C82D9B1 		.ascii	",\202\331\261\302.\274'$\331\205\370D!\311\2615\311"
 298      C22EBC27 
 298      24D985F8 
 298      4421C9B1 
 298      35C9
 299 07c6 EAF87984 		.ascii	"\352\370y\2041\325.\244$X"
 299      31D52EA4 
 299      2458
 300 07d0 7718ED29 		.ascii	"w\030\355)q\306\205\267#\342\270\340\277\247X\035\202"
 300      71C685B7 
 300      23E2B8E0 
 300      BFA7581D 
 300      82
 301 07e1 CD3363E7 		.ascii	"\3153c\347\2556\242\302j1;\264l\230\030k\377\253\331"
 301      AD36A2C2 
 301      6A313BB4 
 301      6C98186B 
 301      FFABD9
 302 07f4 F19C5952 		.ascii	"\361\234YRa\2064\342Sl\251\311$\334\177\001\230\333"
 302      618634E2 
 302      536CA9C9 
 302      24DC7F01 
 302      98DB
 303 0806 92B0     		.ascii	"\222\260"
 304              		.text
 305              		.section	.gnu.lto_.symtab.cfe469b2,"",%progbits
 306 0000 73657665 		.ascii	"sevensegmentInit\000\000\000\000\000\000\000\000\000"
 306      6E736567 
 306      6D656E74 
 306      496E6974 
ARM GAS  C:\Users\NICOLA~1\AppData\Local\Temp\ccAqnp3m.s 			page 24


 306      00000000 
 307 0019 000000F2 		.ascii	"\000\000\000\362\000\000\000writeonsegments\000\000"
 307      00000077 
 307      72697465 
 307      6F6E7365 
 307      676D656E 
 308 0031 00000000 		.ascii	"\000\000\000\000\000\000\000\000\000\000\366\000\000"
 308      00000000 
 308      0000F600 
 308      00
 309 003e 005F7061 		.ascii	"\000_pal_lld_setgroupmode\000\000\002\000\000\000\000"
 309      6C5F6C6C 
 309      645F7365 
 309      7467726F 
 309      75706D6F 
 310 005b 00000000 		.ascii	"\000\000\000\000\000\002\001\000\000"
 310      00020100 
 310      00
 311              		.text
 312              		.section	.gnu.lto_.opts,"",%progbits
 313 0000 272D666E 		.ascii	"'-fno-trapv' '-mcpu=cortex-m4' '-mno-thumb-interwor"
 313      6F2D7472 
 313      61707627 
 313      20272D6D 
 313      6370753D 
 314 0033 6B272027 		.ascii	"k' '-mthumb' '-ggdb' '-O2' '-fomit-frame-pointer' '"
 314      2D6D7468 
 314      756D6227 
 314      20272D67 
 314      67646227 
 315 0066 2D66616C 		.ascii	"-falign-functions=16' '-ffunction-sections' '-fdata"
 315      69676E2D 
 315      66756E63 
 315      74696F6E 
 315      733D3136 
 316 0099 2D736563 		.ascii	"-sections' '-fno-common' '-flto'\000"
 316      74696F6E 
 316      73272027 
 316      2D666E6F 
 316      2D636F6D 
 317              		.text
 318              		.comm	__gnu_lto_v1,1,1
 319              		.comm	__gnu_lto_slim,1,1
 320              		.ident	"GCC: (GNU Tools for ARM Embedded Processors) 4.9.3 20150529 (release) [ARM/embedded-4_9-br
ARM GAS  C:\Users\NICOLA~1\AppData\Local\Temp\ccAqnp3m.s 			page 25


DEFINED SYMBOLS
                            *ABS*:00000000 sevensegment.c
                            *COM*:00000001 __gnu_lto_v1
                            *COM*:00000001 __gnu_lto_slim

NO UNDEFINED SYMBOLS
