ARM GAS  C:\Users\NICOLA~1\AppData\Local\Temp\ccVArePq.s 			page 1


   1              		.syntax unified
   2              		.cpu cortex-m4
   3              		.fpu softvfp
   4              		.eabi_attribute 20, 1
   5              		.eabi_attribute 21, 1
   6              		.eabi_attribute 23, 3
   7              		.eabi_attribute 24, 1
   8              		.eabi_attribute 25, 1
   9              		.eabi_attribute 26, 1
  10              		.eabi_attribute 30, 2
  11              		.eabi_attribute 34, 1
  12              		.eabi_attribute 18, 4
  13              		.thumb
  14              		.file	"st.c"
  15              		.text
  16              	.Ltext0:
  17              		.section	.gnu.lto_.profile.cfe416d7,"",%progbits
  18 0000 789C6366 		.ascii	"x\234cf```a\200\000F\006)\036\000\000\264\000/"
  18      60606061 
  18      80004606 
  18      291E0000 
  18      B4002F
  19              		.text
  20              		.section	.gnu.lto_.jmpfuncs.cfe416d7,"",%progbits
  21 0000 789C6366 		.ascii	"x\234cf\300\016\304\2404+\210`\004\202z&\006\006f\020"
  21      C00EC4A0 
  21      342B8860 
  21      04827A26 
  21      06066610 
  22 0014 CD021400 		.ascii	"\315\002\024\000\000\015^\001-"
  22      000D5E01 
  22      2D
  23              		.text
  24              		.section	.gnu.lto_.inline.cfe416d7,"",%progbits
  25 0000 789C6366 		.ascii	"x\234cf\300\016R\2414+\003\003\013\017#\003\023\220"
  25      C00E52A1 
  25      342B0303 
  25      0B0F2303 
  25      1390
  26 0012 C9B6401E 		.ascii	"\311\266@\036D10r\201\010\0066V\2400\333\007=\2708\023"
  26      44313072 
  26      81080636 
  26      56A030DB 
  26      073DB838 
  27 0027 030B3350 		.ascii	"\003\0133P\210\351\002?\\\210\031S\210\005S\210\001"
  27      88E9023F 
  27      5C881953 
  27      88055388 
  27      01
  28 0038 0099C708 		.ascii	"\000\231\307\010l"
  28      6C
  29              		.text
  30              		.section	.gnu.lto_.pureconst.cfe416d7,"",%progbits
  31 0000 789C6366 		.ascii	"x\234cf``\340f\200\000V\006\011F)&)f)\026)\000\004\004"
  31      6060E066 
  31      80005606 
  31      09462926 
ARM GAS  C:\Users\NICOLA~1\AppData\Local\Temp\ccVArePq.s 			page 2


  31      29662916 
  32 0018 009E     		.ascii	"\000\236"
  33              		.text
  34              		.section	.gnu.lto_stInit.cfe416d7,"",%progbits
  35 0000 789C6366 		.ascii	"x\234cf\300\004R@\274\020\210\225\201\230\221\231\201"
  35      C0045240 
  35      BC108895 
  35      81989199 
  35      81
  36 0011 9169C239 		.ascii	"\221i\3029\006\206F\016&FF\020\203\201\221\241\236\211"
  36      0686460E 
  36      26464610 
  36      838191A1 
  36      9E89
  37 0023 B19EF125 		.ascii	"\261\236\361%\323G&\306\011\007V\317\340V_\332\320\320"
  37      D34726C6 
  37      090756CF 
  37      E0565FDA 
  37      D0D0
  38 0035 F0E1D0F9 		.ascii	"\360\341\320\371\306\200\003\214?\231\030\030>3A\314"
  38      C680038C 
  38      3F991818 
  38      3E3341CC 
  39 0045 615CCEA8 		.ascii	"a\\\316\250\316\000T\364\261\345\357un\266\026\240\""
  39      CE0054F4 
  39      B1E5EF75 
  39      6EB616A0 
  39      22
  40 0056 01881CE3 		.ascii	"\001\210\034\343\012F6F \275^\350@\303\377\377\217\247"
  40      0A463646 
  40      20BD5EE8 
  40      40C3FFFF 
  40      8FA7
  41 0068 FED16766 		.ascii	"\376\321gf`x\002\224\001\231\377\224\211\011D3\337a"
  41      60780294 
  41      0199FF94 
  41      89094433 
  41      DF61
  42 007a 6C3EF097 		.ascii	"l>\360\227\027\244\024d\306\274\313}\353\230j\1777t"
  42      17A41464 
  42      C6BCCB7D 
  42      EB986A7F 
  42      3774
  43 008c 3470FC64 		.ascii	"4p\374db\374\314\004\324\316\270\222\261\226\341'P\365"
  43      62FCCC04 
  43      D4CEB892 
  43      B196E127 
  43      50F5
  44 009e 3DC6C603 		.ascii	"=\306\306\003\377Y\301*\031@\3460\202\364\003MS\324"
  44      FF59C12A 
  44      1940E630 
  44      82F4034D 
  44      53D4
  45 00b0 D3D307A2 		.ascii	"\323\323\007\242\344\214\314\244\314\374bC3C\375\374"
  45      E48CCCA4 
  45      CCFC6243 
  45      3343FDFC 
ARM GAS  C:\Users\NICOLA~1\AppData\Local\Temp\ccVArePq.s 			page 3


  46 00c0 62FD8CC4 		.ascii	"b\375\214\304\034\375\342\242d\375\342\022\275d\006"
  46      1CFDE2A2 
  46      64FDE212 
  46      BD6406
  47 00cf 00644245 		.ascii	"\000dBE\006"
  47      06
  48              		.text
  49              		.section	.gnu.lto_stStartAlarm.cfe416d7,"",%progbits
  50 0000 789C9D91 		.ascii	"x\234\235\221QHSa\024\307\277\377w\267\273\301\304\244"
  50      51485361 
  50      14C7BFFF 
  50      77B7BBC1 
  50      C4A4
  51 0012 A7B1978A 		.ascii	"\247\261\227\212%\276\270]VP\257>\364\022\350S\276\207"
  51      25BEB85D 
  51      5650AF3E 
  51      F412E853 
  51      BE87
  52 0024 2E6183C5 		.ascii	".a\203\305\302;z\365\333\332|\010\312\221TB\014\012"
  52      C23B7AF5 
  52      DBDA7C08 
  52      CA915442 
  52      0C0A
  53 0036 1996736A 		.ascii	"\031\226sjN[*\301-\211\244\250Q\017\005\005\266\207"
  53      4E5B2AC1 
  53      2D89A4A8 
  53      510F0505 
  53      B687
  54 0048 05691033 		.ascii	"\005i\0203E\271\202\256\363\335n\220E\020]\356\275\337"
  54      45B982AE 
  54      F3DD6E90 
  54      45105DEE 
  54      BDDF
  55 005a 77BE73CE 		.ascii	"w\276s\316\357\374\317\371\024\366\347\343\243\257\310"
  55      EFFCCFF9 
  55      14F6E7E3 
  55      A3AFC8
  56 0069 198BD00A 		.ascii	"\031\213\320\012\205\201g_1\226ts@n\030\330\000\307"
  56      8581675F 
  56      31967473 
  56      406E18D8 
  56      00C7
  57 007b 0056F93A 		.ascii	"\000V\371:G\326(\214x\332\362B\210\372\233\2227\343"
  57      47D6288C 
  57      78DAF242 
  57      88FA9B92 
  57      37E3
  58 008d 35296D83 		.ascii	"5)m\203\377\300`\014m\0242t5s\005\312Q0\332\317On\276"
  58      FFC0600C 
  58      6D143274 
  58      357305CA 
  58      5130DACF 
  59 00a4 F47CE626 		.ascii	"\364|\346&\307ai.\\[\036Q\245\311\035\322\334\271\276"
  59      C761692E 
  59      5C5B1E51 
  59      A5C91DD2 
  59      DCB9BE
ARM GAS  C:\Users\NICOLA~1\AppData\Local\Temp\ccVArePq.s 			page 4


  60 00b7 7CC9D93A 		.ascii	"|\311\331:*D\312x4#:\034&Wp\027\012\361p\017>\214\303"
  60      2A44CA78 
  60      34233A1C 
  60      26577017 
  60      0AF1700F 
  61 00ce C7E888A1 		.ascii	"\307\350\210\241\200V\031\276\236\336}\347Q\323T\273"
  61      805619BE 
  61      9EDE7DE7 
  61      51D354BB 
  62 00de 65F76759 		.ascii	"e\367gYL@\005\255S\007\015\321h\214\216M\3149T\322-"
  62      4C4005AD 
  62      53070DD1 
  62      688C8E4D 
  62      CC3954D2 
  63 00f3 33588D02 		.ascii	"3X\215\002d\003\2378\227\253\362\026\251\026\311)\345"
  63      64039F38 
  63      97ABF216 
  63      A916C929 
  63      E5
  64 0104 772E4369 		.ascii	"w.Ci\267\004~(\227\367\232\374wHB5\267\324g\244o\213"
  64      B7047E28 
  64      97F79AFC 
  64      77484235 
  64      B7D467A4 
  65 011a BD460352 		.ascii	"\275F\003RHq\277\020\273\305I\370\267\011\367\036On"
  65      4871BF10 
  65      BBC549F8 
  65      B709F71E 
  65      4F6E
  66 012c 98B38B99 		.ascii	"\230\263\213\231\346}\262\252\3715\257\214\260Tmp\374"
  66      E67DB2AA 
  66      F935AF8C 
  66      B0546D70 
  66      FC
  67 013d 269A610A 		.ascii	"&\232a\012*1\246\241\222\343\353\213g\203N9\013\007"
  67      2A31A6A1 
  67      92E3EB8B 
  67      67834E39 
  67      0B07
  68 014f F984358F 		.ascii	"\371\2045\217\217\265\312k\267u\304\244y\263\362e\234"
  68      8FB5CA6B 
  68      B775C4A4 
  68      79B3F265 
  68      9C
  69 0160 E7702B99 		.ascii	"\347p+\231\025n\223;q\237\244\314H)\344\333\036\256"
  69      156E933B 
  69      719FA4CC 
  69      4829E4DB 
  69      1EAE
  70 0172 159B0305 		.ascii	"\025\233\003\005\221N\326W\267\236\0370\271\212\022"
  70      914ED657 
  70      B79E1F30 
  70      B98A12
  71 0181 72F8462D 		.ascii	"r\370F-[U(\344\361\360f\236kE\0121\332M\356\302,\002"
  71      5B5528E4 
  71      F1F0669E 
  71      6B450A31 
ARM GAS  C:\Users\NICOLA~1\AppData\Local\Temp\ccVArePq.s 			page 5


  71      DA4DEEC2 
  72 0197 F0FB6C3F 		.ascii	"\360\373l?\346\240\331\215\324\247WR.[\324\277\2254"
  72      E6A0D98D 
  72      D4A75752 
  72      2E5BD4BF 
  72      9534
  73 01a9 0E49DE03 		.ascii	"\016I\336\003\253\036l^\031\201_;pQ\235\207\224(\371"
  73      AB1E6C5E 
  73      19815F3B 
  73      70519D87 
  73      9428F9
  74 01bc F5FFE3CF 		.ascii	"\365\377\343\317[|n\363\027,~\245\2724\324d\361\351"
  74      5B7C6EF3 
  74      172C7EA5 
  74      BA34D464 
  74      F1E9
  75 01ce 7C911257 		.ascii	"|\221\022W\220\254>]s\313\201\313\373\251\221\036\272"
  75      90AC3E5D 
  75      73CB81CB 
  75      FBA9911E 
  75      BA
  76 01df 6A9AC291 		.ascii	"j\232\302\221`P\2437\034\211\366F\343z\350DH\213\353"
  76      6050A337 
  76      1C89F646 
  76      E37AE844 
  76      488BEB
  77 01f2 5AA427A6 		.ascii	"Z\244'\246\351\375aMO\004\303\314\325\323\253'\242\347"
  77      E9FD614D 
  77      4F04C3CC 
  77      D5D3AB27 
  77      A2E7
  78 0204 FB1CF277 		.ascii	"\373\034\362w\362o\341\027\342\375\011];\323\335u\374"
  78      F26FE117 
  78      E2FD095D 
  78      3BD3DD75 
  78      FC
  79 0215 98D6D979 		.ascii	"\230\326\331yJ\353>\335u1D\200\263\261\330\271`\204"
  79      4AEB3EDD 
  79      75314480 
  79      B3B1D8B9 
  79      6084
  80 0227 7D07FA7A 		.ascii	"}\007\372z\024\245"
  80      14A5
  81              		.text
  82              		.section	.gnu.lto_stStopAlarm.cfe416d7,"",%progbits
  83 0000 789C6366 		.ascii	"x\234cf\300\004R@\254\313\310\300\020\015\244\031\231"
  83      C0045240 
  83      ACCBC8C0 
  83      100DA419 
  83      99
  84 0011 19189926 		.ascii	"\031\030\231&\234c`h\344`bd\0041\030\030\031\352\231"
  84      9C636068 
  84      E4606264 
  84      04311818 
  84      19EA99
  85 0024 18EB195F 		.ascii	"\030\353\031_2}db\234p`\365\014n\365\245\015\015\015"
  85      327D6462 
ARM GAS  C:\Users\NICOLA~1\AppData\Local\Temp\ccVArePq.s 			page 6


  85      9C7060F5 
  85      0C6EF5A5 
  85      0D0D0D
  86 0037 1F366D97 		.ascii	"\0376m\227h\225\370\311\304\300\360\231\011b\014\343"
  86      6895F8C9 
  86      C4C0F099 
  86      09620CE3 
  87 0047 72467506 		.ascii	"rFu\006\240\232\217-\177\257s\263\265\000\325\010@\344"
  87      A09A8F2D 
  87      7FAF73B3 
  87      B500D508 
  87      40E4
  88 0059 185730B2 		.ascii	"\030W0\262\001\215gX/t\240\341\377\377\305s\336lgaf"
  88      018D6758 
  88      2F74A0E1 
  88      FFFFC573 
  88      DE6C6761 
  89 006e 60780294 		.ascii	"`x\002\224\002\231\377\224\211\011D3\337b<\364a\307"
  89      0299FF94 
  89      89094433 
  89      DF623CF4 
  89      61C7
  90 0080 B2F347B9 		.ascii	"\262\363G\271Q\214x\260\364\275\004\330\200\317L\214"
  90      518C78B0 
  90      F4BD04D8 
  90      80CF4C8C 
  91 0090 E88633AE 		.ascii	"\350\2063\256dd\003\232\276\212\221\015(\361\356\364"
  91      6464039A 
  91      BE8A910D 
  91      28F1EEF4 
  92 00a0 F136D617 		.ascii	"\3616\326\027L?\231\030\201r\015, \265\367\237\234\277"
  92      4C3F9918 
  92      81720D2C 
  92      20B5F79F 
  92      9CBF
  93 00b2 C8011662 		.ascii	"\310\001\026b\000q\247\237\177\275\212i.\343\354\306"
  93      0071A79F 
  93      7FBD8A69 
  93      2EE3ECC6 
  94 00c2 090D1C3F 		.ascii	"\011\015\034?\231\230\030W3J1\256a\224\002\313}\237"
  94      99981857 
  94      334A31AE 
  94      619402CB 
  94      7D9F
  95 00d4 FC642D9F 		.ascii	"\374d-\237\356\352\206\226\306\017g\346\235\346\377"
  95      EEEA8696 
  95      C60F67E6 
  95      9DE6FF
  96 00e3 C9C4CCB8 		.ascii	"\311\304\314\270\226q.\343'\240\033\301\2660\256c\324"
  96      96712EE3 
  96      27A01BC1 
  96      B630AE63 
  96      D4
  97 00f4 453611E8 		.ascii	"E6\021\350~\306\365@\275\367\030\033\037\034}\317\001"
  97      7EC6F540 
  97      BDF7181B 
  97      1F1C7DCF 
ARM GAS  C:\Users\NICOLA~1\AppData\Local\Temp\ccVArePq.s 			page 7


  97      01
  98 0105 72202808 		.ascii	"r (\010\236\000\255\002\372\005\250KQOO\037\210\222"
  98      9E00AD02 
  98      FA05A84B 
  98      514F4F1F 
  98      8892
  99 0117 33329332 		.ascii	"32\2232\363\213\015\315\014\365\363\213\3653\022s\364"
  99      F38B0DCD 
  99      0CF5F38B 
  99      F5331273 
  99      F4
 100 0128 8B8B92F5 		.ascii	"\213\213\222\365\213K\364\222\031\314q\251(\310/*)\326"
 100      8B4BF492 
 100      19CC71A9 
 100      28C82F2A 
 100      29D6
 101 013a 0F0EF135 		.ascii	"\017\016\36156\322\367\361q\321\017\361\364-3\004\352"
 101      36D2F7F1 
 101      71D10FF1 
 101      F42D3304 
 101      EA
 102 014b 89CFC949 		.ascii	"\211\317\311I\321\313`\000\000]\206\214^"
 102      D1CB6000 
 102      005D868C 
 102      5E
 103              		.text
 104              		.section	.gnu.lto_stSetAlarm.cfe416d7,"",%progbits
 105 0000 789C7590 		.ascii	"x\234u\220OHTQ\024\306\317w\337\233\347\300\204I\253"
 105      4F485451 
 105      14C6CF77 
 105      DF9BE7C0 
 105      8449AB
 106 0013 6156C524 		.ascii	"aV\305$nt.\223P\333\026m\002]\345>t\022f`b\3027\264"
 106      6E742E93 
 106      50DB166D 
 106      025DE53E 
 106      74126660 
 107 002b F58ECDB4 		.ascii	"\365\216\315\264\020\322A\261\204\020\012\231\3768\215"
 107      10D241B1 
 107      84100A99 
 107      FE388D
 108 003a 961A52B3 		.ascii	"\226\032R\263y\025\221 %m\214\012j\026\023(Vh\012\303"
 108      79159120 
 108      256D8C0A 
 108      6A161328 
 108      56680AC3 
 109 004e 13743CF7 		.ascii	"\023t<\367e\013\213\036\357\335{\317=\337\373\316\357"
 109      650B8B1E 
 109      EFDD7BCF 
 109      3DDFFBCE 
 109      EF
 110 005f 1C83FE7D 		.ascii	"\034\203\376}B\374\375\000Q\234w\030\004\221\177G\224"
 110      42FCFD00 
 110      519C7718 
 110      04917F47 
 110      94
 111 0070 F10B401F 		.ascii	"\361\013@\037\010\324/\320\2175\261)\220w\212\343\201"
ARM GAS  C:\Users\NICOLA~1\AppData\Local\Temp\ccVArePq.s 			page 8


 111      08D42FD0 
 111      8F35B129 
 111      90778AE3 
 111      81
 112 0081 9682526A 		.ascii	"\226\202Rjc\244\034\314\005]A\264%~\333\340>ZX2<\224"
 112      63A41CCC 
 112      055D41B4 
 112      257EDBE0 
 112      3E5A5832 
 113 0097 BB01E324 		.ascii	"\273\001\343$\210\317\317\246\267\337\006V\205+p\\\207"
 113      88CFCFA6 
 113      B7DF0656 
 113      852B705C 
 113      87
 114 00a8 CF4716C7 		.ascii	"\317G\026\307-\035\012S\207;c\213\327|\315\223J\015"
 114      2D1D0A53 
 114      873B638B 
 114      D77CCD93 
 114      4A0D
 115 00ba 38E55975 		.ascii	"8\345Yu\326t\205\201\0070\330\017\017\021\302\024B\304"
 115      D6748581 
 115      0730D80F 
 115      0F11C214 
 115      42C4
 116 00cc 5784229A 		.ascii	"W\204\"\232\265|3\273\373!`e\271v\323\356\237\262x\004"
 116      B57C33BB 
 116      FB216065 
 116      B976D3EE 
 116      9FB27804 
 117 00e0 8BC969E6 		.ascii	"\213\311i\346\230\243\352\365\311{\337\313\246\311\334"
 117      98A3EAF5 
 117      C97BDFCB 
 117      A6C9DC
 118 00ef FA0FAAB2 		.ascii	"\372\017\252\262@7\360M\010\275\033+\030h\322>s\205"
 118      4037F04D 
 118      08BD1B2B 
 118      1868D23E 
 118      7385
 119 0101 9D4118AD 		.ascii	"\235A\030\255\036\340\347\205\205\275#\341\273\214P"
 119      1EE0E785 
 119      85BD23E1 
 119      BB8C50
 120 0110 F9F8AAD7 		.ascii	"\371\370\252\327\311\336Q{\365:4H\3510\310A\213\323"
 120      C9DE517B 
 120      F53A3448 
 120      E930C841 
 120      8BD3
 121 0122 08D7D8EE 		.ascii	"\010\327\330\356\023^\336t\347\327s\215\207\260*\205"
 121      135EDE74 
 121      E7D7738D 
 121      87B02A85 
 122 0132 5A502B3C 		.ascii	"ZP+<\252-\201\277\240\0113\260\330\3431,N\374\\zs\335"
 122      AA2D81BF 
 122      A00933B0 
 122      D8E3312C 
 122      4EFC5C7A 
 123 0148 A7676172 		.ascii	"\247garNy\363\370Z]~\357\367\256H\207\267\226\327\247"
ARM GAS  C:\Users\NICOLA~1\AppData\Local\Temp\ccVArePq.s 			page 9


 123      4E79F3F8 
 123      5A5D7EEF 
 123      F7AE4887 
 123      B796D7A7 
 124 015c C4046E67 		.ascii	"\304\004ng\362\312\357\012\037\2360\312\254F\341\\m"
 124      F2CAEF0A 
 124      1F9E30CA 
 124      AC46E15C 
 124      6D
 125 016d B45A6A6C 		.ascii	"\264Zjl+\252lfcme\351\250+,\314a\002\277\270e\257\012"
 125      2BAA6C66 
 125      636D65E9 
 125      A82B2CCC 
 125      6102BFB8 
 126 0184 4B5E8C6E 		.ascii	"K^\214n\027\204,\261\304iuE\003\346\321\206p\350 \217"
 126      17842CB1 
 126      C4697545 
 126      03E6D186 
 126      70E8208F 
 127 0198 A790BA91 		.ascii	"\247\220\272\221/\310T^\327\374\032X\367Weh\036\025"
 127      2FC8545E 
 127      D7FC1A58 
 127      F7576568 
 127      1E15
 128 01aa BB9C8844 		.ascii	"\273\234\210D$\277\261x\242'\221\262\243\247\2432e\313"
 128      24BFB178 
 128      A22791B2 
 128      A3A7A332 
 128      65CB
 129 01bc 787752DA 		.ascii	"xwR\332}1i\247#1j\350\356\261\323\211\313\275\246^\316"
 129      7D3169A7 
 129      23316AE8 
 129      EEB1D389 
 129      CBBDA65E 
 130 01d1 FC4F7E25 		.ascii	"\374O~%\325\227\266\345\205\256\316\366S\262\243\343"
 130      D597B6E5 
 130      85AECEF6 
 130      53B2A3E3 
 131 01e1 9CEC3ADF 		.ascii	"\234\354:\337y5\312\006\027\223\311K\2218\355\003\367"
 131      7935CA06 
 131      1793C94B 
 131      9138ED03 
 131      F7
 132 01f2 06D11F   		.ascii	"\006\321\037"
 133              		.text
 134              		.section	.gnu.lto_stGetAlarm.cfe416d7,"",%progbits
 135 0000 789C754F 		.ascii	"x\234uO\315+\304Q\024\275\347\376\306\257\221\222\254"
 135      CD2BC451 
 135      14BDE7FE 
 135      C6AF9192 
 135      AC
 136 0011 342BA2AC 		.ascii	"4+\242\254\314k(\376\001\033eV\354,\304P#S#?\331\316"
 136      CC6B28FE 
 136      011B6556 
 136      EC2CC450 
 136      2353233F 
 137 0027 1B4DD642 		.ascii	"\033M\326B!\221b|\217\217%\033\037\033\312W6\246,\260"
ARM GAS  C:\Users\NICOLA~1\AppData\Local\Temp\ccVArePq.s 			page 10


 137      2191627C 
 137      8F8F251B 
 137      1F1BCA57 
 137      36A62CB0 
 138 003b 1845245F 		.ascii	"\030E$_5\315\202q\337d\203\274\336\353\276\363\316y"
 138      35CD8271 
 138      DF6483BC 
 138      DEEBBEF3 
 138      CE79
 139 004d F79E63D1 		.ascii	"\367\236c\321\337\345\221\323\015\242\026\251\260\010"
 139      DFE591D3 
 139      0DA216A9 
 139      B008
 140 005b 3C744A14 		.ascii	"<tJ\024u3`.\004\2120\"\270\347\027\306\326\332\373I"
 140      7533602E 
 140      048A3022 
 140      B8E717C6 
 140      D6DAFB49 
 141 006f C11D6798 		.ascii	"\301\035g\230JI\340\366\360\341\270m \\\006&/\306\223"
 141      4A49E0F6 
 141      F0E1B86D 
 141      205C0626 
 141      2FC693
 142 0082 F99571AD 		.ascii	"\371\225q\255\007\236\207wB\023\2433\3020\2751a\001"
 142      079E8777 
 142      4213A333 
 142      C230BD31 
 142      6101
 143 0094 1E2CC20C 		.ascii	"\036,\302\014\302\022*\215\366%\366\221,\260cZ\353\242"
 143      C2122A8D 
 143      F625F691 
 143      2CB0635A 
 143      EBA2
 144 00a6 0F262312 		.ascii	"\017&#\022n\031\266\370\240\365\342]\235\315\316N?\356"
 144      6E19B6F8 
 144      A0F5E25D 
 144      9DCDCE4E 
 144      3FEE
 145 00b8 B82C26D3 		.ascii	"\270,&\323\203Rr\214\233[\001R\255K\354oo\315g;\177"
 145      8352728C 
 145      9B5B0152 
 145      AD4BEC6F 
 145      6FCD673B 
 146 00cd 74BA998B 		.ascii	"t\272\231\213\344z\2741~\215 \254\300\226\001\253\260"
 146      E47ABC31 
 146      7E8D20AC 
 146      C09601AB 
 146      B0
 147 00de D36C823C 		.ascii	"\323l\202<\035\035\014\346\031\347\226\320:\347\376"
 147      1D1D0CE6 
 147      19E796D0 
 147      3AE7FE
 148 00ed 3A7576EE 		.ascii	":uv\356\316=\221\201cg\017\313<\205\311\350\220vg\330"
 148      CE3D9181 
 148      63670FCB 
 148      3C85C9E8 
 148      907667D8 
ARM GAS  C:\Users\NICOLA~1\AppData\Local\Temp\ccVArePq.s 			page 11


 149 0101 85844458 		.ascii	"\205\204DX3\021\204K\217\244\022\205U+:\026}>\376<\252"
 149      3311844B 
 149      8FA41285 
 149      552B3A16 
 149      7D3EFE3C 
 150 0116 C8701ED6 		.ascii	"\310p\036\3261\205W1\231\033$\222\275\221\3678\253\204"
 150      31855731 
 150      991B2492 
 150      BD91F738 
 150      AB84
 151 0128 48763D19 		.ascii	"Hv=\031\266\261\201*\224{\276ylB\321\025\2427\361l\211"
 151      B6B1812A 
 151      947BBE79 
 151      6C42D115 
 151      A237F16C 
 152 013d 319C3611 		.ascii	"1\2346\021%#L6\271\226y\275Jv \330\325\336\025v|\265"
 152      25234C36 
 152      B99679BD 
 152      4A7620D8 
 152      D5DE1576 
 153 0153 3E157654 		.ascii	">\025vT\260-\244\234\336\200r\372\274\001\252\373O\321"
 153      B02DA49C 
 153      DE8072FA 
 153      BC01AAFB 
 153      4FD1
 154 0165 13EEED73 		.ascii	"\023\356\355sTS\263\277\246Z56\326\253\346\006\177\277"
 154      5453B3BF 
 154      A65A3536 
 154      D6ABE606 
 154      7FBF
 155 0177 4FFEB486 		.ascii	"O\376\264\206B\035\336 }\001\023\272\242P"
 155      421DDE20 
 155      7D0113BA 
 155      A250
 156              		.text
 157              		.section	.gnu.lto_.symbol_nodes.cfe416d7,"",%progbits
 158 0000 789C55C8 		.ascii	"x\234U\310\273\021\200 \000D\301\307!3tk\011G\011\370"
 158      BB118020 
 158      0044C1C7 
 158      2133746B 
 158      094709F8 
 159 0014 21750CAC 		.ascii	"!u\014\254\307\032\254\3041\320@6\334\010\214|Te\250"
 159      C71AACC4 
 159      31D04036 
 159      DC088C7C 
 159      5465A8
 160 0027 27D86C7B 		.ascii	"'\330l{F\223\034\272\230eu\261\310\261\213U\036\376"
 160      46931CBA 
 160      986575B1 
 160      C8B18B55 
 160      1EFE
 161 0039 119A9CDE 		.ascii	"\021\232\234\336\240\224L$q\\w\340\001\306>\036\234"
 161      A0944C24 
 161      715C77E0 
 161      01C63E1E 
 161      9C
 162              		.text
ARM GAS  C:\Users\NICOLA~1\AppData\Local\Temp\ccVArePq.s 			page 12


 163              		.section	.gnu.lto_.refs.cfe416d7,"",%progbits
 164 0000 789C6366 		.ascii	"x\234cf```d\200\002\000\000=\000\005"
 164      60606064 
 164      80020000 
 164      3D0005
 165              		.text
 166              		.section	.gnu.lto_.decls.cfe416d7,"",%progbits
 167 0000 789CB557 		.ascii	"x\234\265W{L\024I\032\357\352\032\006\030\006\3600\347"
 167      7B4C1449 
 167      1AEFEA1A 
 167      061806F0 
 167      30E7
 168 0012 6EC83D10 		.ascii	"n\310=\020\023\342m\024\004\356\316\354\346\222\325"
 168      13E26D14 
 168      04EECEEC 
 168      E692D5
 169 0021 43E39A2C 		.ascii	"C\343\232,{f\360\222M$\231E\030W\022\036\0363\\n\377"
 169      7B66F092 
 169      4D249945 
 169      1857121E 
 169      1E335C6E 
 170 0036 6B1E2AF8 		.ascii	"k\036*\370D\004\227\207\350(\010\010\212\240\"\013("
 170      44049787 
 170      E8280808 
 170      8AA0220B 
 170      28
 171 0047 20AE3C94 		.ascii	" \256<\224\227.*\254\012#>Q\320AE@V\346\276\252\352"
 171      972E2AAC 
 171      0A233E51 
 171      D0414540 
 171      56E6BEAA 
 172 005c EE19E606 		.ascii	"\356\031\346\006o7\271\353\360M\327W\365\373~\365=\252"
 172      6F37B9EB 
 172      F04DD757 
 172      F5FB7EF5 
 172      3DAA
 173 006e BB3F30C7 		.ascii	"\273?0\307qF\304q\026\270\026\315\343\270\353<\307)"
 173      7146C471 
 173      16B816CD 
 173      E3B8EB3C 
 173      C729
 174 0080 616E1D67 		.ascii	"an\035g\275\210~\002\244\036\344\002H#H3\310\367\334"
 174      BD887E02 
 174      A41EE402 
 174      48234833 
 174      C8F7DC
 175 0093 7F5E0487 		.ascii	"\177^\004\207E\373\313 \307\305y^\\sdCx]D\033\017\020"
 175      45FBCB20 
 175      C7C5795E 
 175      5C736443 
 175      785D441B 
 176 00a9 35480D88 		.ascii	"5H\015\210+\370\345\014r\017\306\355\"/\017\372k\270"
 176      2BF8E50C 
 176      720FC6ED 
 176      222F0FFA 
 176      6BB8
 177 00bb 4F8B9CC4 		.ascii	"O\213\234\304\326\015\346\340\217\363F\263y\211\257"
ARM GAS  C:\Users\NICOLA~1\AppData\Local\Temp\ccVArePq.s 			page 13


 177      D60DE6E0 
 177      8FF346B3 
 177      7989AF
 178 00ca 0A9157E2 		.ascii	"\012\221W\342\"<\310\306\236`~cg\307\2111\376\034\237"
 178      223CC8C6 
 178      9E607E63 
 178      67C78931 
 178      FE1C9F
 179 00dd 90E8132F 		.ascii	"\220\350\023/\332\374N\364\305\317\216\223\344\313\371"
 179      DAFC4EF4 
 179      C5CF8E93 
 179      E4CBF9
 180 00ec 177011FC 		.ascii	"\027p\021\374b\221\353#;\2561\036\325V\274\356t{\302"
 180      6291EB23 
 180      3BAE311E 
 180      D556BCEE 
 180      747BC2
 181 00ff 230F950F 		.ascii	"#\017\225\017Q\3532\333r\224\240\252U\012\242\326O\017"
 181      51EB32DB 
 181      7294A0AA 
 181      550AA2D6 
 181      4F0F
 182 0111 F52A3EC8 		.ascii	"\365*>\310\026\340\312H\021\346)\320\272\005\250\004"
 182      16E0CA48 
 182      11E629D0 
 182      BA05A804 
 183 0121 79A352E4 		.ascii	"y\243R\344\015\214\307\321\007\360\273A\301\230\214"
 183      0D8CC7D1 
 183      07F0BB41 
 183      C1988C
 184 0130 35A92F15 		.ascii	"5\251/\025\030\266\205qa\316\275^\325\22220K\023\232"
 184      18B68571 
 184      61CEBD5E 
 184      D5923230 
 184      4B139A
 185 0143 DA9075BB 		.ascii	"\332\220u\273G\025\017\363x\237C\202\261\322\\:\331"
 185      47150FF3 
 185      789F4382 
 185      B1D25C3A 
 185      D9
 186 0154 AF16DA84 		.ascii	"\257\026\332\204&\213\345SJ\205\312\020F\345h\011A\222"
 186      268BE553 
 186      4A85CA10 
 186      46E56809 
 186      4192
 187 0166 31354127 		.ascii	"15A'\220\017\230u\0352\236\365\304A\224\273\261a\262"
 187      900F9875 
 187      1D329EF5 
 187      C44194BB 
 187      B161B2
 188 0179 4585FF42 		.ascii	"E\205\377B\307\273\322L\355*\274\232\216\223\212\353"
 188      C7BBD24C 
 188      ED2ABC9A 
 188      8E938AEB 
 189 0189 773983EB 		.ascii	"w9\203\353\013Ut\247\301\374\251\"W\252\222\023\351"
 189      0B5574A7 
 189      C1FCA922 
ARM GAS  C:\Users\NICOLA~1\AppData\Local\Temp\ccVArePq.s 			page 14


 189      57AA9213 
 189      E9
 190 019a 09537CDB 		.ascii	"\011S|\333#\241\320\003\371\251\212\300/si\341\320g"
 190      23A1D003 
 190      F9A98AC0 
 190      2F7369E1 
 190      D067
 191 01ac 29C20A74 		.ascii	")\302\012t\006\251\320)ygjM\2564AH&1\273\266ypr\310"
 191      06A9D029 
 191      79676A4D 
 191      AE344148 
 191      2631BBB6 
 192 01c4 E834F203 		.ascii	"\3504\362\003\004\305\242J\230\254\202I \276\374SC\252"
 192      04C5A24A 
 192      98AC8249 
 192      20BEFC53 
 192      43AA
 193 01d6 1352F939 		.ascii	"\023R\37196\252v`D]x\2615s\201 (\320Yp\241\302\352\002"
 193      36AA7660 
 193      445D78B1 
 193      35738120 
 193      28D05970 
 194 01ee 7824E58B 		.ascii	"x$\345\213\037\255\310\254F\222\313\345\303y\277&\370"
 194      1FADC8AC 
 194      4692CBE5 
 194      C379BF26 
 194      F8
 195 01ff 1AC09FB4 		.ascii	"\032\300\237\264\342\317\242\367\372|\316\241\317\250"
 195      E2CFA2F7 
 195      FA7CCEA1 
 195      CFA8
 196 020d 6AF740BA 		.ascii	"j\367@\272\263\002N\010\245\333@\313\335\337\227\276"
 196      B3024E08 
 196      A5DB40CB 
 196      DDDF97BE 
 197 021d 78CE6AD7 		.ascii	"x\316j\327\322j\177\207\304rW\327\365\214\250p\023\253"
 197      D26A7F87 
 197      C47257D7 
 197      F58CA870 
 197      13AB
 198 022f 777755E3 		.ascii	"wwU\343-7(\253\011\312Z\267\015\347\012\306da\306bA"
 198      2D3728AB 
 198      09CA5AB7 
 198      0DE70AC6 
 198      6461C662 
 199 0244 D40AD5D9 		.ascii	"\324\012\325\331\024\266N*l=-\354\336\235O\267\362\270"
 199      14B64E2A 
 199      6C3D2DEC 
 199      DE9D4FB7 
 199      F2B8
 200 0256 93B15C4D 		.ascii	"\223\261\\M\272\224\244\244,\306\372B%;\032\364d\234"
 200      BA94A4A4 
 200      2CC6FA42 
 200      253B1AF4 
 200      649C
 201 0268 B721382F 		.ascii	"\267!8/\021\\\240\004\225\245\346\006w\334\317\010\356"
 201      115CA004 
ARM GAS  C:\Users\NICOLA~1\AppData\Local\Temp\ccVArePq.s 			page 15


 201      95A5E606 
 201      77DCCF08 
 201      EE
 202 0279 94DCBAC1 		.ascii	"\224\334\272\301\3340\366\313\004\304\203\006\033\202"
 202      DC30F6CB 
 202      04C48306 
 202      1B82
 203 0287 0689A091 		.ascii	"\006\211\240\221\022|w\275w\302\3316h\222\016k\324M"
 203      127C77BD 
 203      77C2D936 
 203      68920E6B 
 203      D44D
 204 0299 B3CEF849 		.ascii	"\263\316\370I\323\34435~\300v\313\315\315\017\242\233"
 204      D3E43335 
 204      7EC076CB 
 204      CDCD0FA2 
 204      9B
 205 02aa 99A6EEB7 		.ascii	"\231\246\356\267X\2172X\240\2136\373]\224\366k\246\373"
 205      588F3258 
 205      A08B36FB 
 205      5D94F66B 
 205      A6FB
 206 02bc FD909779 		.ascii	"\375\220\227y\026\341\027\214\242&\177*\013\023\016"
 206      16E1178C 
 206      A2267F2A 
 206      0B130E
 207 02cb C13CFD6C 		.ascii	"\301<\375lf\305\276\224\214\"\301d\261\374\236=\020"
 207      66C5BE94 
 207      8C22C164 
 207      B1FC9E3D 
 207      10
 208 02dc 976C582E 		.ascii	"\227lX.I,\337S\226\201\234\246\035\012\365\016k\301"
 208      492CDF53 
 208      96819CA6 
 208      1D0AF50E 
 208      6BC1
 209 02ee A981D5ED 		.ascii	"\251\201\325\355\313HM\321p\007t\313p\303\0365}\310"
 209      CB484DD1 
 209      700774CB 
 209      70C31E35 
 209      7DC8
 210 0300 0525D9B6 		.ascii	"\005%\331\266\262\261<\335\225>\345_\021\265\271v{\201"
 210      B2B13CDD 
 210      953EE55F 
 210      11B5B976 
 210      7B81
 211 0312 029FC1D4 		.ascii	"\002\237\301\324\245\321\346\242\177\251\340$\245\374"
 211      A5D1E6A2 
 211      7FA9E024 
 211      A5FC
 212 0320 BC830C16 		.ascii	"\274\203\014\026\251\271\226q\214\033\231y\336\324\251"
 212      A9B99671 
 212      8C1B9979 
 212      DED4A9
 213 032f E36EF892 		.ascii	"\343n\370\222\250\344\266\336V\340V\246\024e\0378\341"
 213      A8E4B6DE 
 213      56E056A6 
ARM GAS  C:\Users\NICOLA~1\AppData\Local\Temp\ccVArePq.s 			page 16


 213      14651F38 
 213      E1
 214 0340 443775A1 		.ascii	"D7u\241\217nw\357^W\334\301\326\212\263&\322=\3615\246"
 214      8F6E77EF 
 214      5E57DCC1 
 214      D68AB326 
 214      D23DF135 
 215 0355 5C1D9A7C 		.ascii	"\\\035\232|\245\246\300yD\235\232\356\355\347q/[\273"
 215      A5A6C079 
 215      449D9AEE 
 215      EDE7712F 
 215      5BBB
 216 0367 72F3DE51 		.ascii	"r\363\336Q'\334\307\224\334\211\216\026O\012\374\220"
 216      27DCC794 
 216      DC898E16 
 216      4F0AFC90 
 217 0377 A813F929 		.ascii	"\250\023\371))\236x\200\255\031K\336Y<\360\003\246H"
 217      299E7880 
 217      AD194BDE 
 217      593CF003 
 217      A648
 218 0389 2F39357B 		.ascii	"/95{\311\035\274\370\364\232;\036fk\257\206\222g\020"
 218      C91DBCF8 
 218      F49A3B1E 
 218      666BAF86 
 218      926710
 219 039c 1E654AE9 		.ascii	"\036eJ\351PW\246;\005.&\352\341\254\251\020<\306\226"
 219      5057A63B 
 219      052E26EA 
 219      E1ACA910 
 219      3CC696
 220 03af EAC676BE 		.ascii	"\352\306v\276v\301\343L\031\234\030lv\246\270eD\315"
 220      76C1E34C 
 220      199C186C 
 220      76A6B865 
 220      44CD
 221 03c1 3E7F30D3 		.ascii	">\1770\323\225\345\227.\357\251(z\305\034\303\224\365"
 221      95E5972E 
 221      EFA9287A 
 221      C51CC394 
 221      F5
 222 03d2 C89D0E4C 		.ascii	"\310\235\016Lr*H\305R\333\036\261A\362\374\242\305\336"
 222      722A48C5 
 222      52DB1EB1 
 222      41F2FCA2 
 222      C5DE
 223 03e4 6880E5B3 		.ascii	"h\200\345\263\340YO\231\247W\006\205\013\202\217\201"
 223      E0594F99 
 223      A7570685 
 223      0B828F81 
 224 03f4 BE1FEE02 		.ascii	"\276\037\356\002\274\207\302M\310K2\"\350oo\224\232"
 224      BC87C24D 
 224      C84B3222 
 224      E86F6F94 
 224      9A
 225 0405 9D6DD1ED 		.ascii	"\235m\321\355\357C\3578\220\325\202\360\024\213\342"
 225      EF43EF38 
ARM GAS  C:\Users\NICOLA~1\AppData\Local\Temp\ccVArePq.s 			page 17


 225      90D582F0 
 225      148BE2
 226 0414 46D2A39B 		.ascii	"F\322\243\233<~\307\224\323\205\307\316\2613\261\202"
 226      3C7EC794 
 226      D385C7CE 
 226      B133B182 
 227 0424 8670EBDA 		.ascii	"\206p\353\332\015g\234\254`\371\253\312\230\362\240"
 227      0D679CAC 
 227      60F9ABCA 
 227      98F2A0
 228 0433 6B9F11B5 		.ascii	"k\237\021\265\275zw\223\012ock\357\312\037L\362x'S\036"
 228      BD7A7793 
 228      0A6F636B 
 228      EFCA1F4C 
 228      F2782753 
 229 0448 378C083C 		.ascii	"7\214\010<\005\256#\352\300\350\356A\027\274G1k\003"
 229      05AE23EA 
 229      C0E8EE41 
 229      17BC4731 
 229      6B03
 230 045a 0FB6C18E 		.ascii	"\017\266\301\216\235U\026\347\271\2232\"%\345\0174'"
 230      9D5516E7 
 230      B9933222 
 230      25E50F34 
 230      27
 231 046b 4905C74C 		.ascii	"I\005\307LX\214\322(\345\344\031\240;)z\224F9\"E9\326"
 231      588CD228 
 231      E5E419A0 
 231      3B297A94 
 231      46392245 
 232 0481 97DAED66 		.ascii	"\227\332\355f\213n\177\037\272\363Mi\201\022g1/\323"
 232      8B6E7F1F 
 232      BAF34D69 
 232      81126731 
 232      2FD3
 233 0493 CE6715B3 		.ascii	"\316g\025\2634|\011\352\202\333\335\333O\271#_v\315"
 233      347C09EA 
 233      82DBDDDB 
 233      4FB9235F 
 233      76CD
 234 04a5 F7B5B9FC 		.ascii	"\367\265\271\374|\215Bj\212\271\266\352\304\362\332"
 234      7C8D426A 
 234      8AB9B6EA 
 234      C4F2DA
 235 04b4 D342532A 		.ascii	"\323BS*\246\233<\201Gv\022\315\267>3\303t\307\217\340"
 235      A69B3C81 
 235      477612CD 
 235      B73E33C3 
 235      74C78FE0 
 236 04c8 872378E3 		.ascii	"\207#x\343\323\223\312\266e\024\372\330\036\372\210"
 236      D393CAB6 
 236      6514FAD8 
 236      1EFA88
 237 04d7 424B908C 		.ascii	"BK\220\214\375Q\306\336\260\307\336\264\243\355\222"
 237      FD51C6DE 
 237      B0C7DEB4 
 237      A3ED92
ARM GAS  C:\Users\NICOLA~1\AppData\Local\Temp\ccVArePq.s 			page 18


 238 04e6 A1DDF6D0 		.ascii	"\241\335\366\320\036;\350]\031\372\243=\264\337\336"
 238      1E3BE85D 
 238      19FAA33D 
 238      B4DFDE
 239 04f5 837E19DB 		.ascii	"\203~\031\333k\217\375\301\036\333'c\257;\306R\027\366"
 239      6B8FFDC1 
 239      1EDB2763 
 239      AF3BC652 
 239      17F6
 240 0507 89077585 		.ascii	"\211\007u\205\201C-\260\336J\227\010\032^+h+\357\207"
 240      81432DB0 
 240      DE4A9708 
 240      1A5E2B68 
 240      2BEF87
 241 051a DE225F34 		.ascii	"\336\"_4\005\"\360\276h\032\356\257A\222`<\001\3677"
 241      0522F0BE 
 241      681AEEAF 
 241      4192603C 
 241      01F737
 242 052d 20AF40DE 		.ascii	" \257@\336\201\244\302\3348\334g@\222a\234\002\362\023"
 242      81A4C2DC 
 242      38DC6740 
 242      92619C02 
 242      F213
 243 053f 8C5F828C 		.ascii	"\214_\202\214\201l\003\335\202|\351[\223:xUv\360\252"
 243      816C03DD 
 243      827CE95B 
 243      933A7855 
 243      76F0AA
 244 0552 BD838BED 		.ascii	"\275\203\213\355b\271\"C\2578\204Z\263\331)#\273\354"
 244      62B92243 
 244      AF38845A 
 244      B3D92923 
 244      BBEC
 245 0564 919DF619 		.ascii	"\221\235\366\031\032\226\261\017\035\327\336J{[\206"
 245      1A96B10F 
 245      1DD7DE4A 
 245      7B5B86
 246 0573 DE725C7A 		.ascii	"\336r\\z\033\332\001\031{\333\036{g\026m\222qt) \237"
 246      1BDA0119 
 246      7BDB1E7B 
 246      67166D92 
 246      71742920 
 247 0588 232FF442 		.ascii	"#/\364BDJ\017\0052\3339\320!\223v8\216\313\012\355\226"
 247      444A0F05 
 247      32DB39D0 
 247      21937638 
 247      8ECB0AED 
 248 059d A1D71C9F 		.ascii	"\241\327\034\237=\331\327$\343 q\340\03680$B\2457\225"
 248      3DD9D724 
 248      E32071E0 
 248      1E383024 
 248      42A53795 
 249 05b1 E8AA4D58 		.ascii	"\350\252MXOd\332\373\366\264\017\354\261wdl\237\343"
 249      4F64DAFB 
 249      F6B40FEC 
 249      B177646C 
ARM GAS  C:\Users\NICOLA~1\AppData\Local\Temp\ccVArePq.s 			page 19


 249      9FE3
 250 05c3 334DBD25 		.ascii	"3M\275%M\224\251\375\244R@\004\302I\337VN>\"\246\221"
 250      4D94A9FD 
 250      A4524004 
 250      C249DF56 
 250      4E3E22A6 
 251 05d8 935DF021 		.ascii	"\223]\360!gLO\035?\312lWh\315Z\315\2653\030\315\367"
 251      674C4F1D 
 251      3FCA6C57 
 251      68CD5ACD 
 251      B53318CD 
 252 05ed 7374A251 		.ascii	"st\242Q\032\034\344\377\367\241\246\341<\217uA\333\371"
 252      1A1CE4FF 
 252      F7A1A6E1 
 252      3C8F7541 
 252      DBF9
 253 05ff F9A8CDDA 		.ascii	"\371\250\315\332\017\222\330\244~\373\302\341\2261\347"
 253      0F92D8A4 
 253      7EFBC2E1 
 253      9631E7
 254 060e 597D0201 		.ascii	"Y}\002\001[_\263\351<\353\023\340\016\350\003\325\217"
 254      5B5FB3E9 
 254      3CEB13E0 
 254      0EE803D5 
 254      8F
 255 061f C3702F7B 		.ascii	"\303p/{\021\276H\356Iq\207\326\244\251\322<]^\021\221"
 255      11BE48EE 
 255      497187D6 
 255      A4A9D23C 
 255      5D5E1191 
 256 0633 9922B0D6 		.ascii	"\231\"\260\326\304\350B;\252\035\274\2657\2011\353M"
 256      C4E8423B 
 256      AA1DBCB5 
 256      378131EB 
 256      4D
 257 0644 76F2A437 		.ascii	"v\362\2447i+/\370\012?\246,\212\373\007+\317y\"?oo\332"
 257      692B2FF8 
 257      0A3FA62C 
 257      8AFB072B 
 257      CF79223F 
 258 065b C1A641BF 		.ascii	"\301\246A\277\235\301\253\320.\321\200]90?\371)Y\200"
 258      9DC1ABD0 
 258      2ED1805D 
 258      39303FF9 
 258      295980
 259 066e A10BBDD3 		.ascii	"\241\013\275\323N\326\234)\340\0179\264\204~\003\320"
 259      4ED69C29 
 259      E00F39B4 
 259      847E03D0 
 260 067e 6EC82259 		.ascii	"n\310\"Y\342\320^\336\033\355\341\351gah\377X\272\223"
 260      E2D05EDE 
 260      1BEDE1E9 
 260      676168FF 
 260      58BA93
 261 0691 4A44A7FD 		.ascii	"JD\247\3757t~\306\365\\\326\006m&\352\310ic\213\013"
 261      37747EC6 
 261      F55CD606 
ARM GAS  C:\Users\NICOLA~1\AppData\Local\Temp\ccVArePq.s 			page 20


 261      6D26EAC8 
 261      69638B0B 
 262 06a5 7DD5BBD3 		.ascii	"}\325\273\323\366a\2539]EU5U_\226O+\346\376>e\363\342"
 262      F661AB39 
 262      5D455535 
 262      555F964F 
 262      2BE6FE3E 
 263 06bc F7298B71 		.ascii	"\367)\213qw\354\275\334\247\266~\206\021\2153\023\366"
 263      77ECBDDC 
 263      A7B67E86 
 263      118D3313 
 263      F6
 264 06cd DECF13F8 		.ascii	"\336\317\023\370\001\336K2\"\350\362'\325\247x[\364"
 264      01DE4B32 
 264      22E8F227 
 264      D5A7785B 
 264      F4
 265 06de BEF7A11F 		.ascii	"\276\367\241\037ff\2331\036au\271c\272\230\201\3618"
 265      66669B31 
 265      1E6175B9 
 265      63BA9881 
 265      F138
 266 06f0 538E561B 		.ascii	"S\216V\033\005\345\242#B\217\321\\\332\320\202\2222"
 266      05E5A223 
 266      428FD15C 
 266      DAD08292 
 266      32
 267 0701 4CC0479A 		.ascii	"L\300G\232^\364-\357\205r\240F\320f\333\020\347\222"
 267      5EF42DEF 
 267      8572A046 
 267      D066DB10 
 267      E792
 268 0713 C4A362C4 		.ascii	"\304\243b\304s(\217_D\376Q\033\257\251q\302)N\3543\237"
 268      73288F5F 
 268      44FE511B 
 268      AFA971C2 
 268      294EEC33 
 269 0728 7778BBA7 		.ascii	"wx\273\247T\3623\263JN\272\313|\233\222\347K%?HK~\367"
 269      54F233B3 
 269      4A4EBACB 
 269      7C9B92E7 
 269      4B253F48 
 270 073f 5A599907 		.ascii	"ZY\231\007\316f4-\317\273\256\250(\215q\370\030\353"
 270      CE66342D 
 270      CFBBAEA8 
 270      288D71F8 
 270      18EB
 271 0751 C21B8585 		.ascii	"\302\033\205\205\364\324\024\330P\024H\024\207(\205"
 271      F4D414D8 
 271      50144814 
 271      872885
 272 0760 F4E1F5A0 		.ascii	"\364\341\365\240\037^\3648\243\364\024k\002\335\210"
 272      1F5EF438 
 272      A3F4146B 
 272      02DD88
 273 076f BAFBED58 		.ascii	"\272\373\355X'\353@TD};\325\232\244\234\2738G\245\342"
 273      27EB4054 
ARM GAS  C:\Users\NICOLA~1\AppData\Local\Temp\ccVArePq.s 			page 21


 273      447D3BD5 
 273      9AA49CBB 
 273      3847A5E2 
 274 0783 1C61C569 		.ascii	"\034a\305iK-\353v\267/\316a\310\212\221f\245\220\246"
 274      4B2DEB76 
 274      B72FCE61 
 274      C88A9166 
 274      A590A6
 275 0796 FBA894EE 		.ascii	"\373\250\224\356\231\021K\273\247}q\346D\267\316\\\274"
 275      99114BBB 
 275      A77D71E6 
 275      44B7CE5C 
 275      BC
 276 07a7 E78C8B59 		.ascii	"\347\214\213Y\350\3519\225e\256b=\316\265\332\326\243"
 276      E8E93995 
 276      65AE623D 
 276      CEB5DAD6 
 276      A3
 277 07b8 48AC07FC 		.ascii	"H\254\007\374\323a\303u\314Z\217bZ\2176\343\304]O|\226"
 277      D361C375 
 277      CC5A8F62 
 277      5A8F36E3 
 277      C45D4F7C 
 278 07cd B125D7   		.ascii	"\261%\327"
 279 07d0 25153B49 		.ascii	"%\025;I\365h\\\273\337\246\036\344\237\214\022\233d"
 279      F5685CBB 
 279      DFA61EE4 
 279      9F8C129B 
 279      64
 280 07e1 9648C92C 		.ascii	"\226H\311,\245\311\354\231\036\377-\276\314X\016t\325"
 280      A5C9EC99 
 280      1EFF2DBE 
 280      CC580E74 
 280      D5
 281 07f2 9F56883E 		.ascii	"\237V\210>\275q\350S\363,\237\216[}*\343\027qJ\275a"
 281      BD71E853 
 281      F32C9F8E 
 281      5B7D2AE3 
 281      17714ABD 
 282 0807 6D5CB441 		.ascii	"m\\\264A\271\346\213\277\373\204p\013\375\375\003\340"
 282      B9E68BBF 
 282      FB84700B 
 282      FDFD03E0 
 283 0817 2F7273F4 		.ascii	"/rs\364\306\350x}\340\237\003\003\342\365\001\233#b"
 283      C6E8787D 
 283      E09F0303 
 283      E2F5019B 
 283      2362
 284 0829 02F40991 		.ascii	"\002\364\011\221\001z\203\177$\347\252\377Fo\210\216"
 284      017A837F 
 284      24E7AAFF 
 284      466F888E 
 285 0839 D5690D2E 		.ascii	"\325i\015.\211\321q\206\340 \255A\245\325J\303M\221"
 285      89D17186 
 285      E020AD41 
 285      A5D54AC3 
 285      4D91
ARM GAS  C:\Users\NICOLA~1\AppData\Local\Temp\ccVArePq.s 			page 22


 286 084b 9F845363 		.ascii	"\237\204Sc\275!1*:>\334\020\037\037\243\017\377:.\321"
 286      BD21312A 
 286      3A3EDC10 
 286      1F1FA30F 
 286      FF3A2ED1 
 287 085f 878E7C22 		.ascii	"\207\216|\"\022b}t\261\033uQQ\272\250\360?\372\177\354"
 287      12627D74 
 287      B11B7551 
 287      51BAA8F0 
 287      3FFA7FEC 
 288 0873 13B42CF0 		.ascii	"\023\264,\360O\377\010\016\207\371\245q\361q\272\245"
 288      4FFF080E 
 288      87F9A571 
 288      F171BAA5 
 289 0883 BA888DD1 		.ascii	"\272\210\215\321\341\321q\2211\211Q\272\360\330\010"
 289      E1D17191 
 289      318951BA 
 289      F0D808
 290 0892 E08AD385 		.ascii	"\340\212\323\205k\243t\233\"\022c\014Z\3037[tz\377\315"
 290      6BA3749B 
 290      2212630C 
 290      5AC3375B 
 290      747AFFCD 
 291 08a6 DC86FFE9 		.ascii	"\334\206\377\3516\020Q\270Vo\210\202\030\200{\211\243"
 291      361051B8 
 291      566F8882 
 291      18807B89 
 291      A3
 292 08b7 14241802 		.ascii	"\024$\030\002D4,\220\014\210\216\250\365\2060CD\202"
 292      44342C90 
 292      0C888EA8 
 292      F5863043 
 292      4482
 293 08c9 61650C50 		.ascii	"ae\014P\273\021%~\013\035\253`\2543H\3035:\031\241\215"
 293      BB11257E 
 293      0B1DAB60 
 293      AC3348C3 
 293      353A19A1 
 294 08de 8989D246 		.ascii	"\211\211\322FC\306\227\317\225\352-\361\011\006}@\330"
 294      43C697CF 
 294      95EA2DF1 
 294      09067D40 
 294      D8
 295 08ef FAD0E0A0 		.ascii	"\372\320\340\240\200\317?_\025\260~m\350?\003\003\230"
 295      80CF3F5F 
 295      15B07E6D 
 295      E83F0303 
 295      98
 296 0900 256C091C 		.ascii	"%l\011\034\261$\325\321\261Z\003\016\321\004\202\004"
 296      B124D5D1 
 296      B15A030E 
 296      D1048204 
 297 0910 29C24243 		.ascii	")\302BC4\212UkWk\3700\015^\275F\343\024\022\022\252"
 297      348A556B 
 297      576BF830 
 297      0D5EBD46 
 297      E3141212 
ARM GAS  C:\Users\NICOLA~1\AppData\Local\Temp\ccVArePq.s 			page 23


 298 0925 09A4BF41 		.ascii	"\011\244\277A\212\220\220\325\032\034\362\305z\274."
 298      8A9090D5 
 298      1A1CF2C5 
 298      7ABC2E
 299 0934 2C04AFD4 		.ascii	",\004\257\324h\260&\004t0\370\353\252\365\032\274\212"
 299      68B02604 
 299      7430F8EB 
 299      AAF51ABC 
 299      8A
 300 0945 5886AED4 		.ascii	"X\206\256\324\360\177cV\301\200\377R\363\311/\365N\364"
 300      F07F6356 
 300      C180FF52 
 300      F3C92FF5 
 300      4EF4
 301 0957 091CF412 		.ascii	"\011\034\364\022\203\324\223\304h#H\334\212\310\315"
 301      83D493C4 
 301      682348DC 
 301      8AC8CD
 302 0966 11092E5A 		.ascii	"\021\011.Z\355\246\304\270H\255\326]\032\370/\017\014"
 302      EDA6C4B8 
 302      48ADD65D 
 302      1AF82F0F 
 302      0C
 303 0977 0AFA950C 		.ascii	"\012\372\225\014\217\337\302\320\363\244\031\235h>\313"
 303      8FDFC2D0 
 303      F3A4199D 
 303      683ECB
 304 0986 E06369F9 		.ascii	"\340ci\371kG\313\301\301\377\006\033\202\321\226"
 304      6B47CBC1 
 304      C1FF061B 
 304      82D196
 305              		.text
 306              		.section	.gnu.lto_.symtab.cfe416d7,"",%progbits
 307 0000 7374496E 		.ascii	"stInit\000\000\000\000\000\000\000\000\000\000\000\000"
 307      69740000 
 307      00000000 
 307      00000000 
 307      0000
 308 0012 AC000000 		.ascii	"\254\000\000\000stStartAlarm\000\000\000\000\000\000"
 308      73745374 
 308      61727441 
 308      6C61726D 
 308      00000000 
 309 0028 00000000 		.ascii	"\000\000\000\000\000\000\273\000\000\000stStopAlarm"
 309      0000BB00 
 309      00007374 
 309      53746F70 
 309      416C6172 
 310 003d 00000000 		.ascii	"\000\000\000\000\000\000\000\000\000\000\000\000\275"
 310      00000000 
 310      00000000 
 310      BD
 311 004a 00000073 		.ascii	"\000\000\000stSetAlarm\000\000\000\000\000\000\000\000"
 311      74536574 
 311      416C6172 
 311      6D000000 
 311      00000000 
ARM GAS  C:\Users\NICOLA~1\AppData\Local\Temp\ccVArePq.s 			page 24


 312 005f 00000000 		.ascii	"\000\000\000\000\277\000\000\000stGetAlarm\000\000\000"
 312      BF000000 
 312      73744765 
 312      74416C61 
 312      726D0000 
 313 0074 00000000 		.ascii	"\000\000\000\000\000\000\000\000\000\302\000\000\000"
 313      00000000 
 313      00C20000 
 313      00
 314 0081 73745F6C 		.ascii	"st_lld_init\000\000\002\000\000\000\000\000\000\000"
 314      6C645F69 
 314      6E697400 
 314      00020000 
 314      00000000 
 315 0096 0000C400 		.ascii	"\000\000\304\000\000\000"
 315      0000
 316              		.text
 317              		.section	.gnu.lto_.opts,"",%progbits
 318 0000 272D666E 		.ascii	"'-fno-trapv' '-mcpu=cortex-m4' '-mno-thumb-interwor"
 318      6F2D7472 
 318      61707627 
 318      20272D6D 
 318      6370753D 
 319 0033 6B272027 		.ascii	"k' '-mthumb' '-ggdb' '-O2' '-fomit-frame-pointer' '"
 319      2D6D7468 
 319      756D6227 
 319      20272D67 
 319      67646227 
 320 0066 2D66616C 		.ascii	"-falign-functions=16' '-ffunction-sections' '-fdata"
 320      69676E2D 
 320      66756E63 
 320      74696F6E 
 320      733D3136 
 321 0099 2D736563 		.ascii	"-sections' '-fno-common' '-flto'\000"
 321      74696F6E 
 321      73272027 
 321      2D666E6F 
 321      2D636F6D 
 322              		.text
 323              		.comm	__gnu_lto_v1,1,1
 324              		.comm	__gnu_lto_slim,1,1
 325              		.ident	"GCC: (GNU Tools for ARM Embedded Processors) 4.9.3 20150529 (release) [ARM/embedded-4_9-br
ARM GAS  C:\Users\NICOLA~1\AppData\Local\Temp\ccVArePq.s 			page 25


DEFINED SYMBOLS
                            *ABS*:00000000 st.c
                            *COM*:00000001 __gnu_lto_v1
                            *COM*:00000001 __gnu_lto_slim

NO UNDEFINED SYMBOLS
