ARM GAS  C:\Users\NICOLA~1\AppData\Local\Temp\ccaggrhi.s 			page 1


   1              		.syntax unified
   2              		.cpu cortex-m4
   3              		.fpu softvfp
   4              		.eabi_attribute 20, 1
   5              		.eabi_attribute 21, 1
   6              		.eabi_attribute 23, 3
   7              		.eabi_attribute 24, 1
   8              		.eabi_attribute 25, 1
   9              		.eabi_attribute 26, 1
  10              		.eabi_attribute 30, 2
  11              		.eabi_attribute 34, 1
  12              		.eabi_attribute 18, 4
  13              		.thumb
  14              		.file	"st_lld.c"
  15              		.text
  16              	.Ltext0:
  17              		.section	.gnu.lto_.profile.cfe453e0,"",%progbits
  18 0000 789C6366 		.ascii	"x\234cf```a\200\000F\006K\031\000\001\002\000^"
  18      60606061 
  18      80004606 
  18      4B190001 
  18      02005E
  19              		.text
  20              		.section	.gnu.lto_.jmpfuncs.cfe453e0,"",%progbits
  21 0000 789C6366 		.ascii	"x\234cf\300\016L\2414\023\230d\0042\230>21\356\370\364"
  21      C00E4CA1 
  21      34139864 
  21      0432983E 
  21      3231EEF8 
  22 0015 763ED70B 		.ascii	"v>\327\013\246\237L\0142\014\214\313\031\245\030@\202"
  22      A69F4C0C 
  22      320C8CCB 
  22      19A51840 
  22      82
  23 0026 3716BE99 		.ascii	"7\026\276\231\306\013\026\344``\\\001\024d\000\000g"
  23      C60B16E4 
  23      60605C01 
  23      14640000 
  23      67
  24 0037 480DE7   		.ascii	"H\015\347"
  25              		.text
  26              		.section	.gnu.lto_.inline.cfe453e0,"",%progbits
  27 0000 789C6366 		.ascii	"x\234cf\300\016\254\2404\023\003\003\217(#\003\023\337"
  27      C00EACA0 
  27      34130303 
  27      8F282303 
  27      13DF
  28 0012 BD0006B6 		.ascii	"\275\000\006\266\005\362L 1F.8\301 \"\003\224\224yp"
  28      05F24C20 
  28      31462E38 
  28      C1202203 
  28      94947970 
  29 0026 8B112ECB 		.ascii	"\213\021.\313\314\003\326\305\000\000\257\256\005`"
  29      CC03D6C5 
  29      0000AFAE 
  29      0560
  30              		.text
ARM GAS  C:\Users\NICOLA~1\AppData\Local\Temp\ccaggrhi.s 			page 2


  31              		.section	.gnu.lto_.pureconst.cfe453e0,"",%progbits
  32 0000 789C6366 		.ascii	"x\234cf```e\200\000&\006+F)\000\001Y\000`"
  32      60606065 
  32      80002606 
  32      2B462900 
  32      01590060 
  33              		.text
  34              		.section	.gnu.lto_VectorB0.cfe453e0,"",%progbits
  35 0000 789C8D54 		.ascii	"x\234\215TmhSW\030~\337snn\322\244?\212\277\264H\023"
  35      6D685357 
  35      187EDF73 
  35      6E6ED2A4 
  35      3F8ABFB4 
  36 0016 905184B5 		.ascii	"\220Q\204\265w\235\242\340\037\031\016A0\010\326\377"
  36      779DA2E0 
  36      1F190E41 
  36      3008D6FF 
  37 0026 5263A085 		.ascii	"Rc\240\205\324H\322\026\375!\2364\265\2269\2458\267"
  37      D448D216 
  37      FD219E34 
  37      B59639A5 
  37      38B7
  38 0038 5547756E 		.ascii	"UGunv_\335\352\234\233\233\361+S\033\253\255\3261?\360"
  38      765FDDEA 
  38      9C9B9BF1 
  38      2B531BAB 
  38      ADD6313F 
  39 004d 73DD6665 		.ascii	"s\335fe2\225~m5t3\276\357I\2265i;\026n\356=\347<\357"
  39      32957E6D 
  39      357433BE 
  39      EF499635 
  39      693B166E 
  40 0066 F3BECF79 		.ascii	"\363\276\317y\237s\257\204\251\277\005\364\0376\000"
  40      9F73AF84 
  40      A9BF05F4 
  40      1F3600
  41 0075 662100DA 		.ascii	"f!\000\332\000E\353\025\200\210C\010\031+\001\3454n"
  41      0045EB15 
  41      80884308 
  41      192B01E5 
  41      346E
  42 0087 58A00A25 		.ascii	"X\240\012%\032\351e\003\221\007\200\260UH\003\267\342"
  42      1AE96503 
  42      910780B0 
  42      554803B7 
  42      E2
  43 0098 23312CB0 		.ascii	"#1,\2605\336\331\346*\355PJ\015\215L\030\333f'\005\300"
  43      35DED9E6 
  43      2AED504A 
  43      0D8D4C18 
  43      DB662705 
  44 00ad A848E7C7 		.ascii	"\250H\347\307\217\261\024(f\270\351\357\233.\263\211"
  44      8FB11428 
  44      66B8E9EF 
  44      9B2EB389 
  45 00bd 628AD218 		.ascii	"b\212\322\030~\202&\325\204\303\263\342*\225\372\360"
  45      7E8226D5 
ARM GAS  C:\Users\NICOLA~1\AppData\Local\Temp\ccaggrhi.s 			page 3


  45      84C3B3E2 
  45      2A95FAF0 
  46 00cd C05F29C3 		.ascii	"\300_)\303)!)\320\340\033\300\003\012\342Z\203B\360"
  46      292129D0 
  46      E01BC003 
  46      0AE25A83 
  46      42F0
  47 00df 53DEC6B3 		.ascii	"S\336\306\263\307\216\214\237\2631o\\HJ\371\264\367"
  47      C78E8C9F 
  47      B3316F5C 
  47      484AF9B4 
  47      F7
  48 00f0 42B3ED37 		.ascii	"B\263\3557\221\024\202\262*\203\253\374\364\240\377"
  48      911482B2 
  48      2A83ABFC 
  48      F4A0FF
  49 00ff 07875E02 		.ascii	"\007\207^\002\236\356}\243g\217l\307\3670)$~\212\305"
  49      9EEE7DA3 
  49      678F6CC7 
  49      F7302924 
  49      7E8AC5
  50 0112 F819166B 		.ascii	"\370\031\026k\340\203\247\361\271e\235\252\211\000\003"
  50      E083A7F1 
  50      B9659DAA 
  50      890003
  51 0121 3BB11D47 		.ascii	";\261\035G\264\\\374\034\313\3406F\2375\367\311t\035"
  51      B45CFC1C 
  51      CBE03646 
  51      9F35F7C9 
  51      741D
  52 0133 235D6ADF 		.ascii	"#]j\337\315\3011\311yQ\000~AI\256c\323\255hq&\206\002"
  52      CDC131C9 
  52      7951007E 
  52      4149AE63 
  52      D3AD6871 
  53 014a 221F9D78 		.ascii	"\"\037\235x\323\256\003(K\027W\001\226.!V\302\312\207"
  53      D3AE0328 
  53      4B175701 
  53      962E2156 
  53      C2CA87
  54 015d 86C67FD5 		.ascii	"\206\306\177\325\312'\211\212(\025\237\377\237\302\016"
  54      CA27898A 
  54      28159FFF 
  54      9FC20E
  55 016c FF2BEC4B 		.ascii	"\377+\354K,\233\274=2\014\217\020\345\0066\0261m\264"
  55      2C9BBC3D 
  55      320C8F10 
  55      E5063616 
  55      316DB4
  56 017f 53ED9172 		.ascii	"S\355\221r\011\362\370x\327\330e\027\007\331<<\215\355"
  56      09F2F878 
  56      D7D86517 
  56      07D93C3C 
  56      8DED
  57 0191 EE693379 		.ascii	"\356i3yj\352\016\375~\355`\207s\336A\245\032\207Z\242"
  57      6AEA0EFD 
  57      7EED6087 
ARM GAS  C:\Users\NICOLA~1\AppData\Local\Temp\ccaggrhi.s 			page 4


  57      73DE41A5 
  57      1A875AA2 
  58 01a5 0F7DBBA3 		.ascii	"\017}\273\243\352\020\015SK\335Ia\307\257P\2227x\224"
  58      EA100D53 
  58      4BDD4961 
  58      C7AF5092 
  58      377894
  59 01b8 047D9DD9 		.ascii	"\004}\235\331\003\025\372\006\347\021\361\347\235\177"
  59      0315FA06 
  59      E711F1E7 
  59      9D7F
  60 01c6 1C45CE63 		.ascii	"\034E\316c\367\000\036#\364\0166\376r}\373\30363\307"
  60      F7001E23 
  60      F40E36FE 
  60      727DFBC3 
  60      3633C7
  61 01d9 DD818EE7 		.ascii	"\335\201\216\347\363\265\267\243\002s}\0378\320\333"
  61      F3B5B7A3 
  61      02737D1F 
  61      38D0DB
  62 01e8 3D5B027E 		.ascii	"=[\002~\313\230\310\303N\357J\230\200\3371$\363\240"
  62      CB98C8C3 
  62      4EEF4A98 
  62      80DF3124 
  62      F3A0
  63 01fa D6C4981D 		.ascii	"\326\304\230\035\3608CF.\024\277Z\302\342\000c\014\332"
  63      F0384346 
  63      2E14BF5A 
  63      C2E20063 
  63      0CDA
  64 020c F28F199E 		.ascii	"\362\217\031\236@\223\344\237\344s\2060\216\334\300"
  64      4093E49F 
  64      E4738630 
  64      8EDCC0
  65 021b C7CFDE92 		.ascii	"\307\317\336\222\356\026\321\256\332<I\341`\306\333"
  65      EE16D1AE 
  65      DA3C49E1 
  65      60C6DB
  66 022a 7726224E 		.ascii	"w&\"N\203\272\214\247\320\255=\330\267\355\335\275\205"
  66      83BA8CA7 
  66      D0AD3DD8 
  66      B7EDDDBD 
  66      85
  67 023b B482A7D1 		.ascii	"\264\202\247\321\320;\005<\203l\362\245\355\357\377"
  67      D03B053C 
  67      836CF2A5 
  67      EDEFFF
  68 024a 69B87764 		.ascii	"i\270wd\330\005\034{\365q\"V\240\331qf\343\367t|\357"
  68      D8051C7B 
  68      F5712256 
  68      A0D97166 
  68      E3F7747C 
  69 025f 6274607F 		.ascii	"bt`\177o\337\234\334mtg\373bN\021zV\013=\207\032\331"
  69      6FDF9CDC 
  69      6D7467FB 
  69      624E117A 
  69      560B3D87 
ARM GAS  C:\Users\NICOLA~1\AppData\Local\Temp\ccaggrhi.s 			page 5


  70 0275 FFE3AE2E 		.ascii	"\377\343\256.\261eB\265(GR8G\311\026\206\361<n\241\027"
  70      B16542B5 
  70      28475238 
  70      47C91686 
  70      F13C6EA1 
  71 028a C395B53C 		.ascii	"\303\225\265<\307\310\221\377ed\26762{\210\354\264\224"
  71      C7C891FF 
  71      6564B736 
  71      327B88EC 
  71      B494
  72 029c 98D9C8C1 		.ascii	"\230\331\310\301\254`G\276\221;\372\331\310\013\214"
  72      AC6047BE 
  72      913BFAD9 
  72      C80B8C
  73 02ab 154C31F2 		.ascii	"\025L1\362\036\211\355a\310\231od\363s2\362\"C\256<"
  73      1E89ED61 
  73      C8996F64 
  73      F37332F2 
  73      2243AE3C 
  74 02bf 23DF71B3 		.ascii	"#\337q\2638\300K\323\033\331\253\373\3237\311\310CO"
  74      38C04BD3 
  74      1BD9ABFB 
  74      D337C9C8 
  74      434F
  75 02d1 0662E63F 		.ascii	"\006b\346?\036%\264G\227\265G\371\206\\!C\370M4\364"
  75      1E25B447 
  75      97B547F9 
  75      865C2143 
  75      F84D34F4 
  76 02e5 4784AD39 		.ascii	"G\204\2559\237B\336\326t\255.$B\177\246\317\3671\022"
  76      9F42DED6 
  76      74AD2E24 
  76      427FA6CF 
  76      F73112
  77 02f8 4FADD291 		.ascii	"O\255\322\221\300_#\344\004\224wqy\271E\227\257\272"
  77      C05F23E4 
  77      04947771 
  77      79B94597 
  77      AFBA
  78 030a 665D4D30 		.ascii	"f]M0\\\261\250\302\012\206\255\352\252\200\2651\030"
  78      5CB1A8C2 
  78      0A86ADEA 
  78      AA80B531 
  78      18
  79 031b AA0B5B95 		.ascii	"\252\013[\225k\274\013^\265V\256|\335Z\263\302\333P"
  79      6BBC0B5E 
  79      B556AE7C 
  79      DD5AB3C2 
  79      DB50
  80 032d 6185EBD6 		.ascii	"a\205\353\326\006\002\353\313}`k\250\012\324\373+\246"
  80      0602EBCB 
  80      7D606BA8 
  80      0AD4FB2B 
  80      A6
  81 033e 6387EA32 		.ascii	"c\207\3522\344\327V{\227y7\021\352\013\206\374k\033"
  81      E4D7567B 
  81      97793711 
ARM GAS  C:\Users\NICOLA~1\AppData\Local\Temp\ccaggrhi.s 			page 6


  81      EA0B86FC 
  81      6B1B
  82 0350 16D79657 		.ascii	"\026\327\226W\303\302\351\030\376Mu\3262o\345\212J\253"
  82      C3C2E918 
  82      FE4D75D6 
  82      326FE58A 
  82      4AAB
  83 0362 66832F50 		.ascii	"f\203/P\277\336oi\206\257vy\375\006\037\221Jg\022\031"
  83      BFDE6F69 
  83      86AF7679 
  83      FD061F91 
  83      4A671219 
  84 0376 0CD38DEA 		.ascii	"\014\323\215\352\361s\2468\202\263Y\253\303\233\303"
  84      F173A638 
  84      82B359AB 
  84      C39BC3
  85 0385 1457E4AD 		.ascii	"\024W\344\255\\\355YW\025\366o\014\325\274\354y\351"
  85      5CED5957 
  85      15F66F0C 
  85      D5BCEC79 
  85      E9
  86 0396 151021B0 		.ascii	"\025\020!\260\327\372k\203\241\315\360\0029\026\034"
  86      D7FA6B83 
  86      A1CDF002 
  86      39161C
  87 03a5 C1       		.ascii	"\301"
  88              		.text
  89              		.section	.gnu.lto_st_lld_init.cfe453e0,"",%progbits
  90 0000 789C9D94 		.ascii	"x\234\235\224KL\023A\030\307\347?\335\266\013\365}\322"
  90      4B4C1341 
  90      18C7E73F 
  90      DDB60BF5 
  90      7DD2
  91 0012 86C48307 		.ascii	"\206\304\203\007.\226\015j|\334\271\230\300\011\356"
  91      2E960D6A 
  91      7CDCB998 
  91      C009EE
  92 0021 46F10009 		.ascii	"F\361\000\011\011\306\022o\204\255\024C\2141(\306\370"
  92      09C6126F 
  92      84AD1443 
  92      8C3128C6 
  92      F8
  93 0032 AA880601 		.ascii	"\252\210\006\001\221\207\250\225\207\217\025\037T\020"
  93      9187A895 
  93      878F151F 
  93      5410
  94 0040 90608410 		.ascii	"\220`\204\020\204\030!\201D\310\002F\262\032\305\371"
  94      84182181 
  94      44C80246 
  94      B21AC5F9 
  95 0050 664B11B9 		.ascii	"fK\021\271@7\333\231\355\314\267\277\3377;\337\256\203"
  95      4037DB99 
  95      EDCCB7BF 
  95      DF373BDF 
  95      AE83
  96 0062 AD3EBCE2 		.ascii	"\255>\274\342\227\346d\354\220\350\341`\340e\275\214"
  96      97E664EC 
ARM GAS  C:\Users\NICOLA~1\AppData\Local\Temp\ccaggrhi.s 			page 7


  96      90E8E160 
  96      E065BD8C 
  97 0072 05540ED0 		.ascii	"\005T\016\320\005\003+\342(\302\024\237\345(3\352\256"
  97      05032BE2 
  97      28C2149F 
  97      E52833EA 
  97      AE
  98 0083 7892AB74 		.ascii	"x\222\253t]7\233\313w\224l\2678c\363\334\306\240\032"
  98      5D379BCB 
  98      77946CB7 
  98      3863F3DC 
  98      C6A01A
  99 0096 C94CC4CC 		.ascii	"\311L\304\314\006\177\017z\\A\021\263\305\236C\015\\"
  99      067F0F7A 
  99      5C4111B3 
  99      C59E430D 
  99      5C
 100 00a7 107DE336 		.ascii	"\020}\3436C_\\\274s\343\\\310\271\2253\213\013\227h"
 100      435F5CBC 
 100      73E35CC8 
 100      B995338B 
 100      0B9768
 101 00ba 9CD4B8A8 		.ascii	"\234\324\270\250al\\\204\223s\202s\352\035\303\350\010"
 101      616C5C84 
 101      93738273 
 101      EA1DC3E8 
 101      08
 102 00cb CF7EDC47 		.ascii	"\317~\334G\200\005N\376\256HUk\302$\2678\327o\225\352"
 102      80054EFE 
 102      AE48556B 
 102      C224B738 
 102      D76F95EA 
 103 00df 0AE9C6C6 		.ascii	"\012\351\306\306\373\372U9\304\350\357\351\273\225m"
 103      FBFA5539 
 103      C4E8EFE9 
 103      BB956D
 104 00ee 6A08D761 		.ascii	"j\010\327aq\007j\341\305=x\345\304\327\237\327&<\276"
 104      71076AE1 
 104      C53D78E5 
 104      C4D79FD7 
 104      263CBE
 105 0101 3A3D1850 		.ascii	":=\030P-\256\240\016!\314\311\314q\037>6\214\342\357"
 105      2DAEA00E 
 105      21CCC9CC 
 105      711F3E36 
 105      8CE2EF
 106 0114 2EDBE3B0 		.ascii	".\333\343\260U\235\241\311f\205\270\000C\275\200\210"
 106      559DA1C9 
 106      6685B800 
 106      43BD8088 
 107 0124 642E8242 		.ascii	"d.\202B\326aiX\2664\302'\330D\011_\370\244\330*\247"
 107      D6616958 
 107      B634C227 
 107      D844095F 
 107      F8A4D82A 
 108 0139 B863A166 		.ascii	"\270c\241fjH\346\357\324\2152}\323\212%9%\263\247\274"
 108      6A48E6EF 
ARM GAS  C:\Users\NICOLA~1\AppData\Local\Temp\ccaggrhi.s 			page 8


 108      D48D327D 
 108      D38A2539 
 108      25B3A7BC 
 109 014d 2F045BE6 		.ascii	"/\004[\346B\223\220=\210\312J#?\246\325eY\263\224\321"
 109      4293903D 
 109      88CA4A23 
 109      3FA6D565 
 109      59B394D1 
 110 0161 93C6C395 		.ascii	"\223\306\303\225K\"\325\2525\254\025\373h\031\373\230"
 110      4B22D5AA 
 110      35AC15FB 
 110      6819FB98 
 111 0171 D6E0228A 		.ascii	"\326\340\"\212i\016\006\335Q\320Lw\347\031'\245\353"
 111      690E06DD 
 111      51D04C77 
 111      E71927A5 
 111      EB
 112 0182 167BFEDF 		.ascii	"\026{\376\337\246\270%\361\352\331\310%\207P\005t\335"
 112      A6B825F1 
 112      EAD9C825 
 112      87500574 
 112      DD
 113 0193 D8697115 		.ascii	"\330iq\025a\241{\022\325\335\2361\222\310\006\222\265"
 113      61A17B12 
 113      D5DD9E31 
 113      92C80692 
 113      B5
 114 01a4 4899AC9A 		.ascii	"H\231\254\232V\370\250\232\252\277\264&\022I\2518\310"
 114      56F8A89A 
 114      AABFB426 
 114      1249A938 
 114      C8
 115 01b5 D066AFC1 		.ascii	"\320f\257\301l\032\211\331\327\316n\227l\007\261\237"
 115      6C1A89D9 
 115      D7CE6E97 
 115      6C07B19F 
 116 01c5 4AF69FE2 		.ascii	"J\366\237\342\2010${Q\034\233\031\236E\361f<\370\347"
 116      8130247B 
 116      511C9B19 
 116      9E45F166 
 116      3CF8E7
 117 01d8 12AF10FE 		.ascii	"\022\257\020\376\205\304\307\036\202\030\203\261\224"
 117      85C4C71E 
 117      821883B1 
 117      94
 118 01e5 F9E775A3 		.ascii	"\371\347u\243\023\360R\242E5\320\314\207\366\332yh\365"
 118      13F052A2 
 118      4535D0CC 
 118      87F6DA79 
 118      68F5
 119 01f7 627B8CDD 		.ascii	"b{\214\335\344\355\200\017\273\274\262\306^A\213\211"
 119      E4ED800F 
 119      BBBCB2C6 
 119      5E418B89 
 120 0207 CCF58B14 		.ascii	"\314\365\213\024\274\226\"\027\261\336\010l,\351\321"
 120      BC962217 
 120      B1DE086C 
ARM GAS  C:\Users\NICOLA~1\AppData\Local\Temp\ccaggrhi.s 			page 9


 120      2CE9D1
 121 0216 38586F25 		.ascii	"8Xo%\313M\254\316\177Xf<\254\210d\251\304z'X\365Ky\215"
 121      CB4DACCE 
 121      7F58663C 
 121      AC8864A9 
 121      C47A2758 
 122 022e C5C1EA92 		.ascii	"\305\301\352\222\254\004buGY#(1\312\007\344\213A\341"
 122      AC046275 
 122      47592328 
 122      31CA07E4 
 122      8B41E1
 123 0241 3707CE37 		.ascii	"7\007\3167\360\302_z\251.^\200\304y\252}\274G!M\265"
 123      F0C25F7A 
 123      A92E5E80 
 123      C479AA7D 
 123      BC47214D 
 124 0256 CC4D57C8 		.ascii	"\314MW\310r\364$1\364\300+\206\206*\277]\336(\207T\206"
 124      72F42431 
 124      F4C02B86 
 124      862ABF5D 
 124      DE288754 
 125 026b 5E782DBE 		.ascii	"^x-\276\201\215\"`\364gJ\036\243\317\032\350s&\252\372"
 125      818D2260 
 125      F4674A1E 
 125      A3CF1AE8 
 125      7326AAFA 
 126 027f 404A8A26 		.ascii	"@J\212&\316\354\234\334c\271\371\376\324\375\251Z\276"
 126      CEEC9CDC 
 126      63B9F9FE 
 126      D4FDA95A 
 126      BE
 127 0290 5FCB399A 		.ascii	"_\3139\232\247\235\310?Y\340\3272\2632\366\356\321\322"
 127      A79DC83F 
 127      59E0D732 
 127      B332F6EE 
 127      D1D2
 128 02a2 D3D3B4AC 		.ascii	"\323\323\264\254\303\031\247R5\177\301\221\274\274\343"
 128      C319A752 
 128      357FC191 
 128      BCBCE3
 129 02b1 29D9EC2F 		.ascii	")\331\354/\273\213\3432"
 129      BB8BE332 
 130              		.text
 131              		.section	.gnu.lto_.symbol_nodes.cfe453e0,"",%progbits
 132 0000 789C4DC8 		.ascii	"x\234M\310\253\021\2000\024D\321\233}\021tA\023tE\021"
 132      AB118030 
 132      1444D19B 
 132      7D117441 
 132      13744511 
 133 0014 0F05367C 		.ascii	"\017\0056|4C\023t\200\246\212H\212 3 \262\253\3165\240"
 133      34431374 
 133      80A68A48 
 133      8A203320 
 133      B2ABCE35 
 134 0029 E79F921C 		.ascii	"\347\237\222\034\322\015\356\354G\203fy\250CX\344\372"
 134      D20DEEEC 
 134      47836679 
ARM GAS  C:\Users\NICOLA~1\AppData\Local\Temp\ccaggrhi.s 			page 10


 134      A84358E4 
 134      FA
 135 003a 02C350BC 		.ascii	"\002\303P\274\312\255\366&\217\225\255<\237\235!\256"
 135      CAADF626 
 135      8F95AD3C 
 135      9F9D21AE 
 136 004a F1692D44 		.ascii	"\361i-D\362\364\264\274\0134\034}"
 136      F2F4B4BC 
 136      0B341C7D 
 137              		.text
 138              		.section	.gnu.lto_.refs.cfe453e0,"",%progbits
 139 0000 789C6366 		.ascii	"x\234cf```d\200\002\000\000=\000\005"
 139      60606064 
 139      80020000 
 139      3D0005
 140              		.text
 141              		.section	.gnu.lto_.decls.cfe453e0,"",%progbits
 142 0000 789CB558 		.ascii	"x\234\265XyPTG\032\237~=\0140\\.fM\326\332\252E\267"
 142      79505447 
 142      1A9F7E3D 
 142      0C305C2E 
 142      664DD6DA 
 143 0017 D61C9588 		.ascii	"\326\034\225\210@v\263\311?\211\014\250T$\261\006\222"
 143      4076B3C9 
 143      3F890CA8 
 143      5424B106 
 143      92
 144 0028 CD26544D 		.ascii	"\315&TM\020\306\310.0\0113d\365\277\307\021\305\003"
 144      10C6C82E 
 144      30093364 
 144      F5BFC711 
 144      C503
 145 003a 41BC4045 		.ascii	"A\274@E\021FD\020\001OP\344\360\340R\016\001E<\"\032"
 145      11464410 
 145      014F50E4 
 145      F0E0520E 
 145      01453C22 
 146 004f 23286A40 		.ascii	"#(j@1HTf\277\356~o\336\3439\272\273U\331W~\363\336\327"
 146      31485466 
 146      BFEE7E6F 
 146      DEE339BA 
 146      BB55D957 
 147 0067 FDEB5F7F 		.ascii	"\375\353_\177G\037\037b\225J5\017\251T6x^\237\242R\375"
 147      471F1F62 
 147      954A350F 
 147      A9543678 
 147      5E9FA252 
 148 007c 43AD5261 		.ascii	"C\255Rah[\000\002\315\252r\025{\234@\016\200\034\002"
 148      685B0002 
 148      CDAA7215 
 148      7B9C400E 
 148      801C02
 149 008f A9043902 		.ascii	"\251\0049\002R\253z\366!\030wa\3744\020\014$\010\344"
 149      52AB7AF6 
 149      21187761 
 149      FC34100C 
 149      2408E4
ARM GAS  C:\Users\NICOLA~1\AppData\Local\Temp\ccaggrhi.s 			page 11


 150 00a2 047C7B0A 		.ascii	"\004|{\012}\204\323\015\332&\201\374\006d\2370\327="
 150      7D84D30D 
 150      DA2681FC 
 150      06649F30 
 150      D73D
 151 00b4 100F8163 		.ascii	"\020\017\201c24\374\026\344e\220\337\201\374\001d\032"
 151      3234FC16 
 151      E46590DF 
 151      81FC0164 
 151      1A
 152 00c5 62F3FE11 		.ascii	"b\363\376\021\336\177\002y\025\344u\304\354Q>\207\004"
 152      DE7F0279 
 152      15E475C4 
 152      EC513E87 
 152      04
 153 00d6 2ED18E0F 		.ascii	".\321\216\017\001\027\"\330\361\031\274\377\206$\333"
 153      011722D8 
 153      F119BCFF 
 153      8624DB
 154 00e5 2E41DBDF 		.ascii	".A\333\337\021\263\353\030\210\026$\030\3640\220q\370"
 154      11B3EB18 
 154      88162418 
 154      F4309071 
 154      F8
 155 00f6 FE096418 		.ascii	"\376\011d\030\344\011\310C\220\007 \217AF@8a.G\261\030"
 155      E409C843 
 155      9007208F 
 155      41464038 
 155      612E47B1 
 156 010b E650D5DE 		.ascii	"\346P\325\336\221V\267\001\016yj}\210z$\253)[\003\252"
 156      9156B701 
 156      0E796A7D 
 156      887A24AB 
 156      295B03AA 
 157 011f BB564DD4 		.ascii	"\273VM\324\332\232G\015Z\314!\362]\220}\255[\373f1\317"
 157      DA9A470D 
 157      5ACC21F2 
 157      5D907DAD 
 157      5BFB6631 
 158 0134 F3697CDD 		.ascii	"\363i|\335\005$Q\254N\353k\326bo\012J*<\272\332\031"
 158      052451AC 
 158      4EEB6BD6 
 158      626F0A4A 
 158      2A3CBADA 
 159 0149 C64FD3D2 		.ascii	"\306O\323\322\256\253[\306\254\256T%\351\363\202&\256"
 159      AEAB5BC6 
 159      ACAE5425 
 159      E9F38226 
 159      AE
 160 015a E9265FE0 		.ascii	"\351&_\340\211fh\255@4t,\253\341\367<\257FeH\213J\020"
 160      896668AD 
 160      4034742C 
 160      ABE1F73C 
 160      AF466548 
 161 0171 46C5E84D 		.ascii	"F\305\350M\022j2\232<i<\237\314g\246\360\256M\236*\264"
 161      126A329A 
 161      3C693C9F 
ARM GAS  C:\Users\NICOLA~1\AppData\Local\Temp\ccaggrhi.s 			page 12


 161      CC67A6F0 
 161      AE4D9E2A 
 162 0186 0B4D4545 		.ascii	"\013MEEh\252\012\355E3\000A\261h\0174\226B#\020\237"
 162      68AA0AED 
 162      45330041 
 162      B1680F34 
 162      96422310 
 163 019b 7A5293EA 		.ascii	"zR\223\352\204\2643\034\017\252p0\210\232\260\372\273"
 163      84B4331C 
 163      0FAA7030 
 163      889AB0FA 
 163      BB
 164 01ac AC29C484 		.ascii	"\254)\304\204r0a\267d\002X\304l \035\340\311\321\307"
 164      723061B7 
 164      640258C4 
 164      6C201DE0 
 164      C9D1C7
 165 01bf D7BBD52F 		.ascii	"\327\273\325/o\200\021\204{\222\032-\230b'W\241}\350"
 165      6F801184 
 165      7B921A2D 
 165      98622757 
 165      A17DE8
 166 01d2 65F8FD42 		.ascii	"e\370\375B\315\0022R\327q\036\343>D#\222\274\277~\271"
 166      CD023252 
 166      D7711EE3 
 166      3E442392 
 166      BCBF7EB9 
 167 01e6 9BCF363E 		.ascii	"\233\3176>\257|\250\267\177\3245\207\317K\346\307m6"
 167      AF7CA8B7 
 167      7FD43587 
 167      CF4BE6C7 
 167      6D36
 168 01f8 4407A1FD 		.ascii	"D\007\241\375\366\031U\344\233\315x\000\371\300\300"
 168      F61955E4 
 168      9BCD7800 
 168      F9C0C0
 169 0207 AECD5907 		.ascii	"\256\315Y\007\020\336\301\202\1774s\3355w\312\322\267"
 169      10DEC182 
 169      7F3473DD 
 169      3577CAD2 
 169      B7
 170 0218 A5D95897 		.ascii	"\245\331X\227\312?\261\3310\2438(\2438(R\034\242\024"
 170      CA3FB1D9 
 170      30A33828 
 170      A3382852 
 170      1CA214
 171 022b BB068F14 		.ascii	"\273\006\217\024\273\342RFq\362\\\221/0\364\361Ci\203"
 171      BBE25246 
 171      71F25C91 
 171      2F30F4F1 
 171      436983
 172 023e A3816B53 		.ascii	"\243\201kS2\255|\237\315\366\007FrXFrX$\251\244$+l\367"
 172      32AD7C9F 
 172      CDF60746 
 172      72584672 
 172      5824A9A4 
 173 0256 2AB5F83E 		.ascii	"*\265\370>#\261\326\367\334v\242,\345\351\351{\271\034"
ARM GAS  C:\Users\NICOLA~1\AppData\Local\Temp\ccaggrhi.s 			page 13


 173      23B1D6F7 
 173      DC76A22C 
 173      E5E9E97B 
 173      B91C
 174 0268 7E87DC9B 		.ascii	"~\207\334\233*\031K\225\310r\204\262\244\225\226W\273"
 174      2A194B95 
 174      C87284B2 
 174      A4959657 
 174      BB
 175 0279 AA39164F 		.ascii	"\2529\026O\022)h\333\334\261g\213\273\275\355(\242\215"
 175      122968DB 
 175      DCB1678B 
 175      BBBDED28 
 175      A28D
 176 028b A5190F4F 		.ascii	"\245\031\017O\272?7\320\307h\240\253\221\020\351}\335"
 176      BA3F37D0 
 176      C768A0AB 
 176      9110E97D 
 176      DD
 177 029c 25DBB4B8 		.ascii	"%\333\264\270\024S\333\272k\223\2124\314\266\361\326"
 177      1453DBBA 
 177      6B938A34 
 177      CCB6F1D6 
 178 02ac AF64A6C1 		.ascii	"\257d\246\301 T#3\255F4\255\226\232\326p\253f\215;\335"
 178      20542333 
 178      AD4634AD 
 178      969AD670 
 178      AB668D3B 
 179 02c1 02BC86F0 		.ascii	"\002\274\206\360\224\327\226\254p\245{\340K\242\036"
 179      94D796AC 
 179      70A57BE0 
 179      4BA21E
 180 02d0 AF5A9EAB 		.ascii	"\257Z\236\253\306\367\331\034w\217[\227ha\205\245\374"
 180      C6F7D91C 
 180      778F5B97 
 180      686185A5 
 180      FC
 181 02e1 772B0C46 		.ascii	"w+\014F\244\346\330\036b<\316\206o\036+\333\355\206"
 181      A4E6D81E 
 181      623CCE86 
 181      6F1E2BDB 
 181      ED86
 182 02f3 93D54CC9 		.ascii	"\223\325L\311i\274\244\306\313\230b\335\260q\217\023"
 182      69BCA4C6 
 182      CB9862DD 
 182      B0718F13 
 183 0303 9DD485EE 		.ascii	"\235\324\205\356\251\366\356\014W\274\212\365\025\256"
 183      A9F6EE0C 
 183      57BC8AF5 
 183      15AE
 184 0311 1F5DE185 		.ascii	"\037]\341\2053\231r\372\372\243\007\356\0248\211\250"
 184      339972FA 
 184      FAA307EE 
 184      143889A8 
 185 0321 638FBB7B 		.ascii	"c\217\273{9\274\216\365\265\234\277\226\357\20471%g"
 185      39BC8EF5 
 185      B59CBF96 
ARM GAS  C:\Users\NICOLA~1\AppData\Local\Temp\ccaggrhi.s 			page 14


 185      EF843731 
 185      2567
 186 0333 F44C8317 		.ascii	"\364L\203\027\005\276B\324\321-))^8\227\365\345\355"
 186      05BE42D4 
 186      D12D2929 
 186      5E3897F5 
 186      E5ED
 187 0345 7A6AF3C4 		.ascii	"zj\363\304\005L\021\217\000wv\004l\255\277}\326\003"
 187      054C118F 
 187      00777604 
 187      6CADBF7D 
 187      D603
 188 0357 17B1BE07 		.ascii	"\027\261\276\007\327\223\307\021\336\303\224\242\353"
 188      D793C711 
 188      DEC394A2 
 188      EB
 189 0364 6D591E14 		.ascii	"mY\036\024\370\032Q\267\257\037\323\341r\326udx\325"
 189      F81A51B7 
 189      AF1FD3E1 
 189      72D67564 
 189      78D5
 190 0376 880B3EC0 		.ascii	"\210\013>\300\224\253\243W\217;S\334,\242n\250\336\232"
 190      94ABA357 
 190      8F3B53DC 
 190      2CA26EA8 
 190      DE9A
 191 0388 E5CAE24B 		.ascii	"\345\312\342K\273\327\354\265>`\206a\312\272\343\362"
 191      BBD7ECB5 
 191      3E608661 
 191      CABAE3F2 
 192 0398 194C62CA 		.ascii	"\031Lb\312\0131\205\016Y\306{\311FD\257ME\027X<s\007"
 192      0B31850E 
 192      59C67BC9 
 192      4644AF4D 
 192      4517583C 
 193 03ae 3B8ABDBC 		.ascii	";\212\275\2743)\234\347},t\355\364\000\274\205\302/"
 193      33299CE7 
 193      7D2C74ED 
 193      F400BC85 
 193      C22F
 194 03c0 226F7110 		.ascii	"\"oq\020Ao:W4\344,G\237x\021z\345\306\365\015\010W2"
 194      416F3A57 
 194      34E42C47 
 194      9F78117A 
 194      E5C6F50D 
 195 03d7 2FCE25DD 		.ascii	"/\316%\335<\317\341j\246\354+\330y\210\255\211\017\250"
 195      3CCFE16A 
 195      A6EC2BD8 
 195      7988AD89 
 195      0FA8
 196 03e9 0B3D67CF 		.ascii	"\013=g\3179\343z!~\025\231c\236\264o\036Q\233\017\246"
 196      39E37A21 
 196      7E159963 
 196      9EB46F1E 
 196      519B0FA6 
 197 03fd D769F129 		.ascii	"\327i\361)\326\367\264\344\306#\016\2670\245\277\346"
 197      D6F7B4E4 
ARM GAS  C:\Users\NICOLA~1\AppData\Local\Temp\ccaggrhi.s 			page 15


 197      C6230EB7 
 197      30A5BFE6 
 198 040d 0ECF51E0 		.ascii	"\016\317Q\340\002\242~\1777\375\252\013n\2358\201'\233"
 198      02A27E7F 
 198      37FDAA0B 
 198      6E9D3881 
 198      279B
 199 041f 60E5AA0A 		.ascii	"`\345\252\012\233\363\363\203rS\014\312\3534&I\271;"
 199      9BF3F383 
 199      72530CCA 
 199      EB342649 
 199      B93B
 200 0431 FBB0E065 		.ascii	"\373\260\340e\236\030\223\037\001\335H\321\375\324\313"
 200      9E18931F 
 200      01DD48D1 
 200      FDD4CB
 201 0440 9BA297C3 		.ascii	"\233\242\227\303\027R\333\335\344\350\023/B\267\376"
 201      1752DBDD 
 201      E4E8132F 
 201      42B7FE
 202 044f 5C94ABC1 		.ascii	"\\\224\253\301]\314\312\264\352\365\205,\014\237\201"
 202      5DCCCAB4 
 202      EAF5852C 
 202      0C9F81
 203 045e 3AE552FB 		.ascii	":\345R\373\3622\0174\235=\223\247\313\236\031\323\363"
 203      F2320F34 
 203      9D3D93A7 
 203      CB9E19D3 
 203      F3
 204 046f F8D494A1 		.ascii	"\370\324\224\241\312\375{\336\251\332\307\327\245b:"
 204      CAFD7BDE 
 204      A9DAC7D7 
 204      A5623A
 205 047e C975D884 		.ascii	"\311u\330\204\367\321di\317\374@g|\003~T\004\237w\273"
 205      F7D16469 
 205      CFFC4067 
 205      7C037E54 
 205      049F77BB 
 206 0492 54D3348B 		.ascii	"T\3234\213B\257)\241}\024\272\013\331\261\027\355\330"
 206      42AF29A1 
 206      7D14BA0B 
 206      D9B117ED 
 206      D8
 207 04a3 7625B643 		.ascii	"v%\266CA\333f\2076+\241-\012\350\025;\264[\011\355R"
 207      41DB6687 
 207      362BA12D 
 207      0AE8153B 
 207      B45B09ED 
 208 04b8 5AD06BC7 		.ascii	"Z\320k\307\266)\261\255J\354\005;\366\214c,5a\255\260"
 208      B629B1AD 
 208      4AEC053B 
 208      F68C632C 
 208      3561ADB0 
 209 04cc 503FB0A8 		.ascii	"P?\260\250P\035\364\327\323.\202\206c\005\331\340\204"
 209      501DF4D7 
 209      D32E8286 
 209      6305D9E0 
ARM GAS  C:\Users\NICOLA~1\AppData\Local\Temp\ccaggrhi.s 			page 16


 209      84
 210 04dd 1941D3D1 		.ascii	"\031A\323\321\003\220_@\036\202\334\003y\0142\0142\004"
 210      03905F40 
 210      1E82DC03 
 210      790C320C 
 210      3204
 211 04ef 72176414 		.ascii	"r\027d\024d\034\344'\220G O@\236\202\374\014r\007d\020"
 211      641CE427 
 211      9047204F 
 211      409E82FC 
 211      0C720764 
 212 0504 84E7A6A3 		.ascii	"\204\347\246\24314\235\236\203\324\300\323v\003O)\015"
 212      31349D9E 
 212      83D4C0D3 
 212      76034F29 
 212      0D
 213 0515 7C4DE14B 		.ascii	"|M\341K\213\035z\322!T\212f\253\035\331\244D6*#t\313"
 213      8B1D7AD2 
 213      21548A66 
 213      AB1DD9A4 
 213      44362A23 
 214 052b 8EBDEA38 		.ascii	"\216\275\3528\367\022\355%;\364\254\343\324\313h\277"
 214      F712ED25 
 214      3BF4ACE3 
 214      D4CB68BF 
 215 053b B763CF29 		.ascii	"\267c\317)\261\347'\320&\345\335}\013\220\003\310\033"
 215      B1E727D0 
 215      26E5DD7D 
 215      0B9003C8 
 215      1B
 216 054c DD1290E2 		.ascii	"\335\022\220\342\246@\267\025\006\234\261\22368\366"
 216      A640B715 
 216      069CB193 
 216      3638F6
 217 055b 4B82B6DB 		.ascii	"K\202\266\333\241\247\035\257=\273\255IyW\211\001\227"
 217      A1A71DAF 
 217      3DBBAD49 
 217      79578901 
 217      97
 218 056c C080CB02 		.ascii	"\300\200\313\002T<\251\004Sen\015\330i\257(i\277Wb/"
 218      543CA904 
 218      53656E0D 
 218      D869AF28 
 218      69BF5762 
 219 0581 DBB19D8E 		.ascii	"\333\261\235\216\3274\265\226TC}\315\245\032\036\021"
 219      D734B596 
 219      54437DCD 
 219      A51A1E11 
 220 0591 884ABC2D 		.ascii	"\210J\274-U\366%\322w\247\264\315\235\027\230n8\336"
 220      55F625D2 
 220      77A7B4CD 
 220      9D17986E 
 220      38DE
 221 05a3 CA6C56A8 		.ascii	"\312lV\250\306\032\207\252\340\316\233<\303\321\212"
 221      C61A87AA 
 221      E0CE9B3C 
 221      C3D18A
ARM GAS  C:\Users\NICOLA~1\AppData\Local\Temp\ccaggrhi.s 			page 17


 222 05b2 46C9DC8C 		.ascii	"F\311\334\214\377\373\242\246\356\334\213sAI\334dt\\"
 222      FFFBA2A6 
 222      EEDC8B73 
 222      4149DC64 
 222      745C
 223 05c4 2AEC886F 		.ascii	"*\354\210ob\345zl{\303\260\263\373J\251`\244`\351\230"
 223      62E57A6C 
 223      7BC3B0B3 
 223      FB4AA960 
 223      A460E998 
 224 05d8 4DE1DC69 		.ascii	"M\341\334i\235\000o@7\225\344~\211\3279\221\203P\375"
 224      9D006F40 
 224      3795E47E 
 224      89D73991 
 224      8350FD
 225 05eb C3D6F243 		.ascii	"\303\326\362C^h\306\324\251\264\216M\343?@i\234\026"
 225      5E68C6D4 
 225      A9B48E4D 
 225      E33F4069 
 225      9C16
 226 05fd A5725856 		.ascii	"\245rXV]gC\373\243\367I\007|\272\3207\255M\207\262x"
 226      5D6743FB 
 226      A3F74907 
 226      7CBAD037 
 226      AD4D87B2 
 227 0612 FC8A0ABD 		.ascii	"\374\212\012\275IOo\364\035\304\202t\251\320rn*Z\306"
 227      494F6FF4 
 227      1DC48274 
 227      A9D0726E 
 227      2A5AC6
 228 0625 4D955FF2 		.ascii	"M\225_\362\236\354\222\337\334\363\343\010\246\307."
 228      9EEC92DF 
 228      DCF3E308 
 228      A6C72E
 229 0634 47D46D03 		.ascii	"G\324m\003\0337\273J\0078\242s\257\200\321+9b\365*N"
 229      1B37BB4A 
 229      0738A273 
 229      AF80D12B 
 229      3962F52A 
 230 0649 3AC08942 		.ascii	":\300\211B.\210\272\322.g\312\367WZ\013\024\364\015"
 230      2E88BAD2 
 230      2E67CAF7 
 230      575A0B14 
 230      F40D
 231 065b 22CAE74C 		.ascii	"\"\312\347L\324\254\357*+\331\005F\353\037\253uh\243"
 231      D4ACEF2A 
 231      2BD90546 
 231      EB1FAB75 
 231      68A3
 232 066d C7F3EF9E 		.ascii	"\307\363\357\236\014N\270{\3260[\357\246\014\226j\244"
 232      0C4EB87B 
 232      D6305BEF 
 232      A60C966A 
 232      A4
 233 067e 2B9659B3 		.ascii	"+\226Y\263\032\254I\247\326dRk\350 \252\220\213/\273"
 233      1AAC49A7 
 233      D664526B 
ARM GAS  C:\Users\NICOLA~1\AppData\Local\Temp\ccaggrhi.s 			page 18


 233      E820AA90 
 233      8B2FBB
 234 0691 6EA57A42 		.ascii	"n\245zB\330I\361(\315\260V\010\373Z\032\366\232mM\343"
 234      D849F128 
 234      CDB05608 
 234      FB5A1AF6 
 234      9A6D4DE3 
 235 06a5 5A9C4DE3 		.ascii	"Z\234M\343\216*\007\007\222]\241\306\253+\037\272t\320"
 235      8E2A0707 
 235      925DA1C6 
 235      AB2B1FBA 
 235      74D0
 236 06b7 1A54BF73 		.ascii	"\032T\277s\031\337\304\327A\225\267\275n\022e\311\342"
 236      19DFC4D7 
 236      4195B7BD 
 236      6E1265C9 
 236      E2
 237 06c8 A43A2F4B 		.ascii	"\244:/KH\007Z\307\221:o\347@\311O\030w1\242\373]\027"
 237      48075AC7 
 237      913A6FE7 
 237      40C94F18 
 237      7731A2FB 
 238 06de 1EB950A2 		.ascii	"\036\271P\242\362\364\326|l/\313\003)\313z\031\313z"
 238      F2F4D67C 
 238      6C2FCB03 
 238      29CB7A19 
 238      CB7A
 239 06f0 91650365 		.ascii	"\221e\003e\271\326}\256C\213o0\026kq\361\025-c\201\242"
 239      B9D67DAE 
 239      438B6F30 
 239      166B71F1 
 239      152D6381 
 240 0705 5AC9B251 		.ascii	"Z\311\262Q\306\262Qd\331DYnt\017\363Z<\312X\012\357"
 240      C6B25164 
 240      D944596E 
 240      740FF35A 
 240      3CCA580A 
 241 071a 560F30A7 		.ascii	"V\0170\247\362\262\3134\324\237Z~\032\245\310\226Qd"
 241      F2B2CB34 
 241      D49F5A7E 
 241      1AA5C896 
 241      5164
 242 072c 8B1439DC 		.ascii	"\213\0249\334\363*\352K\373\307\357y=\267x\336\302\221"
 242      F32AEA4B 
 242      FBC7EF79 
 242      3DB778DE 
 242      C291
 243 073e E2793327 		.ascii	"\342y3'\024\317\343}\031\274+N\322P\033v\334\352\315"
 243      14CFE37D 
 243      19BC2B4E 
 243      D2501B76 
 243      DCEACD
 244 0751 D0E20CA6 		.ascii	"\320\342\014\246\334m\034\337\357\004\324(\227N\011"
 244      DC6D1CDF 
 244      EF04D428 
 244      974E09
 245 0760 2D29EBEA 		.ascii	"-)\353\352F\020\213\373\261\252\2429k\313\244\270C]"
ARM GAS  C:\Users\NICOLA~1\AppData\Local\Temp\ccaggrhi.s 			page 19


 245      46108BFB 
 245      B1AAA239 
 245      6BCBA4B8 
 245      435D
 246 0772 0AC468AB 		.ascii	"\012\304h\253h)\332\006\023\020\225\031\273\235\032"
 246      6829DA06 
 246      13109519 
 246      BB9D1A
 247 0781 6BCBBF39 		.ascii	"k\313\2779\202p'\243\257-iJ\327\210I\254\236\377l\022"
 247      827027A3 
 247      AF2D694A 
 247      D78849AC 
 247      9EFF6C12 
 248 0795 F3645EE7 		.ascii	"\363d^\347\211D;(\321/\215\365\2538|\223\021\015\347"
 248      89443B28 
 248      D12F8DF5 
 248      AB387C93 
 248      110DE7
 249 07a8 6F2953B3 		.ascii	"o)S\263\300m\255\210f\177\025\245\244q\354\217\221|"
 249      C06DAD88 
 249      667F15A5 
 249      A471EC8F 
 249      917C
 250 07ba 1949BE48 		.ascii	"\031I\276HR@I\216\027\364lr\306\217\005\222\037\313"
 250      5240498E 
 250      17F46C72 
 250      C68F0592 
 250      1FCB
 251 07cc 3A3CC495 		.ascii	":<\304\225"
 252 07d0 50A2CCA1 		.ascii	"P\242\314\241U\306b\025YvR\226M\355\315\336x\2153+\250"
 252      55C66215 
 252      59765296 
 252      4DEDCDDE 
 252      788D332B 
 253 07e5 2F777E28 		.ascii	"/w~(\254\203\323\343J\216B\031G\241\310\261\213rl\353"
 253      AC83D3E3 
 253      4A8E4219 
 253      47A1C8B1 
 253      8B726CEB 
 254 07f9 B8724B8D 		.ascii	"\270rK\215\013\030\311xJ\307U'\346N\223b\035\024\311"
 254      0B18C978 
 254      4AC75527 
 254      E64E9362 
 254      1D14C9
 255 080c 288A448A 		.ascii	"(\212D\212\335\224\342L\216\325\312\316\212<ZO\333\016"
 255      DD94E24C 
 255      8ED5CACE 
 255      8A3C5A4F 
 255      DB0E
 256 081e F55C639B 		.ascii	"\365\\c\233\373mzv\264\365\254p\302el\206\344\216;?"
 256      FB6D7A76 
 256      B4F5AC70 
 256      C2656C86 
 256      E48E3B3F 
 257 0832 78E1A34C 		.ascii	"x\341\243L\3413\372S1\256a\312\212\254\224~\027|\202"
 257      E133FA53 
 257      31AE61CA 
ARM GAS  C:\Users\NICOLA~1\AppData\Local\Temp\ccaggrhi.s 			page 20


 257      8AAC947E 
 257      177C82
 258 0845 295D4599 		.ascii	")]E\231i.\270\221)cm\375\0071\356`\312\301\214\376\355"
 258      692EB891 
 258      29636DFD 
 258      0731EE60 
 258      CAC18CFE 
 259 085a 6ADCCB94 		.ascii	"j\334\313\224S=\313nip\037Szw-_\347\202\007\230\262"
 259      533DCB6E 
 259      69701F53 
 259      7A772D5F 
 259      E7820798 
 260 086f 76E7FA65 		.ascii	"v\347\372e\034\036bJmC[\276+~\310\224\207\0173\2229"
 260      1C1E624A 
 260      6D435BBE 
 260      2B7EC894 
 260      870F3392 
 261 0884 3CC69466 		.ascii	"<\306\224f\353\2261O\234\344B\225\237\373\333\353\020"
 261      EB96314F 
 261      9CE44295 
 261      9FFBDBEB 
 261      10
 262 0895 5E4E15AF 		.ascii	"^N\025\257\261\301\033\235\256be\311JK\241\244\314="
 262      B1C11B9D 
 262      AE6265C9 
 262      4A4BA1A4 
 262      CC3D
 263 08a7 3BF2FE6E 		.ascii	";\362\376n\251\244,\205\300\034\347\236_\201\214\227"
 263      A9A42C85 
 263      C01CE79E 
 263      5F818C97 
 264 08b7 8977DF5E 		.ascii	"\211w\337^\207H\3315\231M\226\020c\255Tb\237\251\375"
 264      8748D935 
 264      994D9610 
 264      63AD5462 
 264      9FA9FD
 265 08ca 564AE07D 		.ascii	"VJ\340}Jp\213\022\274F\002\037R\202\237)X\322$p\271"
 265      4A708B12 
 265      BC46021F 
 265      52829F29 
 265      58D22470 
 266 08df 12FC4CD1 		.ascii	"\022\374L\321\264B\002W86C\012E\272\204=\350\330\212"
 266      B4420257 
 266      3836430A 
 266      45BA843D 
 266      E8D88A
 267 08f2 676AD062 		.ascii	"gj\320b8\306K\3501N\320\344\272n\204\353\352\010\\\263"
 267      38C64BE8 
 267      314ED0E4 
 267      BA6E84EB 
 267      EA085CB3 
 268 0906 47414E80 		.ascii	"GAN\200\324\202\324\201\034\003i\0029\005R\017R\003"
 268      D482D481 
 268      1C036902 
 268      3905520F 
 268      5203
 269 0918 7212A41A 		.ascii	"r\022\244\032\244\201\223\325\2316{B\312\034{'\031\234"
ARM GAS  C:\Users\NICOLA~1\AppData\Local\Temp\ccaggrhi.s 			page 21


 269      A48193D5 
 269      99367B42 
 269      CA1C7B27 
 269      199C
 270 092a 21197CD8 		.ascii	"!\031|\330qB$\354j\011{@\211}\246\030\317\221\300UJ"
 270      714224EC 
 270      6A097B40 
 270      897DA618 
 270      CF91C055 
 271 093f B0AC28A4 		.ascii	"\260\254(\244%\304\3432R\021\001\304QE\264\252\302\212"
 271      25C4E332 
 271      521101C4 
 271      5145B4AA 
 271      C28A
 272 0951 60B31F47 		.ascii	"`\263\037G\224k\277\343\211\337\020J\242\374\213'\016"
 272      946BBFE3 
 272      89DF104A 
 272      A2FC8B27 
 272      0E
 273 0962 2B4B2231 		.ascii	"+K\"1\300\250\005\342\372k\304\230\332\274\271\302\035"
 273      C0A805E2 
 273      FA6BC498 
 273      DABCB9C2 
 273      1D
 274 0973 6C6E06BA 		.ascii	"ln\006\272=\366s\203\272 \026>\266\035\235\237N\270"
 274      3DF67383 
 274      BA20163E 
 274      B61D9D9F 
 274      4EB8
 275 0985 809B27D4 		.ascii	"\200\233'\324=\247\205\013\3704\275\2007\025\377r\313"
 275      3DA7850B 
 275      F834BD80 
 275      3715FF72 
 275      CB
 276 0996 0937B25D 		.ascii	"\0117\262]\332Xz\352\242\007>\317\224\301u\203O=\361"
 276      DA587AEA 
 276      A2073ECF 
 276      94C17583 
 276      4F3DF1
 277 09a9 15A65417 		.ascii	"\025\246T\027.\257q\3037\250\2429\275\372d\2133\";\227"
 277      2EAF71C3 
 277      37A8A239 
 277      BDFA648B 
 277      33223B97 
 278 09bd 6DDBBEA3 		.ascii	"m\333\276\243%-\366\332\261\035\214\352|\341\262\256"
 278      252DF6DA 
 278      B11D8CEA 
 278      7CE1B2AE 
 279 09cd 2A111749 		.ascii	"*\021\027I\251\022+\333\265\362@J\177\323w\012Q\354"
 279      A9122BDB 
 279      B5F2404A 
 279      7FD3770A 
 279      51EC
 280 09df 86289E83 		.ascii	"\206(\236\203\310\234\005\351\002\351\220\257\302#\366"
 280      C89C05E9 
 280      02E990AF 
 280      C223F6
ARM GAS  C:\Users\NICOLA~1\AppData\Local\Temp\ccaggrhi.s 			page 22


 281 09ee 09DA1C1B 		.ascii	"\011\332\034\033#-\200\275%d\001t:^\000\2252\267Z\035"
 281      232D80BD 
 281      25640174 
 281      3A5E0095 
 281      32B75A1D 
 282 0a02 9A2A66FF 		.ascii	"\232*f\377\374\331\321\225P1N\246\234\325\037\272\240"
 282      FCD9D195 
 282      50314EA6 
 282      9CD51FBA 
 282      A0
 283 0a13 1E809E91 		.ascii	"\036\200\236\221\322\323)\246\307\221W\350<8\363\237"
 283      D2D329A6 
 283      C79157E8 
 283      3C38F39F 
 284 0a23 1C23FFDD 		.ascii	"\034#\377\335\220\266{\356\204\274\366L\310\353\005"
 284      90B67BEE 
 284      84BCF64C 
 284      C8EB05
 285 0a32 21AF1768 		.ascii	"!\257\027h^Wo\355\311u\237\200>6\241\014\353\025\320"
 285      5E576FED 
 285      C9759F80 
 285      3E36A10C 
 285      EB15D0
 286 0a45 E4ED9218 		.ascii	"\344\355\222\030\023o\011\3607X4s?\372\304G\247\322"
 286      136F09F0 
 286      37583473 
 286      3FFAC447 
 286      A7D2
 287 0a57 1A0C62CB 		.ascii	"\032\014b\313\242\250\367\"\242\026\307,\2141[\022\243"
 287      A2A8F722 
 287      A216C72C 
 287      8C315B12 
 287      A3
 288 0a68 634C1116 		.ascii	"cL\021\026\223)\326\034\361U|\242\017\375\362\211L\210"
 288      9329D61C 
 288      F1557CA2 
 288      0FFDF289 
 288      4C88
 289 0a7a F331C62D 		.ascii	"\3631\306-4FG\033\243#\336\236\371\256\217\377,\277"
 289      3446471B 
 289      A323DE9E 
 289      F9AE8FFF 
 289      2CBF
 290 0a8c 3F7F1310 		.ascii	"?\177\023\020\001\355o\305\233\342\215o\031#\027\306"
 290      01ED6FC5 
 290      9BE28D6F 
 290      192317C6 
 291 0a9c 44C4C447 		.ascii	"D\304\304G\305&F\033#\342\"\201+\336\030a\2106.\212"
 291      C526461B 
 291      23E22281 
 291      2BDE1861 
 291      88362E8A 
 292 0ab0 4C8CB518 		.ascii	"L\214\265\030,K\2776\232g.V}\361\253Nc^j\2160\230-\321"
 292      2C4BBF36 
 292      9A672E56 
 292      7DF1AB4E 
 292      635E6A8E 
ARM GAS  C:\Users\NICOLA~1\AppData\Local\Temp\ccaggrhi.s 			page 23


 293 0ac8 E00370BB 		.ascii	"\340\003p\273|j\214\262\230\022\002g\2753s\246/\374"
 293      7C6A8CB2 
 293      98120267 
 293      BD3373A6 
 293      2FFC
 294 0ada A3F398CC 		.ascii	"\243\363\230\314~\177\361\3635\231}\027G\306\372~mJ"
 294      7E7FF1F3 
 294      35997D17 
 294      47C6FA7E 
 294      6D4A
 295 0aec B0987DC3 		.ascii	"\260\230}\303\302C\003\374}\347\317\017\362\015\017"
 295      C24303FC 
 295      7DE7CF0F 
 295      F20D0F
 296 0afb 09FDD6CF 		.ascii	"\011\375\326\317\327l1\304\306F\317\214R\271\261/CL"
 296      D76C31C4 
 296      C646CF8C 
 296      52B9B12F 
 296      434C
 297 0b0d 7C8CC5DB 		.ascii	"|\214\305\333@\300\206\230\204o\014\306\257cbM_%\032"
 297      40C08698 
 297      846F0CC6 
 297      AF63624D 
 297      5F251A
 298 0b20 FD1CD126 		.ascii	"\375\034\321&X\004\326\331\372P]\350\022\350\2152%\030"
 298      5804D6D9 
 298      FA505DE8 
 298      12E88D32 
 298      2518
 299 0b32 0DDFBE13 		.ascii	"\015\337\276\023\007\026yG-\016[j\016\217\2113&\314"
 299      07167947 
 299      2D0E5B6A 
 299      0E8F8933 
 299      26CC
 300 0b44 8B8C8F8E 		.ascii	"\213\214\217\2165&\204\274\372\034\022\301%\350\000"
 300      352684BC 
 300      FA1C12C1 
 300      25E800
 301 0b53 A760E8A4 		.ascii	"\247`\350\244\370oc\242\202\343#\027\306\032\231[\001"
 301      F86F63A2 
 301      82E32317 
 301      C61A995B 
 301      01
 302 0b64 2F762ACA 		.ascii	"/v*\312\024\027g\212\027\255 \203\201\004\034\212#\311"
 302      1417678A 
 302      17AD2083 
 302      81041C8A 
 302      23C9
 303 0b76 8D893358 		.ascii	"\215\2113X\260N\357\007\342\257\016\013\325\351\325"
 303      B04EEF07 
 303      E2AF0E0B 
 303      D5E9D5
 304 0b85 4121C17A 		.ascii	"A!\301z.L\217\203\347\352\235t\272P\275\037\375\365"
 304      2E4C8F83 
 304      E7EA9D74 
 304      BA50BD1F 
 304      FDF5
ARM GAS  C:\Users\NICOLA~1\AppData\Local\Temp\ccaggrhi.s 			page 24


 305 0b97 57EB74C1 		.ascii	"W\353t\301z\254\373(\034/\010\323\341\331z=\326\353"
 305      7AACFB28 
 305      1C2F08D3 
 305      E1D97A3D 
 305      D6EB
 306 0ba9 40870181 		.ascii	"@\207\001\201A\341z\034DF\206\316\326s\037\263Q\001"
 306      41E17A1C 
 306      444686CE 
 306      D6731FB3 
 306      5101
 307 0bbb 80FF4CFF 		.ascii	"\200\377L\377\336\377\032n\301&0P\035\26582\301\333"
 307      DEFF1A6E 
 307      C1263050 
 307      1DB53832 
 307      C1DB
 308 0bcd 648E8C85 		.ascii	"d\216\214\2058\3157E\375sN\202).$L\3570J\204\222@I\270"
 308      38CD3745 
 308      FD734E82 
 308      292E244C 
 308      EF304A84 
 309 0be5 C89B4489 		.ascii	"\310\233D\211\006X6\320\233f-\026\032\014\213\240\305"
 309      065836D0 
 309      9B662D16 
 309      1A0C8BA0 
 309      C5
 310 0bf6 10634E70 		.ascii	"\020cNp\2657y\030\014f\243\305\0208;,x\201>\304#2\366"
 310      B5377918 
 310      0C66A3C5 
 310      10383B2C 
 310      78813EC4 
 311 0c0d 5F914BCD 		.ascii	"_\221K\315\220\355XX\252o;\232\321\270\304\342\253\013"
 311      90ED5858 
 311      AA6F3B9A 
 311      D1B8C4E2 
 311      AB0B
 312 0c1f 0D0B0993 		.ascii	"\015\013\011\223\322C\222\033\0257'1\236\304w21\343"
 312      D243921B 
 312      15372731 
 312      9EC47732 
 312      31E3
 313 0c31 E389097E 		.ascii	"\343\211\011~I\360\346\223\370X\231Y\324\316\011M/Q"
 313      49F0E693 
 313      F8589959 
 313      D4CE094D 
 313      2F51
 314 0c43 B312E327 		.ascii	"\263\022\343'\330\352&kt\323\353t\206p\3307A\306E\034"
 314      D8EA266B 
 314      74D3EB74 
 314      8670D837 
 314      41C6451C 
 315 0c57 045E3767 		.ascii	"\004^7g.\244\"D\3572{A\240\277>,\234~\370\221\017\315"
 315      2EA42244 
 315      EF327B41 
 315      A0BF3E2C 
 315      9C7EF891 
 316 0c6d EC7981C1 		.ascii	"\354y\201\301\037\351\235I\207\360\366\2037\344\214"
 316      1FE99D49 
ARM GAS  C:\Users\NICOLA~1\AppData\Local\Temp\ccaggrhi.s 			page 25


 316      87F0F683 
 316      37E48C
 317 0c7c 242F0C1A 		.ascii	"$/\014\032\346\005\022\234\023\241\360\247\277\001\357"
 317      E605129C 
 317      13A1F0A7 
 317      BF01EF
 318 0c8b BED8DFB0 		.ascii	"\276\330\337\260p\226\2679\001K\226\260\214-\012\230"
 318      7096B739 
 318      014B96B0 
 318      8C2D0A98 
 319 0c9b 15B08438 		.ascii	"\025\260\2048\355\031\02487T\367\211h\232&$H\367qP\260"
 319      ED191438 
 319      3754F789 
 319      689A2624 
 319      48F77150 
 320 0cb0 864C3AE7 		.ascii	"\206L:\347s\362\362\237\363\371\277\001\246\261\375"
 320      73F2F29F 
 320      F3F9BF01 
 320      A6B1FD
 321 0cbf B7       		.ascii	"\267"
 322              		.text
 323              		.section	.gnu.lto_.symtab.cfe453e0,"",%progbits
 324 0000 56656374 		.ascii	"VectorB0\000\000\000\000\000\000\000\000\000\000\000"
 324      6F724230 
 324      00000000 
 324      00000000 
 324      000000
 325 0013 00B40000 		.ascii	"\000\264\000\000\000st_lld_init\000\000\000\000\000"
 325      0073745F 
 325      6C6C645F 
 325      696E6974 
 325      00000000 
 326 0028 00000000 		.ascii	"\000\000\000\000\000\000\000\266\000\000\000_port_i"
 326      000000B6 
 326      0000005F 
 326      706F7274 
 326      5F69
 327 003a 72715F65 		.ascii	"rq_epilogue\000\000\002\000\000\000\000\000\000\000"
 327      70696C6F 
 327      67756500 
 327      00020000 
 327      00000000 
 328 004f 0000B800 		.ascii	"\000\000\270\000\000\000chSysTimerHandlerI\000\000\002"
 328      00006368 
 328      53797354 
 328      696D6572 
 328      48616E64 
 329 006a 00000000 		.ascii	"\000\000\000\000\000\000\000\000\000\272\000\000\000"
 329      00000000 
 329      00BA0000 
 329      00
 330 0077 6E766963 		.ascii	"nvicEnableVector\000\000\002\000\000\000\000\000\000"
 330      456E6162 
 330      6C655665 
 330      63746F72 
 330      00000200 
 331 0090 000000BF 		.ascii	"\000\000\000\277\000\000\000"
ARM GAS  C:\Users\NICOLA~1\AppData\Local\Temp\ccaggrhi.s 			page 26


 331      000000
 332              		.text
 333              		.section	.gnu.lto_.opts,"",%progbits
 334 0000 272D666E 		.ascii	"'-fno-trapv' '-mcpu=cortex-m4' '-mno-thumb-interwor"
 334      6F2D7472 
 334      61707627 
 334      20272D6D 
 334      6370753D 
 335 0033 6B272027 		.ascii	"k' '-mthumb' '-ggdb' '-O2' '-fomit-frame-pointer' '"
 335      2D6D7468 
 335      756D6227 
 335      20272D67 
 335      67646227 
 336 0066 2D66616C 		.ascii	"-falign-functions=16' '-ffunction-sections' '-fdata"
 336      69676E2D 
 336      66756E63 
 336      74696F6E 
 336      733D3136 
 337 0099 2D736563 		.ascii	"-sections' '-fno-common' '-flto'\000"
 337      74696F6E 
 337      73272027 
 337      2D666E6F 
 337      2D636F6D 
 338              		.text
 339              		.comm	__gnu_lto_v1,1,1
 340              		.comm	__gnu_lto_slim,1,1
 341              		.ident	"GCC: (GNU Tools for ARM Embedded Processors) 4.9.3 20150529 (release) [ARM/embedded-4_9-br
ARM GAS  C:\Users\NICOLA~1\AppData\Local\Temp\ccaggrhi.s 			page 27


DEFINED SYMBOLS
                            *ABS*:00000000 st_lld.c
                            *COM*:00000001 __gnu_lto_v1
                            *COM*:00000001 __gnu_lto_slim

NO UNDEFINED SYMBOLS
